
Lmod is automatically replacing "gcc-native/14.2" with "gcc/12.2.0".


The following have been reloaded with a version change:
  1) cray-libsci/24.11.0 => cray-libsci/23.09.1.1
  2) cray-mpich/8.1.31 => cray-mpich/8.1.27
  3) libfabric/1.22.0 => libfabric/1.20.1

============================================================
ViT Baseline — ERA5 1.40625° (matched to res_slimvit config)
============================================================
  ERA5_DIR      = /lustre/orion/lrn036/world-shared/ERA5_npz/1.40625_deg/
  MODEL         = vit
  PRED_RANGE    = 120
  MAX_EPOCHS    = 30
  NODES         = 2
  TOTAL GPUs    = 16
  OUTPUT_DIR    = /lustre/orion/csc662/proj-shared/janet/forecasting/vit_baseline_1.40625_deg
============================================================
Traceback (most recent call last):
Traceback (most recent call last):
Traceback (most recent call last):
Traceback (most recent call last):
Traceback (most recent call last):
Traceback (most recent call last):
Traceback (most recent call last):
Traceback (most recent call last):
Traceback (most recent call last):
Traceback (most recent call last):
Traceback (most recent call last):
Traceback (most recent call last):
Traceback (most recent call last):
Traceback (most recent call last):
Traceback (most recent call last):
Traceback (most recent call last):
  File "/autofs/nccs-svm1_home2/janetw/diffusion/ORBIT-2-sandbox/tutorial/./era5_era5_forecasting.py", line 5, in <module>
    import climate_learn as cl
  File "/autofs/nccs-svm1_home2/janetw/diffusion/ORBIT-2/src/climate_learn/__init__.py", line 1, in <module>
    from .utils.loaders import (
    ...<9 lines>...
    )
  File "/autofs/nccs-svm1_home2/janetw/diffusion/ORBIT-2/src/climate_learn/utils/__init__.py", line 1, in <module>
    from .visualize import (
    ...<4 lines>...
    )
  File "/autofs/nccs-svm1_home2/janetw/diffusion/ORBIT-2/src/climate_learn/utils/visualize.py", line 5, in <module>
    import torch
  File "/lustre/orion/csc662/proj-shared/janet/miniconda3/envs/orbit/lib/python3.13/site-packages/torch/__init__.py", line 416, in <module>
    from torch._C import *  # noqa: F403
    ^^^^^^^^^^^^^^^^^^^^^^
ImportError: libtorch.so: cannot open shared object file: No such file or directory
  File "/autofs/nccs-svm1_home2/janetw/diffusion/ORBIT-2-sandbox/tutorial/./era5_era5_forecasting.py", line 5, in <module>
    import climate_learn as cl
  File "/autofs/nccs-svm1_home2/janetw/diffusion/ORBIT-2/src/climate_learn/__init__.py", line 1, in <module>
    from .utils.loaders import (
    ...<9 lines>...
    )
  File "/autofs/nccs-svm1_home2/janetw/diffusion/ORBIT-2/src/climate_learn/utils/__init__.py", line 1, in <module>
    from .visualize import (
    ...<4 lines>...
    )
  File "/autofs/nccs-svm1_home2/janetw/diffusion/ORBIT-2/src/climate_learn/utils/visualize.py", line 5, in <module>
    import torch
  File "/lustre/orion/csc662/proj-shared/janet/miniconda3/envs/orbit/lib/python3.13/site-packages/torch/__init__.py", line 416, in <module>
    from torch._C import *  # noqa: F403
    ^^^^^^^^^^^^^^^^^^^^^^
ImportError: libtorch.so: cannot open shared object file: No such file or directory
  File "/autofs/nccs-svm1_home2/janetw/diffusion/ORBIT-2-sandbox/tutorial/./era5_era5_forecasting.py", line 5, in <module>
    import climate_learn as cl
  File "/autofs/nccs-svm1_home2/janetw/diffusion/ORBIT-2/src/climate_learn/__init__.py", line 1, in <module>
    from .utils.loaders import (
    ...<9 lines>...
    )
  File "/autofs/nccs-svm1_home2/janetw/diffusion/ORBIT-2/src/climate_learn/utils/__init__.py", line 1, in <module>
    from .visualize import (
    ...<4 lines>...
    )
  File "/autofs/nccs-svm1_home2/janetw/diffusion/ORBIT-2/src/climate_learn/utils/visualize.py", line 5, in <module>
    import torch
  File "/lustre/orion/csc662/proj-shared/janet/miniconda3/envs/orbit/lib/python3.13/site-packages/torch/__init__.py", line 416, in <module>
    from torch._C import *  # noqa: F403
    ^^^^^^^^^^^^^^^^^^^^^^
ImportError: libtorch.so: cannot open shared object file: No such file or directory
  File "/autofs/nccs-svm1_home2/janetw/diffusion/ORBIT-2-sandbox/tutorial/./era5_era5_forecasting.py", line 5, in <module>
    import climate_learn as cl
  File "/autofs/nccs-svm1_home2/janetw/diffusion/ORBIT-2/src/climate_learn/__init__.py", line 1, in <module>
    from .utils.loaders import (
    ...<9 lines>...
    )
  File "/autofs/nccs-svm1_home2/janetw/diffusion/ORBIT-2-sandbox/tutorial/./era5_era5_forecasting.py", line 5, in <module>
    import climate_learn as cl
  File "/autofs/nccs-svm1_home2/janetw/diffusion/ORBIT-2/src/climate_learn/__init__.py", line 1, in <module>
    from .utils.loaders import (
    ...<9 lines>...
    )
  File "/autofs/nccs-svm1_home2/janetw/diffusion/ORBIT-2/src/climate_learn/utils/__init__.py", line 1, in <module>
    from .visualize import (
    ...<4 lines>...
    )
  File "/autofs/nccs-svm1_home2/janetw/diffusion/ORBIT-2/src/climate_learn/utils/visualize.py", line 5, in <module>
    import torch
  File "/lustre/orion/csc662/proj-shared/janet/miniconda3/envs/orbit/lib/python3.13/site-packages/torch/__init__.py", line 416, in <module>
    from torch._C import *  # noqa: F403
    ^^^^^^^^^^^^^^^^^^^^^^
ImportError: libtorch.so: cannot open shared object file: No such file or directory
  File "/autofs/nccs-svm1_home2/janetw/diffusion/ORBIT-2/src/climate_learn/utils/__init__.py", line 1, in <module>
    from .visualize import (
    ...<4 lines>...
    )
  File "/autofs/nccs-svm1_home2/janetw/diffusion/ORBIT-2/src/climate_learn/utils/visualize.py", line 5, in <module>
    import torch
  File "/lustre/orion/csc662/proj-shared/janet/miniconda3/envs/orbit/lib/python3.13/site-packages/torch/__init__.py", line 416, in <module>
    from torch._C import *  # noqa: F403
    ^^^^^^^^^^^^^^^^^^^^^^
  File "/autofs/nccs-svm1_home2/janetw/diffusion/ORBIT-2-sandbox/tutorial/./era5_era5_forecasting.py", line 5, in <module>
    import climate_learn as cl
  File "/autofs/nccs-svm1_home2/janetw/diffusion/ORBIT-2/src/climate_learn/__init__.py", line 1, in <module>
    from .utils.loaders import (
    ...<9 lines>...
    )
  File "/autofs/nccs-svm1_home2/janetw/diffusion/ORBIT-2/src/climate_learn/utils/__init__.py", line 1, in <module>
    from .visualize import (
    ...<4 lines>...
    )
  File "/autofs/nccs-svm1_home2/janetw/diffusion/ORBIT-2/src/climate_learn/utils/visualize.py", line 5, in <module>
    import torch
  File "/lustre/orion/csc662/proj-shared/janet/miniconda3/envs/orbit/lib/python3.13/site-packages/torch/__init__.py", line 416, in <module>
    from torch._C import *  # noqa: F403
    ^^^^^^^^^^^^^^^^^^^^^^
ImportError: libtorch.so: cannot open shared object file: No such file or directory
ImportError: libtorch.so: cannot open shared object file: No such file or directory
  File "/autofs/nccs-svm1_home2/janetw/diffusion/ORBIT-2-sandbox/tutorial/./era5_era5_forecasting.py", line 5, in <module>
    import climate_learn as cl
  File "/autofs/nccs-svm1_home2/janetw/diffusion/ORBIT-2/src/climate_learn/__init__.py", line 1, in <module>
    from .utils.loaders import (
    ...<9 lines>...
    )
  File "/autofs/nccs-svm1_home2/janetw/diffusion/ORBIT-2/src/climate_learn/utils/__init__.py", line 1, in <module>
    from .visualize import (
    ...<4 lines>...
    )
  File "/autofs/nccs-svm1_home2/janetw/diffusion/ORBIT-2/src/climate_learn/utils/visualize.py", line 5, in <module>
    import torch
  File "/lustre/orion/csc662/proj-shared/janet/miniconda3/envs/orbit/lib/python3.13/site-packages/torch/__init__.py", line 416, in <module>
    from torch._C import *  # noqa: F403
    ^^^^^^^^^^^^^^^^^^^^^^
ImportError: libtorch.so: cannot open shared object file: No such file or directory
  File "/autofs/nccs-svm1_home2/janetw/diffusion/ORBIT-2-sandbox/tutorial/./era5_era5_forecasting.py", line 5, in <module>
    import climate_learn as cl
  File "/autofs/nccs-svm1_home2/janetw/diffusion/ORBIT-2/src/climate_learn/__init__.py", line 1, in <module>
    from .utils.loaders import (
    ...<9 lines>...
    )
  File "/autofs/nccs-svm1_home2/janetw/diffusion/ORBIT-2-sandbox/tutorial/./era5_era5_forecasting.py", line 5, in <module>
    import climate_learn as cl
  File "/autofs/nccs-svm1_home2/janetw/diffusion/ORBIT-2/src/climate_learn/__init__.py", line 1, in <module>
    from .utils.loaders import (
    ...<9 lines>...
    )
  File "/autofs/nccs-svm1_home2/janetw/diffusion/ORBIT-2/src/climate_learn/utils/__init__.py", line 1, in <module>
    from .visualize import (
    ...<4 lines>...
    )
  File "/autofs/nccs-svm1_home2/janetw/diffusion/ORBIT-2/src/climate_learn/utils/visualize.py", line 5, in <module>
    import torch
  File "/lustre/orion/csc662/proj-shared/janet/miniconda3/envs/orbit/lib/python3.13/site-packages/torch/__init__.py", line 416, in <module>
    from torch._C import *  # noqa: F403
    ^^^^^^^^^^^^^^^^^^^^^^
ImportError: libtorch.so: cannot open shared object file: No such file or directory
  File "/autofs/nccs-svm1_home2/janetw/diffusion/ORBIT-2/src/climate_learn/utils/__init__.py", line 1, in <module>
    from .visualize import (
    ...<4 lines>...
    )
  File "/autofs/nccs-svm1_home2/janetw/diffusion/ORBIT-2/src/climate_learn/utils/visualize.py", line 5, in <module>
    import torch
  File "/autofs/nccs-svm1_home2/janetw/diffusion/ORBIT-2-sandbox/tutorial/./era5_era5_forecasting.py", line 5, in <module>
    import climate_learn as cl
  File "/autofs/nccs-svm1_home2/janetw/diffusion/ORBIT-2/src/climate_learn/__init__.py", line 1, in <module>
    from .utils.loaders import (
    ...<9 lines>...
    )
  File "/autofs/nccs-svm1_home2/janetw/diffusion/ORBIT-2/src/climate_learn/utils/__init__.py", line 1, in <module>
    from .visualize import (
    ...<4 lines>...
    )
  File "/autofs/nccs-svm1_home2/janetw/diffusion/ORBIT-2/src/climate_learn/utils/visualize.py", line 5, in <module>
    import torch
  File "/lustre/orion/csc662/proj-shared/janet/miniconda3/envs/orbit/lib/python3.13/site-packages/torch/__init__.py", line 416, in <module>
    from torch._C import *  # noqa: F403
    ^^^^^^^^^^^^^^^^^^^^^^
ImportError: libtorch.so: cannot open shared object file: No such file or directory
  File "/lustre/orion/csc662/proj-shared/janet/miniconda3/envs/orbit/lib/python3.13/site-packages/torch/__init__.py", line 416, in <module>
    from torch._C import *  # noqa: F403
    ^^^^^^^^^^^^^^^^^^^^^^
  File "/autofs/nccs-svm1_home2/janetw/diffusion/ORBIT-2-sandbox/tutorial/./era5_era5_forecasting.py", line 5, in <module>
    import climate_learn as cl
  File "/autofs/nccs-svm1_home2/janetw/diffusion/ORBIT-2/src/climate_learn/__init__.py", line 1, in <module>
    from .utils.loaders import (
    ...<9 lines>...
    )
  File "/autofs/nccs-svm1_home2/janetw/diffusion/ORBIT-2/src/climate_learn/utils/__init__.py", line 1, in <module>
    from .visualize import (
    ...<4 lines>...
    )
  File "/autofs/nccs-svm1_home2/janetw/diffusion/ORBIT-2/src/climate_learn/utils/visualize.py", line 5, in <module>
    import torch
  File "/lustre/orion/csc662/proj-shared/janet/miniconda3/envs/orbit/lib/python3.13/site-packages/torch/__init__.py", line 416, in <module>
    from torch._C import *  # noqa: F403
    ^^^^^^^^^^^^^^^^^^^^^^
ImportError: libtorch.so: cannot open shared object file: No such file or directory
ImportError: libtorch.so: cannot open shared object file: No such file or directory
  File "/autofs/nccs-svm1_home2/janetw/diffusion/ORBIT-2-sandbox/tutorial/./era5_era5_forecasting.py", line 5, in <module>
    import climate_learn as cl
  File "/autofs/nccs-svm1_home2/janetw/diffusion/ORBIT-2/src/climate_learn/__init__.py", line 1, in <module>
    from .utils.loaders import (
    ...<9 lines>...
    )
  File "/autofs/nccs-svm1_home2/janetw/diffusion/ORBIT-2-sandbox/tutorial/./era5_era5_forecasting.py", line 5, in <module>
    import climate_learn as cl
  File "/autofs/nccs-svm1_home2/janetw/diffusion/ORBIT-2/src/climate_learn/__init__.py", line 1, in <module>
    from .utils.loaders import (
    ...<9 lines>...
    )
  File "/autofs/nccs-svm1_home2/janetw/diffusion/ORBIT-2/src/climate_learn/utils/__init__.py", line 1, in <module>
    from .visualize import (
    ...<4 lines>...
    )
  File "/autofs/nccs-svm1_home2/janetw/diffusion/ORBIT-2/src/climate_learn/utils/visualize.py", line 5, in <module>
    import torch
  File "/lustre/orion/csc662/proj-shared/janet/miniconda3/envs/orbit/lib/python3.13/site-packages/torch/__init__.py", line 416, in <module>
    from torch._C import *  # noqa: F403
    ^^^^^^^^^^^^^^^^^^^^^^
  File "/autofs/nccs-svm1_home2/janetw/diffusion/ORBIT-2/src/climate_learn/utils/__init__.py", line 1, in <module>
    from .visualize import (
    ...<4 lines>...
    )
  File "/autofs/nccs-svm1_home2/janetw/diffusion/ORBIT-2/src/climate_learn/utils/visualize.py", line 5, in <module>
    import torch
ImportError: libtorch.so: cannot open shared object file: No such file or directory
  File "/lustre/orion/csc662/proj-shared/janet/miniconda3/envs/orbit/lib/python3.13/site-packages/torch/__init__.py", line 416, in <module>
    from torch._C import *  # noqa: F403
    ^^^^^^^^^^^^^^^^^^^^^^
ImportError: libtorch.so: cannot open shared object file: No such file or directory
  File "/autofs/nccs-svm1_home2/janetw/diffusion/ORBIT-2-sandbox/tutorial/./era5_era5_forecasting.py", line 5, in <module>
    import climate_learn as cl
  File "/autofs/nccs-svm1_home2/janetw/diffusion/ORBIT-2/src/climate_learn/__init__.py", line 1, in <module>
    from .utils.loaders import (
    ...<9 lines>...
    )
  File "/autofs/nccs-svm1_home2/janetw/diffusion/ORBIT-2/src/climate_learn/utils/__init__.py", line 1, in <module>
    from .visualize import (
    ...<4 lines>...
    )
  File "/autofs/nccs-svm1_home2/janetw/diffusion/ORBIT-2/src/climate_learn/utils/visualize.py", line 5, in <module>
    import torch
  File "/lustre/orion/csc662/proj-shared/janet/miniconda3/envs/orbit/lib/python3.13/site-packages/torch/__init__.py", line 416, in <module>
    from torch._C import *  # noqa: F403
    ^^^^^^^^^^^^^^^^^^^^^^
ImportError: libtorch.so: cannot open shared object file: No such file or directory
  File "/autofs/nccs-svm1_home2/janetw/diffusion/ORBIT-2-sandbox/tutorial/./era5_era5_forecasting.py", line 5, in <module>
    import climate_learn as cl
  File "/autofs/nccs-svm1_home2/janetw/diffusion/ORBIT-2/src/climate_learn/__init__.py", line 1, in <module>
    from .utils.loaders import (
    ...<9 lines>...
    )
  File "/autofs/nccs-svm1_home2/janetw/diffusion/ORBIT-2/src/climate_learn/utils/__init__.py", line 1, in <module>
    from .visualize import (
    ...<4 lines>...
    )
  File "/autofs/nccs-svm1_home2/janetw/diffusion/ORBIT-2/src/climate_learn/utils/visualize.py", line 5, in <module>
    import torch
  File "/lustre/orion/csc662/proj-shared/janet/miniconda3/envs/orbit/lib/python3.13/site-packages/torch/__init__.py", line 416, in <module>
    from torch._C import *  # noqa: F403
    ^^^^^^^^^^^^^^^^^^^^^^
ImportError: libtorch.so: cannot open shared object file: No such file or directory
  File "/autofs/nccs-svm1_home2/janetw/diffusion/ORBIT-2-sandbox/tutorial/./era5_era5_forecasting.py", line 5, in <module>
    import climate_learn as cl
  File "/autofs/nccs-svm1_home2/janetw/diffusion/ORBIT-2/src/climate_learn/__init__.py", line 1, in <module>
    from .utils.loaders import (
    ...<9 lines>...
    )
  File "/autofs/nccs-svm1_home2/janetw/diffusion/ORBIT-2/src/climate_learn/utils/__init__.py", line 1, in <module>
    from .visualize import (
    ...<4 lines>...
    )
  File "/autofs/nccs-svm1_home2/janetw/diffusion/ORBIT-2/src/climate_learn/utils/visualize.py", line 5, in <module>
    import torch
  File "/lustre/orion/csc662/proj-shared/janet/miniconda3/envs/orbit/lib/python3.13/site-packages/torch/__init__.py", line 416, in <module>
    from torch._C import *  # noqa: F403
    ^^^^^^^^^^^^^^^^^^^^^^
ImportError: libtorch.so: cannot open shared object file: No such file or directory
srun: error: frontier08031: tasks 0-7: Exited with exit code 1
srun: Terminating StepId=4166494.0
srun: error: frontier08032: tasks 8-15: Exited with exit code 1

real	0m1.788s
user	0m0.013s
sys	0m0.037s
