
Lmod is automatically replacing "gcc-native/14.2" with "gcc/12.2.0".


The following have been reloaded with a version change:
  1) cray-libsci/24.11.0 => cray-libsci/23.09.1.1
  2) cray-mpich/8.1.31 => cray-mpich/8.1.27
  3) libfabric/1.22.0 => libfabric/1.20.1

Job configuration:
  ERA5_DIR      = /lustre/orion/lrn036/world-shared/ERA5_npz/1.40625_deg/
  FORECAST_TYPE = direct
  MODEL         = res_slimvit
  PRED_RANGE    = 120
  MAX_EPOCHS    = 50
  PATIENCE      = 20
  OUTPUT_DIR    = /lustre/orion/csc662/proj-shared/janet/forecasting
/ccs/home/janetw/miniconda3/envs/orbit/lib/python3.12/site-packages/pydantic/_internal/_generate_schema.py:2249: UnsupportedFieldAttributeWarning: The 'repr' attribute with value False was provided to the `Field()` function, which has no effect in the context it was used. 'repr' is field-specific metadata, and can only be attached to a model field using `Annotated` metadata or by assignment. This may have happened because an `Annotated` type alias using the `type` statement was used, or if the `Field()` function was attached to a single member of a union type.
  warnings.warn(
/ccs/home/janetw/miniconda3/envs/orbit/lib/python3.12/site-packages/pydantic/_internal/_generate_schema.py:2249: UnsupportedFieldAttributeWarning: The 'repr' attribute with value False was provided to the `Field()` function, which has no effect in the context it was used. 'repr' is field-specific metadata, and can only be attached to a model field using `Annotated` metadata or by assignment. This may have happened because an `Annotated` type alias using the `type` statement was used, or if the `Field()` function was attached to a single member of a union type.
  warnings.warn(
/ccs/home/janetw/miniconda3/envs/orbit/lib/python3.12/site-packages/pydantic/_internal/_generate_schema.py:2249: UnsupportedFieldAttributeWarning: The 'frozen' attribute with value True was provided to the `Field()` function, which has no effect in the context it was used. 'frozen' is field-specific metadata, and can only be attached to a model field using `Annotated` metadata or by assignment. This may have happened because an `Annotated` type alias using the `type` statement was used, or if the `Field()` function was attached to a single member of a union type.
  warnings.warn(
/ccs/home/janetw/miniconda3/envs/orbit/lib/python3.12/site-packages/pydantic/_internal/_generate_schema.py:2249: UnsupportedFieldAttributeWarning: The 'repr' attribute with value False was provided to the `Field()` function, which has no effect in the context it was used. 'repr' is field-specific metadata, and can only be attached to a model field using `Annotated` metadata or by assignment. This may have happened because an `Annotated` type alias using the `type` statement was used, or if the `Field()` function was attached to a single member of a union type.
  warnings.warn(
/ccs/home/janetw/miniconda3/envs/orbit/lib/python3.12/site-packages/pydantic/_internal/_generate_schema.py:2249: UnsupportedFieldAttributeWarning: The 'repr' attribute with value False was provided to the `Field()` function, which has no effect in the context it was used. 'repr' is field-specific metadata, and can only be attached to a model field using `Annotated` metadata or by assignment. This may have happened because an `Annotated` type alias using the `type` statement was used, or if the `Field()` function was attached to a single member of a union type.
  warnings.warn(
/ccs/home/janetw/miniconda3/envs/orbit/lib/python3.12/site-packages/pydantic/_internal/_generate_schema.py:2249: UnsupportedFieldAttributeWarning: The 'frozen' attribute with value True was provided to the `Field()` function, which has no effect in the context it was used. 'frozen' is field-specific metadata, and can only be attached to a model field using `Annotated` metadata or by assignment. This may have happened because an `Annotated` type alias using the `type` statement was used, or if the `Field()` function was attached to a single member of a union type.
  warnings.warn(
/ccs/home/janetw/miniconda3/envs/orbit/lib/python3.12/site-packages/pydantic/_internal/_generate_schema.py:2249: UnsupportedFieldAttributeWarning: The 'repr' attribute with value False was provided to the `Field()` function, which has no effect in the context it was used. 'repr' is field-specific metadata, and can only be attached to a model field using `Annotated` metadata or by assignment. This may have happened because an `Annotated` type alias using the `type` statement was used, or if the `Field()` function was attached to a single member of a union type.
  warnings.warn(
/ccs/home/janetw/miniconda3/envs/orbit/lib/python3.12/site-packages/pydantic/_internal/_generate_schema.py:2249: UnsupportedFieldAttributeWarning: The 'frozen' attribute with value True was provided to the `Field()` function, which has no effect in the context it was used. 'frozen' is field-specific metadata, and can only be attached to a model field using `Annotated` metadata or by assignment. This may have happened because an `Annotated` type alias using the `type` statement was used, or if the `Field()` function was attached to a single member of a union type.
  warnings.warn(
/ccs/home/janetw/miniconda3/envs/orbit/lib/python3.12/site-packages/pydantic/_internal/_generate_schema.py:2249: UnsupportedFieldAttributeWarning: The 'frozen' attribute with value True was provided to the `Field()` function, which has no effect in the context it was used. 'frozen' is field-specific metadata, and can only be attached to a model field using `Annotated` metadata or by assignment. This may have happened because an `Annotated` type alias using the `type` statement was used, or if the `Field()` function was attached to a single member of a union type.
  warnings.warn(
/ccs/home/janetw/miniconda3/envs/orbit/lib/python3.12/site-packages/pydantic/_internal/_generate_schema.py:2249: UnsupportedFieldAttributeWarning: The 'frozen' attribute with value True was provided to the `Field()` function, which has no effect in the context it was used. 'frozen' is field-specific metadata, and can only be attached to a model field using `Annotated` metadata or by assignment. This may have happened because an `Annotated` type alias using the `type` statement was used, or if the `Field()` function was attached to a single member of a union type.
  warnings.warn(
/ccs/home/janetw/miniconda3/envs/orbit/lib/python3.12/site-packages/pydantic/_internal/_generate_schema.py:2249: UnsupportedFieldAttributeWarning: The 'repr' attribute with value False was provided to the `Field()` function, which has no effect in the context it was used. 'repr' is field-specific metadata, and can only be attached to a model field using `Annotated` metadata or by assignment. This may have happened because an `Annotated` type alias using the `type` statement was used, or if the `Field()` function was attached to a single member of a union type.
  warnings.warn(
/ccs/home/janetw/miniconda3/envs/orbit/lib/python3.12/site-packages/pydantic/_internal/_generate_schema.py:2249: UnsupportedFieldAttributeWarning: The 'frozen' attribute with value True was provided to the `Field()` function, which has no effect in the context it was used. 'frozen' is field-specific metadata, and can only be attached to a model field using `Annotated` metadata or by assignment. This may have happened because an `Annotated` type alias using the `type` statement was used, or if the `Field()` function was attached to a single member of a union type.
  warnings.warn(
/ccs/home/janetw/miniconda3/envs/orbit/lib/python3.12/site-packages/pydantic/_internal/_generate_schema.py:2249: UnsupportedFieldAttributeWarning: The 'repr' attribute with value False was provided to the `Field()` function, which has no effect in the context it was used. 'repr' is field-specific metadata, and can only be attached to a model field using `Annotated` metadata or by assignment. This may have happened because an `Annotated` type alias using the `type` statement was used, or if the `Field()` function was attached to a single member of a union type.
  warnings.warn(
/ccs/home/janetw/miniconda3/envs/orbit/lib/python3.12/site-packages/pydantic/_internal/_generate_schema.py:2249: UnsupportedFieldAttributeWarning: The 'frozen' attribute with value True was provided to the `Field()` function, which has no effect in the context it was used. 'frozen' is field-specific metadata, and can only be attached to a model field using `Annotated` metadata or by assignment. This may have happened because an `Annotated` type alias using the `type` statement was used, or if the `Field()` function was attached to a single member of a union type.
  warnings.warn(
/ccs/home/janetw/miniconda3/envs/orbit/lib/python3.12/site-packages/pydantic/_internal/_generate_schema.py:2249: UnsupportedFieldAttributeWarning: The 'repr' attribute with value False was provided to the `Field()` function, which has no effect in the context it was used. 'repr' is field-specific metadata, and can only be attached to a model field using `Annotated` metadata or by assignment. This may have happened because an `Annotated` type alias using the `type` statement was used, or if the `Field()` function was attached to a single member of a union type.
  warnings.warn(
/ccs/home/janetw/miniconda3/envs/orbit/lib/python3.12/site-packages/pydantic/_internal/_generate_schema.py:2249: UnsupportedFieldAttributeWarning: The 'frozen' attribute with value True was provided to the `Field()` function, which has no effect in the context it was used. 'frozen' is field-specific metadata, and can only be attached to a model field using `Annotated` metadata or by assignment. This may have happened because an `Annotated` type alias using the `type` statement was used, or if the `Field()` function was attached to a single member of a union type.
  warnings.warn(
world_size 8 num_nodes 1
Loading model: res_slimvit
Loading model: res_slimvit
Loading model: res_slimvit
Loading model: res_slimvit
Loading model: res_slimvit
Loading model: res_slimvit
Loading model: res_slimvit
Loading model: res_slimvit
Loading optimizer adamw
Loading optimizer adamw
Loading optimizer adamw
Loading optimizer adamw
Loading optimizer adamw
Loading optimizer adamw
Loading optimizer adamw
Loading optimizer adamw
Loading learning rate scheduler: linear-warmup-cosine-annealing
Loading learning rate scheduler: linear-warmup-cosine-annealing
Loading learning rate scheduler: linear-warmup-cosine-annealing
Loading learning rate scheduler: linear-warmup-cosine-annealing
Loading learning rate scheduler: linear-warmup-cosine-annealing
Loading learning rate scheduler: linear-warmup-cosine-annealing
Loading learning rate scheduler: linear-warmup-cosine-annealing
Loading learning rate scheduler: linear-warmup-cosine-annealing
Loading training loss: lat_mse
Loading training loss: lat_mse
Loading training loss: lat_mse
Loading training loss: lat_mse
Loading training loss: lat_mse
Loading training loss: lat_mse
Loading training loss: lat_mse
Loading training loss: lat_mse
No train transform
No train transform
No train transform
No train transform
No train transform
No train transform
No train transform
No train transform
Loading validation loss: lat_rmse
Loading validation loss: lat_rmse
Loading validation loss: lat_rmse
Loading validation loss: lat_rmse
Loading validation loss: lat_rmse
Loading validation loss: lat_rmse
Loading validation loss: lat_rmse
Loading validation loss: lat_rmse
Loading validation loss: lat_acc
Loading validation loss: lat_acc
Loading validation loss: lat_acc
Loading validation loss: lat_acc
Loading validation loss: lat_acc
Loading validation loss: lat_acc
Loading validation loss: lat_acc
Loading validation loss: lat_acc
Loading validation loss: lat_mse
Loading validation transform: denormalize
Loading validation transform: denormalize
No validation transform
Loading validation loss: lat_mse
Loading validation transform: denormalize
Loading validation loss: lat_mse
Loading validation transform: denormalize
Loading validation loss: lat_mse
Loading validation transform: denormalize
Loading validation transform: denormalize
Loading validation transform: denormalize
No validation transform
No validation transform
Loading validation transform: denormalize
No validation transform
Loading validation loss: lat_mse
Loading validation loss: lat_mse
Loading validation transform: denormalize
Loading validation transform: denormalize
Loading validation transform: denormalize
Loading validation transform: denormalize
No validation transform
Loading validation loss: lat_mse
No validation transform
Loading validation transform: denormalize
Loading validation loss: lat_mse
Loading validation transform: denormalize
Loading validation transform: denormalize
No validation transform
Loading validation transform: denormalize
No validation transform
Loading test loss: lat_rmse
Loading test loss: lat_rmse
Loading test loss: lat_rmse
Loading test loss: lat_rmse
Loading test loss: lat_rmse
Loading test loss: lat_rmse
Loading test loss: lat_rmse
Loading test loss: lat_rmse
Loading test loss: lat_acc
Loading test transform: denormalize
Loading test loss: lat_acc
Loading test loss: lat_acc
Loading test loss: lat_acc
Loading test transform: denormalize
Loading test transform: denormalize
Loading test transform: denormalize
Loading test transform: denormalize
Loading test loss: lat_acc
Loading test transform: denormalize
Loading test loss: lat_acc
Loading test transform: denormalize
Loading test transform: denormalize
Loading test transform: denormalize
Loading test transform: denormalize
Loading test transform: denormalize
Loading test transform: denormalize
[rank: 6] Seed set to 0
Loading test loss: lat_acc
[rank: 7] Seed set to 0
[rank: 2] Seed set to 0
[rank: 0] Seed set to 0
Loading test transform: denormalize
[rank: 3] Seed set to 0
Loading test transform: denormalize
[rank: 4] Seed set to 0
[rank: 5] Seed set to 0
Loading test loss: lat_acc
Loading test transform: denormalize
Loading test transform: denormalize
[rank: 1] Seed set to 0
/ccs/home/janetw/miniconda3/envs/orbit/lib/python3.12/site-packages/lightning_fabric/strategies/fsdp.py:697: `FSDPStrategy(activation_checkpointing=<class 'timm.models.vision_transformer.Block'>)` is deprecated, use `FSDPStrategy(activation_checkpointing_policy={<class 'timm.models.vision_transformer.Block'>})` instead.
Trainer already configured with model summary callbacks: [<class 'pytorch_lightning.callbacks.rich_model_summary.RichModelSummary'>]. Skipping setting a default `ModelSummary` callback.
>> Fresh run
>> Fresh run
Initializing distributed: GLOBAL_RANK: 2, MEMBER: 3/8
Initializing distributed: GLOBAL_RANK: 3, MEMBER: 4/8
[W1110 11:33:23.121410704 socket.cpp:752] [c10d] The client socket cannot be initialized to connect to [frontier05867.frontier.olcf.ornl.gov]:29500 (errno: 97 - Address family not supported by protocol).
[W1110 11:33:23.122376225 socket.cpp:752] [c10d] The client socket cannot be initialized to connect to [frontier05867.frontier.olcf.ornl.gov]:29500 (errno: 97 - Address family not supported by protocol).
GPU available: True (cuda), used: True
>> Fresh run
TPU available: False, using: 0 TPU cores
HPU available: False, using: 0 HPUs
`Trainer(limit_val_batches=1.0)` was configured so 100% of the batches will be used..
>> Fresh run
>> Fresh run
>> Fresh run
>> Fresh run
>> Fresh run
You are using a CUDA device ('AMD Instinct MI250X') that has Tensor Cores. To properly utilize them, you should set `torch.set_float32_matmul_precision('medium' | 'high')` which will trade-off precision for performance. For more details, read https://pytorch.org/docs/stable/generated/torch.set_float32_matmul_precision.html#torch.set_float32_matmul_precision
Initializing distributed: GLOBAL_RANK: 7, MEMBER: 8/8
[W1110 11:33:23.172810221 socket.cpp:752] [c10d] The client socket cannot be initialized to connect to [frontier05867.frontier.olcf.ornl.gov]:29500 (errno: 97 - Address family not supported by protocol).
Initializing distributed: GLOBAL_RANK: 0, MEMBER: 1/8
Initializing distributed: GLOBAL_RANK: 4, MEMBER: 5/8
Initializing distributed: GLOBAL_RANK: 1, MEMBER: 2/8
Initializing distributed: GLOBAL_RANK: 6, MEMBER: 7/8
Initializing distributed: GLOBAL_RANK: 5, MEMBER: 6/8
[W1110 11:33:23.177328833 socket.cpp:752] [c10d] The client socket cannot be initialized to connect to [frontier05867.frontier.olcf.ornl.gov]:29500 (errno: 97 - Address family not supported by protocol).
[W1110 11:33:23.177376695 socket.cpp:752] [c10d] The client socket cannot be initialized to connect to [frontier05867.frontier.olcf.ornl.gov]:29500 (errno: 97 - Address family not supported by protocol).
[W1110 11:33:23.177659420 socket.cpp:752] [c10d] The client socket cannot be initialized to connect to [frontier05867.frontier.olcf.ornl.gov]:29500 (errno: 97 - Address family not supported by protocol).
[W1110 11:33:23.177698806 socket.cpp:752] [c10d] The client socket cannot be initialized to connect to [frontier05867.frontier.olcf.ornl.gov]:29500 (errno: 97 - Address family not supported by protocol).
[W1110 11:33:23.297070602 socket.cpp:752] [c10d] The client socket cannot be initialized to connect to [frontier05867.frontier.olcf.ornl.gov]:29500 (errno: 97 - Address family not supported by protocol).
----------------------------------------------------------------------------------------------------
distributed_backend=nccl
All distributed processes registered. Starting with 8 processes
----------------------------------------------------------------------------------------------------

LOCAL_RANK: 0 - CUDA_VISIBLE_DEVICES: [0,1,2,3,4,5,6,7]
LOCAL_RANK: 1 - CUDA_VISIBLE_DEVICES: [0,1,2,3,4,5,6,7]
LOCAL_RANK: 2 - CUDA_VISIBLE_DEVICES: [0,1,2,3,4,5,6,7]
LOCAL_RANK: 3 - CUDA_VISIBLE_DEVICES: [0,1,2,3,4,5,6,7]
LOCAL_RANK: 4 - CUDA_VISIBLE_DEVICES: [0,1,2,3,4,5,6,7]
LOCAL_RANK: 5 - CUDA_VISIBLE_DEVICES: [0,1,2,3,4,5,6,7]
LOCAL_RANK: 6 - CUDA_VISIBLE_DEVICES: [0,1,2,3,4,5,6,7]
LOCAL_RANK: 7 - CUDA_VISIBLE_DEVICES: [0,1,2,3,4,5,6,7]
/ccs/home/janetw/miniconda3/envs/orbit/lib/python3.12/site-packages/pytorch_lightning/utilities/model_summary/model_summary.py:231: Precision bf16-mixed is not supported by the model summary.  Estimated model size in MB will not be accurate. Using 32 bits instead.
┏━━━┳━━━━━━┳━━━━━━━━━━━━━━┳━━━━━━━━┳━━━━━━━┓
┃   ┃ Name ┃ Type         ┃ Params ┃ Mode  ┃
┡━━━╇━━━━━━╇━━━━━━━━━━━━━━╇━━━━━━━━╇━━━━━━━┩
│ 0 │ net  │ Res_Slim_ViT │  244 K │ train │
└───┴──────┴──────────────┴────────┴───────┘
Trainable params: 244 K                                                         
Non-trainable params: 0                                                         
Total params: 244 K                                                             
Total estimated model params size (MB): 0                                       
Modules in train mode: 208                                                      
Modules in eval mode: 0                                                         
SLURM auto-requeueing enabled. Setting signal handlers.
SLURM auto-requeueing enabled. Setting signal handlers.
SLURM auto-requeueing enabled. Setting signal handlers.
SLURM auto-requeueing enabled. Setting signal handlers.
SLURM auto-requeueing enabled. Setting signal handlers.
SLURM auto-requeueing enabled. Setting signal handlers.
SLURM auto-requeueing enabled. Setting signal handlers.
SLURM auto-requeueing enabled. Setting signal handlers.
srun: error: frontier05867: task 0: Killed
srun: Terminating StepId=3882803.0
slurmstepd: error: *** STEP 3882803.0 ON frontier05867 CANCELLED AT 2025-11-10T11:34:43 ***
[rank: 2] Received SIGTERM: 15
[rank: 5] Received SIGTERM: 15
[rank: 7] Received SIGTERM: 15
[rank: 3] Received SIGTERM: 15
[rank: 6] Received SIGTERM: 15
[rank: 4] Received SIGTERM: 15
[rank: 1] Received SIGTERM: 15
Bypassing SIGTERM: 15
Bypassing SIGTERM: 15
Bypassing SIGTERM: 15
Bypassing SIGTERM: 15
Bypassing SIGTERM: 15
Bypassing SIGTERM: 15
Bypassing SIGTERM: 15
srun: error: frontier05867: task 3: Killed
srun: error: frontier05867: tasks 1-2,4-7: Killed
srun: Force Terminated StepId=3882803.0

real	2m34.082s
user	0m0.017s
sys	0m0.060s
