
Lmod is automatically replacing "gcc-native/14.2" with "gcc/12.2.0".


The following have been reloaded with a version change:
  1) cray-libsci/24.11.0 => cray-libsci/23.09.1.1
  2) cray-mpich/8.1.31 => cray-mpich/8.1.27
  3) libfabric/1.22.0 => libfabric/1.20.1

Job configuration:
  ERA5_DIR      = /lustre/orion/lrn036/world-shared/ERA5_npz/5.625_deg/
  FORECAST_TYPE = direct
  MODEL         = res_slimvit
  PRED_RANGE    = 120
  MAX_EPOCHS    = 50
  PATIENCE      = 20
  OUTPUT_DIR    = /lustre/orion/csc662/proj-shared/janet/forecasting
  CHECKPOINT    = /lustre/orion/csc662/proj-shared/janet/forecasting/res_slimvit_direct_forecasting_120/checkpoints/epoch_009.ckpt
/ccs/home/janetw/miniconda3/envs/orbit/lib/python3.12/site-packages/pydantic/_internal/_generate_schema.py:2249: UnsupportedFieldAttributeWarning: The 'repr' attribute with value False was provided to the `Field()` function, which has no effect in the context it was used. 'repr' is field-specific metadata, and can only be attached to a model field using `Annotated` metadata or by assignment. This may have happened because an `Annotated` type alias using the `type` statement was used, or if the `Field()` function was attached to a single member of a union type.
  warnings.warn(
/ccs/home/janetw/miniconda3/envs/orbit/lib/python3.12/site-packages/pydantic/_internal/_generate_schema.py:2249: UnsupportedFieldAttributeWarning: The 'frozen' attribute with value True was provided to the `Field()` function, which has no effect in the context it was used. 'frozen' is field-specific metadata, and can only be attached to a model field using `Annotated` metadata or by assignment. This may have happened because an `Annotated` type alias using the `type` statement was used, or if the `Field()` function was attached to a single member of a union type.
  warnings.warn(
/ccs/home/janetw/miniconda3/envs/orbit/lib/python3.12/site-packages/pydantic/_internal/_generate_schema.py:2249: UnsupportedFieldAttributeWarning: The 'repr' attribute with value False was provided to the `Field()` function, which has no effect in the context it was used. 'repr' is field-specific metadata, and can only be attached to a model field using `Annotated` metadata or by assignment. This may have happened because an `Annotated` type alias using the `type` statement was used, or if the `Field()` function was attached to a single member of a union type.
  warnings.warn(
/ccs/home/janetw/miniconda3/envs/orbit/lib/python3.12/site-packages/pydantic/_internal/_generate_schema.py:2249: UnsupportedFieldAttributeWarning: The 'frozen' attribute with value True was provided to the `Field()` function, which has no effect in the context it was used. 'frozen' is field-specific metadata, and can only be attached to a model field using `Annotated` metadata or by assignment. This may have happened because an `Annotated` type alias using the `type` statement was used, or if the `Field()` function was attached to a single member of a union type.
  warnings.warn(
/ccs/home/janetw/miniconda3/envs/orbit/lib/python3.12/site-packages/pydantic/_internal/_generate_schema.py:2249: UnsupportedFieldAttributeWarning: The 'repr' attribute with value False was provided to the `Field()` function, which has no effect in the context it was used. 'repr' is field-specific metadata, and can only be attached to a model field using `Annotated` metadata or by assignment. This may have happened because an `Annotated` type alias using the `type` statement was used, or if the `Field()` function was attached to a single member of a union type.
  warnings.warn(
/ccs/home/janetw/miniconda3/envs/orbit/lib/python3.12/site-packages/pydantic/_internal/_generate_schema.py:2249: UnsupportedFieldAttributeWarning: The 'frozen' attribute with value True was provided to the `Field()` function, which has no effect in the context it was used. 'frozen' is field-specific metadata, and can only be attached to a model field using `Annotated` metadata or by assignment. This may have happened because an `Annotated` type alias using the `type` statement was used, or if the `Field()` function was attached to a single member of a union type.
  warnings.warn(
/ccs/home/janetw/miniconda3/envs/orbit/lib/python3.12/site-packages/pydantic/_internal/_generate_schema.py:2249: UnsupportedFieldAttributeWarning: The 'repr' attribute with value False was provided to the `Field()` function, which has no effect in the context it was used. 'repr' is field-specific metadata, and can only be attached to a model field using `Annotated` metadata or by assignment. This may have happened because an `Annotated` type alias using the `type` statement was used, or if the `Field()` function was attached to a single member of a union type.
  warnings.warn(
/ccs/home/janetw/miniconda3/envs/orbit/lib/python3.12/site-packages/pydantic/_internal/_generate_schema.py:2249: UnsupportedFieldAttributeWarning: The 'repr' attribute with value False was provided to the `Field()` function, which has no effect in the context it was used. 'repr' is field-specific metadata, and can only be attached to a model field using `Annotated` metadata or by assignment. This may have happened because an `Annotated` type alias using the `type` statement was used, or if the `Field()` function was attached to a single member of a union type.
  warnings.warn(
/ccs/home/janetw/miniconda3/envs/orbit/lib/python3.12/site-packages/pydantic/_internal/_generate_schema.py:2249: UnsupportedFieldAttributeWarning: The 'repr' attribute with value False was provided to the `Field()` function, which has no effect in the context it was used. 'repr' is field-specific metadata, and can only be attached to a model field using `Annotated` metadata or by assignment. This may have happened because an `Annotated` type alias using the `type` statement was used, or if the `Field()` function was attached to a single member of a union type.
  warnings.warn(
/ccs/home/janetw/miniconda3/envs/orbit/lib/python3.12/site-packages/pydantic/_internal/_generate_schema.py:2249: UnsupportedFieldAttributeWarning: The 'frozen' attribute with value True was provided to the `Field()` function, which has no effect in the context it was used. 'frozen' is field-specific metadata, and can only be attached to a model field using `Annotated` metadata or by assignment. This may have happened because an `Annotated` type alias using the `type` statement was used, or if the `Field()` function was attached to a single member of a union type.
  warnings.warn(
/ccs/home/janetw/miniconda3/envs/orbit/lib/python3.12/site-packages/pydantic/_internal/_generate_schema.py:2249: UnsupportedFieldAttributeWarning: The 'frozen' attribute with value True was provided to the `Field()` function, which has no effect in the context it was used. 'frozen' is field-specific metadata, and can only be attached to a model field using `Annotated` metadata or by assignment. This may have happened because an `Annotated` type alias using the `type` statement was used, or if the `Field()` function was attached to a single member of a union type.
  warnings.warn(
/ccs/home/janetw/miniconda3/envs/orbit/lib/python3.12/site-packages/pydantic/_internal/_generate_schema.py:2249: UnsupportedFieldAttributeWarning: The 'repr' attribute with value False was provided to the `Field()` function, which has no effect in the context it was used. 'repr' is field-specific metadata, and can only be attached to a model field using `Annotated` metadata or by assignment. This may have happened because an `Annotated` type alias using the `type` statement was used, or if the `Field()` function was attached to a single member of a union type.
  warnings.warn(
/ccs/home/janetw/miniconda3/envs/orbit/lib/python3.12/site-packages/pydantic/_internal/_generate_schema.py:2249: UnsupportedFieldAttributeWarning: The 'frozen' attribute with value True was provided to the `Field()` function, which has no effect in the context it was used. 'frozen' is field-specific metadata, and can only be attached to a model field using `Annotated` metadata or by assignment. This may have happened because an `Annotated` type alias using the `type` statement was used, or if the `Field()` function was attached to a single member of a union type.
  warnings.warn(
/ccs/home/janetw/miniconda3/envs/orbit/lib/python3.12/site-packages/pydantic/_internal/_generate_schema.py:2249: UnsupportedFieldAttributeWarning: The 'repr' attribute with value False was provided to the `Field()` function, which has no effect in the context it was used. 'repr' is field-specific metadata, and can only be attached to a model field using `Annotated` metadata or by assignment. This may have happened because an `Annotated` type alias using the `type` statement was used, or if the `Field()` function was attached to a single member of a union type.
  warnings.warn(
/ccs/home/janetw/miniconda3/envs/orbit/lib/python3.12/site-packages/pydantic/_internal/_generate_schema.py:2249: UnsupportedFieldAttributeWarning: The 'frozen' attribute with value True was provided to the `Field()` function, which has no effect in the context it was used. 'frozen' is field-specific metadata, and can only be attached to a model field using `Annotated` metadata or by assignment. This may have happened because an `Annotated` type alias using the `type` statement was used, or if the `Field()` function was attached to a single member of a union type.
  warnings.warn(
/ccs/home/janetw/miniconda3/envs/orbit/lib/python3.12/site-packages/pydantic/_internal/_generate_schema.py:2249: UnsupportedFieldAttributeWarning: The 'frozen' attribute with value True was provided to the `Field()` function, which has no effect in the context it was used. 'frozen' is field-specific metadata, and can only be attached to a model field using `Annotated` metadata or by assignment. This may have happened because an `Annotated` type alias using the `type` statement was used, or if the `Field()` function was attached to a single member of a union type.
  warnings.warn(
world_size 8 num_nodes 1
Loading model: res_slimvit
Loading model: res_slimvit
Loading model: res_slimvit
Loading model: res_slimvit
Loading model: res_slimvit
Loading model: res_slimvit
Loading model: res_slimvit
Loading model: res_slimvit
Loading optimizer adamw
Loading optimizer adamw
Loading optimizer adamw
Loading optimizer adamw
Loading optimizer adamw
Loading optimizer adamw
Loading optimizer adamw
Loading optimizer adamw
Loading learning rate scheduler: linear-warmup-cosine-annealing
Loading learning rate scheduler: linear-warmup-cosine-annealing
Loading learning rate scheduler: linear-warmup-cosine-annealing
Loading learning rate scheduler: linear-warmup-cosine-annealing
Loading learning rate scheduler: linear-warmup-cosine-annealing
Loading learning rate scheduler: linear-warmup-cosine-annealing
Loading learning rate scheduler: linear-warmup-cosine-annealing
Loading learning rate scheduler: linear-warmup-cosine-annealing
Loading training loss: lat_mse
Loading training loss: lat_mse
Loading training loss: lat_mse
Loading training loss: lat_mse
Loading training loss: lat_mse
Loading training loss: lat_mse
Loading training loss: lat_mse
Loading training loss: lat_mse
No train transform
No train transform
No train transform
No train transform
No train transform
No train transform
No train transform
No train transform
Loading validation loss: lat_rmse
Loading validation loss: lat_rmse
Loading validation loss: lat_rmse
Loading validation loss: lat_rmse
Loading validation loss: lat_rmse
Loading validation loss: lat_rmse
Loading validation loss: lat_rmse
Loading validation loss: lat_rmse
Loading validation loss: lat_acc
Loading validation loss: lat_acc
Loading validation loss: lat_acc
Loading validation loss: lat_acc
Loading validation loss: lat_acc
Loading validation loss: lat_acc
Loading validation loss: lat_acc
Loading validation loss: lat_acc
Loading validation loss: lat_mse
Loading validation transform: denormalize
Loading validation transform: denormalize
Loading validation loss: lat_mse
Loading validation transform: denormalize
No validation transform
Loading validation loss: lat_mse
Loading validation transform: denormalize
Loading validation loss: lat_mse
Loading validation transform: denormalize
Loading validation transform: denormalize
Loading validation loss: lat_mse
No validation transform
Loading validation transform: denormalize
Loading validation transform: denormalize
Loading validation loss: lat_mse
Loading validation transform: denormalize
No validation transform
Loading validation transform: denormalize
Loading validation loss: lat_mse
No validation transform
Loading validation transform: denormalize
Loading validation transform: denormalize
Loading validation loss: lat_mse
Loading validation transform: denormalize
No validation transform
Loading validation transform: denormalize
Loading validation transform: denormalize
No validation transform
Loading validation transform: denormalize
No validation transform
No validation transform
Loading test loss: lat_rmse
Loading test loss: lat_rmse
Loading test loss: lat_rmse
Loading test loss: lat_rmse
Loading test loss: lat_rmse
Loading test loss: lat_rmse
Loading test loss: lat_rmse
Loading test loss: lat_rmse
Loading test loss: lat_acc
Loading test transform: denormalize
Loading test loss: lat_acc
Loading test transform: denormalize
Loading test transform: denormalize
Loading test loss: lat_acc
Loading test transform: denormalize
Loading test transform: denormalize
Loading test loss: lat_acc
[rank: 1] Seed set to 0
Loading test transform: denormalize
Loading test transform: denormalize
Loading test loss: lat_acc
Loading test transform: denormalize
Loading test transform: denormalize
[rank: 2] Seed set to 0
Loading test loss: lat_acc
Loading test loss: lat_acc
Loading test transform: denormalize
Loading test loss: lat_acc
Loading test transform: denormalize
Loading test transform: denormalize
[rank: 6] Seed set to 0
Loading test transform: denormalize
Loading test transform: denormalize
Loading test transform: denormalize
[rank: 4] Seed set to 0
Loading test transform: denormalize
[rank: 0] Seed set to 0
[rank: 5] Seed set to 0
[rank: 7] Seed set to 0
[rank: 3] Seed set to 0
/ccs/home/janetw/miniconda3/envs/orbit/lib/python3.12/site-packages/lightning_fabric/strategies/fsdp.py:697: `FSDPStrategy(activation_checkpointing=<class 'timm.models.vision_transformer.Block'>)` is deprecated, use `FSDPStrategy(activation_checkpointing_policy={<class 'timm.models.vision_transformer.Block'>})` instead.
Trainer already configured with model summary callbacks: [<class 'pytorch_lightning.callbacks.rich_model_summary.RichModelSummary'>]. Skipping setting a default `ModelSummary` callback.
GPU available: True (cuda), used: True
TPU available: False, using: 0 TPU cores
HPU available: False, using: 0 HPUs
`Trainer(limit_val_batches=1.0)` was configured so 100% of the batches will be used..
>> Fresh run
>> Fresh run
>> Fresh run
You are using a CUDA device ('AMD Instinct MI250X') that has Tensor Cores. To properly utilize them, you should set `torch.set_float32_matmul_precision('medium' | 'high')` which will trade-off precision for performance. For more details, read https://pytorch.org/docs/stable/generated/torch.set_float32_matmul_precision.html#torch.set_float32_matmul_precision
Initializing distributed: GLOBAL_RANK: 0, MEMBER: 1/8
Initializing distributed: GLOBAL_RANK: 5, MEMBER: 6/8
Initializing distributed: GLOBAL_RANK: 7, MEMBER: 8/8
[W1108 23:50:20.615123078 socket.cpp:752] [c10d] The client socket cannot be initialized to connect to [frontier02298.frontier.olcf.ornl.gov]:29500 (errno: 97 - Address family not supported by protocol).
[W1108 23:50:20.615327974 socket.cpp:752] [c10d] The client socket cannot be initialized to connect to [frontier02298.frontier.olcf.ornl.gov]:29500 (errno: 97 - Address family not supported by protocol).
>> Fresh run
>> Fresh run
>> Fresh run
>> Fresh run
>> Fresh run
Initializing distributed: GLOBAL_RANK: 1, MEMBER: 2/8
Initializing distributed: GLOBAL_RANK: 2, MEMBER: 3/8
Initializing distributed: GLOBAL_RANK: 3, MEMBER: 4/8
Initializing distributed: GLOBAL_RANK: 4, MEMBER: 5/8
[W1108 23:50:20.631054929 socket.cpp:752] [c10d] The client socket cannot be initialized to connect to [frontier02298.frontier.olcf.ornl.gov]:29500 (errno: 97 - Address family not supported by protocol).
Initializing distributed: GLOBAL_RANK: 6, MEMBER: 7/8
[W1108 23:50:20.633028107 socket.cpp:752] [c10d] The client socket cannot be initialized to connect to [frontier02298.frontier.olcf.ornl.gov]:29500 (errno: 97 - Address family not supported by protocol).
[W1108 23:50:20.633396861 socket.cpp:752] [c10d] The client socket cannot be initialized to connect to [frontier02298.frontier.olcf.ornl.gov]:29500 (errno: 97 - Address family not supported by protocol).
[W1108 23:50:20.633429484 socket.cpp:752] [c10d] The client socket cannot be initialized to connect to [frontier02298.frontier.olcf.ornl.gov]:29500 (errno: 97 - Address family not supported by protocol).
[W1108 23:50:20.633464431 socket.cpp:752] [c10d] The client socket cannot be initialized to connect to [frontier02298.frontier.olcf.ornl.gov]:29500 (errno: 97 - Address family not supported by protocol).
[W1108 23:50:20.727362130 socket.cpp:752] [c10d] The client socket cannot be initialized to connect to [frontier02298.frontier.olcf.ornl.gov]:29500 (errno: 97 - Address family not supported by protocol).
----------------------------------------------------------------------------------------------------
distributed_backend=nccl
All distributed processes registered. Starting with 8 processes
----------------------------------------------------------------------------------------------------

LOCAL_RANK: 0 - CUDA_VISIBLE_DEVICES: [0,1,2,3,4,5,6,7]
LOCAL_RANK: 1 - CUDA_VISIBLE_DEVICES: [0,1,2,3,4,5,6,7]
LOCAL_RANK: 3 - CUDA_VISIBLE_DEVICES: [0,1,2,3,4,5,6,7]
LOCAL_RANK: 2 - CUDA_VISIBLE_DEVICES: [0,1,2,3,4,5,6,7]
LOCAL_RANK: 4 - CUDA_VISIBLE_DEVICES: [0,1,2,3,4,5,6,7]
LOCAL_RANK: 5 - CUDA_VISIBLE_DEVICES: [0,1,2,3,4,5,6,7]
LOCAL_RANK: 7 - CUDA_VISIBLE_DEVICES: [0,1,2,3,4,5,6,7]
LOCAL_RANK: 6 - CUDA_VISIBLE_DEVICES: [0,1,2,3,4,5,6,7]
/ccs/home/janetw/miniconda3/envs/orbit/lib/python3.12/site-packages/pytorch_lightning/utilities/model_summary/model_summary.py:231: Precision bf16-mixed is not supported by the model summary.  Estimated model size in MB will not be accurate. Using 32 bits instead.
┏━━━┳━━━━━━┳━━━━━━━━━━━━━━┳━━━━━━━━┳━━━━━━━┓
┃   ┃ Name ┃ Type         ┃ Params ┃ Mode  ┃
┡━━━╇━━━━━━╇━━━━━━━━━━━━━━╇━━━━━━━━╇━━━━━━━┩
│ 0 │ net  │ Res_Slim_ViT │  217 K │ train │
└───┴──────┴──────────────┴────────┴───────┘
Trainable params: 217 K                                                         
Non-trainable params: 0                                                         
Total params: 217 K                                                             
Total estimated model params size (MB): 0                                       
Modules in train mode: 208                                                      
Modules in eval mode: 0                                                         
SLURM auto-requeueing enabled. Setting signal handlers.
SLURM auto-requeueing enabled. Setting signal handlers.
SLURM auto-requeueing enabled. Setting signal handlers.
SLURM auto-requeueing enabled. Setting signal handlers.
SLURM auto-requeueing enabled. Setting signal handlers.
SLURM auto-requeueing enabled. Setting signal handlers.
SLURM auto-requeueing enabled. Setting signal handlers.
SLURM auto-requeueing enabled. Setting signal handlers.
/ccs/home/janetw/miniconda3/envs/orbit/lib/python3.12/site-packages/torch/utils/data/dataloader.py:617: UserWarning: This DataLoader will create 8 worker processes in total. Our suggested max number of worker in current system is 7, which is smaller than what this DataLoader is going to create. Please be aware that excessive worker creation might get DataLoader running slow or even freeze, lower the worker number to avoid potential slowness/freeze if necessary.
  warnings.warn(
/ccs/home/janetw/miniconda3/envs/orbit/lib/python3.12/site-packages/torch/utils/data/dataloader.py:617: UserWarning: This DataLoader will create 8 worker processes in total. Our suggested max number of worker in current system is 7, which is smaller than what this DataLoader is going to create. Please be aware that excessive worker creation might get DataLoader running slow or even freeze, lower the worker number to avoid potential slowness/freeze if necessary.
  warnings.warn(
/ccs/home/janetw/miniconda3/envs/orbit/lib/python3.12/site-packages/torch/utils/data/dataloader.py:617: UserWarning: This DataLoader will create 8 worker processes in total. Our suggested max number of worker in current system is 7, which is smaller than what this DataLoader is going to create. Please be aware that excessive worker creation might get DataLoader running slow or even freeze, lower the worker number to avoid potential slowness/freeze if necessary.
  warnings.warn(
/ccs/home/janetw/miniconda3/envs/orbit/lib/python3.12/site-packages/torch/utils/data/dataloader.py:617: UserWarning: This DataLoader will create 8 worker processes in total. Our suggested max number of worker in current system is 7, which is smaller than what this DataLoader is going to create. Please be aware that excessive worker creation might get DataLoader running slow or even freeze, lower the worker number to avoid potential slowness/freeze if necessary.
  warnings.warn(
/ccs/home/janetw/miniconda3/envs/orbit/lib/python3.12/site-packages/torch/utils/data/dataloader.py:617: UserWarning: This DataLoader will create 8 worker processes in total. Our suggested max number of worker in current system is 7, which is smaller than what this DataLoader is going to create. Please be aware that excessive worker creation might get DataLoader running slow or even freeze, lower the worker number to avoid potential slowness/freeze if necessary.
  warnings.warn(
/ccs/home/janetw/miniconda3/envs/orbit/lib/python3.12/site-packages/torch/utils/data/dataloader.py:617: UserWarning: This DataLoader will create 8 worker processes in total. Our suggested max number of worker in current system is 7, which is smaller than what this DataLoader is going to create. Please be aware that excessive worker creation might get DataLoader running slow or even freeze, lower the worker number to avoid potential slowness/freeze if necessary.
  warnings.warn(
/ccs/home/janetw/miniconda3/envs/orbit/lib/python3.12/site-packages/torch/utils/data/dataloader.py:617: UserWarning: This DataLoader will create 8 worker processes in total. Our suggested max number of worker in current system is 7, which is smaller than what this DataLoader is going to create. Please be aware that excessive worker creation might get DataLoader running slow or even freeze, lower the worker number to avoid potential slowness/freeze if necessary.
  warnings.warn(
/ccs/home/janetw/miniconda3/envs/orbit/lib/python3.12/site-packages/torch/utils/data/dataloader.py:617: UserWarning: This DataLoader will create 8 worker processes in total. Our suggested max number of worker in current system is 7, which is smaller than what this DataLoader is going to create. Please be aware that excessive worker creation might get DataLoader running slow or even freeze, lower the worker number to avoid potential slowness/freeze if necessary.
  warnings.warn(
MIOpen(HIP): Error [FlushUnsafe] File is unwritable: "/ccs/home/janetw/diffusion/ORBIT-2-sandbox/tutorial/miopen_cache/3880225/gfx90a6e.HIP.3_2_0_.ufdb.txt"
MIOpen(HIP): Error [~FindDbRecord_t] Failed to store record to find-db at <"/ccs/home/janetw/diffusion/ORBIT-2-sandbox/tutorial/miopen_cache/3880225/gfx90a6e.HIP.3_2_0_.ufdb.txt">
MIOpen(HIP): Error [FlushUnsafe] File is unwritable: "/ccs/home/janetw/diffusion/ORBIT-2-sandbox/tutorial/miopen_cache/3880225/gfx90a6e.HIP.3_2_0_.ufdb.txt"
MIOpen(HIP): Error [~FindDbRecord_t] Failed to store record to find-db at <"/ccs/home/janetw/diffusion/ORBIT-2-sandbox/tutorial/miopen_cache/3880225/gfx90a6e.HIP.3_2_0_.ufdb.txt">
MIOpen(HIP): Error [FlushUnsafe] File is unwritable: "/ccs/home/janetw/diffusion/ORBIT-2-sandbox/tutorial/miopen_cache/3880225/gfx90a6e.HIP.3_2_0_.ufdb.txt"
MIOpen(HIP): Error [~FindDbRecord_t] Failed to store record to find-db at <"/ccs/home/janetw/diffusion/ORBIT-2-sandbox/tutorial/miopen_cache/3880225/gfx90a6e.HIP.3_2_0_.ufdb.txt">
MIOpen(HIP): Error [FlushUnsafe] File is unwritable: "/ccs/home/janetw/diffusion/ORBIT-2-sandbox/tutorial/miopen_cache/3880225/gfx90a6e.HIP.3_2_0_.ufdb.txt"
MIOpen(HIP): Error [~FindDbRecord_t] Failed to store record to find-db at <"/ccs/home/janetw/diffusion/ORBIT-2-sandbox/tutorial/miopen_cache/3880225/gfx90a6e.HIP.3_2_0_.ufdb.txt">
MIOpen(HIP): Error [FlushUnsafe] File is unwritable: "/ccs/home/janetw/diffusion/ORBIT-2-sandbox/tutorial/miopen_cache/3880225/gfx90a6e.HIP.3_2_0_.ufdb.txt"
MIOpen(HIP): Error [~FindDbRecord_t] Failed to store record to find-db at <"/ccs/home/janetw/diffusion/ORBIT-2-sandbox/tutorial/miopen_cache/3880225/gfx90a6e.HIP.3_2_0_.ufdb.txt">
MIOpen(HIP): Error [FlushUnsafe] File is unwritable: "/ccs/home/janetw/diffusion/ORBIT-2-sandbox/tutorial/miopen_cache/3880225/gfx90a6e.HIP.3_2_0_.ufdb.txt"
MIOpen(HIP): Error [~FindDbRecord_t] Failed to store record to find-db at <"/ccs/home/janetw/diffusion/ORBIT-2-sandbox/tutorial/miopen_cache/3880225/gfx90a6e.HIP.3_2_0_.ufdb.txt">
MIOpen(HIP): Error [FlushUnsafe] File is unwritable: "/ccs/home/janetw/diffusion/ORBIT-2-sandbox/tutorial/miopen_cache/3880225/gfx90a6e.HIP.3_2_0_.ufdb.txt"
MIOpen(HIP): Error [~FindDbRecord_t] Failed to store record to find-db at <"/ccs/home/janetw/diffusion/ORBIT-2-sandbox/tutorial/miopen_cache/3880225/gfx90a6e.HIP.3_2_0_.ufdb.txt">
MIOpen(HIP): Error [FlushUnsafe] File is unwritable: "/ccs/home/janetw/diffusion/ORBIT-2-sandbox/tutorial/miopen_cache/3880225/gfx90a6e.HIP.3_2_0_.ufdb.txt"
MIOpen(HIP): Error [~FindDbRecord_t] Failed to store record to find-db at <"/ccs/home/janetw/diffusion/ORBIT-2-sandbox/tutorial/miopen_cache/3880225/gfx90a6e.HIP.3_2_0_.ufdb.txt">
MIOpen(HIP): Error [FlushUnsafe] File is unwritable: "/ccs/home/janetw/diffusion/ORBIT-2-sandbox/tutorial/miopen_cache/3880225/gfx90a6e.HIP.3_2_0_.ufdb.txt"
MIOpen(HIP): Error [~FindDbRecord_t] Failed to store record to find-db at <"/ccs/home/janetw/diffusion/ORBIT-2-sandbox/tutorial/miopen_cache/3880225/gfx90a6e.HIP.3_2_0_.ufdb.txt">
MIOpen(HIP): Error [FlushUnsafe] File is unwritable: "/ccs/home/janetw/diffusion/ORBIT-2-sandbox/tutorial/miopen_cache/3880225/gfx90a6e.HIP.3_2_0_.ufdb.txt"
MIOpen(HIP): Error [~FindDbRecord_t] Failed to store record to find-db at <"/ccs/home/janetw/diffusion/ORBIT-2-sandbox/tutorial/miopen_cache/3880225/gfx90a6e.HIP.3_2_0_.ufdb.txt">
MIOpen(HIP): Error [FlushUnsafe] File is unwritable: "/ccs/home/janetw/diffusion/ORBIT-2-sandbox/tutorial/miopen_cache/3880225/gfx90a6e.HIP.3_2_0_.ufdb.txt"
MIOpen(HIP): Error [~FindDbRecord_t] Failed to store record to find-db at <"/ccs/home/janetw/diffusion/ORBIT-2-sandbox/tutorial/miopen_cache/3880225/gfx90a6e.HIP.3_2_0_.ufdb.txt">
MIOpen(HIP): Error [FlushUnsafe] File is unwritable: "/ccs/home/janetw/diffusion/ORBIT-2-sandbox/tutorial/miopen_cache/3880225/gfx90a6e.HIP.3_2_0_.ufdb.txt"
MIOpen(HIP): Error [~FindDbRecord_t] Failed to store record to find-db at <"/ccs/home/janetw/diffusion/ORBIT-2-sandbox/tutorial/miopen_cache/3880225/gfx90a6e.HIP.3_2_0_.ufdb.txt">
MIOpen(HIP): Error [FlushUnsafe] File is unwritable: "/ccs/home/janetw/diffusion/ORBIT-2-sandbox/tutorial/miopen_cache/3880225/gfx90a6e.HIP.3_2_0_.ufdb.txt"
MIOpen(HIP): Error [~FindDbRecord_t] Failed to store record to find-db at <"/ccs/home/janetw/diffusion/ORBIT-2-sandbox/tutorial/miopen_cache/3880225/gfx90a6e.HIP.3_2_0_.ufdb.txt">
MIOpen(HIP): Error [FlushUnsafe] File is unwritable: "/ccs/home/janetw/diffusion/ORBIT-2-sandbox/tutorial/miopen_cache/3880225/gfx90a6e.HIP.3_2_0_.ufdb.txt"
MIOpen(HIP): Error [~FindDbRecord_t] Failed to store record to find-db at <"/ccs/home/janetw/diffusion/ORBIT-2-sandbox/tutorial/miopen_cache/3880225/gfx90a6e.HIP.3_2_0_.ufdb.txt">
MIOpen(HIP): Error [FlushUnsafe] File is unwritable: "/ccs/home/janetw/diffusion/ORBIT-2-sandbox/tutorial/miopen_cache/3880225/gfx90a6e.HIP.3_2_0_.ufdb.txt"
MIOpen(HIP): Error [~FindDbRecord_t] Failed to store record to find-db at <"/ccs/home/janetw/diffusion/ORBIT-2-sandbox/tutorial/miopen_cache/3880225/gfx90a6e.HIP.3_2_0_.ufdb.txt">
MIOpen(HIP): Error [FlushUnsafe] File is unwritable: "/ccs/home/janetw/diffusion/ORBIT-2-sandbox/tutorial/miopen_cache/3880225/gfx90a6e.HIP.3_2_0_.ufdb.txt"
MIOpen(HIP): Error [~FindDbRecord_t] Failed to store record to find-db at <"/ccs/home/janetw/diffusion/ORBIT-2-sandbox/tutorial/miopen_cache/3880225/gfx90a6e.HIP.3_2_0_.ufdb.txt">
MIOpen(HIP): Error [FlushUnsafe] File is unwritable: "/ccs/home/janetw/diffusion/ORBIT-2-sandbox/tutorial/miopen_cache/3880225/gfx90a6e.HIP.3_2_0_.ufdb.txt"
MIOpen(HIP): Error [~FindDbRecord_t] Failed to store record to find-db at <"/ccs/home/janetw/diffusion/ORBIT-2-sandbox/tutorial/miopen_cache/3880225/gfx90a6e.HIP.3_2_0_.ufdb.txt">
MIOpen(HIP): Error [FlushUnsafe] File is unwritable: "/ccs/home/janetw/diffusion/ORBIT-2-sandbox/tutorial/miopen_cache/3880225/gfx90a6e.HIP.3_2_0_.ufdb.txt"
MIOpen(HIP): Error [~FindDbRecord_t] Failed to store record to find-db at <"/ccs/home/janetw/diffusion/ORBIT-2-sandbox/tutorial/miopen_cache/3880225/gfx90a6e.HIP.3_2_0_.ufdb.txt">
MIOpen(HIP): Error [FlushUnsafe] File is unwritable: "/ccs/home/janetw/diffusion/ORBIT-2-sandbox/tutorial/miopen_cache/3880225/gfx90a6e.HIP.3_2_0_.ufdb.txt"
MIOpen(HIP): Error [~FindDbRecord_t] Failed to store record to find-db at <"/ccs/home/janetw/diffusion/ORBIT-2-sandbox/tutorial/miopen_cache/3880225/gfx90a6e.HIP.3_2_0_.ufdb.txt">
MIOpen(HIP): Error [FlushUnsafe] File is unwritable: "/ccs/home/janetw/diffusion/ORBIT-2-sandbox/tutorial/miopen_cache/3880225/gfx90a6e.HIP.3_2_0_.ufdb.txt"
MIOpen(HIP): Error [~FindDbRecord_t] Failed to store record to find-db at <"/ccs/home/janetw/diffusion/ORBIT-2-sandbox/tutorial/miopen_cache/3880225/gfx90a6e.HIP.3_2_0_.ufdb.txt">
MIOpen(HIP): Error [FlushUnsafe] File is unwritable: "/ccs/home/janetw/diffusion/ORBIT-2-sandbox/tutorial/miopen_cache/3880225/gfx90a6e.HIP.3_2_0_.ufdb.txt"
MIOpen(HIP): Error [~FindDbRecord_t] Failed to store record to find-db at <"/ccs/home/janetw/diffusion/ORBIT-2-sandbox/tutorial/miopen_cache/3880225/gfx90a6e.HIP.3_2_0_.ufdb.txt">
MIOpen(HIP): Error [FlushUnsafe] File is unwritable: "/ccs/home/janetw/diffusion/ORBIT-2-sandbox/tutorial/miopen_cache/3880225/gfx90a6e.HIP.3_2_0_.ufdb.txt"
MIOpen(HIP): Error [~FindDbRecord_t] Failed to store record to find-db at <"/ccs/home/janetw/diffusion/ORBIT-2-sandbox/tutorial/miopen_cache/3880225/gfx90a6e.HIP.3_2_0_.ufdb.txt">
MIOpen(HIP): Error [FlushUnsafe] File is unwritable: "/ccs/home/janetw/diffusion/ORBIT-2-sandbox/tutorial/miopen_cache/3880225/gfx90a6e.HIP.3_2_0_.ufdb.txt"
MIOpen(HIP): Error [~FindDbRecord_t] Failed to store record to find-db at <"/ccs/home/janetw/diffusion/ORBIT-2-sandbox/tutorial/miopen_cache/3880225/gfx90a6e.HIP.3_2_0_.ufdb.txt">
MIOpen(HIP): Error [FlushUnsafe] File is unwritable: "/ccs/home/janetw/diffusion/ORBIT-2-sandbox/tutorial/miopen_cache/3880225/gfx90a6e.HIP.3_2_0_.ufdb.txt"
MIOpen(HIP): Error [~FindDbRecord_t] Failed to store record to find-db at <"/ccs/home/janetw/diffusion/ORBIT-2-sandbox/tutorial/miopen_cache/3880225/gfx90a6e.HIP.3_2_0_.ufdb.txt">
MIOpen(HIP): Error [FlushUnsafe] File is unwritable: "/ccs/home/janetw/diffusion/ORBIT-2-sandbox/tutorial/miopen_cache/3880225/gfx90a6e.HIP.3_2_0_.ufdb.txt"
MIOpen(HIP): Error [~FindDbRecord_t] Failed to store record to find-db at <"/ccs/home/janetw/diffusion/ORBIT-2-sandbox/tutorial/miopen_cache/3880225/gfx90a6e.HIP.3_2_0_.ufdb.txt">
MIOpen(HIP): Error [FlushUnsafe] File is unwritable: "/ccs/home/janetw/diffusion/ORBIT-2-sandbox/tutorial/miopen_cache/3880225/gfx90a6e.HIP.3_2_0_.ufdb.txt"
MIOpen(HIP): Error [~FindDbRecord_t] Failed to store record to find-db at <"/ccs/home/janetw/diffusion/ORBIT-2-sandbox/tutorial/miopen_cache/3880225/gfx90a6e.HIP.3_2_0_.ufdb.txt">
MIOpen(HIP): Error [FlushUnsafe] File is unwritable: "/ccs/home/janetw/diffusion/ORBIT-2-sandbox/tutorial/miopen_cache/3880225/gfx90a6e.HIP.3_2_0_.ufdb.txt"
MIOpen(HIP): Error [~FindDbRecord_t] Failed to store record to find-db at <"/ccs/home/janetw/diffusion/ORBIT-2-sandbox/tutorial/miopen_cache/3880225/gfx90a6e.HIP.3_2_0_.ufdb.txt">
MIOpen(HIP): Error [FlushUnsafe] File is unwritable: "/ccs/home/janetw/diffusion/ORBIT-2-sandbox/tutorial/miopen_cache/3880225/gfx90a6e.HIP.3_2_0_.ufdb.txt"
MIOpen(HIP): Error [~FindDbRecord_t] Failed to store record to find-db at <"/ccs/home/janetw/diffusion/ORBIT-2-sandbox/tutorial/miopen_cache/3880225/gfx90a6e.HIP.3_2_0_.ufdb.txt">
MIOpen(HIP): Error [FlushUnsafe] File is unwritable: "/ccs/home/janetw/diffusion/ORBIT-2-sandbox/tutorial/miopen_cache/3880225/gfx90a6e.HIP.3_2_0_.ufdb.txt"
MIOpen(HIP): Error [~FindDbRecord_t] Failed to store record to find-db at <"/ccs/home/janetw/diffusion/ORBIT-2-sandbox/tutorial/miopen_cache/3880225/gfx90a6e.HIP.3_2_0_.ufdb.txt">
MIOpen(HIP): Error [FlushUnsafe] File is unwritable: "/ccs/home/janetw/diffusion/ORBIT-2-sandbox/tutorial/miopen_cache/3880225/gfx90a6e.HIP.3_2_0_.ufdb.txt"
MIOpen(HIP): Error [~FindDbRecord_t] Failed to store record to find-db at <"/ccs/home/janetw/diffusion/ORBIT-2-sandbox/tutorial/miopen_cache/3880225/gfx90a6e.HIP.3_2_0_.ufdb.txt">
MIOpen(HIP): Error [FlushUnsafe] File is unwritable: "/ccs/home/janetw/diffusion/ORBIT-2-sandbox/tutorial/miopen_cache/3880225/gfx90a6e.HIP.3_2_0_.ufdb.txt"
MIOpen(HIP): Error [~FindDbRecord_t] Failed to store record to find-db at <"/ccs/home/janetw/diffusion/ORBIT-2-sandbox/tutorial/miopen_cache/3880225/gfx90a6e.HIP.3_2_0_.ufdb.txt">
MIOpen(HIP): Error [FlushUnsafe] File is unwritable: "/ccs/home/janetw/diffusion/ORBIT-2-sandbox/tutorial/miopen_cache/3880225/gfx90a6e.HIP.3_2_0_.ufdb.txt"
MIOpen(HIP): Error [~FindDbRecord_t] Failed to store record to find-db at <"/ccs/home/janetw/diffusion/ORBIT-2-sandbox/tutorial/miopen_cache/3880225/gfx90a6e.HIP.3_2_0_.ufdb.txt">
MIOpen(HIP): Error [FlushUnsafe] File is unwritable: "/ccs/home/janetw/diffusion/ORBIT-2-sandbox/tutorial/miopen_cache/3880225/gfx90a6e.HIP.3_2_0_.ufdb.txt"
MIOpen(HIP): Error [~FindDbRecord_t] Failed to store record to find-db at <"/ccs/home/janetw/diffusion/ORBIT-2-sandbox/tutorial/miopen_cache/3880225/gfx90a6e.HIP.3_2_0_.ufdb.txt">
MIOpen(HIP): Error [FlushUnsafe] File is unwritable: "/ccs/home/janetw/diffusion/ORBIT-2-sandbox/tutorial/miopen_cache/3880225/gfx90a6e.HIP.3_2_0_.ufdb.txt"
MIOpen(HIP): Error [~FindDbRecord_t] Failed to store record to find-db at <"/ccs/home/janetw/diffusion/ORBIT-2-sandbox/tutorial/miopen_cache/3880225/gfx90a6e.HIP.3_2_0_.ufdb.txt">
MIOpen(HIP): Error [FlushUnsafe] File is unwritable: "/ccs/home/janetw/diffusion/ORBIT-2-sandbox/tutorial/miopen_cache/3880225/gfx90a6e.HIP.3_2_0_.ufdb.txt"
MIOpen(HIP): Error [~FindDbRecord_t] Failed to store record to find-db at <"/ccs/home/janetw/diffusion/ORBIT-2-sandbox/tutorial/miopen_cache/3880225/gfx90a6e.HIP.3_2_0_.ufdb.txt">
MIOpen(HIP): Error [FlushUnsafe] File is unwritable: "/ccs/home/janetw/diffusion/ORBIT-2-sandbox/tutorial/miopen_cache/3880225/gfx90a6e.HIP.3_2_0_.ufdb.txt"
MIOpen(HIP): Error [~FindDbRecord_t] Failed to store record to find-db at <"/ccs/home/janetw/diffusion/ORBIT-2-sandbox/tutorial/miopen_cache/3880225/gfx90a6e.HIP.3_2_0_.ufdb.txt">
MIOpen(HIP): Error [FlushUnsafe] File is unwritable: "/ccs/home/janetw/diffusion/ORBIT-2-sandbox/tutorial/miopen_cache/3880225/gfx90a6e.HIP.3_2_0_.ufdb.txt"
MIOpen(HIP): Error [~FindDbRecord_t] Failed to store record to find-db at <"/ccs/home/janetw/diffusion/ORBIT-2-sandbox/tutorial/miopen_cache/3880225/gfx90a6e.HIP.3_2_0_.ufdb.txt">
MIOpen(HIP): Error [FlushUnsafe] File is unwritable: "/ccs/home/janetw/diffusion/ORBIT-2-sandbox/tutorial/miopen_cache/3880225/gfx90a6e.HIP.3_2_0_.ufdb.txt"
MIOpen(HIP): Error [~FindDbRecord_t] Failed to store record to find-db at <"/ccs/home/janetw/diffusion/ORBIT-2-sandbox/tutorial/miopen_cache/3880225/gfx90a6e.HIP.3_2_0_.ufdb.txt">
MIOpen(HIP): Error [FlushUnsafe] File is unwritable: "/ccs/home/janetw/diffusion/ORBIT-2-sandbox/tutorial/miopen_cache/3880225/gfx90a6e.HIP.3_2_0_.ufdb.txt"
MIOpen(HIP): Error [~FindDbRecord_t] Failed to store record to find-db at <"/ccs/home/janetw/diffusion/ORBIT-2-sandbox/tutorial/miopen_cache/3880225/gfx90a6e.HIP.3_2_0_.ufdb.txt">
MIOpen(HIP): Error [FlushUnsafe] File is unwritable: "/ccs/home/janetw/diffusion/ORBIT-2-sandbox/tutorial/miopen_cache/3880225/gfx90a6e.HIP.3_2_0_.ufdb.txt"
MIOpen(HIP): Error [~FindDbRecord_t] Failed to store record to find-db at <"/ccs/home/janetw/diffusion/ORBIT-2-sandbox/tutorial/miopen_cache/3880225/gfx90a6e.HIP.3_2_0_.ufdb.txt">
MIOpen(HIP): Error [FlushUnsafe] File is unwritable: "/ccs/home/janetw/diffusion/ORBIT-2-sandbox/tutorial/miopen_cache/3880225/gfx90a6e.HIP.3_2_0_.ufdb.txt"
MIOpen(HIP): Error [~FindDbRecord_t] Failed to store record to find-db at <"/ccs/home/janetw/diffusion/ORBIT-2-sandbox/tutorial/miopen_cache/3880225/gfx90a6e.HIP.3_2_0_.ufdb.txt">
MIOpen(HIP): Error [FlushUnsafe] File is unwritable: "/ccs/home/janetw/diffusion/ORBIT-2-sandbox/tutorial/miopen_cache/3880225/gfx90a6e.HIP.3_2_0_.ufdb.txt"
MIOpen(HIP): Error [~FindDbRecord_t] Failed to store record to find-db at <"/ccs/home/janetw/diffusion/ORBIT-2-sandbox/tutorial/miopen_cache/3880225/gfx90a6e.HIP.3_2_0_.ufdb.txt">
MIOpen(HIP): Error [FlushUnsafe] File is unwritable: "/ccs/home/janetw/diffusion/ORBIT-2-sandbox/tutorial/miopen_cache/3880225/gfx90a6e.HIP.3_2_0_.ufdb.txt"
MIOpen(HIP): Error [~FindDbRecord_t] Failed to store record to find-db at <"/ccs/home/janetw/diffusion/ORBIT-2-sandbox/tutorial/miopen_cache/3880225/gfx90a6e.HIP.3_2_0_.ufdb.txt">
MIOpen(HIP): Error [FlushUnsafe] File is unwritable: "/ccs/home/janetw/diffusion/ORBIT-2-sandbox/tutorial/miopen_cache/3880225/gfx90a6e.HIP.3_2_0_.ufdb.txt"
MIOpen(HIP): Error [~FindDbRecord_t] Failed to store record to find-db at <"/ccs/home/janetw/diffusion/ORBIT-2-sandbox/tutorial/miopen_cache/3880225/gfx90a6e.HIP.3_2_0_.ufdb.txt">
MIOpen(HIP): Error [FlushUnsafe] File is unwritable: "/ccs/home/janetw/diffusion/ORBIT-2-sandbox/tutorial/miopen_cache/3880225/gfx90a6e.HIP.3_2_0_.ufdb.txt"
MIOpen(HIP): Error [~FindDbRecord_t] Failed to store record to find-db at <"/ccs/home/janetw/diffusion/ORBIT-2-sandbox/tutorial/miopen_cache/3880225/gfx90a6e.HIP.3_2_0_.ufdb.txt">
MIOpen(HIP): Error [FlushUnsafe] File is unwritable: "/ccs/home/janetw/diffusion/ORBIT-2-sandbox/tutorial/miopen_cache/3880225/gfx90a6e.HIP.3_2_0_.ufdb.txt"
MIOpen(HIP): Error [~FindDbRecord_t] Failed to store record to find-db at <"/ccs/home/janetw/diffusion/ORBIT-2-sandbox/tutorial/miopen_cache/3880225/gfx90a6e.HIP.3_2_0_.ufdb.txt">
MIOpen(HIP): Error [FlushUnsafe] File is unwritable: "/ccs/home/janetw/diffusion/ORBIT-2-sandbox/tutorial/miopen_cache/3880225/gfx90a6e.HIP.3_2_0_.ufdb.txt"
MIOpen(HIP): Error [~FindDbRecord_t] Failed to store record to find-db at <"/ccs/home/janetw/diffusion/ORBIT-2-sandbox/tutorial/miopen_cache/3880225/gfx90a6e.HIP.3_2_0_.ufdb.txt">
MIOpen(HIP): Error [FlushUnsafe] File is unwritable: "/ccs/home/janetw/diffusion/ORBIT-2-sandbox/tutorial/miopen_cache/3880225/gfx90a6e.HIP.3_2_0_.ufdb.txt"
MIOpen(HIP): Error [~FindDbRecord_t] Failed to store record to find-db at <"/ccs/home/janetw/diffusion/ORBIT-2-sandbox/tutorial/miopen_cache/3880225/gfx90a6e.HIP.3_2_0_.ufdb.txt">
MIOpen(HIP): Error [FlushUnsafe] File is unwritable: "/ccs/home/janetw/diffusion/ORBIT-2-sandbox/tutorial/miopen_cache/3880225/gfx90a6e.HIP.3_2_0_.ufdb.txt"
MIOpen(HIP): Error [~FindDbRecord_t] Failed to store record to find-db at <"/ccs/home/janetw/diffusion/ORBIT-2-sandbox/tutorial/miopen_cache/3880225/gfx90a6e.HIP.3_2_0_.ufdb.txt">
MIOpen(HIP): Error [FlushUnsafe] File is unwritable: "/ccs/home/janetw/diffusion/ORBIT-2-sandbox/tutorial/miopen_cache/3880225/gfx90a6e.HIP.3_2_0_.ufdb.txt"
MIOpen(HIP): Error [~FindDbRecord_t] Failed to store record to find-db at <"/ccs/home/janetw/diffusion/ORBIT-2-sandbox/tutorial/miopen_cache/3880225/gfx90a6e.HIP.3_2_0_.ufdb.txt">
MIOpen(HIP): Error [FlushUnsafe] File is unwritable: "/ccs/home/janetw/diffusion/ORBIT-2-sandbox/tutorial/miopen_cache/3880225/gfx90a6e.HIP.3_2_0_.ufdb.txt"
MIOpen(HIP): Error [~FindDbRecord_t] Failed to store record to find-db at <"/ccs/home/janetw/diffusion/ORBIT-2-sandbox/tutorial/miopen_cache/3880225/gfx90a6e.HIP.3_2_0_.ufdb.txt">
MIOpen(HIP): Error [FlushUnsafe] File is unwritable: "/ccs/home/janetw/diffusion/ORBIT-2-sandbox/tutorial/miopen_cache/3880225/gfx90a6e.HIP.3_2_0_.ufdb.txt"
MIOpen(HIP): Error [~FindDbRecord_t] Failed to store record to find-db at <"/ccs/home/janetw/diffusion/ORBIT-2-sandbox/tutorial/miopen_cache/3880225/gfx90a6e.HIP.3_2_0_.ufdb.txt">
MIOpen(HIP): Error [FlushUnsafe] File is unwritable: "/ccs/home/janetw/diffusion/ORBIT-2-sandbox/tutorial/miopen_cache/3880225/gfx90a6e.HIP.3_2_0_.ufdb.txt"
MIOpen(HIP): Error [~FindDbRecord_t] Failed to store record to find-db at <"/ccs/home/janetw/diffusion/ORBIT-2-sandbox/tutorial/miopen_cache/3880225/gfx90a6e.HIP.3_2_0_.ufdb.txt">
MIOpen(HIP): Error [FlushUnsafe] File is unwritable: "/ccs/home/janetw/diffusion/ORBIT-2-sandbox/tutorial/miopen_cache/3880225/gfx90a6e.HIP.3_2_0_.ufdb.txt"
MIOpen(HIP): Error [~FindDbRecord_t] Failed to store record to find-db at <"/ccs/home/janetw/diffusion/ORBIT-2-sandbox/tutorial/miopen_cache/3880225/gfx90a6e.HIP.3_2_0_.ufdb.txt">
MIOpen(HIP): Error [FlushUnsafe] File is unwritable: "/ccs/home/janetw/diffusion/ORBIT-2-sandbox/tutorial/miopen_cache/3880225/gfx90a6e.HIP.3_2_0_.ufdb.txt"
MIOpen(HIP): Error [~FindDbRecord_t] Failed to store record to find-db at <"/ccs/home/janetw/diffusion/ORBIT-2-sandbox/tutorial/miopen_cache/3880225/gfx90a6e.HIP.3_2_0_.ufdb.txt">
MIOpen(HIP): Error [FlushUnsafe] File is unwritable: "/ccs/home/janetw/diffusion/ORBIT-2-sandbox/tutorial/miopen_cache/3880225/gfx90a6e.HIP.3_2_0_.ufdb.txt"
MIOpen(HIP): Error [~FindDbRecord_t] Failed to store record to find-db at <"/ccs/home/janetw/diffusion/ORBIT-2-sandbox/tutorial/miopen_cache/3880225/gfx90a6e.HIP.3_2_0_.ufdb.txt">
MIOpen(HIP): Error [FlushUnsafe] File is unwritable: "/ccs/home/janetw/diffusion/ORBIT-2-sandbox/tutorial/miopen_cache/3880225/gfx90a6e.HIP.3_2_0_.ufdb.txt"
MIOpen(HIP): Error [~FindDbRecord_t] Failed to store record to find-db at <"/ccs/home/janetw/diffusion/ORBIT-2-sandbox/tutorial/miopen_cache/3880225/gfx90a6e.HIP.3_2_0_.ufdb.txt">
MIOpen(HIP): Error [FlushUnsafe] File is unwritable: "/ccs/home/janetw/diffusion/ORBIT-2-sandbox/tutorial/miopen_cache/3880225/gfx90a6e.HIP.3_2_0_.ufdb.txt"
MIOpen(HIP): Error [~FindDbRecord_t] Failed to store record to find-db at <"/ccs/home/janetw/diffusion/ORBIT-2-sandbox/tutorial/miopen_cache/3880225/gfx90a6e.HIP.3_2_0_.ufdb.txt">
MIOpen(HIP): Error [FlushUnsafe] File is unwritable: "/ccs/home/janetw/diffusion/ORBIT-2-sandbox/tutorial/miopen_cache/3880225/gfx90a6e.HIP.3_2_0_.ufdb.txt"
MIOpen(HIP): Error [~FindDbRecord_t] Failed to store record to find-db at <"/ccs/home/janetw/diffusion/ORBIT-2-sandbox/tutorial/miopen_cache/3880225/gfx90a6e.HIP.3_2_0_.ufdb.txt">
MIOpen(HIP): Error [FlushUnsafe] File is unwritable: "/ccs/home/janetw/diffusion/ORBIT-2-sandbox/tutorial/miopen_cache/3880225/gfx90a6e.HIP.3_2_0_.ufdb.txt"
MIOpen(HIP): Error [~FindDbRecord_t] Failed to store record to find-db at <"/ccs/home/janetw/diffusion/ORBIT-2-sandbox/tutorial/miopen_cache/3880225/gfx90a6e.HIP.3_2_0_.ufdb.txt">
MIOpen(HIP): Error [FlushUnsafe] File is unwritable: "/ccs/home/janetw/diffusion/ORBIT-2-sandbox/tutorial/miopen_cache/3880225/gfx90a6e.HIP.3_2_0_.ufdb.txt"
MIOpen(HIP): Error [~FindDbRecord_t] Failed to store record to find-db at <"/ccs/home/janetw/diffusion/ORBIT-2-sandbox/tutorial/miopen_cache/3880225/gfx90a6e.HIP.3_2_0_.ufdb.txt">
MIOpen(HIP): Error [FlushUnsafe] File is unwritable: "/ccs/home/janetw/diffusion/ORBIT-2-sandbox/tutorial/miopen_cache/3880225/gfx90a6e.HIP.3_2_0_.ufdb.txt"
MIOpen(HIP): Error [~FindDbRecord_t] Failed to store record to find-db at <"/ccs/home/janetw/diffusion/ORBIT-2-sandbox/tutorial/miopen_cache/3880225/gfx90a6e.HIP.3_2_0_.ufdb.txt">
MIOpen(HIP): Error [FlushUnsafe] File is unwritable: "/ccs/home/janetw/diffusion/ORBIT-2-sandbox/tutorial/miopen_cache/3880225/gfx90a6e.HIP.3_2_0_.ufdb.txt"
MIOpen(HIP): Error [~FindDbRecord_t] Failed to store record to find-db at <"/ccs/home/janetw/diffusion/ORBIT-2-sandbox/tutorial/miopen_cache/3880225/gfx90a6e.HIP.3_2_0_.ufdb.txt">
MIOpen(HIP): Error [FlushUnsafe] File is unwritable: "/ccs/home/janetw/diffusion/ORBIT-2-sandbox/tutorial/miopen_cache/3880225/gfx90a6e.HIP.3_2_0_.ufdb.txt"
MIOpen(HIP): Error [~FindDbRecord_t] Failed to store record to find-db at <"/ccs/home/janetw/diffusion/ORBIT-2-sandbox/tutorial/miopen_cache/3880225/gfx90a6e.HIP.3_2_0_.ufdb.txt">
MIOpen(HIP): Error [FlushUnsafe] File is unwritable: "/ccs/home/janetw/diffusion/ORBIT-2-sandbox/tutorial/miopen_cache/3880225/gfx90a6e.HIP.3_2_0_.ufdb.txt"
MIOpen(HIP): Error [~FindDbRecord_t] Failed to store record to find-db at <"/ccs/home/janetw/diffusion/ORBIT-2-sandbox/tutorial/miopen_cache/3880225/gfx90a6e.HIP.3_2_0_.ufdb.txt">
MIOpen(HIP): Error [FlushUnsafe] File is unwritable: "/ccs/home/janetw/diffusion/ORBIT-2-sandbox/tutorial/miopen_cache/3880225/gfx90a6e.HIP.3_2_0_.ufdb.txt"
MIOpen(HIP): Error [~FindDbRecord_t] Failed to store record to find-db at <"/ccs/home/janetw/diffusion/ORBIT-2-sandbox/tutorial/miopen_cache/3880225/gfx90a6e.HIP.3_2_0_.ufdb.txt">
MIOpen(HIP): Error [FlushUnsafe] File is unwritable: "/ccs/home/janetw/diffusion/ORBIT-2-sandbox/tutorial/miopen_cache/3880225/gfx90a6e.HIP.3_2_0_.ufdb.txt"
MIOpen(HIP): Error [~FindDbRecord_t] Failed to store record to find-db at <"/ccs/home/janetw/diffusion/ORBIT-2-sandbox/tutorial/miopen_cache/3880225/gfx90a6e.HIP.3_2_0_.ufdb.txt">
MIOpen(HIP): Error [FlushUnsafe] File is unwritable: "/ccs/home/janetw/diffusion/ORBIT-2-sandbox/tutorial/miopen_cache/3880225/gfx90a6e.HIP.3_2_0_.ufdb.txt"
MIOpen(HIP): Error [~FindDbRecord_t] Failed to store record to find-db at <"/ccs/home/janetw/diffusion/ORBIT-2-sandbox/tutorial/miopen_cache/3880225/gfx90a6e.HIP.3_2_0_.ufdb.txt">
MIOpen(HIP): Error [FlushUnsafe] File is unwritable: "/ccs/home/janetw/diffusion/ORBIT-2-sandbox/tutorial/miopen_cache/3880225/gfx90a6e.HIP.3_2_0_.ufdb.txt"
MIOpen(HIP): Error [~FindDbRecord_t] Failed to store record to find-db at <"/ccs/home/janetw/diffusion/ORBIT-2-sandbox/tutorial/miopen_cache/3880225/gfx90a6e.HIP.3_2_0_.ufdb.txt">
MIOpen(HIP): Error [FlushUnsafe] File is unwritable: "/ccs/home/janetw/diffusion/ORBIT-2-sandbox/tutorial/miopen_cache/3880225/gfx90a6e.HIP.3_2_0_.ufdb.txt"
MIOpen(HIP): Error [~FindDbRecord_t] Failed to store record to find-db at <"/ccs/home/janetw/diffusion/ORBIT-2-sandbox/tutorial/miopen_cache/3880225/gfx90a6e.HIP.3_2_0_.ufdb.txt">
MIOpen(HIP): Error [FlushUnsafe] File is unwritable: "/ccs/home/janetw/diffusion/ORBIT-2-sandbox/tutorial/miopen_cache/3880225/gfx90a6e.HIP.3_2_0_.ufdb.txt"
MIOpen(HIP): Error [~FindDbRecord_t] Failed to store record to find-db at <"/ccs/home/janetw/diffusion/ORBIT-2-sandbox/tutorial/miopen_cache/3880225/gfx90a6e.HIP.3_2_0_.ufdb.txt">
MIOpen(HIP): Error [FlushUnsafe] File is unwritable: "/ccs/home/janetw/diffusion/ORBIT-2-sandbox/tutorial/miopen_cache/3880225/gfx90a6e.HIP.3_2_0_.ufdb.txt"
MIOpen(HIP): Error [~FindDbRecord_t] Failed to store record to find-db at <"/ccs/home/janetw/diffusion/ORBIT-2-sandbox/tutorial/miopen_cache/3880225/gfx90a6e.HIP.3_2_0_.ufdb.txt">
MIOpen(HIP): Error [FlushUnsafe] File is unwritable: "/ccs/home/janetw/diffusion/ORBIT-2-sandbox/tutorial/miopen_cache/3880225/gfx90a6e.HIP.3_2_0_.ufdb.txt"
MIOpen(HIP): Error [~FindDbRecord_t] Failed to store record to find-db at <"/ccs/home/janetw/diffusion/ORBIT-2-sandbox/tutorial/miopen_cache/3880225/gfx90a6e.HIP.3_2_0_.ufdb.txt">
MIOpen(HIP): Error [FlushUnsafe] File is unwritable: "/ccs/home/janetw/diffusion/ORBIT-2-sandbox/tutorial/miopen_cache/3880225/gfx90a6e.HIP.3_2_0_.ufdb.txt"
MIOpen(HIP): Error [~FindDbRecord_t] Failed to store record to find-db at <"/ccs/home/janetw/diffusion/ORBIT-2-sandbox/tutorial/miopen_cache/3880225/gfx90a6e.HIP.3_2_0_.ufdb.txt">
MIOpen(HIP): Error [FlushUnsafe] File is unwritable: "/ccs/home/janetw/diffusion/ORBIT-2-sandbox/tutorial/miopen_cache/3880225/gfx90a6e.HIP.3_2_0_.ufdb.txt"
MIOpen(HIP): Error [~FindDbRecord_t] Failed to store record to find-db at <"/ccs/home/janetw/diffusion/ORBIT-2-sandbox/tutorial/miopen_cache/3880225/gfx90a6e.HIP.3_2_0_.ufdb.txt">
MIOpen(HIP): Error [FlushUnsafe] File is unwritable: "/ccs/home/janetw/diffusion/ORBIT-2-sandbox/tutorial/miopen_cache/3880225/gfx90a6e.HIP.3_2_0_.ufdb.txt"
MIOpen(HIP): Error [~FindDbRecord_t] Failed to store record to find-db at <"/ccs/home/janetw/diffusion/ORBIT-2-sandbox/tutorial/miopen_cache/3880225/gfx90a6e.HIP.3_2_0_.ufdb.txt">
MIOpen(HIP): Error [FlushUnsafe] File is unwritable: "/ccs/home/janetw/diffusion/ORBIT-2-sandbox/tutorial/miopen_cache/3880225/gfx90a6e.HIP.3_2_0_.ufdb.txt"
MIOpen(HIP): Error [~FindDbRecord_t] Failed to store record to find-db at <"/ccs/home/janetw/diffusion/ORBIT-2-sandbox/tutorial/miopen_cache/3880225/gfx90a6e.HIP.3_2_0_.ufdb.txt">
MIOpen(HIP): Error [FlushUnsafe] File is unwritable: "/ccs/home/janetw/diffusion/ORBIT-2-sandbox/tutorial/miopen_cache/3880225/gfx90a6e.HIP.3_2_0_.ufdb.txt"
MIOpen(HIP): Error [~FindDbRecord_t] Failed to store record to find-db at <"/ccs/home/janetw/diffusion/ORBIT-2-sandbox/tutorial/miopen_cache/3880225/gfx90a6e.HIP.3_2_0_.ufdb.txt">
MIOpen(HIP): Error [FlushUnsafe] File is unwritable: "/ccs/home/janetw/diffusion/ORBIT-2-sandbox/tutorial/miopen_cache/3880225/gfx90a6e.HIP.3_2_0_.ufdb.txt"
MIOpen(HIP): Error [~FindDbRecord_t] Failed to store record to find-db at <"/ccs/home/janetw/diffusion/ORBIT-2-sandbox/tutorial/miopen_cache/3880225/gfx90a6e.HIP.3_2_0_.ufdb.txt">
MIOpen(HIP): Error [FlushUnsafe] File is unwritable: "/ccs/home/janetw/diffusion/ORBIT-2-sandbox/tutorial/miopen_cache/3880225/gfx90a6e.HIP.3_2_0_.ufdb.txt"
MIOpen(HIP): Error [~FindDbRecord_t] Failed to store record to find-db at <"/ccs/home/janetw/diffusion/ORBIT-2-sandbox/tutorial/miopen_cache/3880225/gfx90a6e.HIP.3_2_0_.ufdb.txt">
MIOpen(HIP): Error [FlushUnsafe] File is unwritable: "/ccs/home/janetw/diffusion/ORBIT-2-sandbox/tutorial/miopen_cache/3880225/gfx90a6e.HIP.3_2_0_.ufdb.txt"
MIOpen(HIP): Error [~FindDbRecord_t] Failed to store record to find-db at <"/ccs/home/janetw/diffusion/ORBIT-2-sandbox/tutorial/miopen_cache/3880225/gfx90a6e.HIP.3_2_0_.ufdb.txt">
MIOpen(HIP): Error [FlushUnsafe] File is unwritable: "/ccs/home/janetw/diffusion/ORBIT-2-sandbox/tutorial/miopen_cache/3880225/gfx90a6e.HIP.3_2_0_.ufdb.txt"
MIOpen(HIP): Error [~FindDbRecord_t] Failed to store record to find-db at <"/ccs/home/janetw/diffusion/ORBIT-2-sandbox/tutorial/miopen_cache/3880225/gfx90a6e.HIP.3_2_0_.ufdb.txt">
MIOpen(HIP): Error [FlushUnsafe] File is unwritable: "/ccs/home/janetw/diffusion/ORBIT-2-sandbox/tutorial/miopen_cache/3880225/gfx90a6e.HIP.3_2_0_.ufdb.txt"
MIOpen(HIP): Error [~FindDbRecord_t] Failed to store record to find-db at <"/ccs/home/janetw/diffusion/ORBIT-2-sandbox/tutorial/miopen_cache/3880225/gfx90a6e.HIP.3_2_0_.ufdb.txt">
MIOpen(HIP): Error [FlushUnsafe] File is unwritable: "/ccs/home/janetw/diffusion/ORBIT-2-sandbox/tutorial/miopen_cache/3880225/gfx90a6e.HIP.3_2_0_.ufdb.txt"
MIOpen(HIP): Error [~FindDbRecord_t] Failed to store record to find-db at <"/ccs/home/janetw/diffusion/ORBIT-2-sandbox/tutorial/miopen_cache/3880225/gfx90a6e.HIP.3_2_0_.ufdb.txt">
MIOpen(HIP): Error [FlushUnsafe] File is unwritable: "/ccs/home/janetw/diffusion/ORBIT-2-sandbox/tutorial/miopen_cache/3880225/gfx90a6e.HIP.3_2_0_.ufdb.txt"
MIOpen(HIP): Error [~FindDbRecord_t] Failed to store record to find-db at <"/ccs/home/janetw/diffusion/ORBIT-2-sandbox/tutorial/miopen_cache/3880225/gfx90a6e.HIP.3_2_0_.ufdb.txt">
MIOpen(HIP): Error [FlushUnsafe] File is unwritable: "/ccs/home/janetw/diffusion/ORBIT-2-sandbox/tutorial/miopen_cache/3880225/gfx90a6e.HIP.3_2_0_.ufdb.txt"
MIOpen(HIP): Error [~FindDbRecord_t] Failed to store record to find-db at <"/ccs/home/janetw/diffusion/ORBIT-2-sandbox/tutorial/miopen_cache/3880225/gfx90a6e.HIP.3_2_0_.ufdb.txt">
MIOpen(HIP): Error [FlushUnsafe] File is unwritable: "/ccs/home/janetw/diffusion/ORBIT-2-sandbox/tutorial/miopen_cache/3880225/gfx90a6e.HIP.3_2_0_.ufdb.txt"
MIOpen(HIP): Error [~FindDbRecord_t] Failed to store record to find-db at <"/ccs/home/janetw/diffusion/ORBIT-2-sandbox/tutorial/miopen_cache/3880225/gfx90a6e.HIP.3_2_0_.ufdb.txt">
MIOpen(HIP): Error [FlushUnsafe] File is unwritable: "/ccs/home/janetw/diffusion/ORBIT-2-sandbox/tutorial/miopen_cache/3880225/gfx90a6e.HIP.3_2_0_.ufdb.txt"
MIOpen(HIP): Error [~FindDbRecord_t] Failed to store record to find-db at <"/ccs/home/janetw/diffusion/ORBIT-2-sandbox/tutorial/miopen_cache/3880225/gfx90a6e.HIP.3_2_0_.ufdb.txt">
MIOpen(HIP): Error [FlushUnsafe] File is unwritable: "/ccs/home/janetw/diffusion/ORBIT-2-sandbox/tutorial/miopen_cache/3880225/gfx90a6e.HIP.3_2_0_.ufdb.txt"
MIOpen(HIP): Error [~FindDbRecord_t] Failed to store record to find-db at <"/ccs/home/janetw/diffusion/ORBIT-2-sandbox/tutorial/miopen_cache/3880225/gfx90a6e.HIP.3_2_0_.ufdb.txt">
MIOpen(HIP): Error [FlushUnsafe] File is unwritable: "/ccs/home/janetw/diffusion/ORBIT-2-sandbox/tutorial/miopen_cache/3880225/gfx90a6e.HIP.3_2_0_.ufdb.txt"
MIOpen(HIP): Error [~FindDbRecord_t] Failed to store record to find-db at <"/ccs/home/janetw/diffusion/ORBIT-2-sandbox/tutorial/miopen_cache/3880225/gfx90a6e.HIP.3_2_0_.ufdb.txt">
MIOpen(HIP): Error [FlushUnsafe] File is unwritable: "/ccs/home/janetw/diffusion/ORBIT-2-sandbox/tutorial/miopen_cache/3880225/gfx90a6e.HIP.3_2_0_.ufdb.txt"
MIOpen(HIP): Error [~FindDbRecord_t] Failed to store record to find-db at <"/ccs/home/janetw/diffusion/ORBIT-2-sandbox/tutorial/miopen_cache/3880225/gfx90a6e.HIP.3_2_0_.ufdb.txt">
MIOpen(HIP): Error [FlushUnsafe] File is unwritable: "/ccs/home/janetw/diffusion/ORBIT-2-sandbox/tutorial/miopen_cache/3880225/gfx90a6e.HIP.3_2_0_.ufdb.txt"
MIOpen(HIP): Error [~FindDbRecord_t] Failed to store record to find-db at <"/ccs/home/janetw/diffusion/ORBIT-2-sandbox/tutorial/miopen_cache/3880225/gfx90a6e.HIP.3_2_0_.ufdb.txt">
MIOpen(HIP): Error [FlushUnsafe] File is unwritable: "/ccs/home/janetw/diffusion/ORBIT-2-sandbox/tutorial/miopen_cache/3880225/gfx90a6e.HIP.3_2_0_.ufdb.txt"
MIOpen(HIP): Error [~FindDbRecord_t] Failed to store record to find-db at <"/ccs/home/janetw/diffusion/ORBIT-2-sandbox/tutorial/miopen_cache/3880225/gfx90a6e.HIP.3_2_0_.ufdb.txt">
MIOpen(HIP): Error [FlushUnsafe] File is unwritable: "/ccs/home/janetw/diffusion/ORBIT-2-sandbox/tutorial/miopen_cache/3880225/gfx90a6e.HIP.3_2_0_.ufdb.txt"
MIOpen(HIP): Error [~FindDbRecord_t] Failed to store record to find-db at <"/ccs/home/janetw/diffusion/ORBIT-2-sandbox/tutorial/miopen_cache/3880225/gfx90a6e.HIP.3_2_0_.ufdb.txt">
MIOpen(HIP): Error [FlushUnsafe] File is unwritable: "/ccs/home/janetw/diffusion/ORBIT-2-sandbox/tutorial/miopen_cache/3880225/gfx90a6e.HIP.3_2_0_.ufdb.txt"
MIOpen(HIP): Error [~FindDbRecord_t] Failed to store record to find-db at <"/ccs/home/janetw/diffusion/ORBIT-2-sandbox/tutorial/miopen_cache/3880225/gfx90a6e.HIP.3_2_0_.ufdb.txt">
MIOpen(HIP): Error [FlushUnsafe] File is unwritable: "/ccs/home/janetw/diffusion/ORBIT-2-sandbox/tutorial/miopen_cache/3880225/gfx90a6e.HIP.3_2_0_.ufdb.txt"
MIOpen(HIP): Error [~FindDbRecord_t] Failed to store record to find-db at <"/ccs/home/janetw/diffusion/ORBIT-2-sandbox/tutorial/miopen_cache/3880225/gfx90a6e.HIP.3_2_0_.ufdb.txt">
MIOpen(HIP): Error [FlushUnsafe] File is unwritable: "/ccs/home/janetw/diffusion/ORBIT-2-sandbox/tutorial/miopen_cache/3880225/gfx90a6e.HIP.3_2_0_.ufdb.txt"
MIOpen(HIP): Error [~FindDbRecord_t] Failed to store record to find-db at <"/ccs/home/janetw/diffusion/ORBIT-2-sandbox/tutorial/miopen_cache/3880225/gfx90a6e.HIP.3_2_0_.ufdb.txt">
MIOpen(HIP): Error [FlushUnsafe] File is unwritable: "/ccs/home/janetw/diffusion/ORBIT-2-sandbox/tutorial/miopen_cache/3880225/gfx90a6e.HIP.3_2_0_.ufdb.txt"
MIOpen(HIP): Error [~FindDbRecord_t] Failed to store record to find-db at <"/ccs/home/janetw/diffusion/ORBIT-2-sandbox/tutorial/miopen_cache/3880225/gfx90a6e.HIP.3_2_0_.ufdb.txt">
MIOpen(HIP): Error [FlushUnsafe] File is unwritable: "/ccs/home/janetw/diffusion/ORBIT-2-sandbox/tutorial/miopen_cache/3880225/gfx90a6e.HIP.3_2_0_.ufdb.txt"
MIOpen(HIP): Error [~FindDbRecord_t] Failed to store record to find-db at <"/ccs/home/janetw/diffusion/ORBIT-2-sandbox/tutorial/miopen_cache/3880225/gfx90a6e.HIP.3_2_0_.ufdb.txt">
MIOpen(HIP): Error [FlushUnsafe] File is unwritable: "/ccs/home/janetw/diffusion/ORBIT-2-sandbox/tutorial/miopen_cache/3880225/gfx90a6e.HIP.3_2_0_.ufdb.txt"
MIOpen(HIP): Error [~FindDbRecord_t] Failed to store record to find-db at <"/ccs/home/janetw/diffusion/ORBIT-2-sandbox/tutorial/miopen_cache/3880225/gfx90a6e.HIP.3_2_0_.ufdb.txt">
MIOpen(HIP): Error [FlushUnsafe] File is unwritable: "/ccs/home/janetw/diffusion/ORBIT-2-sandbox/tutorial/miopen_cache/3880225/gfx90a6e.HIP.3_2_0_.ufdb.txt"
MIOpen(HIP): Error [~FindDbRecord_t] Failed to store record to find-db at <"/ccs/home/janetw/diffusion/ORBIT-2-sandbox/tutorial/miopen_cache/3880225/gfx90a6e.HIP.3_2_0_.ufdb.txt">
MIOpen(HIP): Error [FlushUnsafe] File is unwritable: "/ccs/home/janetw/diffusion/ORBIT-2-sandbox/tutorial/miopen_cache/3880225/gfx90a6e.HIP.3_2_0_.ufdb.txt"
MIOpen(HIP): Error [~FindDbRecord_t] Failed to store record to find-db at <"/ccs/home/janetw/diffusion/ORBIT-2-sandbox/tutorial/miopen_cache/3880225/gfx90a6e.HIP.3_2_0_.ufdb.txt">
MIOpen(HIP): Error [FlushUnsafe] File is unwritable: "/ccs/home/janetw/diffusion/ORBIT-2-sandbox/tutorial/miopen_cache/3880225/gfx90a6e.HIP.3_2_0_.ufdb.txt"
MIOpen(HIP): Error [~FindDbRecord_t] Failed to store record to find-db at <"/ccs/home/janetw/diffusion/ORBIT-2-sandbox/tutorial/miopen_cache/3880225/gfx90a6e.HIP.3_2_0_.ufdb.txt">
MIOpen(HIP): Error [FlushUnsafe] File is unwritable: "/ccs/home/janetw/diffusion/ORBIT-2-sandbox/tutorial/miopen_cache/3880225/gfx90a6e.HIP.3_2_0_.ufdb.txt"
MIOpen(HIP): Error [~FindDbRecord_t] Failed to store record to find-db at <"/ccs/home/janetw/diffusion/ORBIT-2-sandbox/tutorial/miopen_cache/3880225/gfx90a6e.HIP.3_2_0_.ufdb.txt">
MIOpen(HIP): Error [FlushUnsafe] File is unwritable: "/ccs/home/janetw/diffusion/ORBIT-2-sandbox/tutorial/miopen_cache/3880225/gfx90a6e.HIP.3_2_0_.ufdb.txt"
MIOpen(HIP): Error [~FindDbRecord_t] Failed to store record to find-db at <"/ccs/home/janetw/diffusion/ORBIT-2-sandbox/tutorial/miopen_cache/3880225/gfx90a6e.HIP.3_2_0_.ufdb.txt">
MIOpen(HIP): Error [FlushUnsafe] File is unwritable: "/ccs/home/janetw/diffusion/ORBIT-2-sandbox/tutorial/miopen_cache/3880225/gfx90a6e.HIP.3_2_0_.ufdb.txt"
MIOpen(HIP): Error [~FindDbRecord_t] Failed to store record to find-db at <"/ccs/home/janetw/diffusion/ORBIT-2-sandbox/tutorial/miopen_cache/3880225/gfx90a6e.HIP.3_2_0_.ufdb.txt">
MIOpen(HIP): Error [FlushUnsafe] File is unwritable: "/ccs/home/janetw/diffusion/ORBIT-2-sandbox/tutorial/miopen_cache/3880225/gfx90a6e.HIP.3_2_0_.ufdb.txt"
MIOpen(HIP): Error [~FindDbRecord_t] Failed to store record to find-db at <"/ccs/home/janetw/diffusion/ORBIT-2-sandbox/tutorial/miopen_cache/3880225/gfx90a6e.HIP.3_2_0_.ufdb.txt">
MIOpen(HIP): Error [FlushUnsafe] File is unwritable: "/ccs/home/janetw/diffusion/ORBIT-2-sandbox/tutorial/miopen_cache/3880225/gfx90a6e.HIP.3_2_0_.ufdb.txt"
MIOpen(HIP): Error [~FindDbRecord_t] Failed to store record to find-db at <"/ccs/home/janetw/diffusion/ORBIT-2-sandbox/tutorial/miopen_cache/3880225/gfx90a6e.HIP.3_2_0_.ufdb.txt">
MIOpen(HIP): Error [FlushUnsafe] File is unwritable: "/ccs/home/janetw/diffusion/ORBIT-2-sandbox/tutorial/miopen_cache/3880225/gfx90a6e.HIP.3_2_0_.ufdb.txt"
MIOpen(HIP): Error [~FindDbRecord_t] Failed to store record to find-db at <"/ccs/home/janetw/diffusion/ORBIT-2-sandbox/tutorial/miopen_cache/3880225/gfx90a6e.HIP.3_2_0_.ufdb.txt">
MIOpen(HIP): Error [FlushUnsafe] File is unwritable: "/ccs/home/janetw/diffusion/ORBIT-2-sandbox/tutorial/miopen_cache/3880225/gfx90a6e.HIP.3_2_0_.ufdb.txt"
MIOpen(HIP): Error [~FindDbRecord_t] Failed to store record to find-db at <"/ccs/home/janetw/diffusion/ORBIT-2-sandbox/tutorial/miopen_cache/3880225/gfx90a6e.HIP.3_2_0_.ufdb.txt">
MIOpen(HIP): Error [FlushUnsafe] File is unwritable: "/ccs/home/janetw/diffusion/ORBIT-2-sandbox/tutorial/miopen_cache/3880225/gfx90a6e.HIP.3_2_0_.ufdb.txt"
MIOpen(HIP): Error [~FindDbRecord_t] Failed to store record to find-db at <"/ccs/home/janetw/diffusion/ORBIT-2-sandbox/tutorial/miopen_cache/3880225/gfx90a6e.HIP.3_2_0_.ufdb.txt">
MIOpen(HIP): Error [FlushUnsafe] File is unwritable: "/ccs/home/janetw/diffusion/ORBIT-2-sandbox/tutorial/miopen_cache/3880225/gfx90a6e.HIP.3_2_0_.ufdb.txt"
MIOpen(HIP): Error [~FindDbRecord_t] Failed to store record to find-db at <"/ccs/home/janetw/diffusion/ORBIT-2-sandbox/tutorial/miopen_cache/3880225/gfx90a6e.HIP.3_2_0_.ufdb.txt">
MIOpen(HIP): Error [FlushUnsafe] File is unwritable: "/ccs/home/janetw/diffusion/ORBIT-2-sandbox/tutorial/miopen_cache/3880225/gfx90a6e.HIP.3_2_0_.ufdb.txt"
MIOpen(HIP): Error [~FindDbRecord_t] Failed to store record to find-db at <"/ccs/home/janetw/diffusion/ORBIT-2-sandbox/tutorial/miopen_cache/3880225/gfx90a6e.HIP.3_2_0_.ufdb.txt">
MIOpen(HIP): Error [FlushUnsafe] File is unwritable: "/ccs/home/janetw/diffusion/ORBIT-2-sandbox/tutorial/miopen_cache/3880225/gfx90a6e.HIP.3_2_0_.ufdb.txt"
MIOpen(HIP): Error [~FindDbRecord_t] Failed to store record to find-db at <"/ccs/home/janetw/diffusion/ORBIT-2-sandbox/tutorial/miopen_cache/3880225/gfx90a6e.HIP.3_2_0_.ufdb.txt">
MIOpen(HIP): Error [FlushUnsafe] File is unwritable: "/ccs/home/janetw/diffusion/ORBIT-2-sandbox/tutorial/miopen_cache/3880225/gfx90a6e.HIP.3_2_0_.ufdb.txt"
MIOpen(HIP): Error [~FindDbRecord_t] Failed to store record to find-db at <"/ccs/home/janetw/diffusion/ORBIT-2-sandbox/tutorial/miopen_cache/3880225/gfx90a6e.HIP.3_2_0_.ufdb.txt">
MIOpen(HIP): Error [FlushUnsafe] File is unwritable: "/ccs/home/janetw/diffusion/ORBIT-2-sandbox/tutorial/miopen_cache/3880225/gfx90a6e.HIP.3_2_0_.ufdb.txt"
MIOpen(HIP): Error [~FindDbRecord_t] Failed to store record to find-db at <"/ccs/home/janetw/diffusion/ORBIT-2-sandbox/tutorial/miopen_cache/3880225/gfx90a6e.HIP.3_2_0_.ufdb.txt">
MIOpen(HIP): Error [FlushUnsafe] File is unwritable: "/ccs/home/janetw/diffusion/ORBIT-2-sandbox/tutorial/miopen_cache/3880225/gfx90a6e.HIP.3_2_0_.ufdb.txt"
MIOpen(HIP): Error [~FindDbRecord_t] Failed to store record to find-db at <"/ccs/home/janetw/diffusion/ORBIT-2-sandbox/tutorial/miopen_cache/3880225/gfx90a6e.HIP.3_2_0_.ufdb.txt">
MIOpen(HIP): Error [FlushUnsafe] File is unwritable: "/ccs/home/janetw/diffusion/ORBIT-2-sandbox/tutorial/miopen_cache/3880225/gfx90a6e.HIP.3_2_0_.ufdb.txt"
MIOpen(HIP): Error [~FindDbRecord_t] Failed to store record to find-db at <"/ccs/home/janetw/diffusion/ORBIT-2-sandbox/tutorial/miopen_cache/3880225/gfx90a6e.HIP.3_2_0_.ufdb.txt">
MIOpen(HIP): Error [FlushUnsafe] File is unwritable: "/ccs/home/janetw/diffusion/ORBIT-2-sandbox/tutorial/miopen_cache/3880225/gfx90a6e.HIP.3_2_0_.ufdb.txt"
MIOpen(HIP): Error [~FindDbRecord_t] Failed to store record to find-db at <"/ccs/home/janetw/diffusion/ORBIT-2-sandbox/tutorial/miopen_cache/3880225/gfx90a6e.HIP.3_2_0_.ufdb.txt">
MIOpen(HIP): Error [FlushUnsafe] File is unwritable: "/ccs/home/janetw/diffusion/ORBIT-2-sandbox/tutorial/miopen_cache/3880225/gfx90a6e.HIP.3_2_0_.ufdb.txt"
MIOpen(HIP): Error [~FindDbRecord_t] Failed to store record to find-db at <"/ccs/home/janetw/diffusion/ORBIT-2-sandbox/tutorial/miopen_cache/3880225/gfx90a6e.HIP.3_2_0_.ufdb.txt">
MIOpen(HIP): Error [FlushUnsafe] File is unwritable: "/ccs/home/janetw/diffusion/ORBIT-2-sandbox/tutorial/miopen_cache/3880225/gfx90a6e.HIP.3_2_0_.ufdb.txt"
MIOpen(HIP): Error [~FindDbRecord_t] Failed to store record to find-db at <"/ccs/home/janetw/diffusion/ORBIT-2-sandbox/tutorial/miopen_cache/3880225/gfx90a6e.HIP.3_2_0_.ufdb.txt">
MIOpen(HIP): Error [FlushUnsafe] File is unwritable: "/ccs/home/janetw/diffusion/ORBIT-2-sandbox/tutorial/miopen_cache/3880225/gfx90a6e.HIP.3_2_0_.ufdb.txt"
MIOpen(HIP): Error [~FindDbRecord_t] Failed to store record to find-db at <"/ccs/home/janetw/diffusion/ORBIT-2-sandbox/tutorial/miopen_cache/3880225/gfx90a6e.HIP.3_2_0_.ufdb.txt">
MIOpen(HIP): Error [FlushUnsafe] File is unwritable: "/ccs/home/janetw/diffusion/ORBIT-2-sandbox/tutorial/miopen_cache/3880225/gfx90a6e.HIP.3_2_0_.ufdb.txt"
MIOpen(HIP): Error [~FindDbRecord_t] Failed to store record to find-db at <"/ccs/home/janetw/diffusion/ORBIT-2-sandbox/tutorial/miopen_cache/3880225/gfx90a6e.HIP.3_2_0_.ufdb.txt">
MIOpen(HIP): Error [FlushUnsafe] File is unwritable: "/ccs/home/janetw/diffusion/ORBIT-2-sandbox/tutorial/miopen_cache/3880225/gfx90a6e.HIP.3_2_0_.ufdb.txt"
MIOpen(HIP): Error [~FindDbRecord_t] Failed to store record to find-db at <"/ccs/home/janetw/diffusion/ORBIT-2-sandbox/tutorial/miopen_cache/3880225/gfx90a6e.HIP.3_2_0_.ufdb.txt">
MIOpen(HIP): Error [FlushUnsafe] File is unwritable: "/ccs/home/janetw/diffusion/ORBIT-2-sandbox/tutorial/miopen_cache/3880225/gfx90a6e.HIP.3_2_0_.ufdb.txt"
MIOpen(HIP): Error [~FindDbRecord_t] Failed to store record to find-db at <"/ccs/home/janetw/diffusion/ORBIT-2-sandbox/tutorial/miopen_cache/3880225/gfx90a6e.HIP.3_2_0_.ufdb.txt">
MIOpen(HIP): Error [FlushUnsafe] File is unwritable: "/ccs/home/janetw/diffusion/ORBIT-2-sandbox/tutorial/miopen_cache/3880225/gfx90a6e.HIP.3_2_0_.ufdb.txt"
MIOpen(HIP): Error [~FindDbRecord_t] Failed to store record to find-db at <"/ccs/home/janetw/diffusion/ORBIT-2-sandbox/tutorial/miopen_cache/3880225/gfx90a6e.HIP.3_2_0_.ufdb.txt">
MIOpen(HIP): Error [FlushUnsafe] File is unwritable: "/ccs/home/janetw/diffusion/ORBIT-2-sandbox/tutorial/miopen_cache/3880225/gfx90a6e.HIP.3_2_0_.ufdb.txt"
MIOpen(HIP): Error [~FindDbRecord_t] Failed to store record to find-db at <"/ccs/home/janetw/diffusion/ORBIT-2-sandbox/tutorial/miopen_cache/3880225/gfx90a6e.HIP.3_2_0_.ufdb.txt">
MIOpen(HIP): Error [FlushUnsafe] File is unwritable: "/ccs/home/janetw/diffusion/ORBIT-2-sandbox/tutorial/miopen_cache/3880225/gfx90a6e.HIP.3_2_0_.ufdb.txt"
MIOpen(HIP): Error [~FindDbRecord_t] Failed to store record to find-db at <"/ccs/home/janetw/diffusion/ORBIT-2-sandbox/tutorial/miopen_cache/3880225/gfx90a6e.HIP.3_2_0_.ufdb.txt">
MIOpen(HIP): Error [FlushUnsafe] File is unwritable: "/ccs/home/janetw/diffusion/ORBIT-2-sandbox/tutorial/miopen_cache/3880225/gfx90a6e.HIP.3_2_0_.ufdb.txt"
MIOpen(HIP): Error [~FindDbRecord_t] Failed to store record to find-db at <"/ccs/home/janetw/diffusion/ORBIT-2-sandbox/tutorial/miopen_cache/3880225/gfx90a6e.HIP.3_2_0_.ufdb.txt">
MIOpen(HIP): Error [FlushUnsafe] File is unwritable: "/ccs/home/janetw/diffusion/ORBIT-2-sandbox/tutorial/miopen_cache/3880225/gfx90a6e.HIP.3_2_0_.ufdb.txt"
MIOpen(HIP): Error [~FindDbRecord_t] Failed to store record to find-db at <"/ccs/home/janetw/diffusion/ORBIT-2-sandbox/tutorial/miopen_cache/3880225/gfx90a6e.HIP.3_2_0_.ufdb.txt">
MIOpen(HIP): Error [FlushUnsafe] File is unwritable: "/ccs/home/janetw/diffusion/ORBIT-2-sandbox/tutorial/miopen_cache/3880225/gfx90a6e.HIP.3_2_0_.ufdb.txt"
MIOpen(HIP): Error [~FindDbRecord_t] Failed to store record to find-db at <"/ccs/home/janetw/diffusion/ORBIT-2-sandbox/tutorial/miopen_cache/3880225/gfx90a6e.HIP.3_2_0_.ufdb.txt">
MIOpen(HIP): Error [FlushUnsafe] File is unwritable: "/ccs/home/janetw/diffusion/ORBIT-2-sandbox/tutorial/miopen_cache/3880225/gfx90a6e.HIP.3_2_0_.ufdb.txt"
MIOpen(HIP): Error [~FindDbRecord_t] Failed to store record to find-db at <"/ccs/home/janetw/diffusion/ORBIT-2-sandbox/tutorial/miopen_cache/3880225/gfx90a6e.HIP.3_2_0_.ufdb.txt">
MIOpen(HIP): Error [FlushUnsafe] File is unwritable: "/ccs/home/janetw/diffusion/ORBIT-2-sandbox/tutorial/miopen_cache/3880225/gfx90a6e.HIP.3_2_0_.ufdb.txt"
MIOpen(HIP): Error [~FindDbRecord_t] Failed to store record to find-db at <"/ccs/home/janetw/diffusion/ORBIT-2-sandbox/tutorial/miopen_cache/3880225/gfx90a6e.HIP.3_2_0_.ufdb.txt">
MIOpen(HIP): Error [FlushUnsafe] File is unwritable: "/ccs/home/janetw/diffusion/ORBIT-2-sandbox/tutorial/miopen_cache/3880225/gfx90a6e.HIP.3_2_0_.ufdb.txt"
MIOpen(HIP): Error [~FindDbRecord_t] Failed to store record to find-db at <"/ccs/home/janetw/diffusion/ORBIT-2-sandbox/tutorial/miopen_cache/3880225/gfx90a6e.HIP.3_2_0_.ufdb.txt">
MIOpen(HIP): Error [FlushUnsafe] File is unwritable: "/ccs/home/janetw/diffusion/ORBIT-2-sandbox/tutorial/miopen_cache/3880225/gfx90a6e.HIP.3_2_0_.ufdb.txt"
MIOpen(HIP): Error [~FindDbRecord_t] Failed to store record to find-db at <"/ccs/home/janetw/diffusion/ORBIT-2-sandbox/tutorial/miopen_cache/3880225/gfx90a6e.HIP.3_2_0_.ufdb.txt">
MIOpen(HIP): Error [FlushUnsafe] File is unwritable: "/ccs/home/janetw/diffusion/ORBIT-2-sandbox/tutorial/miopen_cache/3880225/gfx90a6e.HIP.3_2_0_.ufdb.txt"
MIOpen(HIP): Error [~FindDbRecord_t] Failed to store record to find-db at <"/ccs/home/janetw/diffusion/ORBIT-2-sandbox/tutorial/miopen_cache/3880225/gfx90a6e.HIP.3_2_0_.ufdb.txt">
MIOpen(HIP): Error [FlushUnsafe] File is unwritable: "/ccs/home/janetw/diffusion/ORBIT-2-sandbox/tutorial/miopen_cache/3880225/gfx90a6e.HIP.3_2_0_.ufdb.txt"
MIOpen(HIP): Error [~FindDbRecord_t] Failed to store record to find-db at <"/ccs/home/janetw/diffusion/ORBIT-2-sandbox/tutorial/miopen_cache/3880225/gfx90a6e.HIP.3_2_0_.ufdb.txt">
MIOpen(HIP): Error [FlushUnsafe] File is unwritable: "/ccs/home/janetw/diffusion/ORBIT-2-sandbox/tutorial/miopen_cache/3880225/gfx90a6e.HIP.3_2_0_.ufdb.txt"
MIOpen(HIP): Error [~FindDbRecord_t] Failed to store record to find-db at <"/ccs/home/janetw/diffusion/ORBIT-2-sandbox/tutorial/miopen_cache/3880225/gfx90a6e.HIP.3_2_0_.ufdb.txt">
MIOpen(HIP): Error [FlushUnsafe] File is unwritable: "/ccs/home/janetw/diffusion/ORBIT-2-sandbox/tutorial/miopen_cache/3880225/gfx90a6e.HIP.3_2_0_.ufdb.txt"
MIOpen(HIP): Error [~FindDbRecord_t] Failed to store record to find-db at <"/ccs/home/janetw/diffusion/ORBIT-2-sandbox/tutorial/miopen_cache/3880225/gfx90a6e.HIP.3_2_0_.ufdb.txt">
MIOpen(HIP): Error [FlushUnsafe] File is unwritable: "/ccs/home/janetw/diffusion/ORBIT-2-sandbox/tutorial/miopen_cache/3880225/gfx90a6e.HIP.3_2_0_.ufdb.txt"
MIOpen(HIP): Error [~FindDbRecord_t] Failed to store record to find-db at <"/ccs/home/janetw/diffusion/ORBIT-2-sandbox/tutorial/miopen_cache/3880225/gfx90a6e.HIP.3_2_0_.ufdb.txt">
MIOpen(HIP): Error [FlushUnsafe] File is unwritable: "/ccs/home/janetw/diffusion/ORBIT-2-sandbox/tutorial/miopen_cache/3880225/gfx90a6e.HIP.3_2_0_.ufdb.txt"
MIOpen(HIP): Error [~FindDbRecord_t] Failed to store record to find-db at <"/ccs/home/janetw/diffusion/ORBIT-2-sandbox/tutorial/miopen_cache/3880225/gfx90a6e.HIP.3_2_0_.ufdb.txt">
MIOpen(HIP): Error [FlushUnsafe] File is unwritable: "/ccs/home/janetw/diffusion/ORBIT-2-sandbox/tutorial/miopen_cache/3880225/gfx90a6e.HIP.3_2_0_.ufdb.txt"
MIOpen(HIP): Error [~FindDbRecord_t] Failed to store record to find-db at <"/ccs/home/janetw/diffusion/ORBIT-2-sandbox/tutorial/miopen_cache/3880225/gfx90a6e.HIP.3_2_0_.ufdb.txt">
MIOpen(HIP): Error [FlushUnsafe] File is unwritable: "/ccs/home/janetw/diffusion/ORBIT-2-sandbox/tutorial/miopen_cache/3880225/gfx90a6e.HIP.3_2_0_.ufdb.txt"
MIOpen(HIP): Error [~FindDbRecord_t] Failed to store record to find-db at <"/ccs/home/janetw/diffusion/ORBIT-2-sandbox/tutorial/miopen_cache/3880225/gfx90a6e.HIP.3_2_0_.ufdb.txt">
MIOpen(HIP): Error [FlushUnsafe] File is unwritable: "/ccs/home/janetw/diffusion/ORBIT-2-sandbox/tutorial/miopen_cache/3880225/gfx90a6e.HIP.3_2_0_.ufdb.txt"
MIOpen(HIP): Error [~FindDbRecord_t] Failed to store record to find-db at <"/ccs/home/janetw/diffusion/ORBIT-2-sandbox/tutorial/miopen_cache/3880225/gfx90a6e.HIP.3_2_0_.ufdb.txt">
MIOpen(HIP): Error [FlushUnsafe] File is unwritable: "/ccs/home/janetw/diffusion/ORBIT-2-sandbox/tutorial/miopen_cache/3880225/gfx90a6e.HIP.3_2_0_.ufdb.txt"
MIOpen(HIP): Error [~FindDbRecord_t] Failed to store record to find-db at <"/ccs/home/janetw/diffusion/ORBIT-2-sandbox/tutorial/miopen_cache/3880225/gfx90a6e.HIP.3_2_0_.ufdb.txt">
MIOpen(HIP): Error [FlushUnsafe] File is unwritable: "/ccs/home/janetw/diffusion/ORBIT-2-sandbox/tutorial/miopen_cache/3880225/gfx90a6e.HIP.3_2_0_.ufdb.txt"
MIOpen(HIP): Error [~FindDbRecord_t] Failed to store record to find-db at <"/ccs/home/janetw/diffusion/ORBIT-2-sandbox/tutorial/miopen_cache/3880225/gfx90a6e.HIP.3_2_0_.ufdb.txt">
MIOpen(HIP): Error [FlushUnsafe] File is unwritable: "/ccs/home/janetw/diffusion/ORBIT-2-sandbox/tutorial/miopen_cache/3880225/gfx90a6e.HIP.3_2_0_.ufdb.txt"
MIOpen(HIP): Error [~FindDbRecord_t] Failed to store record to find-db at <"/ccs/home/janetw/diffusion/ORBIT-2-sandbox/tutorial/miopen_cache/3880225/gfx90a6e.HIP.3_2_0_.ufdb.txt">
MIOpen(HIP): Error [FlushUnsafe] File is unwritable: "/ccs/home/janetw/diffusion/ORBIT-2-sandbox/tutorial/miopen_cache/3880225/gfx90a6e.HIP.3_2_0_.ufdb.txt"
MIOpen(HIP): Error [~FindDbRecord_t] Failed to store record to find-db at <"/ccs/home/janetw/diffusion/ORBIT-2-sandbox/tutorial/miopen_cache/3880225/gfx90a6e.HIP.3_2_0_.ufdb.txt">
MIOpen(HIP): Error [FlushUnsafe] File is unwritable: "/ccs/home/janetw/diffusion/ORBIT-2-sandbox/tutorial/miopen_cache/3880225/gfx90a6e.HIP.3_2_0_.ufdb.txt"
MIOpen(HIP): Error [~FindDbRecord_t] Failed to store record to find-db at <"/ccs/home/janetw/diffusion/ORBIT-2-sandbox/tutorial/miopen_cache/3880225/gfx90a6e.HIP.3_2_0_.ufdb.txt">
MIOpen(HIP): Error [FlushUnsafe] File is unwritable: "/ccs/home/janetw/diffusion/ORBIT-2-sandbox/tutorial/miopen_cache/3880225/gfx90a6e.HIP.3_2_0_.ufdb.txt"
MIOpen(HIP): Error [~FindDbRecord_t] Failed to store record to find-db at <"/ccs/home/janetw/diffusion/ORBIT-2-sandbox/tutorial/miopen_cache/3880225/gfx90a6e.HIP.3_2_0_.ufdb.txt">
MIOpen(HIP): Error [FlushUnsafe] File is unwritable: "/ccs/home/janetw/diffusion/ORBIT-2-sandbox/tutorial/miopen_cache/3880225/gfx90a6e.HIP.3_2_0_.ufdb.txt"
MIOpen(HIP): Error [~FindDbRecord_t] Failed to store record to find-db at <"/ccs/home/janetw/diffusion/ORBIT-2-sandbox/tutorial/miopen_cache/3880225/gfx90a6e.HIP.3_2_0_.ufdb.txt">
MIOpen(HIP): Error [FlushUnsafe] File is unwritable: "/ccs/home/janetw/diffusion/ORBIT-2-sandbox/tutorial/miopen_cache/3880225/gfx90a6e.HIP.3_2_0_.ufdb.txt"
MIOpen(HIP): Error [~FindDbRecord_t] Failed to store record to find-db at <"/ccs/home/janetw/diffusion/ORBIT-2-sandbox/tutorial/miopen_cache/3880225/gfx90a6e.HIP.3_2_0_.ufdb.txt">
MIOpen(HIP): Error [FlushUnsafe] File is unwritable: "/ccs/home/janetw/diffusion/ORBIT-2-sandbox/tutorial/miopen_cache/3880225/gfx90a6e.HIP.3_2_0_.ufdb.txt"
MIOpen(HIP): Error [~FindDbRecord_t] Failed to store record to find-db at <"/ccs/home/janetw/diffusion/ORBIT-2-sandbox/tutorial/miopen_cache/3880225/gfx90a6e.HIP.3_2_0_.ufdb.txt">
MIOpen(HIP): Error [FlushUnsafe] File is unwritable: "/ccs/home/janetw/diffusion/ORBIT-2-sandbox/tutorial/miopen_cache/3880225/gfx90a6e.HIP.3_2_0_.ufdb.txt"
MIOpen(HIP): Error [~FindDbRecord_t] Failed to store record to find-db at <"/ccs/home/janetw/diffusion/ORBIT-2-sandbox/tutorial/miopen_cache/3880225/gfx90a6e.HIP.3_2_0_.ufdb.txt">
MIOpen(HIP): Error [FlushUnsafe] File is unwritable: "/ccs/home/janetw/diffusion/ORBIT-2-sandbox/tutorial/miopen_cache/3880225/gfx90a6e.HIP.3_2_0_.ufdb.txt"
MIOpen(HIP): Error [~FindDbRecord_t] Failed to store record to find-db at <"/ccs/home/janetw/diffusion/ORBIT-2-sandbox/tutorial/miopen_cache/3880225/gfx90a6e.HIP.3_2_0_.ufdb.txt">
MIOpen(HIP): Error [FlushUnsafe] File is unwritable: "/ccs/home/janetw/diffusion/ORBIT-2-sandbox/tutorial/miopen_cache/3880225/gfx90a6e.HIP.3_2_0_.ufdb.txt"
MIOpen(HIP): Error [~FindDbRecord_t] Failed to store record to find-db at <"/ccs/home/janetw/diffusion/ORBIT-2-sandbox/tutorial/miopen_cache/3880225/gfx90a6e.HIP.3_2_0_.ufdb.txt">
MIOpen(HIP): Error [FlushUnsafe] File is unwritable: "/ccs/home/janetw/diffusion/ORBIT-2-sandbox/tutorial/miopen_cache/3880225/gfx90a6e.HIP.3_2_0_.ufdb.txt"
MIOpen(HIP): Error [~FindDbRecord_t] Failed to store record to find-db at <"/ccs/home/janetw/diffusion/ORBIT-2-sandbox/tutorial/miopen_cache/3880225/gfx90a6e.HIP.3_2_0_.ufdb.txt">
MIOpen(HIP): Error [FlushUnsafe] File is unwritable: "/ccs/home/janetw/diffusion/ORBIT-2-sandbox/tutorial/miopen_cache/3880225/gfx90a6e.HIP.3_2_0_.ufdb.txt"
MIOpen(HIP): Error [~FindDbRecord_t] Failed to store record to find-db at <"/ccs/home/janetw/diffusion/ORBIT-2-sandbox/tutorial/miopen_cache/3880225/gfx90a6e.HIP.3_2_0_.ufdb.txt">
MIOpen(HIP): Error [FlushUnsafe] File is unwritable: "/ccs/home/janetw/diffusion/ORBIT-2-sandbox/tutorial/miopen_cache/3880225/gfx90a6e.HIP.3_2_0_.ufdb.txt"
MIOpen(HIP): Error [~FindDbRecord_t] Failed to store record to find-db at <"/ccs/home/janetw/diffusion/ORBIT-2-sandbox/tutorial/miopen_cache/3880225/gfx90a6e.HIP.3_2_0_.ufdb.txt">
MIOpen(HIP): Error [FlushUnsafe] File is unwritable: "/ccs/home/janetw/diffusion/ORBIT-2-sandbox/tutorial/miopen_cache/3880225/gfx90a6e.HIP.3_2_0_.ufdb.txt"
MIOpen(HIP): Error [~FindDbRecord_t] Failed to store record to find-db at <"/ccs/home/janetw/diffusion/ORBIT-2-sandbox/tutorial/miopen_cache/3880225/gfx90a6e.HIP.3_2_0_.ufdb.txt">
Epoch 40/49 ━━━━━━━━━━━━━━━━━ 56/-- 0:00:41 • -:--:-- 4.67it/s v_num: 0         
                                                               train/lat_mse:ag…
                                                               0.417            
LOCAL_RANK: 0 - CUDA_VISIBLE_DEVICES: [0,1,2,3,4,5,6,7]
LOCAL_RANK: 1 - CUDA_VISIBLE_DEVICES: [0,1,2,3,4,5,6,7]
LOCAL_RANK: 3 - CUDA_VISIBLE_DEVICES: [0,1,2,3,4,5,6,7]
LOCAL_RANK: 4 - CUDA_VISIBLE_DEVICES: [0,1,2,3,4,5,6,7]
LOCAL_RANK: 5 - CUDA_VISIBLE_DEVICES: [0,1,2,3,4,5,6,7]
LOCAL_RANK: 6 - CUDA_VISIBLE_DEVICES: [0,1,2,3,4,5,6,7]
LOCAL_RANK: 7 - CUDA_VISIBLE_DEVICES: [0,1,2,3,4,5,6,7]
LOCAL_RANK: 2 - CUDA_VISIBLE_DEVICES: [0,1,2,3,4,5,6,7]
/ccs/home/janetw/miniconda3/envs/orbit/lib/python3.12/site-packages/pytorch_lightning/strategies/fsdp.py:304: A FSDP `auto_wrap_policy` is set, but the model is already wrapped. The policy will be ignored.
/ccs/home/janetw/miniconda3/envs/orbit/lib/python3.12/site-packages/lightning_fabric/strategies/fsdp.py:726: FSDP checkpointing is configured, but the model already contains checkpointed layers. Checkpointing will be ignored.
SLURM auto-requeueing enabled. Setting signal handlers.
SLURM auto-requeueing enabled. Setting signal handlers.
SLURM auto-requeueing enabled. Setting signal handlers.
SLURM auto-requeueing enabled. Setting signal handlers.
SLURM auto-requeueing enabled. Setting signal handlers.
SLURM auto-requeueing enabled. Setting signal handlers.
SLURM auto-requeueing enabled. Setting signal handlers.
SLURM auto-requeueing enabled. Setting signal handlers.


real	30m9.786s
user	0m0.019s
sys	0m0.046s
