
Lmod is automatically replacing "gcc-native/14.2" with "gcc/12.2.0".


The following have been reloaded with a version change:
  1) cray-libsci/24.11.0 => cray-libsci/23.09.1.1
  2) cray-mpich/8.1.31 => cray-mpich/8.1.27
  3) libfabric/1.22.0 => libfabric/1.20.1

Job configuration:
  ERA5_DIR      = /lustre/orion/lrn036/world-shared/ERA5_npz/5.625_deg/
  FORECAST_TYPE = direct
  MODEL         = res_slimvit
  PRED_RANGE    = 120
  MAX_EPOCHS    = 5
  PATIENCE      = 5
  OUTPUT_DIR    = /lustre/orion/csc662/proj-shared/janet/forecasting
  CHECKPOINT    = /lustre/orion/csc662/proj-shared/janet/forecasting/res_slimvit_direct_forecasting_120/checkpoints/epoch_004.ckpt
srun: warning: can't honor --ntasks-per-node set to 1 which doesn't match the requested tasks 8 with the maximum number of requested nodes 1. Ignoring --ntasks-per-node.
/ccs/home/janetw/miniconda3/envs/orbit/lib/python3.12/site-packages/pydantic/_internal/_generate_schema.py:2249: UnsupportedFieldAttributeWarning: The 'repr' attribute with value False was provided to the `Field()` function, which has no effect in the context it was used. 'repr' is field-specific metadata, and can only be attached to a model field using `Annotated` metadata or by assignment. This may have happened because an `Annotated` type alias using the `type` statement was used, or if the `Field()` function was attached to a single member of a union type.
  warnings.warn(
/ccs/home/janetw/miniconda3/envs/orbit/lib/python3.12/site-packages/pydantic/_internal/_generate_schema.py:2249: UnsupportedFieldAttributeWarning: The 'frozen' attribute with value True was provided to the `Field()` function, which has no effect in the context it was used. 'frozen' is field-specific metadata, and can only be attached to a model field using `Annotated` metadata or by assignment. This may have happened because an `Annotated` type alias using the `type` statement was used, or if the `Field()` function was attached to a single member of a union type.
  warnings.warn(
/ccs/home/janetw/miniconda3/envs/orbit/lib/python3.12/site-packages/pydantic/_internal/_generate_schema.py:2249: UnsupportedFieldAttributeWarning: The 'repr' attribute with value False was provided to the `Field()` function, which has no effect in the context it was used. 'repr' is field-specific metadata, and can only be attached to a model field using `Annotated` metadata or by assignment. This may have happened because an `Annotated` type alias using the `type` statement was used, or if the `Field()` function was attached to a single member of a union type.
  warnings.warn(
/ccs/home/janetw/miniconda3/envs/orbit/lib/python3.12/site-packages/pydantic/_internal/_generate_schema.py:2249: UnsupportedFieldAttributeWarning: The 'frozen' attribute with value True was provided to the `Field()` function, which has no effect in the context it was used. 'frozen' is field-specific metadata, and can only be attached to a model field using `Annotated` metadata or by assignment. This may have happened because an `Annotated` type alias using the `type` statement was used, or if the `Field()` function was attached to a single member of a union type.
  warnings.warn(
/ccs/home/janetw/miniconda3/envs/orbit/lib/python3.12/site-packages/pydantic/_internal/_generate_schema.py:2249: UnsupportedFieldAttributeWarning: The 'repr' attribute with value False was provided to the `Field()` function, which has no effect in the context it was used. 'repr' is field-specific metadata, and can only be attached to a model field using `Annotated` metadata or by assignment. This may have happened because an `Annotated` type alias using the `type` statement was used, or if the `Field()` function was attached to a single member of a union type.
  warnings.warn(
/ccs/home/janetw/miniconda3/envs/orbit/lib/python3.12/site-packages/pydantic/_internal/_generate_schema.py:2249: UnsupportedFieldAttributeWarning: The 'frozen' attribute with value True was provided to the `Field()` function, which has no effect in the context it was used. 'frozen' is field-specific metadata, and can only be attached to a model field using `Annotated` metadata or by assignment. This may have happened because an `Annotated` type alias using the `type` statement was used, or if the `Field()` function was attached to a single member of a union type.
  warnings.warn(
/ccs/home/janetw/miniconda3/envs/orbit/lib/python3.12/site-packages/pydantic/_internal/_generate_schema.py:2249: UnsupportedFieldAttributeWarning: The 'repr' attribute with value False was provided to the `Field()` function, which has no effect in the context it was used. 'repr' is field-specific metadata, and can only be attached to a model field using `Annotated` metadata or by assignment. This may have happened because an `Annotated` type alias using the `type` statement was used, or if the `Field()` function was attached to a single member of a union type.
  warnings.warn(
/ccs/home/janetw/miniconda3/envs/orbit/lib/python3.12/site-packages/pydantic/_internal/_generate_schema.py:2249: UnsupportedFieldAttributeWarning: The 'repr' attribute with value False was provided to the `Field()` function, which has no effect in the context it was used. 'repr' is field-specific metadata, and can only be attached to a model field using `Annotated` metadata or by assignment. This may have happened because an `Annotated` type alias using the `type` statement was used, or if the `Field()` function was attached to a single member of a union type.
  warnings.warn(
/ccs/home/janetw/miniconda3/envs/orbit/lib/python3.12/site-packages/pydantic/_internal/_generate_schema.py:2249: UnsupportedFieldAttributeWarning: The 'repr' attribute with value False was provided to the `Field()` function, which has no effect in the context it was used. 'repr' is field-specific metadata, and can only be attached to a model field using `Annotated` metadata or by assignment. This may have happened because an `Annotated` type alias using the `type` statement was used, or if the `Field()` function was attached to a single member of a union type.
  warnings.warn(
/ccs/home/janetw/miniconda3/envs/orbit/lib/python3.12/site-packages/pydantic/_internal/_generate_schema.py:2249: UnsupportedFieldAttributeWarning: The 'frozen' attribute with value True was provided to the `Field()` function, which has no effect in the context it was used. 'frozen' is field-specific metadata, and can only be attached to a model field using `Annotated` metadata or by assignment. This may have happened because an `Annotated` type alias using the `type` statement was used, or if the `Field()` function was attached to a single member of a union type.
  warnings.warn(
/ccs/home/janetw/miniconda3/envs/orbit/lib/python3.12/site-packages/pydantic/_internal/_generate_schema.py:2249: UnsupportedFieldAttributeWarning: The 'frozen' attribute with value True was provided to the `Field()` function, which has no effect in the context it was used. 'frozen' is field-specific metadata, and can only be attached to a model field using `Annotated` metadata or by assignment. This may have happened because an `Annotated` type alias using the `type` statement was used, or if the `Field()` function was attached to a single member of a union type.
  warnings.warn(
/ccs/home/janetw/miniconda3/envs/orbit/lib/python3.12/site-packages/pydantic/_internal/_generate_schema.py:2249: UnsupportedFieldAttributeWarning: The 'frozen' attribute with value True was provided to the `Field()` function, which has no effect in the context it was used. 'frozen' is field-specific metadata, and can only be attached to a model field using `Annotated` metadata or by assignment. This may have happened because an `Annotated` type alias using the `type` statement was used, or if the `Field()` function was attached to a single member of a union type.
  warnings.warn(
/ccs/home/janetw/miniconda3/envs/orbit/lib/python3.12/site-packages/pydantic/_internal/_generate_schema.py:2249: UnsupportedFieldAttributeWarning: The 'repr' attribute with value False was provided to the `Field()` function, which has no effect in the context it was used. 'repr' is field-specific metadata, and can only be attached to a model field using `Annotated` metadata or by assignment. This may have happened because an `Annotated` type alias using the `type` statement was used, or if the `Field()` function was attached to a single member of a union type.
  warnings.warn(
/ccs/home/janetw/miniconda3/envs/orbit/lib/python3.12/site-packages/pydantic/_internal/_generate_schema.py:2249: UnsupportedFieldAttributeWarning: The 'frozen' attribute with value True was provided to the `Field()` function, which has no effect in the context it was used. 'frozen' is field-specific metadata, and can only be attached to a model field using `Annotated` metadata or by assignment. This may have happened because an `Annotated` type alias using the `type` statement was used, or if the `Field()` function was attached to a single member of a union type.
  warnings.warn(
/ccs/home/janetw/miniconda3/envs/orbit/lib/python3.12/site-packages/pydantic/_internal/_generate_schema.py:2249: UnsupportedFieldAttributeWarning: The 'repr' attribute with value False was provided to the `Field()` function, which has no effect in the context it was used. 'repr' is field-specific metadata, and can only be attached to a model field using `Annotated` metadata or by assignment. This may have happened because an `Annotated` type alias using the `type` statement was used, or if the `Field()` function was attached to a single member of a union type.
  warnings.warn(
/ccs/home/janetw/miniconda3/envs/orbit/lib/python3.12/site-packages/pydantic/_internal/_generate_schema.py:2249: UnsupportedFieldAttributeWarning: The 'frozen' attribute with value True was provided to the `Field()` function, which has no effect in the context it was used. 'frozen' is field-specific metadata, and can only be attached to a model field using `Annotated` metadata or by assignment. This may have happened because an `Annotated` type alias using the `type` statement was used, or if the `Field()` function was attached to a single member of a union type.
  warnings.warn(
world_size 8 num_nodes 1
Loading model: res_slimvit
Loading optimizer adamw
Loading learning rate scheduler: linear-warmup-cosine-annealing
Loading training loss: lat_mse
No train transform
Loading validation loss: lat_rmse
Loading validation loss: lat_acc
Loading validation loss: lat_mse
Loading validation transform: denormalize
Loading validation transform: denormalize
No validation transform
Loading test loss: lat_rmse
Loading test loss: lat_acc
Loading test transform: denormalize
Loading test transform: denormalize
[rank: 0] Seed set to 0
Traceback (most recent call last):
Traceback (most recent call last):
Traceback (most recent call last):
Traceback (most recent call last):
Traceback (most recent call last):
Traceback (most recent call last):
Traceback (most recent call last):
  File "/autofs/nccs-svm1_home2/janetw/diffusion/ORBIT-2-sandbox/tutorial/./era5_era5_forecasting.py", line 43, in <module>
  File "/autofs/nccs-svm1_home2/janetw/diffusion/ORBIT-2-sandbox/tutorial/./era5_era5_forecasting.py", line 43, in <module>
  File "/autofs/nccs-svm1_home2/janetw/diffusion/ORBIT-2-sandbox/tutorial/./era5_era5_forecasting.py", line 43, in <module>
  File "/autofs/nccs-svm1_home2/janetw/diffusion/ORBIT-2-sandbox/tutorial/./era5_era5_forecasting.py", line 43, in <module>
  File "/autofs/nccs-svm1_home2/janetw/diffusion/ORBIT-2-sandbox/tutorial/./era5_era5_forecasting.py", line 43, in <module>
  File "/autofs/nccs-svm1_home2/janetw/diffusion/ORBIT-2-sandbox/tutorial/./era5_era5_forecasting.py", line 43, in <module>
  File "/autofs/nccs-svm1_home2/janetw/diffusion/ORBIT-2-sandbox/tutorial/./era5_era5_forecasting.py", line 43, in <module>
    torch.cuda.set_device(local_rank)
    torch.cuda.set_device(local_rank)
  File "/ccs/home/janetw/miniconda3/envs/orbit/lib/python3.12/site-packages/torch/cuda/__init__.py", line 478, in set_device
    torch.cuda.set_device(local_rank)
    torch.cuda.set_device(local_rank)
  File "/ccs/home/janetw/miniconda3/envs/orbit/lib/python3.12/site-packages/torch/cuda/__init__.py", line 478, in set_device
    torch.cuda.set_device(local_rank)
  File "/ccs/home/janetw/miniconda3/envs/orbit/lib/python3.12/site-packages/torch/cuda/__init__.py", line 478, in set_device
  File "/ccs/home/janetw/miniconda3/envs/orbit/lib/python3.12/site-packages/torch/cuda/__init__.py", line 478, in set_device
    torch.cuda.set_device(local_rank)
    torch.cuda.set_device(local_rank)
  File "/ccs/home/janetw/miniconda3/envs/orbit/lib/python3.12/site-packages/torch/cuda/__init__.py", line 478, in set_device
  File "/ccs/home/janetw/miniconda3/envs/orbit/lib/python3.12/site-packages/torch/cuda/__init__.py", line 478, in set_device
  File "/ccs/home/janetw/miniconda3/envs/orbit/lib/python3.12/site-packages/torch/cuda/__init__.py", line 478, in set_device
    torch._C._cuda_setDevice(device)
    torch._C._cuda_setDevice(device)
RuntimeError: HIP error: invalid device ordinal
HIP kernel errors might be asynchronously reported at some other API call, so the stacktrace below might be incorrect.
For debugging consider passing AMD_SERIALIZE_KERNEL=3
Compile with `TORCH_USE_HIP_DSA` to enable device-side assertions.

RuntimeError: HIP error: invalid device ordinal
HIP kernel errors might be asynchronously reported at some other API call, so the stacktrace below might be incorrect.
For debugging consider passing AMD_SERIALIZE_KERNEL=3
Compile with `TORCH_USE_HIP_DSA` to enable device-side assertions.

    torch._C._cuda_setDevice(device)
    torch._C._cuda_setDevice(device)
RuntimeError: HIP error: invalid device ordinal
HIP kernel errors might be asynchronously reported at some other API call, so the stacktrace below might be incorrect.
For debugging consider passing AMD_SERIALIZE_KERNEL=3
Compile with `TORCH_USE_HIP_DSA` to enable device-side assertions.

    torch._C._cuda_setDevice(device)
RuntimeError: HIP error: invalid device ordinal
HIP kernel errors might be asynchronously reported at some other API call, so the stacktrace below might be incorrect.
For debugging consider passing AMD_SERIALIZE_KERNEL=3
Compile with `TORCH_USE_HIP_DSA` to enable device-side assertions.
    torch._C._cuda_setDevice(device)
RuntimeError: HIP error: invalid device ordinal
HIP kernel errors might be asynchronously reported at some other API call, so the stacktrace below might be incorrect.
For debugging consider passing AMD_SERIALIZE_KERNEL=3
Compile with `TORCH_USE_HIP_DSA` to enable device-side assertions.


    torch._C._cuda_setDevice(device)
RuntimeError: HIP error: invalid device ordinal
HIP kernel errors might be asynchronously reported at some other API call, so the stacktrace below might be incorrect.
For debugging consider passing AMD_SERIALIZE_KERNEL=3
Compile with `TORCH_USE_HIP_DSA` to enable device-side assertions.

RuntimeError: HIP error: invalid device ordinal
HIP kernel errors might be asynchronously reported at some other API call, so the stacktrace below might be incorrect.
For debugging consider passing AMD_SERIALIZE_KERNEL=3
Compile with `TORCH_USE_HIP_DSA` to enable device-side assertions.

/ccs/home/janetw/miniconda3/envs/orbit/lib/python3.12/site-packages/lightning_fabric/strategies/fsdp.py:697: `FSDPStrategy(activation_checkpointing=<class 'timm.models.vision_transformer.Block'>)` is deprecated, use `FSDPStrategy(activation_checkpointing_policy={<class 'timm.models.vision_transformer.Block'>})` instead.
Using bfloat16 Automatic Mixed Precision (AMP)
Trainer already configured with model summary callbacks: [<class 'pytorch_lightning.callbacks.rich_model_summary.RichModelSummary'>]. Skipping setting a default `ModelSummary` callback.
GPU available: True (cuda), used: True
TPU available: False, using: 0 TPU cores
HPU available: False, using: 0 HPUs
Running direct forecasting testing...
You are using a CUDA device ('AMD Instinct MI250X') that has Tensor Cores. To properly utilize them, you should set `torch.set_float32_matmul_precision('medium' | 'high')` which will trade-off precision for performance. For more details, read https://pytorch.org/docs/stable/generated/torch.set_float32_matmul_precision.html#torch.set_float32_matmul_precision
LOCAL_RANK: 0 - CUDA_VISIBLE_DEVICES: [0]
SLURM auto-requeueing enabled. Setting signal handlers.
/ccs/home/janetw/miniconda3/envs/orbit/lib/python3.12/site-packages/torch/utils/data/dataloader.py:617: UserWarning: This DataLoader will create 8 worker processes in total. Our suggested max number of worker in current system is 7, which is smaller than what this DataLoader is going to create. Please be aware that excessive worker creation might get DataLoader running slow or even freeze, lower the worker number to avoid potential slowness/freeze if necessary.
  warnings.warn(
srun: error: frontier09212: tasks 1-7: Exited with exit code 1
srun: Terminating StepId=3876647.0
slurmstepd: error: *** STEP 3876647.0 ON frontier09212 CANCELLED AT 2025-11-07T00:08:02 ***
[rank: 0] Received SIGTERM: 15
Bypassing SIGTERM: 15
MIOpen(HIP): Error [FlushUnsafe] File is unwritable: "/ccs/home/janetw/diffusion/ORBIT-2-sandbox/tutorial/miopen_cache/3876647/gfx90a6e.HIP.3_2_0_.ufdb.txt"
MIOpen(HIP): Error [~FindDbRecord_t] Failed to store record to find-db at <"/ccs/home/janetw/diffusion/ORBIT-2-sandbox/tutorial/miopen_cache/3876647/gfx90a6e.HIP.3_2_0_.ufdb.txt">
MIOpen(HIP): Error [FlushUnsafe] File is unwritable: "/ccs/home/janetw/diffusion/ORBIT-2-sandbox/tutorial/miopen_cache/3876647/gfx90a6e.HIP.3_2_0_.ufdb.txt"
MIOpen(HIP): Error [~FindDbRecord_t] Failed to store record to find-db at <"/ccs/home/janetw/diffusion/ORBIT-2-sandbox/tutorial/miopen_cache/3876647/gfx90a6e.HIP.3_2_0_.ufdb.txt">
MIOpen(HIP): Error [FlushUnsafe] File is unwritable: "/ccs/home/janetw/diffusion/ORBIT-2-sandbox/tutorial/miopen_cache/3876647/gfx90a6e.HIP.3_2_0_.ufdb.txt"
MIOpen(HIP): Error [~FindDbRecord_t] Failed to store record to find-db at <"/ccs/home/janetw/diffusion/ORBIT-2-sandbox/tutorial/miopen_cache/3876647/gfx90a6e.HIP.3_2_0_.ufdb.txt">
MIOpen(HIP): Error [FlushUnsafe] File is unwritable: "/ccs/home/janetw/diffusion/ORBIT-2-sandbox/tutorial/miopen_cache/3876647/gfx90a6e.HIP.3_2_0_.ufdb.txt"
MIOpen(HIP): Error [~FindDbRecord_t] Failed to store record to find-db at <"/ccs/home/janetw/diffusion/ORBIT-2-sandbox/tutorial/miopen_cache/3876647/gfx90a6e.HIP.3_2_0_.ufdb.txt">
Testing ━━━━━━━━━━━━━━━━━━━━━━━━━━━━━━━━━━━━━━ 1/-- 0:00:19 • -:--:-- 0.00it/s 

real	1m4.387s
user	0m0.019s
sys	0m0.031s
