
Lmod is automatically replacing "gcc-native/14.2" with "gcc/12.2.0".


The following have been reloaded with a version change:
  1) cray-libsci/24.11.0 => cray-libsci/23.09.1.1
  2) cray-mpich/8.1.31 => cray-mpich/8.1.27
  3) libfabric/1.22.0 => libfabric/1.20.1

Job configuration:
  ERA5_DIR      = /lustre/orion/lrn036/world-shared/ERA5_npz/1.40625_deg/
  FORECAST_TYPE = direct
  MODEL         = res_slimvit
  PRED_RANGE    = 120
  MAX_EPOCHS    = 5
  PATIENCE      = 10
  OUTPUT_DIR    = /lustre/orion/csc662/proj-shared/janet/forecasting
/ccs/home/janetw/miniconda3/envs/orbit/lib/python3.12/site-packages/pydantic/_internal/_generate_schema.py:2249: UnsupportedFieldAttributeWarning: The 'repr' attribute with value False was provided to the `Field()` function, which has no effect in the context it was used. 'repr' is field-specific metadata, and can only be attached to a model field using `Annotated` metadata or by assignment. This may have happened because an `Annotated` type alias using the `type` statement was used, or if the `Field()` function was attached to a single member of a union type.
  warnings.warn(
/ccs/home/janetw/miniconda3/envs/orbit/lib/python3.12/site-packages/pydantic/_internal/_generate_schema.py:2249: UnsupportedFieldAttributeWarning: The 'frozen' attribute with value True was provided to the `Field()` function, which has no effect in the context it was used. 'frozen' is field-specific metadata, and can only be attached to a model field using `Annotated` metadata or by assignment. This may have happened because an `Annotated` type alias using the `type` statement was used, or if the `Field()` function was attached to a single member of a union type.
  warnings.warn(
Traceback (most recent call last):
  File "/autofs/nccs-svm1_home2/janetw/diffusion/ORBIT-2-sandbox/tutorial/./era5_era5_forecasting_sup_res.py", line 264, in <module>
    train_loader = DataLoader(
                   ^^^^^^^^^^^
  File "/ccs/home/janetw/miniconda3/envs/orbit/lib/python3.12/site-packages/torch/utils/data/dataloader.py", line 376, in __init__
    sampler = RandomSampler(dataset, generator=generator)  # type: ignore[arg-type]
              ^^^^^^^^^^^^^^^^^^^^^^^^^^^^^^^^^^^^^^^^^^^
  File "/ccs/home/janetw/miniconda3/envs/orbit/lib/python3.12/site-packages/torch/utils/data/sampler.py", line 163, in __init__
    if not isinstance(self.num_samples, int) or self.num_samples <= 0:
                      ^^^^^^^^^^^^^^^^
  File "/ccs/home/janetw/miniconda3/envs/orbit/lib/python3.12/site-packages/torch/utils/data/sampler.py", line 172, in num_samples
    return len(self.data_source)
           ^^^^^^^^^^^^^^^^^^^^^
  File "/autofs/nccs-svm1_home2/janetw/diffusion/ORBIT-2-sandbox/tutorial/./era5_era5_forecasting_sup_res.py", line 132, in __len__
    def __len__(self): return len(self.base)
                              ^^^^^^^^^^^^^^
TypeError: object of type 'ShuffleIterableDataset' has no len()
srun: error: frontier08419: task 0: Exited with exit code 1
srun: Terminating StepId=3891657.0

real	0m29.005s
user	0m0.016s
sys	0m0.033s
