
Lmod is automatically replacing "gcc-native/14.2" with "gcc/12.2.0".


The following have been reloaded with a version change:
  1) cray-libsci/24.11.0 => cray-libsci/23.09.1.1
  2) cray-mpich/8.1.31 => cray-mpich/8.1.27
  3) libfabric/1.22.0 => libfabric/1.20.1

Job configuration:
  ERA5_DIR      = /lustre/orion/lrn036/world-shared/ERA5_npz/1.40625_deg/
  FORECAST_TYPE = direct
  MODEL         = res_slimvit
  PRED_RANGE    = 120
  MAX_EPOCHS    = 50
  PATIENCE      = 20
  OUTPUT_DIR    = /lustre/orion/csc662/proj-shared/janet/forecasting
  CHECKPOINT    = 
world_size 8 num_nodes 1
srun: error: frontier04266: task 1: Killed
srun: Terminating StepId=3897722.0
slurmstepd: error: *** STEP 3897722.0 ON frontier04266 CANCELLED AT 2025-11-16T20:34:45 ***
srun: error: frontier04266: tasks 0,2-7: Terminated
srun: Force Terminated StepId=3897722.0

real	25m8.836s
user	0m0.019s
sys	0m0.051s
