
Lmod is automatically replacing "gcc-native/14.2" with "gcc/12.2.0".


The following have been reloaded with a version change:
  1) cray-libsci/24.11.0 => cray-libsci/23.09.1.1
  2) cray-mpich/8.1.31 => cray-mpich/8.1.27
  3) libfabric/1.22.0 => libfabric/1.20.1

Job configuration:
  ERA5_DIR      = /lustre/orion/lrn036/world-shared/ERA5_npz/1.40625_deg/
  FORECAST_TYPE = direct
  MODEL         = res_slimvit
  PRED_RANGE    = 120
  MAX_EPOCHS    = 50
  PATIENCE      = 20
  OUTPUT_DIR    = /lustre/orion/csc662/proj-shared/janet/forecasting
  CHECKPOINT    = 
world_size 8 num_nodes 1
Loading model: res_slimvit
Loading model: res_slimvit
Loading model: res_slimvit
Loading model: res_slimvit
Loading model: res_slimvit
Loading model: res_slimvit
Loading model: res_slimvit
Loading model: res_slimvit
Loading optimizer adamw
Loading optimizer adamw
Loading optimizer adamw
Loading optimizer adamw
Loading optimizer adamw
Loading optimizer adamw
Loading optimizer adamw
Loading optimizer adamw
Loading learning rate scheduler: linear-warmup-cosine-annealing
Loading learning rate scheduler: linear-warmup-cosine-annealing
Loading learning rate scheduler: linear-warmup-cosine-annealing
Loading learning rate scheduler: linear-warmup-cosine-annealing
Loading learning rate scheduler: linear-warmup-cosine-annealing
Loading learning rate scheduler: linear-warmup-cosine-annealing
Loading learning rate scheduler: linear-warmup-cosine-annealing
Loading learning rate scheduler: linear-warmup-cosine-annealing
Loading training loss: lat_mse
Loading training loss: lat_mse
Loading training loss: lat_mse
Loading training loss: lat_mse
Loading training loss: lat_mse
Loading training loss: lat_mse
Loading training loss: lat_mse
Loading training loss: lat_mse
No train transform
No train transform
No train transform
No train transform
No train transform
No train transform
No train transform
No train transform
Loading validation loss: lat_rmse
Loading validation loss: lat_rmse
Loading validation loss: lat_rmse
Loading validation loss: lat_rmse
Loading validation loss: lat_rmse
Loading validation loss: lat_rmse
Loading validation loss: lat_rmse
Loading validation loss: lat_rmse
Loading validation loss: lat_acc
Loading validation loss: lat_acc
Loading validation loss: lat_acc
Loading validation loss: lat_acc
Loading validation loss: lat_acc
Loading validation loss: lat_acc
Loading validation loss: lat_acc
Loading validation loss: lat_acc
Loading validation loss: lat_mse
Loading validation transform: denormalize
Loading validation loss: lat_mse
Loading validation transform: denormalize
Loading validation transform: denormalize
Loading validation loss: lat_mse
Loading validation loss: lat_mse
Loading validation loss: lat_mse
Loading validation transform: denormalize
Loading validation transform: denormalize
Loading validation transform: denormalize
Loading validation loss: lat_mse
No validation transform
Loading validation transform: denormalize
Loading validation loss: lat_mse
Loading validation transform: denormalize
No validation transform
Loading validation transform: denormalize
Loading validation loss: lat_mse
Loading validation transform: denormalize
Loading validation transform: denormalize
Loading validation transform: denormalize
Loading validation transform: denormalize
Loading validation transform: denormalize
No validation transform
Loading validation transform: denormalize
No validation transform
No validation transform
No validation transform
No validation transform
Loading validation transform: denormalize
No validation transform
Loading test loss: lat_rmse
Loading test loss: lat_rmse
Loading test loss: lat_rmse
Loading test loss: lat_rmse
Loading test loss: lat_rmse
Loading test loss: lat_rmse
Loading test loss: lat_rmse
Loading test loss: lat_rmse
Loading test loss: lat_acc
Loading test transform: denormalize
Loading test loss: lat_acc
Loading test loss: lat_acc
Loading test transform: denormalize
Loading test loss: lat_acc
Loading test loss: lat_acc
Loading test transform: denormalize
Loading test transform: denormalize
Loading test loss: lat_acc
Loading test transform: denormalize
Loading test transform: denormalize
Loading test transform: denormalize
Loading test transform: denormalize
Loading test transform: denormalize
Loading test loss: lat_acc
Loading test transform: denormalize
Loading test transform: denormalize
Loading test transform: denormalize
Loading test transform: denormalize
Loading test loss: lat_acc
Loading test transform: denormalize
Loading test transform: denormalize
Loading test transform: denormalize
[rank: 4] Seed set to 0
[rank: 0] Seed set to 0
[rank: 6] Seed set to 0
[rank: 5] Seed set to 0
[rank: 1] Seed set to 0
[rank: 3] Seed set to 0
[rank: 7] Seed set to 0
[rank: 2] Seed set to 0
/lustre/orion/csc662/proj-shared/janet/miniconda3/envs/orbit/lib/python3.13/site-packages/lightning_fabric/strategies/fsdp.py:697: `FSDPStrategy(activation_checkpointing=<class 'timm.models.vision_transformer.Block'>)` is deprecated, use `FSDPStrategy(activation_checkpointing_policy={<class 'timm.models.vision_transformer.Block'>})` instead.
Trainer already configured with model summary callbacks: [<class 'pytorch_lightning.callbacks.rich_model_summary.RichModelSummary'>]. Skipping setting a default `ModelSummary` callback.
GPU available: True (cuda), used: True
TPU available: False, using: 0 TPU cores
>> Fresh run
>> Fresh run
>> Fresh run
>> Fresh run
>> Fresh run
>> Fresh run
>> Fresh run
>> Fresh run
You are using a CUDA device ('AMD Instinct MI250X') that has Tensor Cores. To properly utilize them, you should set `torch.set_float32_matmul_precision('medium' | 'high')` which will trade-off precision for performance. For more details, read https://pytorch.org/docs/stable/generated/torch.set_float32_matmul_precision.html#torch.set_float32_matmul_precision
Initializing distributed: GLOBAL_RANK: 0, MEMBER: 1/8
Initializing distributed: GLOBAL_RANK: 2, MEMBER: 3/8
Initializing distributed: GLOBAL_RANK: 3, MEMBER: 4/8
Initializing distributed: GLOBAL_RANK: 4, MEMBER: 5/8
Initializing distributed: GLOBAL_RANK: 5, MEMBER: 6/8
Initializing distributed: GLOBAL_RANK: 7, MEMBER: 8/8
Initializing distributed: GLOBAL_RANK: 1, MEMBER: 2/8
Initializing distributed: GLOBAL_RANK: 6, MEMBER: 7/8
[W1123 23:06:37.764252525 socket.cpp:755] [c10d] The client socket cannot be initialized to connect to [frontier08701.frontier.olcf.ornl.gov]:29500 (errno: 97 - Address family not supported by protocol).
[W1123 23:06:37.764261151 socket.cpp:755] [c10d] The client socket cannot be initialized to connect to [frontier08701.frontier.olcf.ornl.gov]:29500 (errno: 97 - Address family not supported by protocol).
[W1123 23:06:37.764375709 socket.cpp:755] [c10d] The client socket cannot be initialized to connect to [frontier08701.frontier.olcf.ornl.gov]:29500 (errno: 97 - Address family not supported by protocol).
[W1123 23:06:37.764640612 socket.cpp:755] [c10d] The client socket cannot be initialized to connect to [frontier08701.frontier.olcf.ornl.gov]:29500 (errno: 97 - Address family not supported by protocol).
[W1123 23:06:37.765061412 socket.cpp:755] [c10d] The client socket cannot be initialized to connect to [frontier08701.frontier.olcf.ornl.gov]:29500 (errno: 97 - Address family not supported by protocol).
[W1123 23:06:37.776684762 socket.cpp:755] [c10d] The client socket cannot be initialized to connect to [frontier08701.frontier.olcf.ornl.gov]:29500 (errno: 97 - Address family not supported by protocol).
[W1123 23:06:37.776974543 socket.cpp:755] [c10d] The client socket cannot be initialized to connect to [frontier08701.frontier.olcf.ornl.gov]:29500 (errno: 97 - Address family not supported by protocol).
[W1123 23:06:37.783091488 socket.cpp:755] [c10d] The client socket cannot be initialized to connect to [frontier08701.frontier.olcf.ornl.gov]:29500 (errno: 97 - Address family not supported by protocol).
----------------------------------------------------------------------------------------------------
distributed_backend=nccl
All distributed processes registered. Starting with 8 processes
----------------------------------------------------------------------------------------------------

LOCAL_RANK: 0 - CUDA_VISIBLE_DEVICES: [0,1,2,3,4,5,6,7]
LOCAL_RANK: 1 - CUDA_VISIBLE_DEVICES: [0,1,2,3,4,5,6,7]
LOCAL_RANK: 2 - CUDA_VISIBLE_DEVICES: [0,1,2,3,4,5,6,7]
LOCAL_RANK: 3 - CUDA_VISIBLE_DEVICES: [0,1,2,3,4,5,6,7]
LOCAL_RANK: 4 - CUDA_VISIBLE_DEVICES: [0,1,2,3,4,5,6,7]
LOCAL_RANK: 5 - CUDA_VISIBLE_DEVICES: [0,1,2,3,4,5,6,7]
LOCAL_RANK: 6 - CUDA_VISIBLE_DEVICES: [0,1,2,3,4,5,6,7]
LOCAL_RANK: 7 - CUDA_VISIBLE_DEVICES: [0,1,2,3,4,5,6,7]
/lustre/orion/csc662/proj-shared/janet/miniconda3/envs/orbit/lib/python3.13/site-packages/pytorch_lightning/utilities/model_summary/model_summary.py:231: Precision bf16-mixed is not supported by the model summary.  Estimated model size in MB will not be accurate. Using 32 bits instead.
┏━━━┳━━━━━━┳━━━━━━━━━━━━━━┳━━━━━━━━┳━━━━━━━┓
┃   ┃ Name ┃ Type         ┃ Params ┃ Mode  ┃
┡━━━╇━━━━━━╇━━━━━━━━━━━━━━╇━━━━━━━━╇━━━━━━━┩
│ 0 │ net  │ Res_Slim_ViT │  6.5 M │ train │
└───┴──────┴──────────────┴────────┴───────┘
Trainable params: 6.5 M                                                         
Non-trainable params: 0                                                         
Total params: 6.5 M                                                             
Total estimated model params size (MB): 25                                      
Modules in train mode: 396                                                      
Modules in eval mode: 0                                                         
SLURM auto-requeueing enabled. Setting signal handlers.
SLURM auto-requeueing enabled. Setting signal handlers.
SLURM auto-requeueing enabled. Setting signal handlers.
SLURM auto-requeueing enabled. Setting signal handlers.
SLURM auto-requeueing enabled. Setting signal handlers.
SLURM auto-requeueing enabled. Setting signal handlers.
SLURM auto-requeueing enabled. Setting signal handlers.
SLURM auto-requeueing enabled. Setting signal handlers.
/lustre/orion/csc662/proj-shared/janet/miniconda3/envs/orbit/lib/python3.13/site-packages/torch/utils/data/dataloader.py:627: UserWarning: This DataLoader will create 8 worker processes in total. Our suggested max number of worker in current system is 7, which is smaller than what this DataLoader is going to create. Please be aware that excessive worker creation might get DataLoader running slow or even freeze, lower the worker number to avoid potential slowness/freeze if necessary.
  warnings.warn(
/lustre/orion/csc662/proj-shared/janet/miniconda3/envs/orbit/lib/python3.13/site-packages/torch/utils/data/dataloader.py:627: UserWarning: This DataLoader will create 8 worker processes in total. Our suggested max number of worker in current system is 7, which is smaller than what this DataLoader is going to create. Please be aware that excessive worker creation might get DataLoader running slow or even freeze, lower the worker number to avoid potential slowness/freeze if necessary.
  warnings.warn(
/lustre/orion/csc662/proj-shared/janet/miniconda3/envs/orbit/lib/python3.13/site-packages/torch/utils/data/dataloader.py:627: UserWarning: This DataLoader will create 8 worker processes in total. Our suggested max number of worker in current system is 7, which is smaller than what this DataLoader is going to create. Please be aware that excessive worker creation might get DataLoader running slow or even freeze, lower the worker number to avoid potential slowness/freeze if necessary.
  warnings.warn(
/lustre/orion/csc662/proj-shared/janet/miniconda3/envs/orbit/lib/python3.13/site-packages/torch/utils/data/dataloader.py:627: UserWarning: This DataLoader will create 8 worker processes in total. Our suggested max number of worker in current system is 7, which is smaller than what this DataLoader is going to create. Please be aware that excessive worker creation might get DataLoader running slow or even freeze, lower the worker number to avoid potential slowness/freeze if necessary.
  warnings.warn(
/lustre/orion/csc662/proj-shared/janet/miniconda3/envs/orbit/lib/python3.13/site-packages/torch/utils/data/dataloader.py:627: UserWarning: This DataLoader will create 8 worker processes in total. Our suggested max number of worker in current system is 7, which is smaller than what this DataLoader is going to create. Please be aware that excessive worker creation might get DataLoader running slow or even freeze, lower the worker number to avoid potential slowness/freeze if necessary.
  warnings.warn(
/lustre/orion/csc662/proj-shared/janet/miniconda3/envs/orbit/lib/python3.13/site-packages/torch/utils/data/dataloader.py:627: UserWarning: This DataLoader will create 8 worker processes in total. Our suggested max number of worker in current system is 7, which is smaller than what this DataLoader is going to create. Please be aware that excessive worker creation might get DataLoader running slow or even freeze, lower the worker number to avoid potential slowness/freeze if necessary.
  warnings.warn(
/lustre/orion/csc662/proj-shared/janet/miniconda3/envs/orbit/lib/python3.13/site-packages/torch/utils/data/dataloader.py:627: UserWarning: This DataLoader will create 8 worker processes in total. Our suggested max number of worker in current system is 7, which is smaller than what this DataLoader is going to create. Please be aware that excessive worker creation might get DataLoader running slow or even freeze, lower the worker number to avoid potential slowness/freeze if necessary.
  warnings.warn(
/lustre/orion/csc662/proj-shared/janet/miniconda3/envs/orbit/lib/python3.13/site-packages/torch/utils/data/dataloader.py:627: UserWarning: This DataLoader will create 8 worker processes in total. Our suggested max number of worker in current system is 7, which is smaller than what this DataLoader is going to create. Please be aware that excessive worker creation might get DataLoader running slow or even freeze, lower the worker number to avoid potential slowness/freeze if necessary.
  warnings.warn(
Training: |          | 0/? [00:00<?, ?it/s]Training: |          | 0/? [00:00<?, ?it/s]Epoch 0: |          | 0/? [00:00<?, ?it/s] Epoch 0: |          | 20/? [02:17<00:00,  0.15it/s]Epoch 0: |          | 20/? [02:17<00:00,  0.15it/s, v_num=0, train/lat_mse:aggregate=0.709]Epoch 0: |          | 40/? [03:46<00:00,  0.18it/s, v_num=0, train/lat_mse:aggregate=0.709]Epoch 0: |          | 40/? [03:47<00:00,  0.18it/s, v_num=0, train/lat_mse:aggregate=0.685]Epoch 0: |          | 40/? [04:46<00:00,  0.14it/s, v_num=0, train/lat_mse:aggregate=0.692]Epoch 0: |          | 0/? [00:00<?, ?it/s, v_num=0, train/lat_mse:aggregate=0.692]         Epoch 1: |          | 0/? [00:00<?, ?it/s, v_num=0, train/lat_mse:aggregate=0.692]Epoch 1: |          | 20/? [03:39<00:00,  0.09it/s, v_num=0, train/lat_mse:aggregate=0.692]Epoch 1: |          | 20/? [03:40<00:00,  0.09it/s, v_num=0, train/lat_mse:aggregate=0.117]Epoch 1: |          | 40/? [05:09<00:00,  0.13it/s, v_num=0, train/lat_mse:aggregate=0.117]Epoch 1: |          srun: Job step aborted: Waiting up to 32 seconds for job step to finish.
slurmstepd: error: *** STEP 3922105.0 ON frontier08701 CANCELLED AT 2025-11-23T23:26:12 DUE TO TIME LIMIT ***
slurmstepd: error: *** JOB 3922105 ON frontier08701 CANCELLED AT 2025-11-23T23:26:12 DUE TO TIME LIMIT ***
