
Lmod is automatically replacing "gcc-native/14.2" with "gcc/12.2.0".


The following have been reloaded with a version change:
  1) cray-libsci/24.11.0 => cray-libsci/23.09.1.1
  2) cray-mpich/8.1.31 => cray-mpich/8.1.27
  3) libfabric/1.22.0 => libfabric/1.20.1

Job configuration:
  ERA5_DIR      = /lustre/orion/lrn036/world-shared/ERA5_npz/1.40625_deg/
  FORECAST_TYPE = direct
  MODEL         = res_slimvit
  PRED_RANGE    = 120
  MAX_EPOCHS    = 50
  PATIENCE      = 10
  OUTPUT_DIR    = /lustre/orion/csc662/proj-shared/janet/forecasting
  CHECKPOINT    = 
world_size 1 num_nodes 0
Loading model: res_slimvit
Loading optimizer adamw
Loading learning rate scheduler: linear-warmup-cosine-annealing
Loading training loss: lat_mse
No train transform
Loading validation loss: lat_rmse
Loading validation loss: lat_acc
Loading validation loss: lat_mse
Loading validation transform: denormalize
Loading validation transform: denormalize
No validation transform
Loading test loss: lat_rmse
Loading test loss: lat_acc
Loading test transform: denormalize
Loading test transform: denormalize
[rank: 0] Seed set to 0
/lustre/orion/csc662/proj-shared/janet/miniconda3/envs/orbit/lib/python3.13/site-packages/lightning_fabric/strategies/fsdp.py:697: `FSDPStrategy(activation_checkpointing=<class 'timm.models.vision_transformer.Block'>)` is deprecated, use `FSDPStrategy(activation_checkpointing_policy={<class 'timm.models.vision_transformer.Block'>})` instead.
Trainer already configured with model summary callbacks: [<class 'pytorch_lightning.callbacks.rich_model_summary.RichModelSummary'>]. Skipping setting a default `ModelSummary` callback.
GPU available: True (cuda), used: True
TPU available: False, using: 0 TPU cores
>> Resuming from: /lustre/orion/csc662/proj-shared/janet/forecasting/test_high_ressolution_res_slimvit_direct_forecasting_120/checkpoints/last.ckpt
You are using a CUDA device ('AMD Instinct MI250X') that has Tensor Cores. To properly utilize them, you should set `torch.set_float32_matmul_precision('medium' | 'high')` which will trade-off precision for performance. For more details, read https://pytorch.org/docs/stable/generated/torch.set_float32_matmul_precision.html#torch.set_float32_matmul_precision
Initializing distributed: GLOBAL_RANK: 0, MEMBER: 1/1
[W1115 19:10:43.045544049 socket.cpp:755] [c10d] The client socket cannot be initialized to connect to [frontier09068.frontier.olcf.ornl.gov]:29500 (errno: 97 - Address family not supported by protocol).
----------------------------------------------------------------------------------------------------
distributed_backend=nccl
All distributed processes registered. Starting with 1 processes
----------------------------------------------------------------------------------------------------

/lustre/orion/csc662/proj-shared/janet/miniconda3/envs/orbit/lib/python3.13/site-packages/pytorch_lightning/callbacks/model_checkpoint.py:751: Checkpoint directory /lustre/orion/csc662/proj-shared/janet/forecasting/test_high_ressolution_res_slimvit_direct_forecasting_120/checkpoints exists and is not empty.
LOCAL_RANK: 0 - CUDA_VISIBLE_DEVICES: [0,1,2,3,4,5,6,7]
/lustre/orion/csc662/proj-shared/janet/miniconda3/envs/orbit/lib/python3.13/site-packages/torch/distributed/fsdp/_init_utils.py:430: UserWarning: FSDP is switching to use `NO_SHARD` instead of ShardingStrategy.FULL_SHARD since the world size is 1.
  warnings.warn(
/lustre/orion/csc662/proj-shared/janet/miniconda3/envs/orbit/lib/python3.13/site-packages/pytorch_lightning/utilities/model_summary/model_summary.py:231: Precision bf16-mixed is not supported by the model summary.  Estimated model size in MB will not be accurate. Using 32 bits instead.
┏━━━┳━━━━━━┳━━━━━━━━━━━━━━┳━━━━━━━━┳━━━━━━━┓
┃   ┃ Name ┃ Type         ┃ Params ┃ Mode  ┃
┡━━━╇━━━━━━╇━━━━━━━━━━━━━━╇━━━━━━━━╇━━━━━━━┩
│ 0 │ net  │ Res_Slim_ViT │  2.9 M │ train │
└───┴──────┴──────────────┴────────┴───────┘
Trainable params: 2.9 M                                                         
Non-trainable params: 0                                                         
Total params: 2.9 M                                                             
Total estimated model params size (MB): 11                                      
Modules in train mode: 208                                                      
Modules in eval mode: 0                                                         
Restoring states from the checkpoint path at /lustre/orion/csc662/proj-shared/janet/forecasting/test_high_ressolution_res_slimvit_direct_forecasting_120/checkpoints/last.ckpt
/lustre/orion/csc662/proj-shared/janet/miniconda3/envs/orbit/lib/python3.13/site-packages/torch/distributed/fsdp/_state_dict_utils.py:817: UserWarning: When using ``NO_SHARD`` for ``ShardingStrategy``, full_state_dict willbe returned.
  warnings.warn(
/lustre/orion/csc662/proj-shared/janet/miniconda3/envs/orbit/lib/python3.13/site-packages/torch/distributed/fsdp/_state_dict_utils.py:817: UserWarning: When using ``NO_SHARD`` for ``ShardingStrategy``, full_state_dict willbe returned.
  warnings.warn(
/lustre/orion/csc662/proj-shared/janet/miniconda3/envs/orbit/lib/python3.13/site-packages/torch/distributed/fsdp/_state_dict_utils.py:854: UserWarning: When using ``NO_SHARD`` for ``ShardingStrategy``, full_state_dict willbe returned.
  warnings.warn(
/lustre/orion/csc662/proj-shared/janet/miniconda3/envs/orbit/lib/python3.13/site-packages/torch/distributed/fsdp/_state_dict_utils.py:817: UserWarning: When using ``NO_SHARD`` for ``ShardingStrategy``, full_state_dict willbe returned.
  warnings.warn(
/lustre/orion/csc662/proj-shared/janet/miniconda3/envs/orbit/lib/python3.13/site-packages/torch/distributed/fsdp/_state_dict_utils.py:854: UserWarning: When using ``NO_SHARD`` for ``ShardingStrategy``, full_state_dict willbe returned.
  warnings.warn(
/lustre/orion/csc662/proj-shared/janet/miniconda3/envs/orbit/lib/python3.13/site-packages/torch/distributed/fsdp/_state_dict_utils.py:817: UserWarning: When using ``NO_SHARD`` for ``ShardingStrategy``, full_state_dict willbe returned.
  warnings.warn(
/lustre/orion/csc662/proj-shared/janet/miniconda3/envs/orbit/lib/python3.13/site-packages/torch/distributed/fsdp/_state_dict_utils.py:854: UserWarning: When using ``NO_SHARD`` for ``ShardingStrategy``, full_state_dict willbe returned.
  warnings.warn(
/lustre/orion/csc662/proj-shared/janet/miniconda3/envs/orbit/lib/python3.13/site-packages/torch/distributed/fsdp/_state_dict_utils.py:817: UserWarning: When using ``NO_SHARD`` for ``ShardingStrategy``, full_state_dict willbe returned.
  warnings.warn(
/lustre/orion/csc662/proj-shared/janet/miniconda3/envs/orbit/lib/python3.13/site-packages/torch/distributed/fsdp/_state_dict_utils.py:854: UserWarning: When using ``NO_SHARD`` for ``ShardingStrategy``, full_state_dict willbe returned.
  warnings.warn(
/lustre/orion/csc662/proj-shared/janet/miniconda3/envs/orbit/lib/python3.13/site-packages/torch/distributed/fsdp/_state_dict_utils.py:817: UserWarning: When using ``NO_SHARD`` for ``ShardingStrategy``, full_state_dict willbe returned.
  warnings.warn(
/lustre/orion/csc662/proj-shared/janet/miniconda3/envs/orbit/lib/python3.13/site-packages/torch/distributed/fsdp/_state_dict_utils.py:854: UserWarning: When using ``NO_SHARD`` for ``ShardingStrategy``, full_state_dict willbe returned.
  warnings.warn(
/lustre/orion/csc662/proj-shared/janet/miniconda3/envs/orbit/lib/python3.13/site-packages/torch/distributed/fsdp/_state_dict_utils.py:817: UserWarning: When using ``NO_SHARD`` for ``ShardingStrategy``, full_state_dict willbe returned.
  warnings.warn(
/lustre/orion/csc662/proj-shared/janet/miniconda3/envs/orbit/lib/python3.13/site-packages/torch/distributed/fsdp/_state_dict_utils.py:854: UserWarning: When using ``NO_SHARD`` for ``ShardingStrategy``, full_state_dict willbe returned.
  warnings.warn(
/lustre/orion/csc662/proj-shared/janet/miniconda3/envs/orbit/lib/python3.13/site-packages/torch/distributed/fsdp/_state_dict_utils.py:817: UserWarning: When using ``NO_SHARD`` for ``ShardingStrategy``, full_state_dict willbe returned.
  warnings.warn(
/lustre/orion/csc662/proj-shared/janet/miniconda3/envs/orbit/lib/python3.13/site-packages/torch/distributed/fsdp/_state_dict_utils.py:854: UserWarning: When using ``NO_SHARD`` for ``ShardingStrategy``, full_state_dict willbe returned.
  warnings.warn(
/lustre/orion/csc662/proj-shared/janet/miniconda3/envs/orbit/lib/python3.13/site-packages/torch/distributed/fsdp/_state_dict_utils.py:817: UserWarning: When using ``NO_SHARD`` for ``ShardingStrategy``, full_state_dict willbe returned.
  warnings.warn(
/lustre/orion/csc662/proj-shared/janet/miniconda3/envs/orbit/lib/python3.13/site-packages/torch/distributed/fsdp/_state_dict_utils.py:854: UserWarning: When using ``NO_SHARD`` for ``ShardingStrategy``, full_state_dict willbe returned.
  warnings.warn(
/lustre/orion/csc662/proj-shared/janet/miniconda3/envs/orbit/lib/python3.13/site-packages/torch/distributed/fsdp/_state_dict_utils.py:854: UserWarning: When using ``NO_SHARD`` for ``ShardingStrategy``, full_state_dict willbe returned.
  warnings.warn(
[rank0]: Traceback (most recent call last):
[rank0]:   File "/autofs/nccs-svm1_home2/janetw/diffusion/ORBIT-2-sandbox/tutorial/./test_sup_res_parallel.py", line 393, in <module>
[rank0]:     trainer.fit(model, datamodule=dm, ckpt_path=resume_path)
[rank0]:     ~~~~~~~~~~~^^^^^^^^^^^^^^^^^^^^^^^^^^^^^^^^^^^^^^^^^^^^^
[rank0]:   File "/lustre/orion/csc662/proj-shared/janet/miniconda3/envs/orbit/lib/python3.13/site-packages/pytorch_lightning/trainer/trainer.py", line 560, in fit
[rank0]:     call._call_and_handle_interrupt(
[rank0]:     ~~~~~~~~~~~~~~~~~~~~~~~~~~~~~~~^
[rank0]:         self, self._fit_impl, model, train_dataloaders, val_dataloaders, datamodule, ckpt_path
[rank0]:         ^^^^^^^^^^^^^^^^^^^^^^^^^^^^^^^^^^^^^^^^^^^^^^^^^^^^^^^^^^^^^^^^^^^^^^^^^^^^^^^^^^^^^^
[rank0]:     )
[rank0]:     ^
[rank0]:   File "/lustre/orion/csc662/proj-shared/janet/miniconda3/envs/orbit/lib/python3.13/site-packages/pytorch_lightning/trainer/call.py", line 49, in _call_and_handle_interrupt
[rank0]:     return trainer_fn(*args, **kwargs)
[rank0]:   File "/lustre/orion/csc662/proj-shared/janet/miniconda3/envs/orbit/lib/python3.13/site-packages/pytorch_lightning/trainer/trainer.py", line 598, in _fit_impl
[rank0]:     self._run(model, ckpt_path=ckpt_path)
[rank0]:     ~~~~~~~~~^^^^^^^^^^^^^^^^^^^^^^^^^^^^
[rank0]:   File "/lustre/orion/csc662/proj-shared/janet/miniconda3/envs/orbit/lib/python3.13/site-packages/pytorch_lightning/trainer/trainer.py", line 998, in _run
[rank0]:     self._checkpoint_connector._restore_modules_and_callbacks(ckpt_path)
[rank0]:     ~~~~~~~~~~~~~~~~~~~~~~~~~~~~~~~~~~~~~~~~~~~~~~~~~~~~~~~~~^^^^^^^^^^^
[rank0]:   File "/lustre/orion/csc662/proj-shared/janet/miniconda3/envs/orbit/lib/python3.13/site-packages/pytorch_lightning/trainer/connectors/checkpoint_connector.py", line 408, in _restore_modules_and_callbacks
[rank0]:     self.resume_start(checkpoint_path)
[rank0]:     ~~~~~~~~~~~~~~~~~^^^^^^^^^^^^^^^^^
[rank0]:   File "/lustre/orion/csc662/proj-shared/janet/miniconda3/envs/orbit/lib/python3.13/site-packages/pytorch_lightning/trainer/connectors/checkpoint_connector.py", line 83, in resume_start
[rank0]:     loaded_checkpoint = self.trainer.strategy.load_checkpoint(checkpoint_path)
[rank0]:   File "/lustre/orion/csc662/proj-shared/janet/miniconda3/envs/orbit/lib/python3.13/site-packages/pytorch_lightning/strategies/fsdp.py", line 632, in load_checkpoint
[rank0]:     _load_raw_module_state(
[rank0]:     ~~~~~~~~~~~~~~~~~~~~~~^
[rank0]:         checkpoint.pop("state_dict"),
[rank0]:         ^^^^^^^^^^^^^^^^^^^^^^^^^^^^^
[rank0]:     ...<2 lines>...
[rank0]:         strict=self.lightning_module.strict_loading,
[rank0]:         ^^^^^^^^^^^^^^^^^^^^^^^^^^^^^^^^^^^^^^^^^^^^
[rank0]:     )
[rank0]:     ^
[rank0]:   File "/lustre/orion/csc662/proj-shared/janet/miniconda3/envs/orbit/lib/python3.13/site-packages/lightning_fabric/strategies/model_parallel.py", line 573, in _load_raw_module_state
[rank0]:     module.load_state_dict(state_dict, strict=strict)
[rank0]:     ~~~~~~~~~~~~~~~~~~~~~~^^^^^^^^^^^^^^^^^^^^^^^^^^^
[rank0]:   File "/lustre/orion/csc662/proj-shared/janet/miniconda3/envs/orbit/lib/python3.13/site-packages/torch/nn/modules/module.py", line 2624, in load_state_dict
[rank0]:     raise RuntimeError(
[rank0]:     ...<3 lines>...
[rank0]:     )
[rank0]: RuntimeError: Error(s) in loading state_dict for FullyShardedDataParallel:
[rank0]: 	size mismatch for _fsdp_wrapped_module.net.pos_embed: copying a param with shape torch.Size([1, 512, 128]) from checkpoint, the shape in current model is torch.Size([1, 8192, 128]).
[rank0]: 	size mismatch for _fsdp_wrapped_module.net.patch_embed.proj.weight: copying a param with shape torch.Size([128, 126, 8, 8]) from checkpoint, the shape in current model is torch.Size([128, 40, 2, 2]).
[rank0]: 	size mismatch for _fsdp_wrapped_module.net.path2.0.weight: copying a param with shape torch.Size([4, 126, 3, 3]) from checkpoint, the shape in current model is torch.Size([4, 40, 3, 3]).
[rank0]: 	size mismatch for _fsdp_wrapped_module.net.to_img.weight: copying a param with shape torch.Size([384, 128]) from checkpoint, the shape in current model is torch.Size([24, 128]).
[rank0]: 	size mismatch for _fsdp_wrapped_module.net.to_img.bias: copying a param with shape torch.Size([384]) from checkpoint, the shape in current model is torch.Size([24]).
srun: error: frontier09068: task 0: Exited with exit code 1
srun: Terminating StepId=3895606.0
