
Lmod is automatically replacing "gcc-native/14.2" with "gcc/12.2.0".


The following have been reloaded with a version change:
  1) cray-libsci/24.11.0 => cray-libsci/23.09.1.1
  2) cray-mpich/8.1.31 => cray-mpich/8.1.27
  3) libfabric/1.22.0 => libfabric/1.20.1

=*70
Starting super-resolution visualization
Time: Mon Nov 24 11:28:00 AM EST 2025
Working directory: /ccs/home/janetw/diffusion/ORBIT-2-sandbox/tutorial
=*70
======================================================================
Super-Resolution Visualization
======================================================================
Using checkpoint: last.ckpt

Loading data sample...
✓ Loaded sample with 11 input variables and 1 output variable(s)

Processing sample...
Traceback (most recent call last):
  File "/autofs/nccs-svm1_home2/janetw/diffusion/ORBIT-2-sandbox/tutorial/visualize_superres.py", line 276, in <module>
    main()
    ~~~~^^
  File "/autofs/nccs-svm1_home2/janetw/diffusion/ORBIT-2-sandbox/tutorial/visualize_superres.py", line 257, in main
    hr_input, lr_input, gt = process_sample(sample)
                             ~~~~~~~~~~~~~~^^^^^^^^
  File "/autofs/nccs-svm1_home2/janetw/diffusion/ORBIT-2-sandbox/tutorial/visualize_superres.py", line 95, in process_sample
    x, y = sample  # Already collated batch
    ^^^^
ValueError: too many values to unpack (expected 2)

real	6m33.137s
user	2m19.791s
sys	1m37.834s
