
Lmod is automatically replacing "cce/18.0.1" with "gcc-native/14.2".


Lmod is automatically replacing "PrgEnv-cray/8.6.0" with "PrgEnv-gnu/8.6.0".


Inactive Modules:
  1) darshan-runtime

Due to MODULEPATH changes, the following have been reloaded:
  1) cray-libsci/24.11.0     2) cray-mpich/8.1.31


Lmod is automatically replacing "gcc-native/14.2" with "gcc/12.2.0".


The following have been reloaded with a version change:
  1) cray-libsci/24.11.0 => cray-libsci/23.09.1.1
  2) cray-mpich/8.1.31 => cray-mpich/8.1.27
  3) libfabric/1.22.0 => libfabric/1.20.1

Job started at: Fri Feb 27 05:48:13 PM EST 2026
Job ID: 4156022
Running on nodes: frontier[00692,00704]
Number of tasks: 16
Number of nodes: 2
WARNING[XFORMERS]: xFormers can't load C++/CUDA extensions. xFormers was built for:
    PyTorch 2.4.1+cu121 with CUDA 1201 (you have 2.4.1+rocm6.0)
    Python  3.11.10 (you have 3.11.14)
  Please reinstall xformers (see https://github.com/facebookresearch/xformers#installing-xformers)
  Memory-efficient attention, SwiGLU, sparse and more won't be available.
  Set XFORMERS_MORE_DETAILS=1 for more details
WARNING[XFORMERS]: xFormers can't load C++/CUDA extensions. xFormers was built for:
    PyTorch 2.4.1+cu121 with CUDA 1201 (you have 2.4.1+rocm6.0)
    Python  3.11.10 (you have 3.11.14)
  Please reinstall xformers (see https://github.com/facebookresearch/xformers#installing-xformers)
  Memory-efficient attention, SwiGLU, sparse and more won't be available.
  Set XFORMERS_MORE_DETAILS=1 for more details
WARNING[XFORMERS]: xFormers can't load C++/CUDA extensions. xFormers was built for:
    PyTorch 2.4.1+cu121 with CUDA 1201 (you have 2.4.1+rocm6.0)
    Python  3.11.10 (you have 3.11.14)
  Please reinstall xformers (see https://github.com/facebookresearch/xformers#installing-xformers)
  Memory-efficient attention, SwiGLU, sparse and more won't be available.
  Set XFORMERS_MORE_DETAILS=1 for more details
/ccs/home/janetw/diffusion/ORBIT-2-sandbox/src/climate_learn/models/hub/components/attention.py:10: FutureWarning: xformers.components is deprecated and is not maintained anymore. It might be removed in a future version of xFormers 
  from xformers.components.attention.core import scaled_dot_product_attention as xformers_sdpa
/ccs/home/janetw/diffusion/ORBIT-2-sandbox/src/climate_learn/models/hub/components/attention.py:10: FutureWarning: xformers.components is deprecated and is not maintained anymore. It might be removed in a future version of xFormers 
  from xformers.components.attention.core import scaled_dot_product_attention as xformers_sdpa
/ccs/home/janetw/diffusion/ORBIT-2-sandbox/src/climate_learn/models/hub/components/attention.py:10: FutureWarning: xformers.components is deprecated and is not maintained anymore. It might be removed in a future version of xFormers 
  from xformers.components.attention.core import scaled_dot_product_attention as xformers_sdpa
WARNING[XFORMERS]: xFormers can't load C++/CUDA extensions. xFormers was built for:
    PyTorch 2.4.1+cu121 with CUDA 1201 (you have 2.4.1+rocm6.0)
    Python  3.11.10 (you have 3.11.14)
  Please reinstall xformers (see https://github.com/facebookresearch/xformers#installing-xformers)
  Memory-efficient attention, SwiGLU, sparse and more won't be available.
  Set XFORMERS_MORE_DETAILS=1 for more details
WARNING[XFORMERS]: xFormers can't load C++/CUDA extensions. xFormers was built for:
    PyTorch 2.4.1+cu121 with CUDA 1201 (you have 2.4.1+rocm6.0)
    Python  3.11.10 (you have 3.11.14)
  Please reinstall xformers (see https://github.com/facebookresearch/xformers#installing-xformers)
  Memory-efficient attention, SwiGLU, sparse and more won't be available.
  Set XFORMERS_MORE_DETAILS=1 for more details
WARNING[XFORMERS]: xFormers can't load C++/CUDA extensions. xFormers was built for:
    PyTorch 2.4.1+cu121 with CUDA 1201 (you have 2.4.1+rocm6.0)
    Python  3.11.10 (you have 3.11.14)
  Please reinstall xformers (see https://github.com/facebookresearch/xformers#installing-xformers)
  Memory-efficient attention, SwiGLU, sparse and more won't be available.
  Set XFORMERS_MORE_DETAILS=1 for more details
WARNING[XFORMERS]: xFormers can't load C++/CUDA extensions. xFormers was built for:
    PyTorch 2.4.1+cu121 with CUDA 1201 (you have 2.4.1+rocm6.0)
    Python  3.11.10 (you have 3.11.14)
  Please reinstall xformers (see https://github.com/facebookresearch/xformers#installing-xformers)
  Memory-efficient attention, SwiGLU, sparse and more won't be available.
  Set XFORMERS_MORE_DETAILS=1 for more details
WARNING[XFORMERS]: xFormers can't load C++/CUDA extensions. xFormers was built for:
    PyTorch 2.4.1+cu121 with CUDA 1201 (you have 2.4.1+rocm6.0)
    Python  3.11.10 (you have 3.11.14)
  Please reinstall xformers (see https://github.com/facebookresearch/xformers#installing-xformers)
  Memory-efficient attention, SwiGLU, sparse and more won't be available.
  Set XFORMERS_MORE_DETAILS=1 for more details
WARNING[XFORMERS]: xFormers can't load C++/CUDA extensions. xFormers was built for:
    PyTorch 2.4.1+cu121 with CUDA 1201 (you have 2.4.1+rocm6.0)
    Python  3.11.10 (you have 3.11.14)
  Please reinstall xformers (see https://github.com/facebookresearch/xformers#installing-xformers)
  Memory-efficient attention, SwiGLU, sparse and more won't be available.
  Set XFORMERS_MORE_DETAILS=1 for more details
WARNING[XFORMERS]: xFormers can't load C++/CUDA extensions. xFormers was built for:
    PyTorch 2.4.1+cu121 with CUDA 1201 (you have 2.4.1+rocm6.0)
    Python  3.11.10 (you have 3.11.14)
  Please reinstall xformers (see https://github.com/facebookresearch/xformers#installing-xformers)
  Memory-efficient attention, SwiGLU, sparse and more won't be available.
  Set XFORMERS_MORE_DETAILS=1 for more details
[W227 17:48:49.434108346 socket.cpp:697] [c10d] The client socket cannot be initialized to connect to [frontier00692.frontier.olcf.ornl.gov]:29500 (errno: 97 - Address family not supported by protocol).
[W227 17:48:49.434414007 socket.cpp:697] [c10d] The client socket cannot be initialized to connect to [frontier00692.frontier.olcf.ornl.gov]:29500 (errno: 97 - Address family not supported by protocol).
[W227 17:48:49.139321759 socket.cpp:697] [c10d] The client socket cannot be initialized to connect to [frontier00692.frontier.olcf.ornl.gov]:29500 (errno: 97 - Address family not supported by protocol).
WARNING[XFORMERS]: xFormers can't load C++/CUDA extensions. xFormers was built for:
    PyTorch 2.4.1+cu121 with CUDA 1201 (you have 2.4.1+rocm6.0)
    Python  3.11.10 (you have 3.11.14)
  Please reinstall xformers (see https://github.com/facebookresearch/xformers#installing-xformers)
  Memory-efficient attention, SwiGLU, sparse and more won't be available.
  Set XFORMERS_MORE_DETAILS=1 for more details
WARNING[XFORMERS]: xFormers can't load C++/CUDA extensions. xFormers was built for:
    PyTorch 2.4.1+cu121 with CUDA 1201 (you have 2.4.1+rocm6.0)
    Python  3.11.10 (you have 3.11.14)
  Please reinstall xformers (see https://github.com/facebookresearch/xformers#installing-xformers)
  Memory-efficient attention, SwiGLU, sparse and more won't be available.
  Set XFORMERS_MORE_DETAILS=1 for more details
WARNING[XFORMERS]: xFormers can't load C++/CUDA extensions. xFormers was built for:
    PyTorch 2.4.1+cu121 with CUDA 1201 (you have 2.4.1+rocm6.0)
    Python  3.11.10 (you have 3.11.14)
  Please reinstall xformers (see https://github.com/facebookresearch/xformers#installing-xformers)
  Memory-efficient attention, SwiGLU, sparse and more won't be available.
  Set XFORMERS_MORE_DETAILS=1 for more details
WARNING[XFORMERS]: xFormers can't load C++/CUDA extensions. xFormers was built for:
    PyTorch 2.4.1+cu121 with CUDA 1201 (you have 2.4.1+rocm6.0)
    Python  3.11.10 (you have 3.11.14)
  Please reinstall xformers (see https://github.com/facebookresearch/xformers#installing-xformers)
  Memory-efficient attention, SwiGLU, sparse and more won't be available.
  Set XFORMERS_MORE_DETAILS=1 for more details
WARNING[XFORMERS]: xFormers can't load C++/CUDA extensions. xFormers was built for:
    PyTorch 2.4.1+cu121 with CUDA 1201 (you have 2.4.1+rocm6.0)
    Python  3.11.10 (you have 3.11.14)
  Please reinstall xformers (see https://github.com/facebookresearch/xformers#installing-xformers)
  Memory-efficient attention, SwiGLU, sparse and more won't be available.
  Set XFORMERS_MORE_DETAILS=1 for more details
WARNING[XFORMERS]: xFormers can't load C++/CUDA extensions. xFormers was built for:
    PyTorch 2.4.1+cu121 with CUDA 1201 (you have 2.4.1+rocm6.0)
    Python  3.11.10 (you have 3.11.14)
  Please reinstall xformers (see https://github.com/facebookresearch/xformers#installing-xformers)
  Memory-efficient attention, SwiGLU, sparse and more won't be available.
  Set XFORMERS_MORE_DETAILS=1 for more details
/ccs/home/janetw/diffusion/ORBIT-2-sandbox/src/climate_learn/models/hub/components/attention.py:10: FutureWarning: xformers.components is deprecated and is not maintained anymore. It might be removed in a future version of xFormers 
  from xformers.components.attention.core import scaled_dot_product_attention as xformers_sdpa
/ccs/home/janetw/diffusion/ORBIT-2-sandbox/src/climate_learn/models/hub/components/attention.py:10: FutureWarning: xformers.components is deprecated and is not maintained anymore. It might be removed in a future version of xFormers 
  from xformers.components.attention.core import scaled_dot_product_attention as xformers_sdpa
/ccs/home/janetw/diffusion/ORBIT-2-sandbox/src/climate_learn/models/hub/components/attention.py:10: FutureWarning: xformers.components is deprecated and is not maintained anymore. It might be removed in a future version of xFormers 
  from xformers.components.attention.core import scaled_dot_product_attention as xformers_sdpa
/ccs/home/janetw/diffusion/ORBIT-2-sandbox/src/climate_learn/models/hub/components/attention.py:10: FutureWarning: xformers.components is deprecated and is not maintained anymore. It might be removed in a future version of xFormers 
  from xformers.components.attention.core import scaled_dot_product_attention as xformers_sdpa
/ccs/home/janetw/diffusion/ORBIT-2-sandbox/src/climate_learn/models/hub/components/attention.py:10: FutureWarning: xformers.components is deprecated and is not maintained anymore. It might be removed in a future version of xFormers 
  from xformers.components.attention.core import scaled_dot_product_attention as xformers_sdpa
/ccs/home/janetw/diffusion/ORBIT-2-sandbox/src/climate_learn/models/hub/components/attention.py:10: FutureWarning: xformers.components is deprecated and is not maintained anymore. It might be removed in a future version of xFormers 
  from xformers.components.attention.core import scaled_dot_product_attention as xformers_sdpa
/ccs/home/janetw/diffusion/ORBIT-2-sandbox/src/climate_learn/models/hub/components/attention.py:10: FutureWarning: xformers.components is deprecated and is not maintained anymore. It might be removed in a future version of xFormers 
  from xformers.components.attention.core import scaled_dot_product_attention as xformers_sdpa
/ccs/home/janetw/diffusion/ORBIT-2-sandbox/src/climate_learn/models/hub/components/attention.py:10: FutureWarning: xformers.components is deprecated and is not maintained anymore. It might be removed in a future version of xFormers 
  from xformers.components.attention.core import scaled_dot_product_attention as xformers_sdpa
/ccs/home/janetw/diffusion/ORBIT-2-sandbox/src/climate_learn/models/hub/components/attention.py:10: FutureWarning: xformers.components is deprecated and is not maintained anymore. It might be removed in a future version of xFormers 
  from xformers.components.attention.core import scaled_dot_product_attention as xformers_sdpa
/ccs/home/janetw/diffusion/ORBIT-2-sandbox/src/climate_learn/models/hub/components/attention.py:10: FutureWarning: xformers.components is deprecated and is not maintained anymore. It might be removed in a future version of xFormers 
  from xformers.components.attention.core import scaled_dot_product_attention as xformers_sdpa
/ccs/home/janetw/diffusion/ORBIT-2-sandbox/src/climate_learn/models/hub/components/attention.py:10: FutureWarning: xformers.components is deprecated and is not maintained anymore. It might be removed in a future version of xFormers 
  from xformers.components.attention.core import scaled_dot_product_attention as xformers_sdpa
/ccs/home/janetw/diffusion/ORBIT-2-sandbox/src/climate_learn/models/hub/components/attention.py:10: FutureWarning: xformers.components is deprecated and is not maintained anymore. It might be removed in a future version of xFormers 
  from xformers.components.attention.core import scaled_dot_product_attention as xformers_sdpa
/ccs/home/janetw/diffusion/ORBIT-2-sandbox/src/climate_learn/models/hub/components/attention.py:10: FutureWarning: xformers.components is deprecated and is not maintained anymore. It might be removed in a future version of xFormers 
  from xformers.components.attention.core import scaled_dot_product_attention as xformers_sdpa
[W227 17:48:50.876039948 socket.cpp:697] [c10d] The client socket cannot be initialized to connect to [frontier00692.frontier.olcf.ornl.gov]:29500 (errno: 97 - Address family not supported by protocol).
[W227 17:48:50.878801672 socket.cpp:697] [c10d] The client socket cannot be initialized to connect to [frontier00692.frontier.olcf.ornl.gov]:29500 (errno: 97 - Address family not supported by protocol).
[W227 17:48:50.880833429 socket.cpp:697] [c10d] The client socket cannot be initialized to connect to [frontier00692.frontier.olcf.ornl.gov]:29500 (errno: 97 - Address family not supported by protocol).
[W227 17:48:50.882516053 socket.cpp:697] [c10d] The client socket cannot be initialized to connect to [frontier00692.frontier.olcf.ornl.gov]:29500 (errno: 97 - Address family not supported by protocol).
[W227 17:48:50.884269654 socket.cpp:697] [c10d] The client socket cannot be initialized to connect to [frontier00692.frontier.olcf.ornl.gov]:29500 (errno: 97 - Address family not supported by protocol).
[W227 17:48:50.887491496 socket.cpp:697] [c10d] The client socket cannot be initialized to connect to [frontier00692.frontier.olcf.ornl.gov]:29500 (errno: 97 - Address family not supported by protocol).
[W227 17:48:50.234919754 socket.cpp:697] [c10d] The client socket cannot be initialized to connect to [frontier00692.frontier.olcf.ornl.gov]:29500 (errno: 97 - Address family not supported by protocol).
[W227 17:48:50.237213885 socket.cpp:697] [c10d] The client socket cannot be initialized to connect to [frontier00692.frontier.olcf.ornl.gov]:29500 (errno: 97 - Address family not supported by protocol).
[W227 17:48:50.237629039 socket.cpp:697] [c10d] The client socket cannot be initialized to connect to [frontier00692.frontier.olcf.ornl.gov]:29500 (errno: 97 - Address family not supported by protocol).
[W227 17:48:50.946006369 socket.cpp:697] [c10d] The client socket cannot be initialized to connect to [frontier00692.frontier.olcf.ornl.gov]:29500 (errno: 97 - Address family not supported by protocol).
[W227 17:48:50.244810212 socket.cpp:697] [c10d] The client socket cannot be initialized to connect to [frontier00692.frontier.olcf.ornl.gov]:29500 (errno: 97 - Address family not supported by protocol).
[W227 17:48:50.245038163 socket.cpp:697] [c10d] The client socket cannot be initialized to connect to [frontier00692.frontier.olcf.ornl.gov]:29500 (errno: 97 - Address family not supported by protocol).
DDStore loading error!!
Initialized process group. world_size=16
world_size=16, world_rank=12, local_rank=4
DDStore loading error!!
Initialized process group. world_size=16
world_size=16, world_rank=11, local_rank=3
[W227 17:48:50.248467923 socket.cpp:697] [c10d] The client socket cannot be initialized to connect to [frontier00692.frontier.olcf.ornl.gov]:29500 (errno: 97 - Address family not supported by protocol).
DDStore loading error!!
Initialized process group. world_size=16
world_size=16, world_rank=10, local_rank=2
use_ddstore is : 0
use_ddstore is : 0
use_ddstore is : 0
[Rank 12] Assigned 97/1561 monthly files (indices 1164:1261).
[Rank 11] Assigned 97/1561 monthly files (indices 1067:1164).
[Rank 12] Assigned 5/81 monthly files (indices 60:65).
[Rank 10] Assigned 97/1561 monthly files (indices 970:1067).
[Rank 11] Assigned 5/81 monthly files (indices 55:60).
[Rank 10] Assigned 5/81 monthly files (indices 50:55).
DDStore loading error!!
Initialized process group. world_size=16
world_size=16, world_rank=4, local_rank=4
DDStore loading error!!
Initialized process group. world_size=16
world_size=16, world_rank=13, local_rank=5
DDStore loading error!!
Initialized process group. world_size=16
world_size=16, world_rank=9, local_rank=1
use_ddstore is : 0
[Rank 4] Assigned 97/1561 monthly files (indices 388:485).
[Rank 4] Assigned 5/81 monthly files (indices 20:25).
use_ddstore is : 0
use_ddstore is : 0
[Rank 13] Assigned 97/1561 monthly files (indices 1261:1358).
[Rank 13] Assigned 5/81 monthly files (indices 65:70).
[Rank 9] Assigned 97/1561 monthly files (indices 873:970).
[Rank 9] Assigned 5/81 monthly files (indices 45:50).
DDStore loading error!!
Initialized process group. world_size=16
world_size=16, world_rank=6, local_rank=6
DDStore loading error!!
Initialized process group. world_size=16
world_size=16, world_rank=3, local_rank=3
DDStore loading error!!
Initialized process group. world_size=16
world_size=16, world_rank=7, local_rank=7
DDStore loading error!!
Initialized process group. world_size=16
world_size=16, world_rank=2, local_rank=2
DDStore loading error!!
Initialized process group. world_size=16
world_size=16, world_rank=5, local_rank=5
DDStore loading error!!
Initialized process group. world_size=16
world_size=16, world_rank=1, local_rank=1
use_ddstore is : 0
use_ddstore is : 0
use_ddstore is : 0
[Rank 6] Assigned 97/1561 monthly files (indices 582:679).
[Rank 6] Assigned 5/81 monthly files (indices 30:35).
[Rank 3] Assigned 97/1561 monthly files (indices 291:388).
use_ddstore is : 0
[Rank 3] Assigned 5/81 monthly files (indices 15:20).
[Rank 7] Assigned 97/1561 monthly files (indices 679:776).
[Rank 7] Assigned 5/81 monthly files (indices 35:40).
use_ddstore is : 0
[Rank 2] Assigned 97/1561 monthly files (indices 194:291).
[Rank 2] Assigned 5/81 monthly files (indices 10:15).
[Rank 5] Assigned 97/1561 monthly files (indices 485:582).
[Rank 5] Assigned 5/81 monthly files (indices 25:30).
use_ddstore is : 0
[Rank 1] Assigned 97/1561 monthly files (indices 97:194).
[Rank 1] Assigned 5/81 monthly files (indices 5:10).
DDStore loading error!!
Initialized process group. world_size=16
world_size=16, world_rank=14, local_rank=6
DDStore loading error!!
Initialized process group. world_size=16
world_size=16, world_rank=15, local_rank=7
DDStore loading error!!
Initialized process group. world_size=16
world_size=16, world_rank=8, local_rank=0
DDStore loading error!!
Initialized process group. world_size=16
world_size=16, world_rank=0, local_rank=0
Loading config from: /ccs/home/janetw/diffusion/ORBIT-2-sandbox/configs/era5_forecasting.yaml

================================================================================
Training Configuration Summary
================================================================================
Config: /ccs/home/janetw/diffusion/ORBIT-2-sandbox/configs/era5_forecasting.yaml
Max epochs: 30
Data type: bfloat16
Checkpoint: /lustre/orion/csc662/proj-shared/janet/forecasting/orbit_main/era5_forecasting_1.0_deg_sprint_disabled_antialias=True_input_refine_cnn=True_interpolation=False/checkpoint_epoch_0001.pt
Save path: /lustre/orion/csc662/proj-shared/janet/forecasting/orbit_main/era5_forecasting_1.0_deg_sprint_disabled_antialias=True_input_refine_cnn=True_interpolation=False
================================================================================

Creating data module for direct forecasting
Input variables: ['temperature_50', 'temperature_250', 'temperature_500', 'temperature_600', 'temperature_700', 'temperature_850', 'temperature_925', 'geopotential_50', 'geopotential_250', 'geopotential_500', 'geopotential_600', 'geopotential_700', 'geopotential_850', 'geopotential_925', 'u_component_of_wind_50', 'u_component_of_wind_250', 'u_component_of_wind_500', 'u_component_of_wind_600', 'u_component_of_wind_700', 'u_component_of_wind_850', 'u_component_of_wind_925', 'v_component_of_wind_50', 'v_component_of_wind_250', 'v_component_of_wind_500', 'v_component_of_wind_600', 'v_component_of_wind_700', 'v_component_of_wind_850', 'v_component_of_wind_925', '2m_temperature', '10m_u_component_of_wind', '10m_v_component_of_wind', 'land_sea_mask', 'orography', 'specific_humidity_50', 'specific_humidity_250', 'specific_humidity_500', 'specific_humidity_600', 'specific_humidity_700', 'specific_humidity_850', 'specific_humidity_925']
Output variables: ['2m_temperature', '10m_u_component_of_wind', 'geopotential_500', 'temperature_850']
Setting up distributed data loading: world_size=16
Each GPU will process 1/16 of the dataset
use_ddstore is : 0
use_ddstore is : 0
use_ddstore is : 0
[Rank 14] Assigned 97/1561 monthly files (indices 1358:1455).
[Rank 14] Assigned 5/81 monthly files (indices 70:75).
[Rank 8] Assigned 97/1561 monthly files (indices 776:873).
[Rank 15] Assigned 97/1561 monthly files (indices 1455:1552).
[Rank 8] Assigned 5/81 monthly files (indices 40:45).
[Rank 15] Assigned 5/81 monthly files (indices 75:80).
after data_module creation Allocated: 0.00GB, Max Allocated: 0.00GB, Reserved: 0.00GB
use_ddstore is : 0
[Rank 0] Assigned 97/1561 monthly files (indices 0:97).
[Monthly Loader] Verifying variables in 1979_0.npz...
[Monthly Loader] Available variables: ['land_sea_mask', 'orography', '2m_temperature', '10m_u_component_of_wind', '10m_v_component_of_wind', 'mean_sea_level_pressure', 'surface_pressure', 'total_precipitation', 'sea_surface_temperature', 'geopotential_50', 'geopotential_100', 'geopotential_150', 'geopotential_200', 'geopotential_250', 'geopotential_300', 'geopotential_400', 'geopotential_500', 'geopotential_600', 'geopotential_700', 'geopotential_850', 'geopotential_925', 'geopotential_1000', 'u_component_of_wind_50', 'u_component_of_wind_100', 'u_component_of_wind_150', 'u_component_of_wind_200', 'u_component_of_wind_250', 'u_component_of_wind_300', 'u_component_of_wind_400', 'u_component_of_wind_500', 'u_component_of_wind_600', 'u_component_of_wind_700', 'u_component_of_wind_850', 'u_component_of_wind_925', 'u_component_of_wind_1000', 'v_component_of_wind_50', 'v_component_of_wind_100', 'v_component_of_wind_150', 'v_component_of_wind_200', 'v_component_of_wind_250', 'v_component_of_wind_300', 'v_component_of_wind_400', 'v_component_of_wind_500', 'v_component_of_wind_600', 'v_component_of_wind_700', 'v_component_of_wind_850', 'v_component_of_wind_925', 'v_component_of_wind_1000', 'temperature_50', 'temperature_100', 'temperature_150', 'temperature_200', 'temperature_250', 'temperature_300', 'temperature_400', 'temperature_500', 'temperature_600', 'temperature_700', 'temperature_850', 'temperature_925', 'temperature_1000', 'specific_humidity_50', 'specific_humidity_100', 'specific_humidity_150', 'specific_humidity_200', 'specific_humidity_250', 'specific_humidity_300', 'specific_humidity_400', 'specific_humidity_500', 'specific_humidity_600', 'specific_humidity_700', 'specific_humidity_850', 'specific_humidity_925', 'specific_humidity_1000', 'days_of_year', 'time_of_day', 'hrs_each_step', 'num_steps_per_shard', 'lattitude']
/lustre/orion/csc662/proj-shared/janet/miniconda3/envs/orbit_main/lib/python3.11/site-packages/torch/distributed/fsdp/wrap.py:491: FutureWarning: Please specify CheckpointImpl.NO_REENTRANT as CheckpointImpl.REENTRANT will soon be removed as the default and eventually deprecated.
  return wrapper_cls(module, **kwargs)
[Monthly Loader] 'geopotential_250': shape=(219, 1, 180, 360)
/lustre/orion/csc662/proj-shared/janet/miniconda3/envs/orbit_main/lib/python3.11/site-packages/torch/distributed/fsdp/wrap.py:491: FutureWarning: Please specify CheckpointImpl.NO_REENTRANT as CheckpointImpl.REENTRANT will soon be removed as the default and eventually deprecated.
  return wrapper_cls(module, **kwargs)
/lustre/orion/csc662/proj-shared/janet/miniconda3/envs/orbit_main/lib/python3.11/site-packages/torch/distributed/fsdp/wrap.py:491: FutureWarning: Please specify CheckpointImpl.NO_REENTRANT as CheckpointImpl.REENTRANT will soon be removed as the default and eventually deprecated.
  return wrapper_cls(module, **kwargs)
/lustre/orion/csc662/proj-shared/janet/miniconda3/envs/orbit_main/lib/python3.11/site-packages/torch/distributed/fsdp/wrap.py:491: FutureWarning: Please specify CheckpointImpl.NO_REENTRANT as CheckpointImpl.REENTRANT will soon be removed as the default and eventually deprecated.
  return wrapper_cls(module, **kwargs)
/lustre/orion/csc662/proj-shared/janet/miniconda3/envs/orbit_main/lib/python3.11/site-packages/torch/distributed/fsdp/wrap.py:491: FutureWarning: Please specify CheckpointImpl.NO_REENTRANT as CheckpointImpl.REENTRANT will soon be removed as the default and eventually deprecated.
  return wrapper_cls(module, **kwargs)
/lustre/orion/csc662/proj-shared/janet/miniconda3/envs/orbit_main/lib/python3.11/site-packages/torch/distributed/fsdp/wrap.py:491: FutureWarning: Please specify CheckpointImpl.NO_REENTRANT as CheckpointImpl.REENTRANT will soon be removed as the default and eventually deprecated.
  return wrapper_cls(module, **kwargs)
/autofs/nccs-svm1_home2/janetw/diffusion/ORBIT-2-sandbox/examples/era5_forecasting_sparsity.py:961: FutureWarning: You are using `torch.load` with `weights_only=False` (the current default value), which uses the default pickle module implicitly. It is possible to construct malicious pickle data which will execute arbitrary code during unpickling (See https://github.com/pytorch/pytorch/blob/main/SECURITY.md#untrusted-models for more details). In a future release, the default value for `weights_only` will be flipped to `True`. This limits the functions that could be executed during unpickling. Arbitrary objects will no longer be allowed to be loaded via this mode unless they are explicitly allowlisted by the user via `torch.serialization.add_safe_globals`. We recommend you start setting `weights_only=True` for any use case where you don't have full control of the loaded file. Please open an issue on GitHub for any issues related to this experimental feature.
  checkpoint = torch.load(checkpoint_path, map_location="cpu")
/autofs/nccs-svm1_home2/janetw/diffusion/ORBIT-2-sandbox/examples/era5_forecasting_sparsity.py:961: FutureWarning: You are using `torch.load` with `weights_only=False` (the current default value), which uses the default pickle module implicitly. It is possible to construct malicious pickle data which will execute arbitrary code during unpickling (See https://github.com/pytorch/pytorch/blob/main/SECURITY.md#untrusted-models for more details). In a future release, the default value for `weights_only` will be flipped to `True`. This limits the functions that could be executed during unpickling. Arbitrary objects will no longer be allowed to be loaded via this mode unless they are explicitly allowlisted by the user via `torch.serialization.add_safe_globals`. We recommend you start setting `weights_only=True` for any use case where you don't have full control of the loaded file. Please open an issue on GitHub for any issues related to this experimental feature.
  checkpoint = torch.load(checkpoint_path, map_location="cpu")
/autofs/nccs-svm1_home2/janetw/diffusion/ORBIT-2-sandbox/examples/era5_forecasting_sparsity.py:961: FutureWarning: You are using `torch.load` with `weights_only=False` (the current default value), which uses the default pickle module implicitly. It is possible to construct malicious pickle data which will execute arbitrary code during unpickling (See https://github.com/pytorch/pytorch/blob/main/SECURITY.md#untrusted-models for more details). In a future release, the default value for `weights_only` will be flipped to `True`. This limits the functions that could be executed during unpickling. Arbitrary objects will no longer be allowed to be loaded via this mode unless they are explicitly allowlisted by the user via `torch.serialization.add_safe_globals`. We recommend you start setting `weights_only=True` for any use case where you don't have full control of the loaded file. Please open an issue on GitHub for any issues related to this experimental feature.
  checkpoint = torch.load(checkpoint_path, map_location="cpu")
/autofs/nccs-svm1_home2/janetw/diffusion/ORBIT-2-sandbox/examples/era5_forecasting_sparsity.py:961: FutureWarning: You are using `torch.load` with `weights_only=False` (the current default value), which uses the default pickle module implicitly. It is possible to construct malicious pickle data which will execute arbitrary code during unpickling (See https://github.com/pytorch/pytorch/blob/main/SECURITY.md#untrusted-models for more details). In a future release, the default value for `weights_only` will be flipped to `True`. This limits the functions that could be executed during unpickling. Arbitrary objects will no longer be allowed to be loaded via this mode unless they are explicitly allowlisted by the user via `torch.serialization.add_safe_globals`. We recommend you start setting `weights_only=True` for any use case where you don't have full control of the loaded file. Please open an issue on GitHub for any issues related to this experimental feature.
  checkpoint = torch.load(checkpoint_path, map_location="cpu")
/autofs/nccs-svm1_home2/janetw/diffusion/ORBIT-2-sandbox/examples/era5_forecasting_sparsity.py:961: FutureWarning: You are using `torch.load` with `weights_only=False` (the current default value), which uses the default pickle module implicitly. It is possible to construct malicious pickle data which will execute arbitrary code during unpickling (See https://github.com/pytorch/pytorch/blob/main/SECURITY.md#untrusted-models for more details). In a future release, the default value for `weights_only` will be flipped to `True`. This limits the functions that could be executed during unpickling. Arbitrary objects will no longer be allowed to be loaded via this mode unless they are explicitly allowlisted by the user via `torch.serialization.add_safe_globals`. We recommend you start setting `weights_only=True` for any use case where you don't have full control of the loaded file. Please open an issue on GitHub for any issues related to this experimental feature.
  checkpoint = torch.load(checkpoint_path, map_location="cpu")
/autofs/nccs-svm1_home2/janetw/diffusion/ORBIT-2-sandbox/examples/era5_forecasting_sparsity.py:961: FutureWarning: You are using `torch.load` with `weights_only=False` (the current default value), which uses the default pickle module implicitly. It is possible to construct malicious pickle data which will execute arbitrary code during unpickling (See https://github.com/pytorch/pytorch/blob/main/SECURITY.md#untrusted-models for more details). In a future release, the default value for `weights_only` will be flipped to `True`. This limits the functions that could be executed during unpickling. Arbitrary objects will no longer be allowed to be loaded via this mode unless they are explicitly allowlisted by the user via `torch.serialization.add_safe_globals`. We recommend you start setting `weights_only=True` for any use case where you don't have full control of the loaded file. Please open an issue on GitHub for any issues related to this experimental feature.
  checkpoint = torch.load(checkpoint_path, map_location="cpu")
[Monthly Loader] 'u_component_of_wind_700': shape=(219, 1, 180, 360)
/lustre/orion/csc662/proj-shared/janet/miniconda3/envs/orbit_main/lib/python3.11/site-packages/torch/distributed/fsdp/wrap.py:491: FutureWarning: Please specify CheckpointImpl.NO_REENTRANT as CheckpointImpl.REENTRANT will soon be removed as the default and eventually deprecated.
  return wrapper_cls(module, **kwargs)
/lustre/orion/csc662/proj-shared/janet/miniconda3/envs/orbit_main/lib/python3.11/site-packages/torch/distributed/fsdp/wrap.py:491: FutureWarning: Please specify CheckpointImpl.NO_REENTRANT as CheckpointImpl.REENTRANT will soon be removed as the default and eventually deprecated.
  return wrapper_cls(module, **kwargs)
/lustre/orion/csc662/proj-shared/janet/miniconda3/envs/orbit_main/lib/python3.11/site-packages/torch/distributed/fsdp/wrap.py:491: FutureWarning: Please specify CheckpointImpl.NO_REENTRANT as CheckpointImpl.REENTRANT will soon be removed as the default and eventually deprecated.
  return wrapper_cls(module, **kwargs)
/lustre/orion/csc662/proj-shared/janet/miniconda3/envs/orbit_main/lib/python3.11/site-packages/torch/distributed/fsdp/wrap.py:491: FutureWarning: Please specify CheckpointImpl.NO_REENTRANT as CheckpointImpl.REENTRANT will soon be removed as the default and eventually deprecated.
  return wrapper_cls(module, **kwargs)
/lustre/orion/csc662/proj-shared/janet/miniconda3/envs/orbit_main/lib/python3.11/site-packages/torch/distributed/fsdp/wrap.py:491: FutureWarning: Please specify CheckpointImpl.NO_REENTRANT as CheckpointImpl.REENTRANT will soon be removed as the default and eventually deprecated.
  return wrapper_cls(module, **kwargs)
/lustre/orion/csc662/proj-shared/janet/miniconda3/envs/orbit_main/lib/python3.11/site-packages/torch/distributed/fsdp/wrap.py:491: FutureWarning: Please specify CheckpointImpl.NO_REENTRANT as CheckpointImpl.REENTRANT will soon be removed as the default and eventually deprecated.
  return wrapper_cls(module, **kwargs)
/autofs/nccs-svm1_home2/janetw/diffusion/ORBIT-2-sandbox/examples/era5_forecasting_sparsity.py:961: FutureWarning: You are using `torch.load` with `weights_only=False` (the current default value), which uses the default pickle module implicitly. It is possible to construct malicious pickle data which will execute arbitrary code during unpickling (See https://github.com/pytorch/pytorch/blob/main/SECURITY.md#untrusted-models for more details). In a future release, the default value for `weights_only` will be flipped to `True`. This limits the functions that could be executed during unpickling. Arbitrary objects will no longer be allowed to be loaded via this mode unless they are explicitly allowlisted by the user via `torch.serialization.add_safe_globals`. We recommend you start setting `weights_only=True` for any use case where you don't have full control of the loaded file. Please open an issue on GitHub for any issues related to this experimental feature.
  checkpoint = torch.load(checkpoint_path, map_location="cpu")
/autofs/nccs-svm1_home2/janetw/diffusion/ORBIT-2-sandbox/examples/era5_forecasting_sparsity.py:961: FutureWarning: You are using `torch.load` with `weights_only=False` (the current default value), which uses the default pickle module implicitly. It is possible to construct malicious pickle data which will execute arbitrary code during unpickling (See https://github.com/pytorch/pytorch/blob/main/SECURITY.md#untrusted-models for more details). In a future release, the default value for `weights_only` will be flipped to `True`. This limits the functions that could be executed during unpickling. Arbitrary objects will no longer be allowed to be loaded via this mode unless they are explicitly allowlisted by the user via `torch.serialization.add_safe_globals`. We recommend you start setting `weights_only=True` for any use case where you don't have full control of the loaded file. Please open an issue on GitHub for any issues related to this experimental feature.
  checkpoint = torch.load(checkpoint_path, map_location="cpu")
/autofs/nccs-svm1_home2/janetw/diffusion/ORBIT-2-sandbox/examples/era5_forecasting_sparsity.py:961: FutureWarning: You are using `torch.load` with `weights_only=False` (the current default value), which uses the default pickle module implicitly. It is possible to construct malicious pickle data which will execute arbitrary code during unpickling (See https://github.com/pytorch/pytorch/blob/main/SECURITY.md#untrusted-models for more details). In a future release, the default value for `weights_only` will be flipped to `True`. This limits the functions that could be executed during unpickling. Arbitrary objects will no longer be allowed to be loaded via this mode unless they are explicitly allowlisted by the user via `torch.serialization.add_safe_globals`. We recommend you start setting `weights_only=True` for any use case where you don't have full control of the loaded file. Please open an issue on GitHub for any issues related to this experimental feature.
  checkpoint = torch.load(checkpoint_path, map_location="cpu")
/autofs/nccs-svm1_home2/janetw/diffusion/ORBIT-2-sandbox/examples/era5_forecasting_sparsity.py:961: FutureWarning: You are using `torch.load` with `weights_only=False` (the current default value), which uses the default pickle module implicitly. It is possible to construct malicious pickle data which will execute arbitrary code during unpickling (See https://github.com/pytorch/pytorch/blob/main/SECURITY.md#untrusted-models for more details). In a future release, the default value for `weights_only` will be flipped to `True`. This limits the functions that could be executed during unpickling. Arbitrary objects will no longer be allowed to be loaded via this mode unless they are explicitly allowlisted by the user via `torch.serialization.add_safe_globals`. We recommend you start setting `weights_only=True` for any use case where you don't have full control of the loaded file. Please open an issue on GitHub for any issues related to this experimental feature.
  checkpoint = torch.load(checkpoint_path, map_location="cpu")
/autofs/nccs-svm1_home2/janetw/diffusion/ORBIT-2-sandbox/examples/era5_forecasting_sparsity.py:961: FutureWarning: You are using `torch.load` with `weights_only=False` (the current default value), which uses the default pickle module implicitly. It is possible to construct malicious pickle data which will execute arbitrary code during unpickling (See https://github.com/pytorch/pytorch/blob/main/SECURITY.md#untrusted-models for more details). In a future release, the default value for `weights_only` will be flipped to `True`. This limits the functions that could be executed during unpickling. Arbitrary objects will no longer be allowed to be loaded via this mode unless they are explicitly allowlisted by the user via `torch.serialization.add_safe_globals`. We recommend you start setting `weights_only=True` for any use case where you don't have full control of the loaded file. Please open an issue on GitHub for any issues related to this experimental feature.
  checkpoint = torch.load(checkpoint_path, map_location="cpu")
/autofs/nccs-svm1_home2/janetw/diffusion/ORBIT-2-sandbox/examples/era5_forecasting_sparsity.py:961: FutureWarning: You are using `torch.load` with `weights_only=False` (the current default value), which uses the default pickle module implicitly. It is possible to construct malicious pickle data which will execute arbitrary code during unpickling (See https://github.com/pytorch/pytorch/blob/main/SECURITY.md#untrusted-models for more details). In a future release, the default value for `weights_only` will be flipped to `True`. This limits the functions that could be executed during unpickling. Arbitrary objects will no longer be allowed to be loaded via this mode unless they are explicitly allowlisted by the user via `torch.serialization.add_safe_globals`. We recommend you start setting `weights_only=True` for any use case where you don't have full control of the loaded file. Please open an issue on GitHub for any issues related to this experimental feature.
  checkpoint = torch.load(checkpoint_path, map_location="cpu")
[Monthly Loader] 'v_component_of_wind_850': shape=(219, 1, 180, 360)
/lustre/orion/csc662/proj-shared/janet/miniconda3/envs/orbit_main/lib/python3.11/site-packages/torch/distributed/fsdp/wrap.py:491: FutureWarning: Please specify CheckpointImpl.NO_REENTRANT as CheckpointImpl.REENTRANT will soon be removed as the default and eventually deprecated.
  return wrapper_cls(module, **kwargs)
/lustre/orion/csc662/proj-shared/janet/miniconda3/envs/orbit_main/lib/python3.11/site-packages/torch/distributed/fsdp/wrap.py:491: FutureWarning: Please specify CheckpointImpl.NO_REENTRANT as CheckpointImpl.REENTRANT will soon be removed as the default and eventually deprecated.
  return wrapper_cls(module, **kwargs)
/lustre/orion/csc662/proj-shared/janet/miniconda3/envs/orbit_main/lib/python3.11/site-packages/torch/distributed/fsdp/wrap.py:491: FutureWarning: Please specify CheckpointImpl.NO_REENTRANT as CheckpointImpl.REENTRANT will soon be removed as the default and eventually deprecated.
  return wrapper_cls(module, **kwargs)
/autofs/nccs-svm1_home2/janetw/diffusion/ORBIT-2-sandbox/examples/era5_forecasting_sparsity.py:961: FutureWarning: You are using `torch.load` with `weights_only=False` (the current default value), which uses the default pickle module implicitly. It is possible to construct malicious pickle data which will execute arbitrary code during unpickling (See https://github.com/pytorch/pytorch/blob/main/SECURITY.md#untrusted-models for more details). In a future release, the default value for `weights_only` will be flipped to `True`. This limits the functions that could be executed during unpickling. Arbitrary objects will no longer be allowed to be loaded via this mode unless they are explicitly allowlisted by the user via `torch.serialization.add_safe_globals`. We recommend you start setting `weights_only=True` for any use case where you don't have full control of the loaded file. Please open an issue on GitHub for any issues related to this experimental feature.
  checkpoint = torch.load(checkpoint_path, map_location="cpu")
/autofs/nccs-svm1_home2/janetw/diffusion/ORBIT-2-sandbox/examples/era5_forecasting_sparsity.py:961: FutureWarning: You are using `torch.load` with `weights_only=False` (the current default value), which uses the default pickle module implicitly. It is possible to construct malicious pickle data which will execute arbitrary code during unpickling (See https://github.com/pytorch/pytorch/blob/main/SECURITY.md#untrusted-models for more details). In a future release, the default value for `weights_only` will be flipped to `True`. This limits the functions that could be executed during unpickling. Arbitrary objects will no longer be allowed to be loaded via this mode unless they are explicitly allowlisted by the user via `torch.serialization.add_safe_globals`. We recommend you start setting `weights_only=True` for any use case where you don't have full control of the loaded file. Please open an issue on GitHub for any issues related to this experimental feature.
  checkpoint = torch.load(checkpoint_path, map_location="cpu")
/autofs/nccs-svm1_home2/janetw/diffusion/ORBIT-2-sandbox/examples/era5_forecasting_sparsity.py:961: FutureWarning: You are using `torch.load` with `weights_only=False` (the current default value), which uses the default pickle module implicitly. It is possible to construct malicious pickle data which will execute arbitrary code during unpickling (See https://github.com/pytorch/pytorch/blob/main/SECURITY.md#untrusted-models for more details). In a future release, the default value for `weights_only` will be flipped to `True`. This limits the functions that could be executed during unpickling. Arbitrary objects will no longer be allowed to be loaded via this mode unless they are explicitly allowlisted by the user via `torch.serialization.add_safe_globals`. We recommend you start setting `weights_only=True` for any use case where you don't have full control of the loaded file. Please open an issue on GitHub for any issues related to this experimental feature.
  checkpoint = torch.load(checkpoint_path, map_location="cpu")
[Monthly Loader] 'temperature_250': shape=(219, 1, 180, 360)
[Monthly Loader] 'specific_humidity_500': shape=(219, 1, 180, 360)
[Monthly Loader] 'specific_humidity_925': shape=(219, 1, 180, 360)
[Monthly Loader] 'land_sea_mask': shape=(219, 1, 180, 360)
[Monthly Loader] 'orography': shape=(219, 1, 180, 360)
[Monthly Loader] 'specific_humidity_50': shape=(219, 1, 180, 360)
[Monthly Loader] 'geopotential_50': shape=(219, 1, 180, 360)
[Monthly Loader] 'temperature_850': shape=(219, 1, 180, 360)
[Monthly Loader] 'v_component_of_wind_500': shape=(219, 1, 180, 360)
[Monthly Loader] 'specific_humidity_600': shape=(219, 1, 180, 360)
[Monthly Loader] '2m_temperature': shape=(219, 1, 180, 360)
[Monthly Loader] 'temperature_600': shape=(219, 1, 180, 360)
[Monthly Loader] 'v_component_of_wind_700': shape=(219, 1, 180, 360)
[Monthly Loader] 'v_component_of_wind_250': shape=(219, 1, 180, 360)
[Monthly Loader] 'geopotential_600': shape=(219, 1, 180, 360)
[Monthly Loader] 'u_component_of_wind_925': shape=(219, 1, 180, 360)
[Monthly Loader] 'geopotential_700': shape=(219, 1, 180, 360)
[Monthly Loader] 'specific_humidity_250': shape=(219, 1, 180, 360)
[Monthly Loader] 'u_component_of_wind_600': shape=(219, 1, 180, 360)
[Monthly Loader] 'temperature_925': shape=(219, 1, 180, 360)
[Monthly Loader] 'temperature_700': shape=(219, 1, 180, 360)
[Monthly Loader] '10m_v_component_of_wind': shape=(219, 1, 180, 360)
[Monthly Loader] 'geopotential_925': shape=(219, 1, 180, 360)
[Monthly Loader] 'v_component_of_wind_925': shape=(219, 1, 180, 360)
[Monthly Loader] 'temperature_500': shape=(219, 1, 180, 360)
[Monthly Loader] 'geopotential_850': shape=(219, 1, 180, 360)
[Monthly Loader] 'specific_humidity_850': shape=(219, 1, 180, 360)
[Monthly Loader] 'specific_humidity_700': shape=(219, 1, 180, 360)
[Monthly Loader] 'geopotential_500': shape=(219, 1, 180, 360)
[Monthly Loader] 'u_component_of_wind_50': shape=(219, 1, 180, 360)
[Monthly Loader] 'u_component_of_wind_500': shape=(219, 1, 180, 360)
[Monthly Loader] 'u_component_of_wind_850': shape=(219, 1, 180, 360)
[Monthly Loader] 'v_component_of_wind_50': shape=(219, 1, 180, 360)
[Monthly Loader] 'v_component_of_wind_600': shape=(219, 1, 180, 360)
[Monthly Loader] 'u_component_of_wind_250': shape=(219, 1, 180, 360)
[Monthly Loader] 'temperature_50': shape=(219, 1, 180, 360)
[Monthly Loader] '10m_u_component_of_wind': shape=(219, 1, 180, 360)
[Rank 0] Assigned 5/81 monthly files (indices 0:5).
[Monthly Loader] Verifying variables in 2018_0.npz...
[Monthly Loader] Available variables: ['land_sea_mask', 'orography', '2m_temperature', '10m_u_component_of_wind', '10m_v_component_of_wind', 'mean_sea_level_pressure', 'surface_pressure', 'total_precipitation', 'sea_surface_temperature', 'geopotential_50', 'geopotential_100', 'geopotential_150', 'geopotential_200', 'geopotential_250', 'geopotential_300', 'geopotential_400', 'geopotential_500', 'geopotential_600', 'geopotential_700', 'geopotential_850', 'geopotential_925', 'geopotential_1000', 'u_component_of_wind_50', 'u_component_of_wind_100', 'u_component_of_wind_150', 'u_component_of_wind_200', 'u_component_of_wind_250', 'u_component_of_wind_300', 'u_component_of_wind_400', 'u_component_of_wind_500', 'u_component_of_wind_600', 'u_component_of_wind_700', 'u_component_of_wind_850', 'u_component_of_wind_925', 'u_component_of_wind_1000', 'v_component_of_wind_50', 'v_component_of_wind_100', 'v_component_of_wind_150', 'v_component_of_wind_200', 'v_component_of_wind_250', 'v_component_of_wind_300', 'v_component_of_wind_400', 'v_component_of_wind_500', 'v_component_of_wind_600', 'v_component_of_wind_700', 'v_component_of_wind_850', 'v_component_of_wind_925', 'v_component_of_wind_1000', 'temperature_50', 'temperature_100', 'temperature_150', 'temperature_200', 'temperature_250', 'temperature_300', 'temperature_400', 'temperature_500', 'temperature_600', 'temperature_700', 'temperature_850', 'temperature_925', 'temperature_1000', 'specific_humidity_50', 'specific_humidity_100', 'specific_humidity_150', 'specific_humidity_200', 'specific_humidity_250', 'specific_humidity_300', 'specific_humidity_400', 'specific_humidity_500', 'specific_humidity_600', 'specific_humidity_700', 'specific_humidity_850', 'specific_humidity_925', 'specific_humidity_1000', 'days_of_year', 'time_of_day', 'hrs_each_step', 'num_steps_per_shard', 'lattitude']
[Monthly Loader] 'geopotential_250': shape=(219, 1, 180, 360)
[Monthly Loader] 'u_component_of_wind_700': shape=(219, 1, 180, 360)
[Monthly Loader] 'v_component_of_wind_850': shape=(219, 1, 180, 360)
[Monthly Loader] 'temperature_250': shape=(219, 1, 180, 360)
[Monthly Loader] 'specific_humidity_500': shape=(219, 1, 180, 360)
[Monthly Loader] 'specific_humidity_925': shape=(219, 1, 180, 360)
[Monthly Loader] 'land_sea_mask': shape=(219, 1, 180, 360)
[Monthly Loader] 'orography': shape=(219, 1, 180, 360)
[Monthly Loader] 'specific_humidity_50': shape=(219, 1, 180, 360)
[Monthly Loader] 'geopotential_50': shape=(219, 1, 180, 360)
[Monthly Loader] 'temperature_850': shape=(219, 1, 180, 360)
[Monthly Loader] 'v_component_of_wind_500': shape=(219, 1, 180, 360)
[Monthly Loader] 'specific_humidity_600': shape=(219, 1, 180, 360)
[Monthly Loader] '2m_temperature': shape=(219, 1, 180, 360)
[Monthly Loader] 'temperature_600': shape=(219, 1, 180, 360)
[Monthly Loader] 'v_component_of_wind_700': shape=(219, 1, 180, 360)
[Monthly Loader] 'v_component_of_wind_250': shape=(219, 1, 180, 360)
[Monthly Loader] 'geopotential_600': shape=(219, 1, 180, 360)
[Monthly Loader] 'u_component_of_wind_925': shape=(219, 1, 180, 360)
[Monthly Loader] 'geopotential_700': shape=(219, 1, 180, 360)
[Monthly Loader] 'specific_humidity_250': shape=(219, 1, 180, 360)
[Monthly Loader] 'u_component_of_wind_600': shape=(219, 1, 180, 360)
[Monthly Loader] 'temperature_925': shape=(219, 1, 180, 360)
[Monthly Loader] 'temperature_700': shape=(219, 1, 180, 360)
[Monthly Loader] '10m_v_component_of_wind': shape=(219, 1, 180, 360)
[Monthly Loader] 'geopotential_925': shape=(219, 1, 180, 360)
[Monthly Loader] 'v_component_of_wind_925': shape=(219, 1, 180, 360)
[Monthly Loader] 'temperature_500': shape=(219, 1, 180, 360)
[Monthly Loader] 'geopotential_850': shape=(219, 1, 180, 360)
[Monthly Loader] 'specific_humidity_850': shape=(219, 1, 180, 360)
[Monthly Loader] 'specific_humidity_700': shape=(219, 1, 180, 360)
[Monthly Loader] 'geopotential_500': shape=(219, 1, 180, 360)
[Monthly Loader] 'u_component_of_wind_50': shape=(219, 1, 180, 360)
[Monthly Loader] 'u_component_of_wind_500': shape=(219, 1, 180, 360)
[Monthly Loader] 'u_component_of_wind_850': shape=(219, 1, 180, 360)
[Monthly Loader] 'v_component_of_wind_50': shape=(219, 1, 180, 360)
[Monthly Loader] 'v_component_of_wind_600': shape=(219, 1, 180, 360)
[Monthly Loader] 'u_component_of_wind_250': shape=(219, 1, 180, 360)
[Monthly Loader] 'temperature_50': shape=(219, 1, 180, 360)
[Monthly Loader] '10m_u_component_of_wind': shape=(219, 1, 180, 360)

[DEBUG] Data module created, creating model...
Creating model: res_slimvit
Model config: img_size=(180, 360), in_channels=40, out_channels=4, history=1, superres_factor=1
Model parameters: 14.23M
[DEBUG] Model created, setting up FSDP...
[DEBUG] Starting FSDP wrapping...
[DEBUG] FSDP wrapping completed. Model parameters: 0.89M
/lustre/orion/csc662/proj-shared/janet/miniconda3/envs/orbit_main/lib/python3.11/site-packages/torch/distributed/fsdp/wrap.py:491: FutureWarning: Please specify CheckpointImpl.NO_REENTRANT as CheckpointImpl.REENTRANT will soon be removed as the default and eventually deprecated.
  return wrapper_cls(module, **kwargs)
[DEBUG] FSDP wrapping completed, now creating losses (this may take several minutes)...
[DEBUG] Loading training climatology for lat_mse (this may take a while)...
[DEBUG] Training climatology loaded
[DEBUG] Loading validation climatology...
[DEBUG] Validation climatology loaded
Using lat_mse for training loss
Loss functions created successfully
[DEBUG] Losses created successfully
Loading checkpoint from: /lustre/orion/csc662/proj-shared/janet/forecasting/orbit_main/era5_forecasting_1.0_deg_sprint_disabled_antialias=True_input_refine_cnn=True_interpolation=False/checkpoint_epoch_0001.pt
/autofs/nccs-svm1_home2/janetw/diffusion/ORBIT-2-sandbox/examples/era5_forecasting_sparsity.py:961: FutureWarning: You are using `torch.load` with `weights_only=False` (the current default value), which uses the default pickle module implicitly. It is possible to construct malicious pickle data which will execute arbitrary code during unpickling (See https://github.com/pytorch/pytorch/blob/main/SECURITY.md#untrusted-models for more details). In a future release, the default value for `weights_only` will be flipped to `True`. This limits the functions that could be executed during unpickling. Arbitrary objects will no longer be allowed to be loaded via this mode unless they are explicitly allowlisted by the user via `torch.serialization.add_safe_globals`. We recommend you start setting `weights_only=True` for any use case where you don't have full control of the loaded file. Please open an issue on GitHub for any issues related to this experimental feature.
  checkpoint = torch.load(checkpoint_path, map_location="cpu")
Resumed from epoch 1
[DEBUG] Random token selection mode — no aux_difficulty_head

================================================================================
Starting epoch 2
================================================================================

/lustre/orion/csc662/proj-shared/janet/miniconda3/envs/orbit_main/lib/python3.11/site-packages/torch/utils/checkpoint.py:295: FutureWarning: `torch.cpu.amp.autocast(args...)` is deprecated. Please use `torch.amp.autocast('cpu', args...)` instead.
  with torch.enable_grad(), device_autocast_ctx, torch.cpu.amp.autocast(**ctx.cpu_autocast_kwargs):  # type: ignore[attr-defined]
/lustre/orion/csc662/proj-shared/janet/miniconda3/envs/orbit_main/lib/python3.11/site-packages/torch/utils/checkpoint.py:295: FutureWarning: `torch.cpu.amp.autocast(args...)` is deprecated. Please use `torch.amp.autocast('cpu', args...)` instead.
  with torch.enable_grad(), device_autocast_ctx, torch.cpu.amp.autocast(**ctx.cpu_autocast_kwargs):  # type: ignore[attr-defined]
/lustre/orion/csc662/proj-shared/janet/miniconda3/envs/orbit_main/lib/python3.11/site-packages/torch/utils/checkpoint.py:295: FutureWarning: `torch.cpu.amp.autocast(args...)` is deprecated. Please use `torch.amp.autocast('cpu', args...)` instead.
  with torch.enable_grad(), device_autocast_ctx, torch.cpu.amp.autocast(**ctx.cpu_autocast_kwargs):  # type: ignore[attr-defined]
/lustre/orion/csc662/proj-shared/janet/miniconda3/envs/orbit_main/lib/python3.11/site-packages/torch/utils/checkpoint.py:295: FutureWarning: `torch.cpu.amp.autocast(args...)` is deprecated. Please use `torch.amp.autocast('cpu', args...)` instead.
  with torch.enable_grad(), device_autocast_ctx, torch.cpu.amp.autocast(**ctx.cpu_autocast_kwargs):  # type: ignore[attr-defined]
/lustre/orion/csc662/proj-shared/janet/miniconda3/envs/orbit_main/lib/python3.11/site-packages/torch/utils/checkpoint.py:295: FutureWarning: `torch.cpu.amp.autocast(args...)` is deprecated. Please use `torch.amp.autocast('cpu', args...)` instead.
  with torch.enable_grad(), device_autocast_ctx, torch.cpu.amp.autocast(**ctx.cpu_autocast_kwargs):  # type: ignore[attr-defined]
/lustre/orion/csc662/proj-shared/janet/miniconda3/envs/orbit_main/lib/python3.11/site-packages/torch/utils/checkpoint.py:295: FutureWarning: `torch.cpu.amp.autocast(args...)` is deprecated. Please use `torch.amp.autocast('cpu', args...)` instead.
  with torch.enable_grad(), device_autocast_ctx, torch.cpu.amp.autocast(**ctx.cpu_autocast_kwargs):  # type: ignore[attr-defined]
/lustre/orion/csc662/proj-shared/janet/miniconda3/envs/orbit_main/lib/python3.11/site-packages/torch/utils/checkpoint.py:295: FutureWarning: `torch.cpu.amp.autocast(args...)` is deprecated. Please use `torch.amp.autocast('cpu', args...)` instead.
  with torch.enable_grad(), device_autocast_ctx, torch.cpu.amp.autocast(**ctx.cpu_autocast_kwargs):  # type: ignore[attr-defined]
/lustre/orion/csc662/proj-shared/janet/miniconda3/envs/orbit_main/lib/python3.11/site-packages/torch/utils/checkpoint.py:295: FutureWarning: `torch.cpu.amp.autocast(args...)` is deprecated. Please use `torch.amp.autocast('cpu', args...)` instead.
  with torch.enable_grad(), device_autocast_ctx, torch.cpu.amp.autocast(**ctx.cpu_autocast_kwargs):  # type: ignore[attr-defined]
/lustre/orion/csc662/proj-shared/janet/miniconda3/envs/orbit_main/lib/python3.11/site-packages/torch/utils/checkpoint.py:295: FutureWarning: `torch.cpu.amp.autocast(args...)` is deprecated. Please use `torch.amp.autocast('cpu', args...)` instead.
  with torch.enable_grad(), device_autocast_ctx, torch.cpu.amp.autocast(**ctx.cpu_autocast_kwargs):  # type: ignore[attr-defined]
/lustre/orion/csc662/proj-shared/janet/miniconda3/envs/orbit_main/lib/python3.11/site-packages/torch/utils/checkpoint.py:295: FutureWarning: `torch.cpu.amp.autocast(args...)` is deprecated. Please use `torch.amp.autocast('cpu', args...)` instead.
  with torch.enable_grad(), device_autocast_ctx, torch.cpu.amp.autocast(**ctx.cpu_autocast_kwargs):  # type: ignore[attr-defined]
/lustre/orion/csc662/proj-shared/janet/miniconda3/envs/orbit_main/lib/python3.11/site-packages/torch/utils/checkpoint.py:295: FutureWarning: `torch.cpu.amp.autocast(args...)` is deprecated. Please use `torch.amp.autocast('cpu', args...)` instead.
  with torch.enable_grad(), device_autocast_ctx, torch.cpu.amp.autocast(**ctx.cpu_autocast_kwargs):  # type: ignore[attr-defined]
/lustre/orion/csc662/proj-shared/janet/miniconda3/envs/orbit_main/lib/python3.11/site-packages/torch/utils/checkpoint.py:295: FutureWarning: `torch.cpu.amp.autocast(args...)` is deprecated. Please use `torch.amp.autocast('cpu', args...)` instead.
  with torch.enable_grad(), device_autocast_ctx, torch.cpu.amp.autocast(**ctx.cpu_autocast_kwargs):  # type: ignore[attr-defined]
/lustre/orion/csc662/proj-shared/janet/miniconda3/envs/orbit_main/lib/python3.11/site-packages/torch/utils/checkpoint.py:295: FutureWarning: `torch.cpu.amp.autocast(args...)` is deprecated. Please use `torch.amp.autocast('cpu', args...)` instead.
  with torch.enable_grad(), device_autocast_ctx, torch.cpu.amp.autocast(**ctx.cpu_autocast_kwargs):  # type: ignore[attr-defined]
/lustre/orion/csc662/proj-shared/janet/miniconda3/envs/orbit_main/lib/python3.11/site-packages/torch/utils/checkpoint.py:295: FutureWarning: `torch.cpu.amp.autocast(args...)` is deprecated. Please use `torch.amp.autocast('cpu', args...)` instead.
  with torch.enable_grad(), device_autocast_ctx, torch.cpu.amp.autocast(**ctx.cpu_autocast_kwargs):  # type: ignore[attr-defined]
/lustre/orion/csc662/proj-shared/janet/miniconda3/envs/orbit_main/lib/python3.11/site-packages/torch/utils/checkpoint.py:295: FutureWarning: `torch.cpu.amp.autocast(args...)` is deprecated. Please use `torch.amp.autocast('cpu', args...)` instead.
  with torch.enable_grad(), device_autocast_ctx, torch.cpu.amp.autocast(**ctx.cpu_autocast_kwargs):  # type: ignore[attr-defined]
/lustre/orion/csc662/proj-shared/janet/miniconda3/envs/orbit_main/lib/python3.11/site-packages/torch/utils/checkpoint.py:295: FutureWarning: `torch.cpu.amp.autocast(args...)` is deprecated. Please use `torch.amp.autocast('cpu', args...)` instead.
  with torch.enable_grad(), device_autocast_ctx, torch.cpu.amp.autocast(**ctx.cpu_autocast_kwargs):  # type: ignore[attr-defined]
[E2 B0] loss=0.21701 time=40.188s | diff=N/A (DIAG empty) | mem=0.0GB

======================================================================
 Parameter Breakdown
======================================================================
  Decoder Head                                0.000M  (           0)
  Token Embeddings                            0.000M  (           0)
  Variable Aggregation                        0.000M  (           0)
  Other (pos_embed, var_embed, etc.)          0.889M  (     889,481)
  ────────────────────────────────────────────────────────────
  TOTAL                                       0.889M  (     889,481)
======================================================================

Epoch 2 | Batch 0 | Loss: 0.217014 | Time: 40.190s | LR: 2.30e-03
rank 0 Batch 0 Allocated: 0.01GB, Max Allocated: 26.14GB, Reserved: 0.28GB
Epoch 2 | Batch 10 | Loss: 0.209663 | Time: 21.697s | LR: 2.30e-03
rank 0 Batch 10 Allocated: 0.01GB, Max Allocated: 26.14GB, Reserved: 41.05GB
Epoch 2 | Batch 20 | Loss: 0.236072 | Time: 20.891s | LR: 2.30e-03
rank 0 Batch 20 Allocated: 0.01GB, Max Allocated: 26.14GB, Reserved: 41.05GB
Epoch 2 | Batch 30 | Loss: 0.217842 | Time: 20.879s | LR: 2.30e-03
rank 0 Batch 30 Allocated: 0.01GB, Max Allocated: 26.14GB, Reserved: 41.05GB
Epoch 2 | Batch 40 | Loss: 0.212977 | Time: 20.857s | LR: 2.30e-03
rank 0 Batch 40 Allocated: 0.01GB, Max Allocated: 26.14GB, Reserved: 41.05GB
[E2 B50] loss=0.19733 time=20.846s | diff=N/A (DIAG empty) | mem=0.0GB
Epoch 2 | Batch 50 | Loss: 0.197329 | Time: 20.846s | LR: 2.30e-03
rank 0 Batch 50 Allocated: 0.01GB, Max Allocated: 26.14GB, Reserved: 41.05GB
Epoch 2 | Batch 60 | Loss: 0.230557 | Time: 20.864s | LR: 2.30e-03
rank 0 Batch 60 Allocated: 0.01GB, Max Allocated: 26.14GB, Reserved: 41.05GB
Epoch 2 | Batch 70 | Loss: 0.205234 | Time: 21.055s | LR: 2.30e-03
rank 0 Batch 70 Allocated: 0.01GB, Max Allocated: 26.14GB, Reserved: 41.05GB
Epoch 2 | Batch 80 | Loss: 0.203787 | Time: 20.858s | LR: 2.30e-03
rank 0 Batch 80 Allocated: 0.01GB, Max Allocated: 26.14GB, Reserved: 41.05GB
Epoch 2 | Batch 90 | Loss: 0.207344 | Time: 20.865s | LR: 2.30e-03
rank 0 Batch 90 Allocated: 0.01GB, Max Allocated: 26.14GB, Reserved: 41.05GB
[E2 B100] loss=0.20027 time=20.834s | diff=N/A (DIAG empty) | mem=0.0GB
Epoch 2 | Batch 100 | Loss: 0.200275 | Time: 20.834s | LR: 2.30e-03
rank 0 Batch 100 Allocated: 0.01GB, Max Allocated: 26.14GB, Reserved: 41.05GB
[Monthly Loader] Epoch complete. Yielded 1649 samples.

================================================================================
Epoch 2 completed | Average Loss: 0.211587
================================================================================


======================================================================
 Epoch 2 Summary (Adaptive Sparsity)
======================================================================
  loss                                = 0.209304  (n=104)
  step_time_sec                       = 21.017036  (n=104)
  gpu_mem_allocated_gb                = 0.015000  (n=104)
  gpu_mem_max_allocated_gb            = 28.067000  (n=104)
======================================================================

rank 0 Before saving checkpoint Allocated: 0.01GB, Max Allocated: 26.14GB, Reserved: 0.14GB
Saved checkpoint to: /lustre/orion/csc662/proj-shared/janet/forecasting/orbit_main/era5_forecasting_1.0_deg_sprint_disabled_antialias=True_input_refine_cnn=True_interpolation=False/checkpoint_epoch_0002.pt
rank 0 After saving checkpoint Allocated: 0.01GB, Max Allocated: 26.14GB, Reserved: 0.14GB

================================================================================
Starting epoch 3
================================================================================

[E3 B0] loss=0.19430 time=21.125s | diff=N/A (DIAG empty) | mem=0.0GB
Epoch 3 | Batch 0 | Loss: 0.194303 | Time: 21.125s | LR: 3.45e-03
rank 0 Batch 0 Allocated: 0.01GB, Max Allocated: 26.14GB, Reserved: 41.07GB
Epoch 3 | Batch 10 | Loss: 0.193585 | Time: 21.063s | LR: 3.45e-03
rank 0 Batch 10 Allocated: 0.01GB, Max Allocated: 26.14GB, Reserved: 41.07GB
Epoch 3 | Batch 20 | Loss: 0.207022 | Time: 20.835s | LR: 3.45e-03
rank 0 Batch 20 Allocated: 0.01GB, Max Allocated: 26.14GB, Reserved: 41.07GB
Epoch 3 | Batch 30 | Loss: 0.210225 | Time: 20.855s | LR: 3.45e-03
rank 0 Batch 30 Allocated: 0.01GB, Max Allocated: 26.14GB, Reserved: 41.07GB
Epoch 3 | Batch 40 | Loss: 0.211950 | Time: 20.893s | LR: 3.45e-03
rank 0 Batch 40 Allocated: 0.01GB, Max Allocated: 26.14GB, Reserved: 41.07GB
[E3 B50] loss=0.18861 time=21.239s | diff=N/A (DIAG empty) | mem=0.0GB
Epoch 3 | Batch 50 | Loss: 0.188611 | Time: 21.240s | LR: 3.45e-03
rank 0 Batch 50 Allocated: 0.01GB, Max Allocated: 26.14GB, Reserved: 41.07GB
Epoch 3 | Batch 60 | Loss: 0.185736 | Time: 20.906s | LR: 3.45e-03
rank 0 Batch 60 Allocated: 0.01GB, Max Allocated: 26.14GB, Reserved: 41.07GB
srun: Job step aborted: Waiting up to 32 seconds for job step to finish.
slurmstepd: error: *** STEP 4156022.0 ON frontier00692 CANCELLED AT 2026-02-27T18:48:21 DUE TO TIME LIMIT ***
slurmstepd: error: *** JOB 4156022 ON frontier00692 CANCELLED AT 2026-02-27T18:48:21 DUE TO TIME LIMIT ***
