
Lmod is automatically replacing "cce/18.0.1" with "gcc-native/14.2".


Lmod is automatically replacing "PrgEnv-cray/8.6.0" with "PrgEnv-gnu/8.6.0".


Inactive Modules:
  1) darshan-runtime

Due to MODULEPATH changes, the following have been reloaded:
  1) cray-libsci/24.11.0     2) cray-mpich/8.1.31


Lmod is automatically replacing "gcc-native/14.2" with "gcc/12.2.0".


The following have been reloaded with a version change:
  1) cray-libsci/24.11.0 => cray-libsci/23.09.1.1
  2) cray-mpich/8.1.31 => cray-mpich/8.1.27
  3) libfabric/1.22.0 => libfabric/1.20.1

Job started at: Sat Jan 24 07:24:57 PM EST 2026
Job ID: 4068113
Running on nodes: frontier[09059,09086]
Number of tasks: 16
Number of nodes: 2
WARNING[XFORMERS]: xFormers can't load C++/CUDA extensions. xFormers was built for:
    PyTorch 2.4.1+cu121 with CUDA 1201 (you have 2.4.1+rocm6.0)
    Python  3.11.10 (you have 3.11.14)
  Please reinstall xformers (see https://github.com/facebookresearch/xformers#installing-xformers)
  Memory-efficient attention, SwiGLU, sparse and more won't be available.
  Set XFORMERS_MORE_DETAILS=1 for more details
/ccs/home/janetw/diffusion/ORBIT-2-sandbox/src/climate_learn/models/hub/components/attention.py:10: FutureWarning: xformers.components is deprecated and is not maintained anymore. It might be removed in a future version of xFormers 
  from xformers.components.attention.core import scaled_dot_product_attention as xformers_sdpa
[W124 19:27:08.929976909 socket.cpp:697] [c10d] The client socket cannot be initialized to connect to [frontier09059.frontier.olcf.ornl.gov]:29500 (errno: 97 - Address family not supported by protocol).
WARNING[XFORMERS]: xFormers can't load C++/CUDA extensions. xFormers was built for:
    PyTorch 2.4.1+cu121 with CUDA 1201 (you have 2.4.1+rocm6.0)
    Python  3.11.10 (you have 3.11.14)
  Please reinstall xformers (see https://github.com/facebookresearch/xformers#installing-xformers)
  Memory-efficient attention, SwiGLU, sparse and more won't be available.
  Set XFORMERS_MORE_DETAILS=1 for more details
WARNING[XFORMERS]: xFormers can't load C++/CUDA extensions. xFormers was built for:
    PyTorch 2.4.1+cu121 with CUDA 1201 (you have 2.4.1+rocm6.0)
    Python  3.11.10 (you have 3.11.14)
  Please reinstall xformers (see https://github.com/facebookresearch/xformers#installing-xformers)
  Memory-efficient attention, SwiGLU, sparse and more won't be available.
  Set XFORMERS_MORE_DETAILS=1 for more details
/ccs/home/janetw/diffusion/ORBIT-2-sandbox/src/climate_learn/models/hub/components/attention.py:10: FutureWarning: xformers.components is deprecated and is not maintained anymore. It might be removed in a future version of xFormers 
  from xformers.components.attention.core import scaled_dot_product_attention as xformers_sdpa
/ccs/home/janetw/diffusion/ORBIT-2-sandbox/src/climate_learn/models/hub/components/attention.py:10: FutureWarning: xformers.components is deprecated and is not maintained anymore. It might be removed in a future version of xFormers 
  from xformers.components.attention.core import scaled_dot_product_attention as xformers_sdpa
[W124 19:27:27.490373271 socket.cpp:697] [c10d] The client socket cannot be initialized to connect to [frontier09059.frontier.olcf.ornl.gov]:29500 (errno: 97 - Address family not supported by protocol).
DDStore loading error!!
Initialized process group. world_size=16
world_size=16, world_rank=8, local_rank=0
use_ddstore is : 0
[Rank 8] Assigned 2/40 monthly files.
WARNING[XFORMERS]: xFormers can't load C++/CUDA extensions. xFormers was built for:
    PyTorch 2.4.1+cu121 with CUDA 1201 (you have 2.4.1+rocm6.0)
    Python  3.11.10 (you have 3.11.14)
  Please reinstall xformers (see https://github.com/facebookresearch/xformers#installing-xformers)
  Memory-efficient attention, SwiGLU, sparse and more won't be available.
  Set XFORMERS_MORE_DETAILS=1 for more details
WARNING[XFORMERS]: xFormers can't load C++/CUDA extensions. xFormers was built for:
    PyTorch 2.4.1+cu121 with CUDA 1201 (you have 2.4.1+rocm6.0)
    Python  3.11.10 (you have 3.11.14)
  Please reinstall xformers (see https://github.com/facebookresearch/xformers#installing-xformers)
  Memory-efficient attention, SwiGLU, sparse and more won't be available.
  Set XFORMERS_MORE_DETAILS=1 for more details
/ccs/home/janetw/diffusion/ORBIT-2-sandbox/src/climate_learn/models/hub/components/attention.py:10: FutureWarning: xformers.components is deprecated and is not maintained anymore. It might be removed in a future version of xFormers 
  from xformers.components.attention.core import scaled_dot_product_attention as xformers_sdpa
/ccs/home/janetw/diffusion/ORBIT-2-sandbox/src/climate_learn/models/hub/components/attention.py:10: FutureWarning: xformers.components is deprecated and is not maintained anymore. It might be removed in a future version of xFormers 
  from xformers.components.attention.core import scaled_dot_product_attention as xformers_sdpa
WARNING[XFORMERS]: xFormers can't load C++/CUDA extensions. xFormers was built for:
    PyTorch 2.4.1+cu121 with CUDA 1201 (you have 2.4.1+rocm6.0)
    Python  3.11.10 (you have 3.11.14)
  Please reinstall xformers (see https://github.com/facebookresearch/xformers#installing-xformers)
  Memory-efficient attention, SwiGLU, sparse and more won't be available.
  Set XFORMERS_MORE_DETAILS=1 for more details
WARNING[XFORMERS]: xFormers can't load C++/CUDA extensions. xFormers was built for:
    PyTorch 2.4.1+cu121 with CUDA 1201 (you have 2.4.1+rocm6.0)
    Python  3.11.10 (you have 3.11.14)
  Please reinstall xformers (see https://github.com/facebookresearch/xformers#installing-xformers)
  Memory-efficient attention, SwiGLU, sparse and more won't be available.
  Set XFORMERS_MORE_DETAILS=1 for more details
[W124 19:27:34.639385866 socket.cpp:697] [c10d] The client socket cannot be initialized to connect to [frontier09059.frontier.olcf.ornl.gov]:29500 (errno: 97 - Address family not supported by protocol).
DDStore loading error!!
Initialized process group. world_size=16
world_size=16, world_rank=4, local_rank=4
use_ddstore is : 0
[Rank 4] Assigned 3/40 monthly files.
WARNING[XFORMERS]: xFormers can't load C++/CUDA extensions. xFormers was built for:
    PyTorch 2.4.1+cu121 with CUDA 1201 (you have 2.4.1+rocm6.0)
    Python  3.11.10 (you have 3.11.14)
  Please reinstall xformers (see https://github.com/facebookresearch/xformers#installing-xformers)
  Memory-efficient attention, SwiGLU, sparse and more won't be available.
  Set XFORMERS_MORE_DETAILS=1 for more details
/ccs/home/janetw/diffusion/ORBIT-2-sandbox/src/climate_learn/models/hub/components/attention.py:10: FutureWarning: xformers.components is deprecated and is not maintained anymore. It might be removed in a future version of xFormers 
  from xformers.components.attention.core import scaled_dot_product_attention as xformers_sdpa
WARNING[XFORMERS]: xFormers can't load C++/CUDA extensions. xFormers was built for:
    PyTorch 2.4.1+cu121 with CUDA 1201 (you have 2.4.1+rocm6.0)
    Python  3.11.10 (you have 3.11.14)
  Please reinstall xformers (see https://github.com/facebookresearch/xformers#installing-xformers)
  Memory-efficient attention, SwiGLU, sparse and more won't be available.
  Set XFORMERS_MORE_DETAILS=1 for more details
WARNING[XFORMERS]: xFormers can't load C++/CUDA extensions. xFormers was built for:
    PyTorch 2.4.1+cu121 with CUDA 1201 (you have 2.4.1+rocm6.0)
    Python  3.11.10 (you have 3.11.14)
  Please reinstall xformers (see https://github.com/facebookresearch/xformers#installing-xformers)
  Memory-efficient attention, SwiGLU, sparse and more won't be available.
  Set XFORMERS_MORE_DETAILS=1 for more details
WARNING[XFORMERS]: xFormers can't load C++/CUDA extensions. xFormers was built for:
    PyTorch 2.4.1+cu121 with CUDA 1201 (you have 2.4.1+rocm6.0)
    Python  3.11.10 (you have 3.11.14)
  Please reinstall xformers (see https://github.com/facebookresearch/xformers#installing-xformers)
  Memory-efficient attention, SwiGLU, sparse and more won't be available.
  Set XFORMERS_MORE_DETAILS=1 for more details
/ccs/home/janetw/diffusion/ORBIT-2-sandbox/src/climate_learn/models/hub/components/attention.py:10: FutureWarning: xformers.components is deprecated and is not maintained anymore. It might be removed in a future version of xFormers 
  from xformers.components.attention.core import scaled_dot_product_attention as xformers_sdpa
WARNING[XFORMERS]: xFormers can't load C++/CUDA extensions. xFormers was built for:
    PyTorch 2.4.1+cu121 with CUDA 1201 (you have 2.4.1+rocm6.0)
    Python  3.11.10 (you have 3.11.14)
  Please reinstall xformers (see https://github.com/facebookresearch/xformers#installing-xformers)
  Memory-efficient attention, SwiGLU, sparse and more won't be available.
  Set XFORMERS_MORE_DETAILS=1 for more details
[W124 19:27:39.493992812 socket.cpp:697] [c10d] The client socket cannot be initialized to connect to [frontier09059.frontier.olcf.ornl.gov]:29500 (errno: 97 - Address family not supported by protocol).
DDStore loading error!!
Initialized process group. world_size=16
world_size=16, world_rank=12, local_rank=4
[W124 19:27:39.981371241 socket.cpp:697] [c10d] The client socket cannot be initialized to connect to [frontier09059.frontier.olcf.ornl.gov]:29500 (errno: 97 - Address family not supported by protocol).
DDStore loading error!!
Initialized process group. world_size=16
world_size=16, world_rank=14, local_rank=6
use_ddstore is : 0
[Rank 12] Assigned 2/40 monthly files.
use_ddstore is : 0
[Rank 14] Assigned 2/40 monthly files.
/ccs/home/janetw/diffusion/ORBIT-2-sandbox/src/climate_learn/models/hub/components/attention.py:10: FutureWarning: xformers.components is deprecated and is not maintained anymore. It might be removed in a future version of xFormers 
  from xformers.components.attention.core import scaled_dot_product_attention as xformers_sdpa
/ccs/home/janetw/diffusion/ORBIT-2-sandbox/src/climate_learn/models/hub/components/attention.py:10: FutureWarning: xformers.components is deprecated and is not maintained anymore. It might be removed in a future version of xFormers 
  from xformers.components.attention.core import scaled_dot_product_attention as xformers_sdpa
/ccs/home/janetw/diffusion/ORBIT-2-sandbox/src/climate_learn/models/hub/components/attention.py:10: FutureWarning: xformers.components is deprecated and is not maintained anymore. It might be removed in a future version of xFormers 
  from xformers.components.attention.core import scaled_dot_product_attention as xformers_sdpa
/ccs/home/janetw/diffusion/ORBIT-2-sandbox/src/climate_learn/models/hub/components/attention.py:10: FutureWarning: xformers.components is deprecated and is not maintained anymore. It might be removed in a future version of xFormers 
  from xformers.components.attention.core import scaled_dot_product_attention as xformers_sdpa
/ccs/home/janetw/diffusion/ORBIT-2-sandbox/src/climate_learn/models/hub/components/attention.py:10: FutureWarning: xformers.components is deprecated and is not maintained anymore. It might be removed in a future version of xFormers 
  from xformers.components.attention.core import scaled_dot_product_attention as xformers_sdpa
WARNING[XFORMERS]: xFormers can't load C++/CUDA extensions. xFormers was built for:
    PyTorch 2.4.1+cu121 with CUDA 1201 (you have 2.4.1+rocm6.0)
    Python  3.11.10 (you have 3.11.14)
  Please reinstall xformers (see https://github.com/facebookresearch/xformers#installing-xformers)
  Memory-efficient attention, SwiGLU, sparse and more won't be available.
  Set XFORMERS_MORE_DETAILS=1 for more details
WARNING[XFORMERS]: xFormers can't load C++/CUDA extensions. xFormers was built for:
    PyTorch 2.4.1+cu121 with CUDA 1201 (you have 2.4.1+rocm6.0)
    Python  3.11.10 (you have 3.11.14)
  Please reinstall xformers (see https://github.com/facebookresearch/xformers#installing-xformers)
  Memory-efficient attention, SwiGLU, sparse and more won't be available.
  Set XFORMERS_MORE_DETAILS=1 for more details
WARNING[XFORMERS]: xFormers can't load C++/CUDA extensions. xFormers was built for:
    PyTorch 2.4.1+cu121 with CUDA 1201 (you have 2.4.1+rocm6.0)
    Python  3.11.10 (you have 3.11.14)
  Please reinstall xformers (see https://github.com/facebookresearch/xformers#installing-xformers)
  Memory-efficient attention, SwiGLU, sparse and more won't be available.
  Set XFORMERS_MORE_DETAILS=1 for more details
[W124 19:27:44.566126544 socket.cpp:697] [c10d] The client socket cannot be initialized to connect to [frontier09059.frontier.olcf.ornl.gov]:29500 (errno: 97 - Address family not supported by protocol).
DDStore loading error!!
Initialized process group. world_size=16
world_size=16, world_rank=13, local_rank=5
use_ddstore is : 0
[Rank 13] Assigned 2/40 monthly files.
/ccs/home/janetw/diffusion/ORBIT-2-sandbox/src/climate_learn/models/hub/components/attention.py:10: FutureWarning: xformers.components is deprecated and is not maintained anymore. It might be removed in a future version of xFormers 
  from xformers.components.attention.core import scaled_dot_product_attention as xformers_sdpa
/ccs/home/janetw/diffusion/ORBIT-2-sandbox/src/climate_learn/models/hub/components/attention.py:10: FutureWarning: xformers.components is deprecated and is not maintained anymore. It might be removed in a future version of xFormers 
  from xformers.components.attention.core import scaled_dot_product_attention as xformers_sdpa
WARNING[XFORMERS]: xFormers can't load C++/CUDA extensions. xFormers was built for:
    PyTorch 2.4.1+cu121 with CUDA 1201 (you have 2.4.1+rocm6.0)
    Python  3.11.10 (you have 3.11.14)
  Please reinstall xformers (see https://github.com/facebookresearch/xformers#installing-xformers)
  Memory-efficient attention, SwiGLU, sparse and more won't be available.
  Set XFORMERS_MORE_DETAILS=1 for more details
/ccs/home/janetw/diffusion/ORBIT-2-sandbox/src/climate_learn/models/hub/components/attention.py:10: FutureWarning: xformers.components is deprecated and is not maintained anymore. It might be removed in a future version of xFormers 
  from xformers.components.attention.core import scaled_dot_product_attention as xformers_sdpa
[W124 19:27:47.602289285 socket.cpp:697] [c10d] The client socket cannot be initialized to connect to [frontier09059.frontier.olcf.ornl.gov]:29500 (errno: 97 - Address family not supported by protocol).
DDStore loading error!!
Initialized process group. world_size=16
world_size=16, world_rank=10, local_rank=2
[W124 19:27:47.779803795 socket.cpp:697] [c10d] The client socket cannot be initialized to connect to [frontier09059.frontier.olcf.ornl.gov]:29500 (errno: 97 - Address family not supported by protocol).
DDStore loading error!!
Initialized process group. world_size=16
world_size=16, world_rank=15, local_rank=7
use_ddstore is : 0
[Rank 10] Assigned 2/40 monthly files.
use_ddstore is : 0
[Rank 15] Assigned 2/40 monthly files.
/ccs/home/janetw/diffusion/ORBIT-2-sandbox/src/climate_learn/models/hub/components/attention.py:10: FutureWarning: xformers.components is deprecated and is not maintained anymore. It might be removed in a future version of xFormers 
  from xformers.components.attention.core import scaled_dot_product_attention as xformers_sdpa
[W124 19:27:50.962471542 socket.cpp:697] [c10d] The client socket cannot be initialized to connect to [frontier09059.frontier.olcf.ornl.gov]:29500 (errno: 97 - Address family not supported by protocol).
DDStore loading error!!
Initialized process group. world_size=16
world_size=16, world_rank=5, local_rank=5
[W124 19:27:50.971402160 socket.cpp:697] [c10d] The client socket cannot be initialized to connect to [frontier09059.frontier.olcf.ornl.gov]:29500 (errno: 97 - Address family not supported by protocol).
DDStore loading error!!
Initialized process group. world_size=16
world_size=16, world_rank=9, local_rank=1
use_ddstore is : 0
[Rank 9] Assigned 2/40 monthly files.
[W124 19:27:51.554182628 socket.cpp:697] [c10d] The client socket cannot be initialized to connect to [frontier09059.frontier.olcf.ornl.gov]:29500 (errno: 97 - Address family not supported by protocol).
DDStore loading error!!
Initialized process group. world_size=16
world_size=16, world_rank=11, local_rank=3
use_ddstore is : 0
[Rank 5] Assigned 3/40 monthly files.
[W124 19:27:51.951158017 socket.cpp:697] [c10d] The client socket cannot be initialized to connect to [frontier09059.frontier.olcf.ornl.gov]:29500 (errno: 97 - Address family not supported by protocol).
DDStore loading error!!
Initialized process group. world_size=16
world_size=16, world_rank=2, local_rank=2
[W124 19:27:51.328325158 socket.cpp:697] [c10d] The client socket cannot be initialized to connect to [frontier09059.frontier.olcf.ornl.gov]:29500 (errno: 97 - Address family not supported by protocol).
DDStore loading error!!
Initialized process group. world_size=16
world_size=16, world_rank=7, local_rank=7
use_ddstore is : 0
[Rank 11] Assigned 2/40 monthly files.
[W124 19:27:52.536534283 socket.cpp:697] [c10d] The client socket cannot be initialized to connect to [frontier09059.frontier.olcf.ornl.gov]:29500 (errno: 97 - Address family not supported by protocol).
DDStore loading error!!
Initialized process group. world_size=16
world_size=16, world_rank=1, local_rank=1
use_ddstore is : 0
[Rank 2] Assigned 3/40 monthly files.
use_ddstore is : 0
[Rank 7] Assigned 3/40 monthly files.
use_ddstore is : 0
[Rank 1] Assigned 3/40 monthly files.
[W124 19:27:56.025881459 socket.cpp:697] [c10d] The client socket cannot be initialized to connect to [frontier09059.frontier.olcf.ornl.gov]:29500 (errno: 97 - Address family not supported by protocol).
DDStore loading error!!
Initialized process group. world_size=16
world_size=16, world_rank=6, local_rank=6
use_ddstore is : 0
[Rank 6] Assigned 3/40 monthly files.
[W124 19:28:01.268896702 socket.cpp:697] [c10d] The client socket cannot be initialized to connect to [frontier09059.frontier.olcf.ornl.gov]:29500 (errno: 97 - Address family not supported by protocol).
DDStore loading error!!
Initialized process group. world_size=16
world_size=16, world_rank=3, local_rank=3
DDStore loading error!!
Initialized process group. world_size=16
world_size=16, world_rank=0, local_rank=0
Loading config from: /ccs/home/janetw/diffusion/ORBIT-2-sandbox/configs/era5_forecasting.yaml

================================================================================
Training Configuration Summary
================================================================================
Config: /ccs/home/janetw/diffusion/ORBIT-2-sandbox/configs/era5_forecasting.yaml
Max epochs: 30
Data type: bfloat16
Checkpoint: None
Save path: /lustre/orion/csc662/proj-shared/janet/forecasting/orbit_main/era5_forecasting_0.25_deg
================================================================================

use_ddstore is : 0
[Rank 3] Assigned 3/40 monthly files.
Creating data module for direct forecasting
Input variables: ['temperature_50', 'temperature_250', 'temperature_500', 'temperature_600', 'temperature_700', 'temperature_850', 'temperature_925', '2m_temperature', '10m_u_component_of_wind', '10m_v_component_of_wind', 'latitude', 'land_sea_mask', 'orography', 'landcover']
Output variables: ['2m_temperature']
Setting up distributed data loading: world_size=16
Each GPU will process 1/16 of the dataset
after data_module creation Allocated: 0.00GB, Max Allocated: 0.00GB, Reserved: 0.00GB
use_ddstore is : 0
[Rank 0] Assigned 3/40 monthly files.
pthread_mutex_unlock: No such file or directory
[Monthly Loader] Sample counts synced across 16 ranks. Min=2880, this rank has 4320
[Monthly Loader] Verifying variables in 1979_0.npz...
[Rank 1] Assigned 1/3 monthly files.
[Rank 9] Assigned 0/3 monthly files.
[Rank 3] Assigned 0/3 monthly files.
[Rank 10] Assigned 0/3 monthly files.
[Rank 2] Assigned 1/3 monthly files.
[Rank 11] Assigned 0/3 monthly files.
[Rank 5] Assigned 0/3 monthly files.
[Rank 13] Assigned 0/3 monthly files.
[Rank 4] Assigned 0/3 monthly files.
[Rank 15] Assigned 0/3 monthly files.
[Rank 6] Assigned 0/3 monthly files.
[Rank 12] Assigned 0/3 monthly files.
[Rank 7] Assigned 0/3 monthly files.
[Rank 8] Assigned 0/3 monthly files.
[Monthly Loader] Available variables: ['land_sea_mask', 'landcover', 'latitude', 'orography', '10m_u_component_of_wind', '10m_v_component_of_wind', '2m_temperature_max', '2m_temperature_min', '2m_temperature', 'sea_surface_temperature', 'surface_pressure', 'total_precipitation_24hr', 'volumetric_soil_water_layer_1', 'geopotential_50', 'geopotential_100', 'geopotential_150', 'geopotential_200', 'geopotential_250', 'geopotential_300', 'geopotential_400', 'geopotential_500', 'geopotential_600', 'geopotential_700', 'geopotential_850', 'geopotential_925', 'geopotential_1000', 'specific_humidity_50', 'specific_humidity_100', 'specific_humidity_150', 'specific_humidity_200', 'specific_humidity_250', 'specific_humidity_300', 'specific_humidity_400', 'specific_humidity_500', 'specific_humidity_600', 'specific_humidity_700', 'specific_humidity_850', 'specific_humidity_925', 'specific_humidity_1000', 'temperature_50', 'temperature_100', 'temperature_150', 'temperature_200', 'temperature_250', 'temperature_300', 'tempera[Rank 14] Assigned 0/3 monthly files.
ture_400', 'temperature_500', 'temperature_600', 'temperature_700', 'temperature_850', 'temperature_925', 'temperature_1000', 'u_component_of_wind_50', 'u_component_of_wind_100', 'u_component_of_wind_150', 'u_component_of_wind_200', 'u_component_of_wind_250', 'u_component_of_wind_300', 'u_component_of_wind_400', 'u_component_of_wind_500', 'u_component_of_wind_600', 'u_component_of_wind_700', 'u_component_of_wind_850', 'u_component_of_wind_925', 'u_component_of_wind_1000', 'v_component_of_wind_50', 'v_component_of_wind_100', 'v_component_of_wind_150', 'v_component_of_wind_200', 'v_component_of_wind_250', 'v_component_of_wind_300', 'v_component_of_wind_400', 'v_component_of_wind_500', 'v_component_of_wind_600', 'v_component_of_wind_700', 'v_component_of_wind_850', 'v_component_of_wind_925', 'v_component_of_wind_1000', 'days_of_year', 'time_of_day', 'hrs_each_step', 'num_steps_per_shard', 'extra_steps', 'lattitude']
[Monthly Loader] 'land_sea_mask': shape=(8760, 1, 128, 256)
[Monthly Loader] 'landcover': shape=(8760, 1, 128, 256)
[Monthly Loader] 'temperature_600': shape=(8760, 1, 128, 256)
[Monthly Loader] 'temperature_850': shape=(8760, 1, 128, 256)
[Monthly Loader] '2m_temperature': shape=(8760, 1, 128, 256)
[Monthly Loader] '10m_u_component_of_wind': shape=(8760, 1, 128, 256)
[Monthly Loader] 'temperature_50': shape=(8760, 1, 128, 256)
[Monthly Loader] 'temperature_500': shape=(8760, 1, 128, 256)
[Monthly Loader] 'temperature_925': shape=(8760, 1, 128, 256)
[Monthly Loader] 'latitude': shape=(8760, 1, 128, 256)
[Monthly Loader] 'temperature_700': shape=(8760, 1, 128, 256)
[Monthly Loader] 'temperature_250': shape=(8760, 1, 128, 256)
[Monthly Loader] 'orography': shape=(8760, 1, 128, 256)
[Monthly Loader] '10m_v_component_of_wind': shape=(8760, 1, 128, 256)
[Rank 0] Assigned 1/3 monthly files.
[Monthly Loader] Sample counts synced across 16 ranks. Min=0, this rank has 1440
[Monthly Loader] Verifying variables in 2018_0.npz...
[Monthly Loader] Available variables: ['land_sea_mask', 'landcover', 'latitude', 'orography', '10m_u_component_of_wind', '10m_v_component_of_wind', '2m_temperature_max', '2m_temperature_min', '2m_temperature', 'sea_surface_temperature', 'surface_pressure', 'total_precipitation_24hr', 'volumetric_soil_water_layer_1', 'geopotential_50', 'geopotential_100', 'geopotential_150', 'geopotential_200', 'geopotential_250', 'geopotential_300', 'geopotential_400', 'geopotential_500', 'geopotential_600', 'geopotential_700', 'geopotential_850', 'geopotential_925', 'geopotential_1000', 'specific_humidity_50', 'specific_humidity_100', 'specific_humidity_150', 'specific_humidity_200', 'specific_humidity_250', 'specific_humidity_300', 'specific_humidity_400', 'specific_humidity_500', 'specific_humidity_600', 'specific_humidity_700', 'specific_humidity_850', 'specific_humidity_925', 'specific_humidity_1000', 'temperature_50', 'temperature_100', 'temperature_150', 'temperature_200', 'temperature_250', 'temperature_300', 'temperature_400', 'temperature_500', 'temperature_600', 'temperature_700', 'temperature_850', 'temperature_925', 'temperature_1000', 'u_component_of_wind_50', 'u_component_of_wind_100', 'u_component_of_wind_150', 'u_component_of_wind_200', 'u_component_of_wind_250', 'u_component_of_wind_300', 'u_component_of_wind_400', 'u_component_of_wind_500', 'u_component_of_wind_600', 'u_component_of_wind_700', 'u_component_of_wind_850', 'u_component_of_wind_925', 'u_component_of_wind_1000', 'v_component_of_wind_50', 'v_component_of_wind_100', 'v_component_of_wind_150', 'v_component_of_wind_200', 'v_component_of_wind_250', 'v_component_of_wind_300', 'v_component_of_wind_400', 'v_component_of_wind_500', 'v_component_of_wind_600', 'v_component_of_wind_700', 'v_component_of_wind_850', 'v_component_of_wind_925', 'v_component_of_wind_1000', 'days_of_year', 'time_of_day', 'hrs_each_step', 'num_steps_per_shard', 'extra_steps', 'lattitude']
/lustre/orion/csc662/proj-shared/janet/miniconda3/envs/orbit_main/lib/python3.11/site-packages/torch/distributed/fsdp/wrap.py:491: FutureWarning: Please specify CheckpointImpl.NO_REENTRANT as CheckpointImpl.REENTRANT will soon be removed as the default and eventually deprecated.
  return wrapper_cls(module, **kwargs)
/lustre/orion/csc662/proj-shared/janet/miniconda3/envs/orbit_main/lib/python3.11/site-packages/torch/distributed/fsdp/wrap.py:491: FutureWarning: Please specify CheckpointImpl.NO_REENTRANT as CheckpointImpl.REENTRANT will soon be removed as the default and eventually deprecated.
  return wrapper_cls(module, **kwargs)
/lustre/orion/csc662/proj-shared/janet/miniconda3/envs/orbit_main/lib/python3.11/site-packages/torch/distributed/fsdp/wrap.py:491: FutureWarning: Please specify CheckpointImpl.NO_REENTRANT as CheckpointImpl.REENTRANT will soon be removed as the default and eventually deprecated.
  return wrapper_cls(module, **kwargs)
/lustre/orion/csc662/proj-shared/janet/miniconda3/envs/orbit_main/lib/python3.11/site-packages/torch/distributed/fsdp/wrap.py:491: FutureWarning: Please specify CheckpointImpl.NO_REENTRANT as CheckpointImpl.REENTRANT will soon be removed as the default and eventually deprecated.
  return wrapper_cls(module, **kwargs)
/lustre/orion/csc662/proj-shared/janet/miniconda3/envs/orbit_main/lib/python3.11/site-packages/torch/distributed/fsdp/wrap.py:491: FutureWarning: Please specify CheckpointImpl.NO_REENTRANT as CheckpointImpl.REENTRANT will soon be removed as the default and eventually deprecated.
  return wrapper_cls(module, **kwargs)
/lustre/orion/csc662/proj-shared/janet/miniconda3/envs/orbit_main/lib/python3.11/site-packages/torch/distributed/fsdp/wrap.py:491: FutureWarning: Please specify CheckpointImpl.NO_REENTRANT as CheckpointImpl.REENTRANT will soon be removed as the default and eventually deprecated.
  return wrapper_cls(module, **kwargs)
/lustre/orion/csc662/proj-shared/janet/miniconda3/envs/orbit_main/lib/python3.11/site-packages/torch/distributed/fsdp/wrap.py:491: FutureWarning: Please specify CheckpointImpl.NO_REENTRANT as CheckpointImpl.REENTRANT will soon be removed as the default and eventually deprecated.
  return wrapper_cls(module, **kwargs)
/lustre/orion/csc662/proj-shared/janet/miniconda3/envs/orbit_main/lib/python3.11/site-packages/torch/distributed/fsdp/wrap.py:491: FutureWarning: Please specify CheckpointImpl.NO_REENTRANT as CheckpointImpl.REENTRANT will soon be removed as the default and eventually deprecated.
  return wrapper_cls(module, **kwargs)
[Monthly Loader] 'land_sea_mask': shape=(8760, 1, 128, 256)
/lustre/orion/csc662/proj-shared/janet/miniconda3/envs/orbit_main/lib/python3.11/site-packages/torch/distributed/fsdp/wrap.py:491: FutureWarning: Please specify CheckpointImpl.NO_REENTRANT as CheckpointImpl.REENTRANT will soon be removed as the default and eventually deprecated.
  return wrapper_cls(module, **kwargs)
/lustre/orion/csc662/proj-shared/janet/miniconda3/envs/orbit_main/lib/python3.11/site-packages/torch/distributed/fsdp/wrap.py:491: FutureWarning: Please specify CheckpointImpl.NO_REENTRANT as CheckpointImpl.REENTRANT will soon be removed as the default and eventually deprecated.
  return wrapper_cls(module, **kwargs)
/lustre/orion/csc662/proj-shared/janet/miniconda3/envs/orbit_main/lib/python3.11/site-packages/torch/distributed/fsdp/wrap.py:491: FutureWarning: Please specify CheckpointImpl.NO_REENTRANT as CheckpointImpl.REENTRANT will soon be removed as the default and eventually deprecated.
  return wrapper_cls(module, **kwargs)
/lustre/orion/csc662/proj-shared/janet/miniconda3/envs/orbit_main/lib/python3.11/site-packages/torch/distributed/fsdp/wrap.py:491: FutureWarning: Please specify CheckpointImpl.NO_REENTRANT as CheckpointImpl.REENTRANT will soon be removed as the default and eventually deprecated.
  return wrapper_cls(module, **kwargs)
/lustre/orion/csc662/proj-shared/janet/miniconda3/envs/orbit_main/lib/python3.11/site-packages/torch/distributed/fsdp/wrap.py:491: FutureWarning: Please specify CheckpointImpl.NO_REENTRANT as CheckpointImpl.REENTRANT will soon be removed as the default and eventually deprecated.
  return wrapper_cls(module, **kwargs)
/lustre/orion/csc662/proj-shared/janet/miniconda3/envs/orbit_main/lib/python3.11/site-packages/torch/distributed/fsdp/wrap.py:491: FutureWarning: Please specify CheckpointImpl.NO_REENTRANT as CheckpointImpl.REENTRANT will soon be removed as the default and eventually deprecated.
  return wrapper_cls(module, **kwargs)
/lustre/orion/csc662/proj-shared/janet/miniconda3/envs/orbit_main/lib/python3.11/site-packages/torch/distributed/fsdp/wrap.py:491: FutureWarning: Please specify CheckpointImpl.NO_REENTRANT as CheckpointImpl.REENTRANT will soon be removed as the default and eventually deprecated.
  return wrapper_cls(module, **kwargs)
[Monthly Loader] 'landcover': shape=(8760, 1, 128, 256)
[Monthly Loader] 'temperature_600': shape=(8760, 1, 128, 256)
[Monthly Loader] 'temperature_850': shape=(8760, 1, 128, 256)
[Monthly Loader] '2m_temperature': shape=(8760, 1, 128, 256)
[Monthly Loader] '10m_u_component_of_wind': shape=(8760, 1, 128, 256)
[Monthly Loader] 'temperature_50': shape=(8760, 1, 128, 256)
[Monthly Loader] 'temperature_500': shape=(8760, 1, 128, 256)
[Monthly Loader] 'temperature_925': shape=(8760, 1, 128, 256)
[Monthly Loader] 'latitude': shape=(8760, 1, 128, 256)
[Monthly Loader] 'temperature_700': shape=(8760, 1, 128, 256)
[Monthly Loader] 'temperature_250': shape=(8760, 1, 128, 256)
[Monthly Loader] 'orography': shape=(8760, 1, 128, 256)
[Monthly Loader] '10m_v_component_of_wind': shape=(8760, 1, 128, 256)
Creating model: res_slimvit
Model config: img_size=(32, 64), in_channels=14, out_channels=1, history=1, superres_factor=4
Model parameters: 5.44M
/lustre/orion/csc662/proj-shared/janet/miniconda3/envs/orbit_main/lib/python3.11/site-packages/torch/distributed/fsdp/wrap.py:491: FutureWarning: Please specify CheckpointImpl.NO_REENTRANT as CheckpointImpl.REENTRANT will soon be removed as the default and eventually deprecated.
  return wrapper_cls(module, **kwargs)
FSDP wrapping completed, now creating losses...
Loading training climatology for lat_mse (this may take a while)...
Loading validation climatology...
Using lat_mse for training loss
Loss functions created successfully
Losses created successfully

================================================================================
Starting epoch 0
================================================================================

/lustre/orion/csc662/proj-shared/janet/miniconda3/envs/orbit_main/lib/python3.11/site-packages/torch/utils/checkpoint.py:295: FutureWarning: `torch.cpu.amp.autocast(args...)` is deprecated. Please use `torch.amp.autocast('cpu', args...)` instead.
  with torch.enable_grad(), device_autocast_ctx, torch.cpu.amp.autocast(**ctx.cpu_autocast_kwargs):  # type: ignore[attr-defined]
/lustre/orion/csc662/proj-shared/janet/miniconda3/envs/orbit_main/lib/python3.11/site-packages/torch/utils/checkpoint.py:295: FutureWarning: `torch.cpu.amp.autocast(args...)` is deprecated. Please use `torch.amp.autocast('cpu', args...)` instead.
  with torch.enable_grad(), device_autocast_ctx, torch.cpu.amp.autocast(**ctx.cpu_autocast_kwargs):  # type: ignore[attr-defined]
/lustre/orion/csc662/proj-shared/janet/miniconda3/envs/orbit_main/lib/python3.11/site-packages/torch/utils/checkpoint.py:295: FutureWarning: `torch.cpu.amp.autocast(args...)` is deprecated. Please use `torch.amp.autocast('cpu', args...)` instead.
  with torch.enable_grad(), device_autocast_ctx, torch.cpu.amp.autocast(**ctx.cpu_autocast_kwargs):  # type: ignore[attr-defined]
/lustre/orion/csc662/proj-shared/janet/miniconda3/envs/orbit_main/lib/python3.11/site-packages/torch/utils/checkpoint.py:295: FutureWarning: `torch.cpu.amp.autocast(args...)` is deprecated. Please use `torch.amp.autocast('cpu', args...)` instead.
  with torch.enable_grad(), device_autocast_ctx, torch.cpu.amp.autocast(**ctx.cpu_autocast_kwargs):  # type: ignore[attr-defined]
/lustre/orion/csc662/proj-shared/janet/miniconda3/envs/orbit_main/lib/python3.11/site-packages/torch/utils/checkpoint.py:295: FutureWarning: `torch.cpu.amp.autocast(args...)` is deprecated. Please use `torch.amp.autocast('cpu', args...)` instead.
  with torch.enable_grad(), device_autocast_ctx, torch.cpu.amp.autocast(**ctx.cpu_autocast_kwargs):  # type: ignore[attr-defined]
/lustre/orion/csc662/proj-shared/janet/miniconda3/envs/orbit_main/lib/python3.11/site-packages/torch/utils/checkpoint.py:295: FutureWarning: `torch.cpu.amp.autocast(args...)` is deprecated. Please use `torch.amp.autocast('cpu', args...)` instead.
  with torch.enable_grad(), device_autocast_ctx, torch.cpu.amp.autocast(**ctx.cpu_autocast_kwargs):  # type: ignore[attr-defined]
/lustre/orion/csc662/proj-shared/janet/miniconda3/envs/orbit_main/lib/python3.11/site-packages/torch/utils/checkpoint.py:295: FutureWarning: `torch.cpu.amp.autocast(args...)` is deprecated. Please use `torch.amp.autocast('cpu', args...)` instead.
  with torch.enable_grad(), device_autocast_ctx, torch.cpu.amp.autocast(**ctx.cpu_autocast_kwargs):  # type: ignore[attr-defined]
/lustre/orion/csc662/proj-shared/janet/miniconda3/envs/orbit_main/lib/python3.11/site-packages/torch/utils/checkpoint.py:295: FutureWarning: `torch.cpu.amp.autocast(args...)` is deprecated. Please use `torch.amp.autocast('cpu', args...)` instead.
  with torch.enable_grad(), device_autocast_ctx, torch.cpu.amp.autocast(**ctx.cpu_autocast_kwargs):  # type: ignore[attr-defined]
/lustre/orion/csc662/proj-shared/janet/miniconda3/envs/orbit_main/lib/python3.11/site-packages/torch/utils/checkpoint.py:295: FutureWarning: `torch.cpu.amp.autocast(args...)` is deprecated. Please use `torch.amp.autocast('cpu', args...)` instead.
  with torch.enable_grad(), device_autocast_ctx, torch.cpu.amp.autocast(**ctx.cpu_autocast_kwargs):  # type: ignore[attr-defined]
/lustre/orion/csc662/proj-shared/janet/miniconda3/envs/orbit_main/lib/python3.11/site-packages/torch/utils/checkpoint.py:295: FutureWarning: `torch.cpu.amp.autocast(args...)` is deprecated. Please use `torch.amp.autocast('cpu', args...)` instead.
  with torch.enable_grad(), device_autocast_ctx, torch.cpu.amp.autocast(**ctx.cpu_autocast_kwargs):  # type: ignore[attr-defined]
/lustre/orion/csc662/proj-shared/janet/miniconda3/envs/orbit_main/lib/python3.11/site-packages/torch/utils/checkpoint.py:295: FutureWarning: `torch.cpu.amp.autocast(args...)` is deprecated. Please use `torch.amp.autocast('cpu', args...)` instead.
  with torch.enable_grad(), device_autocast_ctx, torch.cpu.amp.autocast(**ctx.cpu_autocast_kwargs):  # type: ignore[attr-defined]
/lustre/orion/csc662/proj-shared/janet/miniconda3/envs/orbit_main/lib/python3.11/site-packages/torch/utils/checkpoint.py:295: FutureWarning: `torch.cpu.amp.autocast(args...)` is deprecated. Please use `torch.amp.autocast('cpu', args...)` instead.
  with torch.enable_grad(), device_autocast_ctx, torch.cpu.amp.autocast(**ctx.cpu_autocast_kwargs):  # type: ignore[attr-defined]
/lustre/orion/csc662/proj-shared/janet/miniconda3/envs/orbit_main/lib/python3.11/site-packages/torch/utils/checkpoint.py:295: FutureWarning: `torch.cpu.amp.autocast(args...)` is deprecated. Please use `torch.amp.autocast('cpu', args...)` instead.
  with torch.enable_grad(), device_autocast_ctx, torch.cpu.amp.autocast(**ctx.cpu_autocast_kwargs):  # type: ignore[attr-defined]
/lustre/orion/csc662/proj-shared/janet/miniconda3/envs/orbit_main/lib/python3.11/site-packages/torch/utils/checkpoint.py:295: FutureWarning: `torch.cpu.amp.autocast(args...)` is deprecated. Please use `torch.amp.autocast('cpu', args...)` instead.
  with torch.enable_grad(), device_autocast_ctx, torch.cpu.amp.autocast(**ctx.cpu_autocast_kwargs):  # type: ignore[attr-defined]
/lustre/orion/csc662/proj-shared/janet/miniconda3/envs/orbit_main/lib/python3.11/site-packages/torch/utils/checkpoint.py:295: FutureWarning: `torch.cpu.amp.autocast(args...)` is deprecated. Please use `torch.amp.autocast('cpu', args...)` instead.
  with torch.enable_grad(), device_autocast_ctx, torch.cpu.amp.autocast(**ctx.cpu_autocast_kwargs):  # type: ignore[attr-defined]
/lustre/orion/csc662/proj-shared/janet/miniconda3/envs/orbit_main/lib/python3.11/site-packages/torch/utils/checkpoint.py:295: FutureWarning: `torch.cpu.amp.autocast(args...)` is deprecated. Please use `torch.amp.autocast('cpu', args...)` instead.
  with torch.enable_grad(), device_autocast_ctx, torch.cpu.amp.autocast(**ctx.cpu_autocast_kwargs):  # type: ignore[attr-defined]
Epoch 0 | Batch 0 | Loss: 0.748731 | Time: 77.909s | LR: 1.00e-08
rank 0 Batch 0 Allocated: 0.01GB, Max Allocated: 0.47GB, Reserved: 0.05GB
Epoch 0 | Batch 50 | Loss: 0.715633 | Time: 0.065s | LR: 1.00e-08
rank 0 Batch 50 Allocated: 0.01GB, Max Allocated: 0.47GB, Reserved: 0.79GB
Epoch 0 | Batch 100 | Loss: 0.705341 | Time: 0.065s | LR: 1.00e-08
rank 0 Batch 100 Allocated: 0.01GB, Max Allocated: 0.47GB, Reserved: 0.79GB
Epoch 0 | Batch 150 | Loss: 0.739804 | Time: 0.065s | LR: 1.00e-08
rank 0 Batch 150 Allocated: 0.01GB, Max Allocated: 0.47GB, Reserved: 0.79GB
Epoch 0 | Batch 200 | Loss: 0.731363 | Time: 0.064s | LR: 1.00e-08
rank 0 Batch 200 Allocated: 0.01GB, Max Allocated: 0.47GB, Reserved: 0.79GB
Epoch 0 | Batch 250 | Loss: 0.738582 | Time: 0.063s | LR: 1.00e-08
rank 0 Batch 250 Allocated: 0.01GB, Max Allocated: 0.47GB, Reserved: 0.79GB
Epoch 0 | Batch 300 | Loss: 0.712088 | Time: 0.063s | LR: 1.00e-08
rank 0 Batch 300 Allocated: 0.01GB, Max Allocated: 0.47GB, Reserved: 0.79GB
Epoch 0 | Batch 350 | Loss: 0.703405 | Time: 0.063s | LR: 1.00e-08
rank 0 Batch 350 Allocated: 0.01GB, Max Allocated: 0.47GB, Reserved: 0.79GB
[Monthly Loader] Epoch complete. Yielded 2880/2880 samples.

================================================================================
Epoch 0 completed | Average Loss: 0.722613
================================================================================

rank 0 Before saving checkpoint Allocated: 0.01GB, Max Allocated: 0.47GB, Reserved: 0.79GB
Saved checkpoint to: /lustre/orion/csc662/proj-shared/janet/forecasting/orbit_main/era5_forecasting_0.25_deg/checkpoint_epoch_0000.pt
rank 0 After saving checkpoint Allocated: 0.01GB, Max Allocated: 0.47GB, Reserved: 0.79GB

================================================================================
Starting epoch 1
================================================================================

Epoch 1 | Batch 0 | Loss: 0.727775 | Time: 0.642s | LR: 2.64e-02
rank 0 Batch 0 Allocated: 0.01GB, Max Allocated: 0.47GB, Reserved: 0.79GB
Epoch 1 | Batch 50 | Loss: 223570.696223 | Time: 0.068s | LR: 2.64e-02
rank 0 Batch 50 Allocated: 0.01GB, Max Allocated: 0.47GB, Reserved: 0.79GB
Epoch 1 | Batch 100 | Loss: 229831.168318 | Time: 0.067s | LR: 2.64e-02
rank 0 Batch 100 Allocated: 0.01GB, Max Allocated: 0.47GB, Reserved: 0.79GB
Epoch 1 | Batch 150 | Loss: 270359.886898 | Time: 0.067s | LR: 2.64e-02
rank 0 Batch 150 Allocated: 0.01GB, Max Allocated: 0.47GB, Reserved: 0.79GB
Epoch 1 | Batch 200 | Loss: 260695.259318 | Time: 0.067s | LR: 2.64e-02
rank 0 Batch 200 Allocated: 0.01GB, Max Allocated: 0.47GB, Reserved: 0.79GB
Epoch 1 | Batch 250 | Loss: 250198.585730 | Time: 0.066s | LR: 2.64e-02
rank 0 Batch 250 Allocated: 0.01GB, Max Allocated: 0.47GB, Reserved: 0.79GB
Epoch 1 | Batch 300 | Loss: 299917.045730 | Time: 0.067s | LR: 2.64e-02
rank 0 Batch 300 Allocated: 0.01GB, Max Allocated: 0.47GB, Reserved: 0.79GB
Epoch 1 | Batch 350 | Loss: 269839.948635 | Time: 0.067s | LR: 2.64e-02
rank 0 Batch 350 Allocated: 0.01GB, Max Allocated: 0.47GB, Reserved: 0.79GB
[Monthly Loader] Epoch complete. Yielded 2880/2880 samples.

================================================================================
Epoch 1 completed | Average Loss: 231359.281250
================================================================================

rank 0 Before saving checkpoint Allocated: 0.01GB, Max Allocated: 0.47GB, Reserved: 0.79GB
Saved checkpoint to: /lustre/orion/csc662/proj-shared/janet/forecasting/orbit_main/era5_forecasting_0.25_deg/checkpoint_epoch_0001.pt
rank 0 After saving checkpoint Allocated: 0.01GB, Max Allocated: 0.47GB, Reserved: 0.79GB

================================================================================
Starting epoch 2
================================================================================

Epoch 2 | Batch 0 | Loss: 244274.555445 | Time: 1.138s | LR: 2.63e-02
rank 0 Batch 0 Allocated: 0.01GB, Max Allocated: 0.47GB, Reserved: 0.79GB
Epoch 2 | Batch 50 | Loss: 268084.575247 | Time: 0.067s | LR: 2.63e-02
rank 0 Batch 50 Allocated: 0.01GB, Max Allocated: 0.47GB, Reserved: 0.79GB
Epoch 2 | Batch 100 | Loss: 269749.344562 | Time: 0.067s | LR: 2.63e-02
rank 0 Batch 100 Allocated: 0.01GB, Max Allocated: 0.47GB, Reserved: 0.79GB
Epoch 2 | Batch 150 | Loss: 274328.093210 | Time: 0.067s | LR: 2.63e-02
rank 0 Batch 150 Allocated: 0.01GB, Max Allocated: 0.47GB, Reserved: 0.79GB
Epoch 2 | Batch 200 | Loss: 240368.246557 | Time: 0.067s | LR: 2.63e-02
rank 0 Batch 200 Allocated: 0.01GB, Max Allocated: 0.47GB, Reserved: 0.79GB
Epoch 2 | Batch 250 | Loss: 254200.764893 | Time: 0.067s | LR: 2.63e-02
rank 0 Batch 250 Allocated: 0.01GB, Max Allocated: 0.47GB, Reserved: 0.79GB
Epoch 2 | Batch 300 | Loss: 277812.792617 | Time: 0.067s | LR: 2.63e-02
rank 0 Batch 300 Allocated: 0.01GB, Max Allocated: 0.47GB, Reserved: 0.79GB
Epoch 2 | Batch 350 | Loss: 278410.099807 | Time: 0.067s | LR: 2.63e-02
rank 0 Batch 350 Allocated: 0.01GB, Max Allocated: 0.47GB, Reserved: 0.79GB
[Monthly Loader] Epoch complete. Yielded 2880/2880 samples.

================================================================================
Epoch 2 completed | Average Loss: 255324.406250
================================================================================

rank 0 Before saving checkpoint Allocated: 0.01GB, Max Allocated: 0.47GB, Reserved: 0.79GB
Saved checkpoint to: /lustre/orion/csc662/proj-shared/janet/forecasting/orbit_main/era5_forecasting_0.25_deg/checkpoint_epoch_0002.pt
rank 0 After saving checkpoint Allocated: 0.01GB, Max Allocated: 0.47GB, Reserved: 0.79GB

================================================================================
Starting epoch 3
================================================================================

Epoch 3 | Batch 0 | Loss: 266559.582194 | Time: 0.275s | LR: 2.61e-02
rank 0 Batch 0 Allocated: 0.01GB, Max Allocated: 0.47GB, Reserved: 0.79GB
Epoch 3 | Batch 50 | Loss: 260468.573848 | Time: 0.066s | LR: 2.61e-02
rank 0 Batch 50 Allocated: 0.01GB, Max Allocated: 0.47GB, Reserved: 0.79GB
Epoch 3 | Batch 100 | Loss: 251978.290765 | Time: 0.067s | LR: 2.61e-02
rank 0 Batch 100 Allocated: 0.01GB, Max Allocated: 0.47GB, Reserved: 0.79GB
Epoch 3 | Batch 150 | Loss: 250621.025407 | Time: 0.067s | LR: 2.61e-02
rank 0 Batch 150 Allocated: 0.01GB, Max Allocated: 0.47GB, Reserved: 0.79GB
Epoch 3 | Batch 200 | Loss: 259743.954361 | Time: 0.067s | LR: 2.61e-02
rank 0 Batch 200 Allocated: 0.01GB, Max Allocated: 0.47GB, Reserved: 0.79GB
Epoch 3 | Batch 250 | Loss: 239672.653392 | Time: 0.067s | LR: 2.61e-02
rank 0 Batch 250 Allocated: 0.01GB, Max Allocated: 0.47GB, Reserved: 0.79GB
Epoch 3 | Batch 300 | Loss: 215542.990217 | Time: 0.067s | LR: 2.61e-02
rank 0 Batch 300 Allocated: 0.01GB, Max Allocated: 0.47GB, Reserved: 0.79GB
Epoch 3 | Batch 350 | Loss: 233760.981642 | Time: 0.066s | LR: 2.61e-02
rank 0 Batch 350 Allocated: 0.01GB, Max Allocated: 0.47GB, Reserved: 0.79GB
[Monthly Loader] Epoch complete. Yielded 2880/2880 samples.

================================================================================
Epoch 3 completed | Average Loss: 255180.968750
================================================================================

rank 0 Before saving checkpoint Allocated: 0.01GB, Max Allocated: 0.47GB, Reserved: 0.79GB
Saved checkpoint to: /lustre/orion/csc662/proj-shared/janet/forecasting/orbit_main/era5_forecasting_0.25_deg/checkpoint_epoch_0003.pt
rank 0 After saving checkpoint Allocated: 0.01GB, Max Allocated: 0.47GB, Reserved: 0.79GB

================================================================================
Starting epoch 4
================================================================================

Epoch 4 | Batch 0 | Loss: 252807.214667 | Time: 0.829s | LR: 2.57e-02
rank 0 Batch 0 Allocated: 0.01GB, Max Allocated: 0.47GB, Reserved: 0.79GB
Epoch 4 | Batch 50 | Loss: 241751.311107 | Time: 0.070s | LR: 2.57e-02
rank 0 Batch 50 Allocated: 0.01GB, Max Allocated: 0.47GB, Reserved: 0.79GB
Epoch 4 | Batch 100 | Loss: 254336.260228 | Time: 0.069s | LR: 2.57e-02
rank 0 Batch 100 Allocated: 0.01GB, Max Allocated: 0.47GB, Reserved: 0.79GB
Epoch 4 | Batch 150 | Loss: 237368.026936 | Time: 0.070s | LR: 2.57e-02
rank 0 Batch 150 Allocated: 0.01GB, Max Allocated: 0.47GB, Reserved: 0.79GB
Epoch 4 | Batch 200 | Loss: 256759.996492 | Time: 0.075s | LR: 2.57e-02
rank 0 Batch 200 Allocated: 0.01GB, Max Allocated: 0.47GB, Reserved: 0.79GB
Epoch 4 | Batch 250 | Loss: 234552.756385 | Time: 0.070s | LR: 2.57e-02
rank 0 Batch 250 Allocated: 0.01GB, Max Allocated: 0.47GB, Reserved: 0.79GB
Epoch 4 | Batch 300 | Loss: 257584.553184 | Time: 0.070s | LR: 2.57e-02
rank 0 Batch 300 Allocated: 0.01GB, Max Allocated: 0.47GB, Reserved: 0.79GB
Epoch 4 | Batch 350 | Loss: 255107.132397 | Time: 0.069s | LR: 2.57e-02
rank 0 Batch 350 Allocated: 0.01GB, Max Allocated: 0.47GB, Reserved: 0.79GB
[Monthly Loader] Epoch complete. Yielded 2880/2880 samples.

================================================================================
Epoch 4 completed | Average Loss: 256454.000000
================================================================================


Running validation for epoch 4...
[Monthly Loader] Epoch complete. Yielded 0/0 samples.

Validation results for epoch 4:

rank 0 Before saving checkpoint Allocated: 0.01GB, Max Allocated: 0.47GB, Reserved: 0.79GB
Saved checkpoint to: /lustre/orion/csc662/proj-shared/janet/forecasting/orbit_main/era5_forecasting_0.25_deg/checkpoint_epoch_0004.pt
rank 0 After saving checkpoint Allocated: 0.01GB, Max Allocated: 0.47GB, Reserved: 0.79GB

================================================================================
Starting epoch 5
================================================================================

Epoch 5 | Batch 0 | Loss: 256801.365601 | Time: 5.500s | LR: 2.52e-02
rank 0 Batch 0 Allocated: 0.01GB, Max Allocated: 0.47GB, Reserved: 0.79GB
Epoch 5 | Batch 50 | Loss: 239110.889761 | Time: 0.066s | LR: 2.52e-02
rank 0 Batch 50 Allocated: 0.01GB, Max Allocated: 0.47GB, Reserved: 0.79GB
Epoch 5 | Batch 100 | Loss: 252218.517311 | Time: 0.063s | LR: 2.52e-02
rank 0 Batch 100 Allocated: 0.01GB, Max Allocated: 0.47GB, Reserved: 0.79GB
Epoch 5 | Batch 150 | Loss: 236616.821015 | Time: 0.063s | LR: 2.52e-02
rank 0 Batch 150 Allocated: 0.01GB, Max Allocated: 0.47GB, Reserved: 0.79GB
Epoch 5 | Batch 200 | Loss: 242654.924011 | Time: 0.066s | LR: 2.52e-02
rank 0 Batch 200 Allocated: 0.01GB, Max Allocated: 0.47GB, Reserved: 0.79GB
Epoch 5 | Batch 250 | Loss: 270259.445477 | Time: 0.063s | LR: 2.52e-02
rank 0 Batch 250 Allocated: 0.01GB, Max Allocated: 0.47GB, Reserved: 0.79GB
Epoch 5 | Batch 300 | Loss: 265263.822050 | Time: 0.063s | LR: 2.52e-02
rank 0 Batch 300 Allocated: 0.01GB, Max Allocated: 0.47GB, Reserved: 0.79GB
Epoch 5 | Batch 350 | Loss: 249674.404346 | Time: 0.063s | LR: 2.52e-02
rank 0 Batch 350 Allocated: 0.01GB, Max Allocated: 0.47GB, Reserved: 0.79GB
[Monthly Loader] Epoch complete. Yielded 2880/2880 samples.

================================================================================
Epoch 5 completed | Average Loss: 255229.015625
================================================================================

rank 0 Before saving checkpoint Allocated: 0.01GB, Max Allocated: 0.47GB, Reserved: 0.79GB
Saved checkpoint to: /lustre/orion/csc662/proj-shared/janet/forecasting/orbit_main/era5_forecasting_0.25_deg/checkpoint_epoch_0005.pt
rank 0 After saving checkpoint Allocated: 0.01GB, Max Allocated: 0.47GB, Reserved: 0.79GB

================================================================================
Starting epoch 6
================================================================================

Epoch 6 | Batch 0 | Loss: 262236.385703 | Time: 5.342s | LR: 2.45e-02
rank 0 Batch 0 Allocated: 0.01GB, Max Allocated: 0.47GB, Reserved: 0.79GB
Epoch 6 | Batch 50 | Loss: 216977.207713 | Time: 0.066s | LR: 2.45e-02
rank 0 Batch 50 Allocated: 0.01GB, Max Allocated: 0.47GB, Reserved: 0.79GB
Epoch 6 | Batch 100 | Loss: 245577.134554 | Time: 0.067s | LR: 2.45e-02
rank 0 Batch 100 Allocated: 0.01GB, Max Allocated: 0.47GB, Reserved: 0.79GB
Epoch 6 | Batch 150 | Loss: 256996.952986 | Time: 0.067s | LR: 2.45e-02
rank 0 Batch 150 Allocated: 0.01GB, Max Allocated: 0.47GB, Reserved: 0.79GB
Epoch 6 | Batch 200 | Loss: 257796.825066 | Time: 0.066s | LR: 2.45e-02
rank 0 Batch 200 Allocated: 0.01GB, Max Allocated: 0.47GB, Reserved: 0.79GB
Epoch 6 | Batch 250 | Loss: 264938.120989 | Time: 0.064s | LR: 2.45e-02
rank 0 Batch 250 Allocated: 0.01GB, Max Allocated: 0.47GB, Reserved: 0.79GB
Epoch 6 | Batch 300 | Loss: 256244.497214 | Time: 0.065s | LR: 2.45e-02
rank 0 Batch 300 Allocated: 0.01GB, Max Allocated: 0.47GB, Reserved: 0.79GB
Epoch 6 | Batch 350 | Loss: 244248.029394 | Time: 0.065s | LR: 2.45e-02
rank 0 Batch 350 Allocated: 0.01GB, Max Allocated: 0.47GB, Reserved: 0.79GB
[Monthly Loader] Epoch complete. Yielded 2880/2880 samples.

================================================================================
Epoch 6 completed | Average Loss: 254899.625000
================================================================================

rank 0 Before saving checkpoint Allocated: 0.01GB, Max Allocated: 0.47GB, Reserved: 0.79GB
Saved checkpoint to: /lustre/orion/csc662/proj-shared/janet/forecasting/orbit_main/era5_forecasting_0.25_deg/checkpoint_epoch_0006.pt
rank 0 After saving checkpoint Allocated: 0.01GB, Max Allocated: 0.47GB, Reserved: 0.79GB

================================================================================
Starting epoch 7
================================================================================

Epoch 7 | Batch 0 | Loss: 287548.390680 | Time: 5.639s | LR: 2.37e-02
rank 0 Batch 0 Allocated: 0.01GB, Max Allocated: 0.47GB, Reserved: 0.79GB
Epoch 7 | Batch 50 | Loss: 241782.885878 | Time: 0.064s | LR: 2.37e-02
rank 0 Batch 50 Allocated: 0.01GB, Max Allocated: 0.47GB, Reserved: 0.79GB
Epoch 7 | Batch 100 | Loss: 261900.676507 | Time: 0.063s | LR: 2.37e-02
rank 0 Batch 100 Allocated: 0.01GB, Max Allocated: 0.47GB, Reserved: 0.79GB
Epoch 7 | Batch 150 | Loss: 252547.200529 | Time: 0.063s | LR: 2.37e-02
rank 0 Batch 150 Allocated: 0.01GB, Max Allocated: 0.47GB, Reserved: 0.79GB
Epoch 7 | Batch 200 | Loss: 239862.179039 | Time: 0.063s | LR: 2.37e-02
rank 0 Batch 200 Allocated: 0.01GB, Max Allocated: 0.47GB, Reserved: 0.79GB
Epoch 7 | Batch 250 | Loss: 263863.055124 | Time: 0.063s | LR: 2.37e-02
rank 0 Batch 250 Allocated: 0.01GB, Max Allocated: 0.47GB, Reserved: 0.79GB
Epoch 7 | Batch 300 | Loss: 251240.746624 | Time: 0.063s | LR: 2.37e-02
rank 0 Batch 300 Allocated: 0.01GB, Max Allocated: 0.47GB, Reserved: 0.79GB
Epoch 7 | Batch 350 | Loss: 224344.421603 | Time: 0.063s | LR: 2.37e-02
rank 0 Batch 350 Allocated: 0.01GB, Max Allocated: 0.47GB, Reserved: 0.79GB
[Monthly Loader] Epoch complete. Yielded 2880/2880 samples.

================================================================================
Epoch 7 completed | Average Loss: 255285.718750
================================================================================

rank 0 Before saving checkpoint Allocated: 0.01GB, Max Allocated: 0.47GB, Reserved: 0.79GB
Saved checkpoint to: /lustre/orion/csc662/proj-shared/janet/forecasting/orbit_main/era5_forecasting_0.25_deg/checkpoint_epoch_0007.pt
rank 0 After saving checkpoint Allocated: 0.01GB, Max Allocated: 0.47GB, Reserved: 0.79GB

================================================================================
Starting epoch 8
================================================================================

Epoch 8 | Batch 0 | Loss: 260069.491548 | Time: 1.868s | LR: 2.28e-02
rank 0 Batch 0 Allocated: 0.01GB, Max Allocated: 0.47GB, Reserved: 0.79GB
Epoch 8 | Batch 50 | Loss: 267554.661741 | Time: 0.067s | LR: 2.28e-02
rank 0 Batch 50 Allocated: 0.01GB, Max Allocated: 0.47GB, Reserved: 0.79GB
Epoch 8 | Batch 100 | Loss: 249235.930677 | Time: 0.067s | LR: 2.28e-02
rank 0 Batch 100 Allocated: 0.01GB, Max Allocated: 0.47GB, Reserved: 0.79GB
Epoch 8 | Batch 150 | Loss: 237704.819741 | Time: 0.067s | LR: 2.28e-02
rank 0 Batch 150 Allocated: 0.01GB, Max Allocated: 0.47GB, Reserved: 0.79GB
Epoch 8 | Batch 200 | Loss: 244310.650309 | Time: 0.067s | LR: 2.28e-02
rank 0 Batch 200 Allocated: 0.01GB, Max Allocated: 0.47GB, Reserved: 0.79GB
Epoch 8 | Batch 250 | Loss: 258134.805234 | Time: 0.067s | LR: 2.28e-02
rank 0 Batch 250 Allocated: 0.01GB, Max Allocated: 0.47GB, Reserved: 0.79GB
Epoch 8 | Batch 300 | Loss: 270987.391334 | Time: 0.067s | LR: 2.28e-02
rank 0 Batch 300 Allocated: 0.01GB, Max Allocated: 0.47GB, Reserved: 0.79GB
Epoch 8 | Batch 350 | Loss: 221772.226474 | Time: 0.067s | LR: 2.28e-02
rank 0 Batch 350 Allocated: 0.01GB, Max Allocated: 0.47GB, Reserved: 0.79GB
[Monthly Loader] Epoch complete. Yielded 2880/2880 samples.

================================================================================
Epoch 8 completed | Average Loss: 254509.343750
================================================================================

rank 0 Before saving checkpoint Allocated: 0.01GB, Max Allocated: 0.47GB, Reserved: 0.79GB
Saved checkpoint to: /lustre/orion/csc662/proj-shared/janet/forecasting/orbit_main/era5_forecasting_0.25_deg/checkpoint_epoch_0008.pt
rank 0 After saving checkpoint Allocated: 0.01GB, Max Allocated: 0.47GB, Reserved: 0.79GB

================================================================================
Starting epoch 9
================================================================================

Epoch 9 | Batch 0 | Loss: 285958.902390 | Time: 4.677s | LR: 2.17e-02
rank 0 Batch 0 Allocated: 0.01GB, Max Allocated: 0.47GB, Reserved: 0.79GB
Epoch 9 | Batch 50 | Loss: 247215.111342 | Time: 0.063s | LR: 2.17e-02
rank 0 Batch 50 Allocated: 0.01GB, Max Allocated: 0.47GB, Reserved: 0.79GB
Epoch 9 | Batch 100 | Loss: 244423.369703 | Time: 0.067s | LR: 2.17e-02
rank 0 Batch 100 Allocated: 0.01GB, Max Allocated: 0.47GB, Reserved: 0.79GB
Epoch 9 | Batch 150 | Loss: 242400.544754 | Time: 0.067s | LR: 2.17e-02
rank 0 Batch 150 Allocated: 0.01GB, Max Allocated: 0.47GB, Reserved: 0.79GB
Epoch 9 | Batch 200 | Loss: 265831.663782 | Time: 0.067s | LR: 2.17e-02
rank 0 Batch 200 Allocated: 0.01GB, Max Allocated: 0.47GB, Reserved: 0.79GB
Epoch 9 | Batch 250 | Loss: 269615.973845 | Time: 0.067s | LR: 2.17e-02
rank 0 Batch 250 Allocated: 0.01GB, Max Allocated: 0.47GB, Reserved: 0.79GB
Epoch 9 | Batch 300 | Loss: 254606.099544 | Time: 0.067s | LR: 2.17e-02
rank 0 Batch 300 Allocated: 0.01GB, Max Allocated: 0.47GB, Reserved: 0.79GB
Epoch 9 | Batch 350 | Loss: 239760.822627 | Time: 0.067s | LR: 2.17e-02
rank 0 Batch 350 Allocated: 0.01GB, Max Allocated: 0.47GB, Reserved: 0.79GB
[Monthly Loader] Epoch complete. Yielded 2880/2880 samples.

================================================================================
Epoch 9 completed | Average Loss: 253550.125000
================================================================================


Running validation for epoch 9...
[Monthly Loader] Epoch complete. Yielded 0/0 samples.

Validation results for epoch 9:

rank 0 Before saving checkpoint Allocated: 0.01GB, Max Allocated: 0.47GB, Reserved: 0.79GB
Saved checkpoint to: /lustre/orion/csc662/proj-shared/janet/forecasting/orbit_main/era5_forecasting_0.25_deg/checkpoint_epoch_0009.pt
rank 0 After saving checkpoint Allocated: 0.01GB, Max Allocated: 0.47GB, Reserved: 0.79GB

================================================================================
Starting epoch 10
================================================================================

Epoch 10 | Batch 0 | Loss: 287427.820009 | Time: 2.722s | LR: 2.06e-02
rank 0 Batch 0 Allocated: 0.01GB, Max Allocated: 0.47GB, Reserved: 0.79GB
Epoch 10 | Batch 50 | Loss: 245962.834978 | Time: 0.064s | LR: 2.06e-02
rank 0 Batch 50 Allocated: 0.01GB, Max Allocated: 0.47GB, Reserved: 0.79GB
Epoch 10 | Batch 100 | Loss: 260253.205493 | Time: 0.064s | LR: 2.06e-02
rank 0 Batch 100 Allocated: 0.01GB, Max Allocated: 0.47GB, Reserved: 0.79GB
Epoch 10 | Batch 150 | Loss: 226595.397908 | Time: 0.063s | LR: 2.06e-02
rank 0 Batch 150 Allocated: 0.01GB, Max Allocated: 0.47GB, Reserved: 0.79GB
Epoch 10 | Batch 200 | Loss: 250377.744214 | Time: 0.066s | LR: 2.06e-02
rank 0 Batch 200 Allocated: 0.01GB, Max Allocated: 0.47GB, Reserved: 0.79GB
Epoch 10 | Batch 250 | Loss: 239617.234220 | Time: 0.063s | LR: 2.06e-02
rank 0 Batch 250 Allocated: 0.01GB, Max Allocated: 0.47GB, Reserved: 0.79GB
Epoch 10 | Batch 300 | Loss: 245560.828729 | Time: 0.063s | LR: 2.06e-02
rank 0 Batch 300 Allocated: 0.01GB, Max Allocated: 0.47GB, Reserved: 0.79GB
Epoch 10 | Batch 350 | Loss: 243574.727520 | Time: 0.063s | LR: 2.06e-02
rank 0 Batch 350 Allocated: 0.01GB, Max Allocated: 0.47GB, Reserved: 0.79GB
[Monthly Loader] Epoch complete. Yielded 2880/2880 samples.

================================================================================
Epoch 10 completed | Average Loss: 254756.531250
================================================================================

rank 0 Before saving checkpoint Allocated: 0.01GB, Max Allocated: 0.47GB, Reserved: 0.79GB
Saved checkpoint to: /lustre/orion/csc662/proj-shared/janet/forecasting/orbit_main/era5_forecasting_0.25_deg/checkpoint_epoch_0010.pt
rank 0 After saving checkpoint Allocated: 0.01GB, Max Allocated: 0.47GB, Reserved: 0.79GB

================================================================================
Starting epoch 11
================================================================================

Epoch 11 | Batch 0 | Loss: 247298.284294 | Time: 2.289s | LR: 1.94e-02
rank 0 Batch 0 Allocated: 0.01GB, Max Allocated: 0.47GB, Reserved: 0.79GB
Epoch 11 | Batch 50 | Loss: 251808.979239 | Time: 0.067s | LR: 1.94e-02
rank 0 Batch 50 Allocated: 0.01GB, Max Allocated: 0.47GB, Reserved: 0.79GB
Epoch 11 | Batch 100 | Loss: 271309.228862 | Time: 0.066s | LR: 1.94e-02
rank 0 Batch 100 Allocated: 0.01GB, Max Allocated: 0.47GB, Reserved: 0.79GB
Epoch 11 | Batch 150 | Loss: 277639.225223 | Time: 0.066s | LR: 1.94e-02
rank 0 Batch 150 Allocated: 0.01GB, Max Allocated: 0.47GB, Reserved: 0.79GB
Epoch 11 | Batch 200 | Loss: 236588.970129 | Time: 0.066s | LR: 1.94e-02
rank 0 Batch 200 Allocated: 0.01GB, Max Allocated: 0.47GB, Reserved: 0.79GB
Epoch 11 | Batch 250 | Loss: 254991.363565 | Time: 0.066s | LR: 1.94e-02
rank 0 Batch 250 Allocated: 0.01GB, Max Allocated: 0.47GB, Reserved: 0.79GB
Epoch 11 | Batch 300 | Loss: 279664.371232 | Time: 0.063s | LR: 1.94e-02
rank 0 Batch 300 Allocated: 0.01GB, Max Allocated: 0.47GB, Reserved: 0.79GB
Epoch 11 | Batch 350 | Loss: 258640.051046 | Time: 0.063s | LR: 1.94e-02
rank 0 Batch 350 Allocated: 0.01GB, Max Allocated: 0.47GB, Reserved: 0.79GB
[Monthly Loader] Epoch complete. Yielded 2880/2880 samples.

================================================================================
Epoch 11 completed | Average Loss: 253320.703125
================================================================================

rank 0 Before saving checkpoint Allocated: 0.01GB, Max Allocated: 0.47GB, Reserved: 0.79GB
Saved checkpoint to: /lustre/orion/csc662/proj-shared/janet/forecasting/orbit_main/era5_forecasting_0.25_deg/checkpoint_epoch_0011.pt
rank 0 After saving checkpoint Allocated: 0.01GB, Max Allocated: 0.47GB, Reserved: 0.79GB

================================================================================
Starting epoch 12
================================================================================

Epoch 12 | Batch 0 | Loss: 240512.053581 | Time: 3.444s | LR: 1.81e-02
rank 0 Batch 0 Allocated: 0.01GB, Max Allocated: 0.47GB, Reserved: 0.79GB
Epoch 12 | Batch 50 | Loss: 260013.081980 | Time: 0.067s | LR: 1.81e-02
rank 0 Batch 50 Allocated: 0.01GB, Max Allocated: 0.47GB, Reserved: 0.79GB
Epoch 12 | Batch 100 | Loss: 259681.261784 | Time: 0.065s | LR: 1.81e-02
rank 0 Batch 100 Allocated: 0.01GB, Max Allocated: 0.47GB, Reserved: 0.79GB
Epoch 12 | Batch 150 | Loss: 258611.627082 | Time: 0.065s | LR: 1.81e-02
rank 0 Batch 150 Allocated: 0.01GB, Max Allocated: 0.47GB, Reserved: 0.79GB
Epoch 12 | Batch 200 | Loss: 285929.049881 | Time: 0.063s | LR: 1.81e-02
rank 0 Batch 200 Allocated: 0.01GB, Max Allocated: 0.47GB, Reserved: 0.79GB
Epoch 12 | Batch 250 | Loss: 253476.976558 | Time: 0.063s | LR: 1.81e-02
rank 0 Batch 250 Allocated: 0.01GB, Max Allocated: 0.47GB, Reserved: 0.79GB
Epoch 12 | Batch 300 | Loss: 252561.148338 | Time: 0.063s | LR: 1.81e-02
rank 0 Batch 300 Allocated: 0.01GB, Max Allocated: 0.47GB, Reserved: 0.79GB
Epoch 12 | Batch 350 | Loss: 232754.761955 | Time: 0.063s | LR: 1.81e-02
rank 0 Batch 350 Allocated: 0.01GB, Max Allocated: 0.47GB, Reserved: 0.79GB
[Monthly Loader] Epoch complete. Yielded 2880/2880 samples.

================================================================================
Epoch 12 completed | Average Loss: 252454.250000
================================================================================

rank 0 Before saving checkpoint Allocated: 0.01GB, Max Allocated: 0.47GB, Reserved: 0.79GB
Saved checkpoint to: /lustre/orion/csc662/proj-shared/janet/forecasting/orbit_main/era5_forecasting_0.25_deg/checkpoint_epoch_0012.pt
rank 0 After saving checkpoint Allocated: 0.01GB, Max Allocated: 0.47GB, Reserved: 0.79GB

================================================================================
Starting epoch 13
================================================================================

Epoch 13 | Batch 0 | Loss: 289180.179094 | Time: 3.724s | LR: 1.67e-02
rank 0 Batch 0 Allocated: 0.01GB, Max Allocated: 0.47GB, Reserved: 0.79GB
Epoch 13 | Batch 50 | Loss: 253160.498630 | Time: 0.065s | LR: 1.67e-02
rank 0 Batch 50 Allocated: 0.01GB, Max Allocated: 0.47GB, Reserved: 0.79GB
Epoch 13 | Batch 100 | Loss: 267761.322592 | Time: 0.065s | LR: 1.67e-02
rank 0 Batch 100 Allocated: 0.01GB, Max Allocated: 0.47GB, Reserved: 0.79GB
Epoch 13 | Batch 150 | Loss: 252580.581735 | Time: 0.065s | LR: 1.67e-02
rank 0 Batch 150 Allocated: 0.01GB, Max Allocated: 0.47GB, Reserved: 0.79GB
Epoch 13 | Batch 200 | Loss: 259470.571596 | Time: 0.065s | LR: 1.67e-02
rank 0 Batch 200 Allocated: 0.01GB, Max Allocated: 0.47GB, Reserved: 0.79GB
Epoch 13 | Batch 250 | Loss: 254201.356828 | Time: 0.065s | LR: 1.67e-02
rank 0 Batch 250 Allocated: 0.01GB, Max Allocated: 0.47GB, Reserved: 0.79GB
Epoch 13 | Batch 300 | Loss: 254844.076943 | Time: 0.066s | LR: 1.67e-02
rank 0 Batch 300 Allocated: 0.01GB, Max Allocated: 0.47GB, Reserved: 0.79GB
Epoch 13 | Batch 350 | Loss: 255219.733615 | Time: 0.065s | LR: 1.67e-02
rank 0 Batch 350 Allocated: 0.01GB, Max Allocated: 0.47GB, Reserved: 0.79GB
[Monthly Loader] Epoch complete. Yielded 2880/2880 samples.

================================================================================
Epoch 13 completed | Average Loss: 254555.750000
================================================================================

rank 0 Before saving checkpoint Allocated: 0.01GB, Max Allocated: 0.47GB, Reserved: 0.79GB
Saved checkpoint to: /lustre/orion/csc662/proj-shared/janet/forecasting/orbit_main/era5_forecasting_0.25_deg/checkpoint_epoch_0013.pt
rank 0 After saving checkpoint Allocated: 0.01GB, Max Allocated: 0.47GB, Reserved: 0.79GB

================================================================================
Starting epoch 14
================================================================================

Epoch 14 | Batch 0 | Loss: 255266.542515 | Time: 4.029s | LR: 1.53e-02
rank 0 Batch 0 Allocated: 0.01GB, Max Allocated: 0.47GB, Reserved: 0.79GB
Epoch 14 | Batch 50 | Loss: 252847.124234 | Time: 0.063s | LR: 1.53e-02
rank 0 Batch 50 Allocated: 0.01GB, Max Allocated: 0.47GB, Reserved: 0.79GB
Epoch 14 | Batch 100 | Loss: 266551.640381 | Time: 0.063s | LR: 1.53e-02
rank 0 Batch 100 Allocated: 0.01GB, Max Allocated: 0.47GB, Reserved: 0.79GB
Epoch 14 | Batch 150 | Loss: 247653.649979 | Time: 0.063s | LR: 1.53e-02
rank 0 Batch 150 Allocated: 0.01GB, Max Allocated: 0.47GB, Reserved: 0.79GB
Epoch 14 | Batch 200 | Loss: 267878.364315 | Time: 0.063s | LR: 1.53e-02
rank 0 Batch 200 Allocated: 0.01GB, Max Allocated: 0.47GB, Reserved: 0.79GB
Epoch 14 | Batch 250 | Loss: 255422.839951 | Time: 0.063s | LR: 1.53e-02
rank 0 Batch 250 Allocated: 0.01GB, Max Allocated: 0.47GB, Reserved: 0.79GB
Epoch 14 | Batch 300 | Loss: 233786.331842 | Time: 0.064s | LR: 1.53e-02
rank 0 Batch 300 Allocated: 0.01GB, Max Allocated: 0.47GB, Reserved: 0.79GB
Epoch 14 | Batch 350 | Loss: 285671.205927 | Time: 0.063s | LR: 1.53e-02
rank 0 Batch 350 Allocated: 0.01GB, Max Allocated: 0.47GB, Reserved: 0.79GB
[Monthly Loader] Epoch complete. Yielded 2880/2880 samples.

================================================================================
Epoch 14 completed | Average Loss: 253062.125000
================================================================================


Running validation for epoch 14...
[Monthly Loader] Epoch complete. Yielded 0/0 samples.

Validation results for epoch 14:

rank 0 Before saving checkpoint Allocated: 0.01GB, Max Allocated: 0.47GB, Reserved: 0.79GB
Saved checkpoint to: /lustre/orion/csc662/proj-shared/janet/forecasting/orbit_main/era5_forecasting_0.25_deg/checkpoint_epoch_0014.pt
rank 0 After saving checkpoint Allocated: 0.01GB, Max Allocated: 0.47GB, Reserved: 0.79GB

================================================================================
Starting epoch 15
================================================================================

Epoch 15 | Batch 0 | Loss: 263249.076898 | Time: 2.940s | LR: 1.39e-02
rank 0 Batch 0 Allocated: 0.01GB, Max Allocated: 0.47GB, Reserved: 0.79GB
Epoch 15 | Batch 50 | Loss: 257395.074722 | Time: 0.067s | LR: 1.39e-02
rank 0 Batch 50 Allocated: 0.01GB, Max Allocated: 0.47GB, Reserved: 0.79GB
Epoch 15 | Batch 100 | Loss: 239329.742660 | Time: 0.066s | LR: 1.39e-02
rank 0 Batch 100 Allocated: 0.01GB, Max Allocated: 0.47GB, Reserved: 0.79GB
Epoch 15 | Batch 150 | Loss: 250731.583852 | Time: 0.067s | LR: 1.39e-02
rank 0 Batch 150 Allocated: 0.01GB, Max Allocated: 0.47GB, Reserved: 0.79GB
Epoch 15 | Batch 200 | Loss: 229045.234489 | Time: 0.067s | LR: 1.39e-02
rank 0 Batch 200 Allocated: 0.01GB, Max Allocated: 0.47GB, Reserved: 0.79GB
Epoch 15 | Batch 250 | Loss: 256522.368759 | Time: 0.067s | LR: 1.39e-02
rank 0 Batch 250 Allocated: 0.01GB, Max Allocated: 0.47GB, Reserved: 0.79GB
Epoch 15 | Batch 300 | Loss: 244893.135432 | Time: 0.067s | LR: 1.39e-02
rank 0 Batch 300 Allocated: 0.01GB, Max Allocated: 0.47GB, Reserved: 0.79GB
Epoch 15 | Batch 350 | Loss: 245403.249214 | Time: 0.067s | LR: 1.39e-02
rank 0 Batch 350 Allocated: 0.01GB, Max Allocated: 0.47GB, Reserved: 0.79GB
[Monthly Loader] Epoch complete. Yielded 2880/2880 samples.

================================================================================
Epoch 15 completed | Average Loss: 253846.656250
================================================================================

rank 0 Before saving checkpoint Allocated: 0.01GB, Max Allocated: 0.47GB, Reserved: 0.79GB
Saved checkpoint to: /lustre/orion/csc662/proj-shared/janet/forecasting/orbit_main/era5_forecasting_0.25_deg/checkpoint_epoch_0015.pt
rank 0 After saving checkpoint Allocated: 0.01GB, Max Allocated: 0.47GB, Reserved: 0.79GB

================================================================================
Starting epoch 16
================================================================================

Epoch 16 | Batch 0 | Loss: 237913.476491 | Time: 2.279s | LR: 1.25e-02
rank 0 Batch 0 Allocated: 0.01GB, Max Allocated: 0.47GB, Reserved: 0.79GB
Epoch 16 | Batch 50 | Loss: 249194.956510 | Time: 0.065s | LR: 1.25e-02
rank 0 Batch 50 Allocated: 0.01GB, Max Allocated: 0.47GB, Reserved: 0.79GB
Epoch 16 | Batch 100 | Loss: 264496.323049 | Time: 0.065s | LR: 1.25e-02
rank 0 Batch 100 Allocated: 0.01GB, Max Allocated: 0.47GB, Reserved: 0.79GB
Epoch 16 | Batch 150 | Loss: 262890.058798 | Time: 0.065s | LR: 1.25e-02
rank 0 Batch 150 Allocated: 0.01GB, Max Allocated: 0.47GB, Reserved: 0.79GB
Epoch 16 | Batch 200 | Loss: 262258.995964 | Time: 0.066s | LR: 1.25e-02
rank 0 Batch 200 Allocated: 0.01GB, Max Allocated: 0.47GB, Reserved: 0.79GB
Epoch 16 | Batch 250 | Loss: 246616.466636 | Time: 0.068s | LR: 1.25e-02
rank 0 Batch 250 Allocated: 0.01GB, Max Allocated: 0.47GB, Reserved: 0.79GB
Epoch 16 | Batch 300 | Loss: 241224.103263 | Time: 0.065s | LR: 1.25e-02
rank 0 Batch 300 Allocated: 0.01GB, Max Allocated: 0.47GB, Reserved: 0.79GB
Epoch 16 | Batch 350 | Loss: 234478.511400 | Time: 0.065s | LR: 1.25e-02
rank 0 Batch 350 Allocated: 0.01GB, Max Allocated: 0.47GB, Reserved: 0.79GB
[Monthly Loader] Epoch complete. Yielded 2880/2880 samples.

================================================================================
Epoch 16 completed | Average Loss: 252274.250000
================================================================================

rank 0 Before saving checkpoint Allocated: 0.01GB, Max Allocated: 0.47GB, Reserved: 0.79GB
Saved checkpoint to: /lustre/orion/csc662/proj-shared/janet/forecasting/orbit_main/era5_forecasting_0.25_deg/checkpoint_epoch_0016.pt
rank 0 After saving checkpoint Allocated: 0.01GB, Max Allocated: 0.47GB, Reserved: 0.79GB

================================================================================
Starting epoch 17
================================================================================

Epoch 17 | Batch 0 | Loss: 251711.287407 | Time: 2.054s | LR: 1.11e-02
rank 0 Batch 0 Allocated: 0.01GB, Max Allocated: 0.47GB, Reserved: 0.79GB
Epoch 17 | Batch 50 | Loss: 276203.586363 | Time: 0.068s | LR: 1.11e-02
rank 0 Batch 50 Allocated: 0.01GB, Max Allocated: 0.47GB, Reserved: 0.79GB
Epoch 17 | Batch 100 | Loss: 286427.613699 | Time: 0.063s | LR: 1.11e-02
rank 0 Batch 100 Allocated: 0.01GB, Max Allocated: 0.47GB, Reserved: 0.79GB
Epoch 17 | Batch 150 | Loss: 256958.731411 | Time: 0.063s | LR: 1.11e-02
rank 0 Batch 150 Allocated: 0.01GB, Max Allocated: 0.47GB, Reserved: 0.79GB
Epoch 17 | Batch 200 | Loss: 250174.214042 | Time: 0.063s | LR: 1.11e-02
rank 0 Batch 200 Allocated: 0.01GB, Max Allocated: 0.47GB, Reserved: 0.79GB
Epoch 17 | Batch 250 | Loss: 254521.950115 | Time: 0.063s | LR: 1.11e-02
rank 0 Batch 250 Allocated: 0.01GB, Max Allocated: 0.47GB, Reserved: 0.79GB
Epoch 17 | Batch 300 | Loss: 245806.734269 | Time: 0.063s | LR: 1.11e-02
rank 0 Batch 300 Allocated: 0.01GB, Max Allocated: 0.47GB, Reserved: 0.79GB
Epoch 17 | Batch 350 | Loss: 270658.785493 | Time: 0.063s | LR: 1.11e-02
rank 0 Batch 350 Allocated: 0.01GB, Max Allocated: 0.47GB, Reserved: 0.79GB
[Monthly Loader] Epoch complete. Yielded 2880/2880 samples.

================================================================================
Epoch 17 completed | Average Loss: 253400.968750
================================================================================

rank 0 Before saving checkpoint Allocated: 0.01GB, Max Allocated: 0.47GB, Reserved: 0.79GB
Saved checkpoint to: /lustre/orion/csc662/proj-shared/janet/forecasting/orbit_main/era5_forecasting_0.25_deg/checkpoint_epoch_0017.pt
rank 0 After saving checkpoint Allocated: 0.01GB, Max Allocated: 0.47GB, Reserved: 0.79GB

================================================================================
Starting epoch 18
================================================================================

Epoch 18 | Batch 0 | Loss: 272086.185735 | Time: 0.154s | LR: 9.67e-03
rank 0 Batch 0 Allocated: 0.01GB, Max Allocated: 0.47GB, Reserved: 0.79GB
Epoch 18 | Batch 50 | Loss: 241449.374274 | Time: 0.070s | LR: 9.67e-03
rank 0 Batch 50 Allocated: 0.01GB, Max Allocated: 0.47GB, Reserved: 0.79GB
Epoch 18 | Batch 100 | Loss: 247174.097903 | Time: 0.069s | LR: 9.67e-03
rank 0 Batch 100 Allocated: 0.01GB, Max Allocated: 0.47GB, Reserved: 0.79GB
Epoch 18 | Batch 150 | Loss: 250961.715612 | Time: 0.069s | LR: 9.67e-03
rank 0 Batch 150 Allocated: 0.01GB, Max Allocated: 0.47GB, Reserved: 0.79GB
Epoch 18 | Batch 200 | Loss: 220874.577864 | Time: 0.069s | LR: 9.67e-03
rank 0 Batch 200 Allocated: 0.01GB, Max Allocated: 0.47GB, Reserved: 0.79GB
Epoch 18 | Batch 250 | Loss: 232838.375828 | Time: 0.067s | LR: 9.67e-03
rank 0 Batch 250 Allocated: 0.01GB, Max Allocated: 0.47GB, Reserved: 0.79GB
Epoch 18 | Batch 300 | Loss: 245246.288663 | Time: 0.067s | LR: 9.67e-03
rank 0 Batch 300 Allocated: 0.01GB, Max Allocated: 0.47GB, Reserved: 0.79GB
Epoch 18 | Batch 350 | Loss: 267476.930396 | Time: 0.065s | LR: 9.67e-03
rank 0 Batch 350 Allocated: 0.01GB, Max Allocated: 0.47GB, Reserved: 0.79GB
[Monthly Loader] Epoch complete. Yielded 2880/2880 samples.

================================================================================
Epoch 18 completed | Average Loss: 252687.625000
================================================================================

rank 0 Before saving checkpoint Allocated: 0.01GB, Max Allocated: 0.47GB, Reserved: 0.79GB
Saved checkpoint to: /lustre/orion/csc662/proj-shared/janet/forecasting/orbit_main/era5_forecasting_0.25_deg/checkpoint_epoch_0018.pt
rank 0 After saving checkpoint Allocated: 0.01GB, Max Allocated: 0.47GB, Reserved: 0.79GB

================================================================================
Starting epoch 19
================================================================================

Epoch 19 | Batch 0 | Loss: 257944.358853 | Time: 4.907s | LR: 8.31e-03
rank 0 Batch 0 Allocated: 0.01GB, Max Allocated: 0.47GB, Reserved: 0.79GB
Epoch 19 | Batch 50 | Loss: 260424.180121 | Time: 0.068s | LR: 8.31e-03
rank 0 Batch 50 Allocated: 0.01GB, Max Allocated: 0.47GB, Reserved: 0.79GB
Epoch 19 | Batch 100 | Loss: 253863.322080 | Time: 0.068s | LR: 8.31e-03
rank 0 Batch 100 Allocated: 0.01GB, Max Allocated: 0.47GB, Reserved: 0.79GB
Epoch 19 | Batch 150 | Loss: 291580.348366 | Time: 0.067s | LR: 8.31e-03
rank 0 Batch 150 Allocated: 0.01GB, Max Allocated: 0.47GB, Reserved: 0.79GB
Epoch 19 | Batch 200 | Loss: 253658.229598 | Time: 0.069s | LR: 8.31e-03
rank 0 Batch 200 Allocated: 0.01GB, Max Allocated: 0.47GB, Reserved: 0.79GB
Epoch 19 | Batch 250 | Loss: 254884.428713 | Time: 0.068s | LR: 8.31e-03
rank 0 Batch 250 Allocated: 0.01GB, Max Allocated: 0.47GB, Reserved: 0.79GB
Epoch 19 | Batch 300 | Loss: 266734.959228 | Time: 0.069s | LR: 8.31e-03
rank 0 Batch 300 Allocated: 0.01GB, Max Allocated: 0.47GB, Reserved: 0.79GB
Epoch 19 | Batch 350 | Loss: 250426.313993 | Time: 0.069s | LR: 8.31e-03
rank 0 Batch 350 Allocated: 0.01GB, Max Allocated: 0.47GB, Reserved: 0.79GB
[Monthly Loader] Epoch complete. Yielded 2880/2880 samples.

================================================================================
Epoch 19 completed | Average Loss: 253548.437500
================================================================================


Running validation for epoch 19...
[Monthly Loader] Epoch complete. Yielded 0/0 samples.

Validation results for epoch 19:

rank 0 Before saving checkpoint Allocated: 0.01GB, Max Allocated: 0.47GB, Reserved: 0.79GB
Saved checkpoint to: /lustre/orion/csc662/proj-shared/janet/forecasting/orbit_main/era5_forecasting_0.25_deg/checkpoint_epoch_0019.pt
rank 0 After saving checkpoint Allocated: 0.01GB, Max Allocated: 0.47GB, Reserved: 0.79GB

================================================================================
Starting epoch 20
================================================================================

Epoch 20 | Batch 0 | Loss: 246243.763099 | Time: 5.021s | LR: 7.01e-03
rank 0 Batch 0 Allocated: 0.01GB, Max Allocated: 0.47GB, Reserved: 0.79GB
Epoch 20 | Batch 50 | Loss: 241301.912467 | Time: 0.064s | LR: 7.01e-03
rank 0 Batch 50 Allocated: 0.01GB, Max Allocated: 0.47GB, Reserved: 0.79GB
Epoch 20 | Batch 100 | Loss: 252287.038194 | Time: 0.063s | LR: 7.01e-03
rank 0 Batch 100 Allocated: 0.01GB, Max Allocated: 0.47GB, Reserved: 0.79GB
Epoch 20 | Batch 150 | Loss: 258358.439125 | Time: 0.063s | LR: 7.01e-03
rank 0 Batch 150 Allocated: 0.01GB, Max Allocated: 0.47GB, Reserved: 0.79GB
Epoch 20 | Batch 200 | Loss: 251215.482909 | Time: 0.064s | LR: 7.01e-03
rank 0 Batch 200 Allocated: 0.01GB, Max Allocated: 0.47GB, Reserved: 0.79GB
Epoch 20 | Batch 250 | Loss: 280297.025272 | Time: 0.063s | LR: 7.01e-03
rank 0 Batch 250 Allocated: 0.01GB, Max Allocated: 0.47GB, Reserved: 0.79GB
Epoch 20 | Batch 300 | Loss: 267290.061032 | Time: 0.063s | LR: 7.01e-03
rank 0 Batch 300 Allocated: 0.01GB, Max Allocated: 0.47GB, Reserved: 0.79GB
Epoch 20 | Batch 350 | Loss: 259409.954101 | Time: 0.063s | LR: 7.01e-03
rank 0 Batch 350 Allocated: 0.01GB, Max Allocated: 0.47GB, Reserved: 0.79GB
[Monthly Loader] Epoch complete. Yielded 2880/2880 samples.

================================================================================
Epoch 20 completed | Average Loss: 252723.015625
================================================================================

rank 0 Before saving checkpoint Allocated: 0.01GB, Max Allocated: 0.47GB, Reserved: 0.79GB
Saved checkpoint to: /lustre/orion/csc662/proj-shared/janet/forecasting/orbit_main/era5_forecasting_0.25_deg/checkpoint_epoch_0020.pt
rank 0 After saving checkpoint Allocated: 0.01GB, Max Allocated: 0.47GB, Reserved: 0.79GB

================================================================================
Starting epoch 21
================================================================================

Epoch 21 | Batch 0 | Loss: 266435.619954 | Time: 4.499s | LR: 5.79e-03
rank 0 Batch 0 Allocated: 0.01GB, Max Allocated: 0.47GB, Reserved: 0.79GB
Epoch 21 | Batch 50 | Loss: 255524.718728 | Time: 0.065s | LR: 5.79e-03
rank 0 Batch 50 Allocated: 0.01GB, Max Allocated: 0.47GB, Reserved: 0.79GB
Epoch 21 | Batch 100 | Loss: 244200.940005 | Time: 0.065s | LR: 5.79e-03
rank 0 Batch 100 Allocated: 0.01GB, Max Allocated: 0.47GB, Reserved: 0.79GB
Epoch 21 | Batch 150 | Loss: 258672.444536 | Time: 0.065s | LR: 5.79e-03
rank 0 Batch 150 Allocated: 0.01GB, Max Allocated: 0.47GB, Reserved: 0.79GB
Epoch 21 | Batch 200 | Loss: 256908.735073 | Time: 0.067s | LR: 5.79e-03
rank 0 Batch 200 Allocated: 0.01GB, Max Allocated: 0.47GB, Reserved: 0.79GB
Epoch 21 | Batch 250 | Loss: 253497.322605 | Time: 0.066s | LR: 5.79e-03
rank 0 Batch 250 Allocated: 0.01GB, Max Allocated: 0.47GB, Reserved: 0.79GB
Epoch 21 | Batch 300 | Loss: 238320.906288 | Time: 0.067s | LR: 5.79e-03
rank 0 Batch 300 Allocated: 0.01GB, Max Allocated: 0.47GB, Reserved: 0.79GB
Epoch 21 | Batch 350 | Loss: 245553.405198 | Time: 0.066s | LR: 5.79e-03
rank 0 Batch 350 Allocated: 0.01GB, Max Allocated: 0.47GB, Reserved: 0.79GB
[Monthly Loader] Epoch complete. Yielded 2880/2880 samples.

================================================================================
Epoch 21 completed | Average Loss: 253801.187500
================================================================================

rank 0 Before saving checkpoint Allocated: 0.01GB, Max Allocated: 0.47GB, Reserved: 0.79GB
Saved checkpoint to: /lustre/orion/csc662/proj-shared/janet/forecasting/orbit_main/era5_forecasting_0.25_deg/checkpoint_epoch_0021.pt
rank 0 After saving checkpoint Allocated: 0.01GB, Max Allocated: 0.47GB, Reserved: 0.79GB

================================================================================
Starting epoch 22
================================================================================

Epoch 22 | Batch 0 | Loss: 246996.441764 | Time: 0.386s | LR: 4.65e-03
rank 0 Batch 0 Allocated: 0.01GB, Max Allocated: 0.47GB, Reserved: 0.79GB
Epoch 22 | Batch 50 | Loss: 262446.081217 | Time: 0.068s | LR: 4.65e-03
rank 0 Batch 50 Allocated: 0.01GB, Max Allocated: 0.47GB, Reserved: 0.79GB
Epoch 22 | Batch 100 | Loss: 265906.151032 | Time: 0.069s | LR: 4.65e-03
rank 0 Batch 100 Allocated: 0.01GB, Max Allocated: 0.47GB, Reserved: 0.79GB
Epoch 22 | Batch 150 | Loss: 254956.638741 | Time: 0.069s | LR: 4.65e-03
rank 0 Batch 150 Allocated: 0.01GB, Max Allocated: 0.47GB, Reserved: 0.79GB
Epoch 22 | Batch 200 | Loss: 266529.396443 | Time: 0.069s | LR: 4.65e-03
rank 0 Batch 200 Allocated: 0.01GB, Max Allocated: 0.47GB, Reserved: 0.79GB
Epoch 22 | Batch 250 | Loss: 251934.125441 | Time: 0.069s | LR: 4.65e-03
rank 0 Batch 250 Allocated: 0.01GB, Max Allocated: 0.47GB, Reserved: 0.79GB
Epoch 22 | Batch 300 | Loss: 242438.006982 | Time: 0.069s | LR: 4.65e-03
rank 0 Batch 300 Allocated: 0.01GB, Max Allocated: 0.47GB, Reserved: 0.79GB
Epoch 22 | Batch 350 | Loss: 268245.643613 | Time: 0.069s | LR: 4.65e-03
rank 0 Batch 350 Allocated: 0.01GB, Max Allocated: 0.47GB, Reserved: 0.79GB
[Monthly Loader] Epoch complete. Yielded 2880/2880 samples.

================================================================================
Epoch 22 completed | Average Loss: 252697.453125
================================================================================

rank 0 Before saving checkpoint Allocated: 0.01GB, Max Allocated: 0.47GB, Reserved: 0.79GB
Saved checkpoint to: /lustre/orion/csc662/proj-shared/janet/forecasting/orbit_main/era5_forecasting_0.25_deg/checkpoint_epoch_0022.pt
rank 0 After saving checkpoint Allocated: 0.01GB, Max Allocated: 0.47GB, Reserved: 0.79GB

================================================================================
Starting epoch 23
================================================================================

Epoch 23 | Batch 0 | Loss: 250722.133267 | Time: 0.699s | LR: 3.62e-03
rank 0 Batch 0 Allocated: 0.01GB, Max Allocated: 0.47GB, Reserved: 0.79GB
Epoch 23 | Batch 50 | Loss: 232574.727959 | Time: 0.071s | LR: 3.62e-03
rank 0 Batch 50 Allocated: 0.01GB, Max Allocated: 0.47GB, Reserved: 0.79GB
Epoch 23 | Batch 100 | Loss: 260786.327006 | Time: 0.071s | LR: 3.62e-03
rank 0 Batch 100 Allocated: 0.01GB, Max Allocated: 0.47GB, Reserved: 0.79GB
Epoch 23 | Batch 150 | Loss: 253033.679491 | Time: 0.071s | LR: 3.62e-03
rank 0 Batch 150 Allocated: 0.01GB, Max Allocated: 0.47GB, Reserved: 0.79GB
Epoch 23 | Batch 200 | Loss: 259096.072026 | Time: 0.071s | LR: 3.62e-03
rank 0 Batch 200 Allocated: 0.01GB, Max Allocated: 0.47GB, Reserved: 0.79GB
Epoch 23 | Batch 250 | Loss: 234460.091927 | Time: 0.071s | LR: 3.62e-03
rank 0 Batch 250 Allocated: 0.01GB, Max Allocated: 0.47GB, Reserved: 0.79GB
Epoch 23 | Batch 300 | Loss: 235889.395357 | Time: 0.070s | LR: 3.62e-03
rank 0 Batch 300 Allocated: 0.01GB, Max Allocated: 0.47GB, Reserved: 0.79GB
Epoch 23 | Batch 350 | Loss: 246019.048445 | Time: 0.071s | LR: 3.62e-03
rank 0 Batch 350 Allocated: 0.01GB, Max Allocated: 0.47GB, Reserved: 0.79GB
[Monthly Loader] Epoch complete. Yielded 2880/2880 samples.

================================================================================
Epoch 23 completed | Average Loss: 252321.812500
================================================================================

rank 0 Before saving checkpoint Allocated: 0.01GB, Max Allocated: 0.47GB, Reserved: 0.79GB
Saved checkpoint to: /lustre/orion/csc662/proj-shared/janet/forecasting/orbit_main/era5_forecasting_0.25_deg/checkpoint_epoch_0023.pt
rank 0 After saving checkpoint Allocated: 0.01GB, Max Allocated: 0.47GB, Reserved: 0.79GB

================================================================================
Starting epoch 24
================================================================================

Epoch 24 | Batch 0 | Loss: 245231.249657 | Time: 1.778s | LR: 2.69e-03
rank 0 Batch 0 Allocated: 0.01GB, Max Allocated: 0.47GB, Reserved: 0.79GB
Epoch 24 | Batch 50 | Loss: 248113.080646 | Time: 0.066s | LR: 2.69e-03
rank 0 Batch 50 Allocated: 0.01GB, Max Allocated: 0.47GB, Reserved: 0.79GB
Epoch 24 | Batch 100 | Loss: 256798.985099 | Time: 0.065s | LR: 2.69e-03
rank 0 Batch 100 Allocated: 0.01GB, Max Allocated: 0.47GB, Reserved: 0.79GB
Epoch 24 | Batch 150 | Loss: 260210.738929 | Time: 0.065s | LR: 2.69e-03
rank 0 Batch 150 Allocated: 0.01GB, Max Allocated: 0.47GB, Reserved: 0.79GB
Epoch 24 | Batch 200 | Loss: 261396.695684 | Time: 0.069s | LR: 2.69e-03
rank 0 Batch 200 Allocated: 0.01GB, Max Allocated: 0.47GB, Reserved: 0.79GB
Epoch 24 | Batch 250 | Loss: 255349.421414 | Time: 0.069s | LR: 2.69e-03
rank 0 Batch 250 Allocated: 0.01GB, Max Allocated: 0.47GB, Reserved: 0.79GB
Epoch 24 | Batch 300 | Loss: 217072.161777 | Time: 0.069s | LR: 2.69e-03
rank 0 Batch 300 Allocated: 0.01GB, Max Allocated: 0.47GB, Reserved: 0.79GB
Epoch 24 | Batch 350 | Loss: 266259.257751 | Time: 0.069s | LR: 2.69e-03
rank 0 Batch 350 Allocated: 0.01GB, Max Allocated: 0.47GB, Reserved: 0.79GB
[Monthly Loader] Epoch complete. Yielded 2880/2880 samples.

================================================================================
Epoch 24 completed | Average Loss: 252359.343750
================================================================================


Running validation for epoch 24...
[Monthly Loader] Epoch complete. Yielded 0/0 samples.

Validation results for epoch 24:

rank 0 Before saving checkpoint Allocated: 0.01GB, Max Allocated: 0.47GB, Reserved: 0.79GB
Saved checkpoint to: /lustre/orion/csc662/proj-shared/janet/forecasting/orbit_main/era5_forecasting_0.25_deg/checkpoint_epoch_0024.pt
rank 0 After saving checkpoint Allocated: 0.01GB, Max Allocated: 0.47GB, Reserved: 0.79GB

================================================================================
Starting epoch 25
================================================================================

Epoch 25 | Batch 0 | Loss: 258738.150145 | Time: 5.782s | LR: 1.89e-03
rank 0 Batch 0 Allocated: 0.01GB, Max Allocated: 0.47GB, Reserved: 0.79GB
Epoch 25 | Batch 50 | Loss: 253356.331891 | Time: 0.065s | LR: 1.89e-03
rank 0 Batch 50 Allocated: 0.01GB, Max Allocated: 0.47GB, Reserved: 0.79GB
Epoch 25 | Batch 100 | Loss: 260524.738408 | Time: 0.065s | LR: 1.89e-03
rank 0 Batch 100 Allocated: 0.01GB, Max Allocated: 0.47GB, Reserved: 0.79GB
Epoch 25 | Batch 150 | Loss: 273602.506866 | Time: 0.065s | LR: 1.89e-03
rank 0 Batch 150 Allocated: 0.01GB, Max Allocated: 0.47GB, Reserved: 0.79GB
Epoch 25 | Batch 200 | Loss: 264312.458515 | Time: 0.066s | LR: 1.89e-03
rank 0 Batch 200 Allocated: 0.01GB, Max Allocated: 0.47GB, Reserved: 0.79GB
Epoch 25 | Batch 250 | Loss: 240534.064297 | Time: 0.065s | LR: 1.89e-03
rank 0 Batch 250 Allocated: 0.01GB, Max Allocated: 0.47GB, Reserved: 0.79GB
Epoch 25 | Batch 300 | Loss: 257412.373542 | Time: 0.065s | LR: 1.89e-03
rank 0 Batch 300 Allocated: 0.01GB, Max Allocated: 0.47GB, Reserved: 0.79GB
Epoch 25 | Batch 350 | Loss: 267160.342298 | Time: 0.065s | LR: 1.89e-03
rank 0 Batch 350 Allocated: 0.01GB, Max Allocated: 0.47GB, Reserved: 0.79GB
[Monthly Loader] Epoch complete. Yielded 2880/2880 samples.

================================================================================
Epoch 25 completed | Average Loss: 252579.218750
================================================================================

rank 0 Before saving checkpoint Allocated: 0.01GB, Max Allocated: 0.47GB, Reserved: 0.79GB
Saved checkpoint to: /lustre/orion/csc662/proj-shared/janet/forecasting/orbit_main/era5_forecasting_0.25_deg/checkpoint_epoch_0025.pt
rank 0 After saving checkpoint Allocated: 0.01GB, Max Allocated: 0.47GB, Reserved: 0.79GB

================================================================================
Starting epoch 26
================================================================================

Epoch 26 | Batch 0 | Loss: 213308.331656 | Time: 0.658s | LR: 1.22e-03
rank 0 Batch 0 Allocated: 0.01GB, Max Allocated: 0.47GB, Reserved: 0.79GB
Epoch 26 | Batch 50 | Loss: 264902.231092 | Time: 0.070s | LR: 1.22e-03
rank 0 Batch 50 Allocated: 0.01GB, Max Allocated: 0.47GB, Reserved: 0.79GB
Epoch 26 | Batch 100 | Loss: 241574.274607 | Time: 0.069s | LR: 1.22e-03
rank 0 Batch 100 Allocated: 0.01GB, Max Allocated: 0.47GB, Reserved: 0.79GB
Epoch 26 | Batch 150 | Loss: 258845.692099 | Time: 0.069s | LR: 1.22e-03
rank 0 Batch 150 Allocated: 0.01GB, Max Allocated: 0.47GB, Reserved: 0.79GB
Epoch 26 | Batch 200 | Loss: 227783.735372 | Time: 0.069s | LR: 1.22e-03
rank 0 Batch 200 Allocated: 0.01GB, Max Allocated: 0.47GB, Reserved: 0.79GB
Epoch 26 | Batch 250 | Loss: 237020.660793 | Time: 0.069s | LR: 1.22e-03
rank 0 Batch 250 Allocated: 0.01GB, Max Allocated: 0.47GB, Reserved: 0.79GB
Epoch 26 | Batch 300 | Loss: 245018.182830 | Time: 0.069s | LR: 1.22e-03
rank 0 Batch 300 Allocated: 0.01GB, Max Allocated: 0.47GB, Reserved: 0.79GB
Epoch 26 | Batch 350 | Loss: 248121.344508 | Time: 0.070s | LR: 1.22e-03
rank 0 Batch 350 Allocated: 0.01GB, Max Allocated: 0.47GB, Reserved: 0.79GB
[Monthly Loader] Epoch complete. Yielded 2880/2880 samples.

================================================================================
Epoch 26 completed | Average Loss: 253321.250000
================================================================================

rank 0 Before saving checkpoint Allocated: 0.01GB, Max Allocated: 0.47GB, Reserved: 0.79GB
Saved checkpoint to: /lustre/orion/csc662/proj-shared/janet/forecasting/orbit_main/era5_forecasting_0.25_deg/checkpoint_epoch_0026.pt
rank 0 After saving checkpoint Allocated: 0.01GB, Max Allocated: 0.47GB, Reserved: 0.79GB

================================================================================
Starting epoch 27
================================================================================

Epoch 27 | Batch 0 | Loss: 272137.499222 | Time: 5.529s | LR: 6.91e-04
rank 0 Batch 0 Allocated: 0.01GB, Max Allocated: 0.47GB, Reserved: 0.79GB
Epoch 27 | Batch 50 | Loss: 260301.937594 | Time: 0.074s | LR: 6.91e-04
rank 0 Batch 50 Allocated: 0.01GB, Max Allocated: 0.47GB, Reserved: 0.79GB
srun: Job step aborted: Waiting up to 32 seconds for job step to finish.
slurmstepd: error: *** STEP 4068113.0 ON frontier09059 CANCELLED AT 2026-01-24T20:03:57 DUE TO TIME LIMIT ***
slurmstepd: error: *** JOB 4068113 ON frontier09059 CANCELLED AT 2026-01-24T20:03:57 DUE TO TIME LIMIT ***
