
Lmod is automatically replacing "cce/18.0.1" with "gcc-native/14.2".


Lmod is automatically replacing "PrgEnv-cray/8.6.0" with "PrgEnv-gnu/8.6.0".


Inactive Modules:
  1) darshan-runtime

Due to MODULEPATH changes, the following have been reloaded:
  1) cray-libsci/24.11.0     2) cray-mpich/8.1.31


Lmod is automatically replacing "gcc-native/14.2" with "gcc/12.2.0".


The following have been reloaded with a version change:
  1) cray-libsci/24.11.0 => cray-libsci/23.09.1.1
  2) cray-mpich/8.1.31 => cray-mpich/8.1.27
  3) libfabric/1.22.0 => libfabric/1.20.1

Job started at: Sun Jan 25 11:30:47 AM EST 2026
Job ID: 4068799
Running on nodes: frontier[08808,09284]
Number of tasks: 16
Number of nodes: 2
WARNING[XFORMERS]: xFormers can't load C++/CUDA extensions. xFormers was built for:
    PyTorch 2.4.1+cu121 with CUDA 1201 (you have 2.4.1+rocm6.0)
    Python  3.11.10 (you have 3.11.14)
  Please reinstall xformers (see https://github.com/facebookresearch/xformers#installing-xformers)
  Memory-efficient attention, SwiGLU, sparse and more won't be available.
  Set XFORMERS_MORE_DETAILS=1 for more details
WARNING[XFORMERS]: xFormers can't load C++/CUDA extensions. xFormers was built for:
    PyTorch 2.4.1+cu121 with CUDA 1201 (you have 2.4.1+rocm6.0)
    Python  3.11.10 (you have 3.11.14)
  Please reinstall xformers (see https://github.com/facebookresearch/xformers#installing-xformers)
  Memory-efficient attention, SwiGLU, sparse and more won't be available.
  Set XFORMERS_MORE_DETAILS=1 for more details
WARNING[XFORMERS]: xFormers can't load C++/CUDA extensions. xFormers was built for:
    PyTorch 2.4.1+cu121 with CUDA 1201 (you have 2.4.1+rocm6.0)
    Python  3.11.10 (you have 3.11.14)
  Please reinstall xformers (see https://github.com/facebookresearch/xformers#installing-xformers)
  Memory-efficient attention, SwiGLU, sparse and more won't be available.
  Set XFORMERS_MORE_DETAILS=1 for more details
WARNING[XFORMERS]: xFormers can't load C++/CUDA extensions. xFormers was built for:
    PyTorch 2.4.1+cu121 with CUDA 1201 (you have 2.4.1+rocm6.0)
    Python  3.11.10 (you have 3.11.14)
  Please reinstall xformers (see https://github.com/facebookresearch/xformers#installing-xformers)
  Memory-efficient attention, SwiGLU, sparse and more won't be available.
  Set XFORMERS_MORE_DETAILS=1 for more details
WARNING[XFORMERS]: xFormers can't load C++/CUDA extensions. xFormers was built for:
    PyTorch 2.4.1+cu121 with CUDA 1201 (you have 2.4.1+rocm6.0)
    Python  3.11.10 (you have 3.11.14)
  Please reinstall xformers (see https://github.com/facebookresearch/xformers#installing-xformers)
  Memory-efficient attention, SwiGLU, sparse and more won't be available.
  Set XFORMERS_MORE_DETAILS=1 for more details
WARNING[XFORMERS]: xFormers can't load C++/CUDA extensions. xFormers was built for:
    PyTorch 2.4.1+cu121 with CUDA 1201 (you have 2.4.1+rocm6.0)
    Python  3.11.10 (you have 3.11.14)
  Please reinstall xformers (see https://github.com/facebookresearch/xformers#installing-xformers)
  Memory-efficient attention, SwiGLU, sparse and more won't be available.
  Set XFORMERS_MORE_DETAILS=1 for more details
WARNING[XFORMERS]: xFormers can't load C++/CUDA extensions. xFormers was built for:
    PyTorch 2.4.1+cu121 with CUDA 1201 (you have 2.4.1+rocm6.0)
    Python  3.11.10 (you have 3.11.14)
  Please reinstall xformers (see https://github.com/facebookresearch/xformers#installing-xformers)
  Memory-efficient attention, SwiGLU, sparse and more won't be available.
  Set XFORMERS_MORE_DETAILS=1 for more details
WARNING[XFORMERS]: xFormers can't load C++/CUDA extensions. xFormers was built for:
    PyTorch 2.4.1+cu121 with CUDA 1201 (you have 2.4.1+rocm6.0)
    Python  3.11.10 (you have 3.11.14)
  Please reinstall xformers (see https://github.com/facebookresearch/xformers#installing-xformers)
  Memory-efficient attention, SwiGLU, sparse and more won't be available.
  Set XFORMERS_MORE_DETAILS=1 for more details
WARNING[XFORMERS]: xFormers can't load C++/CUDA extensions. xFormers was built for:
    PyTorch 2.4.1+cu121 with CUDA 1201 (you have 2.4.1+rocm6.0)
    Python  3.11.10 (you have 3.11.14)
  Please reinstall xformers (see https://github.com/facebookresearch/xformers#installing-xformers)
  Memory-efficient attention, SwiGLU, sparse and more won't be available.
  Set XFORMERS_MORE_DETAILS=1 for more details
WARNING[XFORMERS]: xFormers can't load C++/CUDA extensions. xFormers was built for:
    PyTorch 2.4.1+cu121 with CUDA 1201 (you have 2.4.1+rocm6.0)
    Python  3.11.10 (you have 3.11.14)
  Please reinstall xformers (see https://github.com/facebookresearch/xformers#installing-xformers)
  Memory-efficient attention, SwiGLU, sparse and more won't be available.
  Set XFORMERS_MORE_DETAILS=1 for more details
WARNING[XFORMERS]: xFormers can't load C++/CUDA extensions. xFormers was built for:
    PyTorch 2.4.1+cu121 with CUDA 1201 (you have 2.4.1+rocm6.0)
    Python  3.11.10 (you have 3.11.14)
  Please reinstall xformers (see https://github.com/facebookresearch/xformers#installing-xformers)
  Memory-efficient attention, SwiGLU, sparse and more won't be available.
  Set XFORMERS_MORE_DETAILS=1 for more details
WARNING[XFORMERS]: xFormers can't load C++/CUDA extensions. xFormers was built for:
    PyTorch 2.4.1+cu121 with CUDA 1201 (you have 2.4.1+rocm6.0)
    Python  3.11.10 (you have 3.11.14)
  Please reinstall xformers (see https://github.com/facebookresearch/xformers#installing-xformers)
  Memory-efficient attention, SwiGLU, sparse and more won't be available.
  Set XFORMERS_MORE_DETAILS=1 for more details
WARNING[XFORMERS]: xFormers can't load C++/CUDA extensions. xFormers was built for:
    PyTorch 2.4.1+cu121 with CUDA 1201 (you have 2.4.1+rocm6.0)
    Python  3.11.10 (you have 3.11.14)
  Please reinstall xformers (see https://github.com/facebookresearch/xformers#installing-xformers)
  Memory-efficient attention, SwiGLU, sparse and more won't be available.
  Set XFORMERS_MORE_DETAILS=1 for more details
WARNING[XFORMERS]: xFormers can't load C++/CUDA extensions. xFormers was built for:
    PyTorch 2.4.1+cu121 with CUDA 1201 (you have 2.4.1+rocm6.0)
    Python  3.11.10 (you have 3.11.14)
  Please reinstall xformers (see https://github.com/facebookresearch/xformers#installing-xformers)
  Memory-efficient attention, SwiGLU, sparse and more won't be available.
  Set XFORMERS_MORE_DETAILS=1 for more details
WARNING[XFORMERS]: xFormers can't load C++/CUDA extensions. xFormers was built for:
    PyTorch 2.4.1+cu121 with CUDA 1201 (you have 2.4.1+rocm6.0)
    Python  3.11.10 (you have 3.11.14)
  Please reinstall xformers (see https://github.com/facebookresearch/xformers#installing-xformers)
  Memory-efficient attention, SwiGLU, sparse and more won't be available.
  Set XFORMERS_MORE_DETAILS=1 for more details
WARNING[XFORMERS]: xFormers can't load C++/CUDA extensions. xFormers was built for:
    PyTorch 2.4.1+cu121 with CUDA 1201 (you have 2.4.1+rocm6.0)
    Python  3.11.10 (you have 3.11.14)
  Please reinstall xformers (see https://github.com/facebookresearch/xformers#installing-xformers)
  Memory-efficient attention, SwiGLU, sparse and more won't be available.
  Set XFORMERS_MORE_DETAILS=1 for more details
/ccs/home/janetw/diffusion/ORBIT-2-sandbox/src/climate_learn/models/hub/components/attention.py:10: FutureWarning: xformers.components is deprecated and is not maintained anymore. It might be removed in a future version of xFormers 
  from xformers.components.attention.core import scaled_dot_product_attention as xformers_sdpa
/ccs/home/janetw/diffusion/ORBIT-2-sandbox/src/climate_learn/models/hub/components/attention.py:10: FutureWarning: xformers.components is deprecated and is not maintained anymore. It might be removed in a future version of xFormers 
  from xformers.components.attention.core import scaled_dot_product_attention as xformers_sdpa
[W125 11:31:25.559965011 socket.cpp:697] [c10d] The client socket cannot be initialized to connect to [frontier08808.frontier.olcf.ornl.gov]:29500 (errno: 97 - Address family not supported by protocol).
[W125 11:31:25.749893727 socket.cpp:697] [c10d] The client socket cannot be initialized to connect to [frontier08808.frontier.olcf.ornl.gov]:29500 (errno: 97 - Address family not supported by protocol).
/ccs/home/janetw/diffusion/ORBIT-2-sandbox/src/climate_learn/models/hub/components/attention.py:10: FutureWarning: xformers.components is deprecated and is not maintained anymore. It might be removed in a future version of xFormers 
  from xformers.components.attention.core import scaled_dot_product_attention as xformers_sdpa
/ccs/home/janetw/diffusion/ORBIT-2-sandbox/src/climate_learn/models/hub/components/attention.py:10: FutureWarning: xformers.components is deprecated and is not maintained anymore. It might be removed in a future version of xFormers 
  from xformers.components.attention.core import scaled_dot_product_attention as xformers_sdpa
/ccs/home/janetw/diffusion/ORBIT-2-sandbox/src/climate_learn/models/hub/components/attention.py:10: FutureWarning: xformers.components is deprecated and is not maintained anymore. It might be removed in a future version of xFormers 
  from xformers.components.attention.core import scaled_dot_product_attention as xformers_sdpa
/ccs/home/janetw/diffusion/ORBIT-2-sandbox/src/climate_learn/models/hub/components/attention.py:10: FutureWarning: xformers.components is deprecated and is not maintained anymore. It might be removed in a future version of xFormers 
  from xformers.components.attention.core import scaled_dot_product_attention as xformers_sdpa
/ccs/home/janetw/diffusion/ORBIT-2-sandbox/src/climate_learn/models/hub/components/attention.py:10: FutureWarning: xformers.components is deprecated and is not maintained anymore. It might be removed in a future version of xFormers 
  from xformers.components.attention.core import scaled_dot_product_attention as xformers_sdpa
/ccs/home/janetw/diffusion/ORBIT-2-sandbox/src/climate_learn/models/hub/components/attention.py:10: FutureWarning: xformers.components is deprecated and is not maintained anymore. It might be removed in a future version of xFormers 
  from xformers.components.attention.core import scaled_dot_product_attention as xformers_sdpa
/ccs/home/janetw/diffusion/ORBIT-2-sandbox/src/climate_learn/models/hub/components/attention.py:10: FutureWarning: xformers.components is deprecated and is not maintained anymore. It might be removed in a future version of xFormers 
  from xformers.components.attention.core import scaled_dot_product_attention as xformers_sdpa
/ccs/home/janetw/diffusion/ORBIT-2-sandbox/src/climate_learn/models/hub/components/attention.py:10: FutureWarning: xformers.components is deprecated and is not maintained anymore. It might be removed in a future version of xFormers 
  from xformers.components.attention.core import scaled_dot_product_attention as xformers_sdpa
/ccs/home/janetw/diffusion/ORBIT-2-sandbox/src/climate_learn/models/hub/components/attention.py:10: FutureWarning: xformers.components is deprecated and is not maintained anymore. It might be removed in a future version of xFormers 
  from xformers.components.attention.core import scaled_dot_product_attention as xformers_sdpa
/ccs/home/janetw/diffusion/ORBIT-2-sandbox/src/climate_learn/models/hub/components/attention.py:10: FutureWarning: xformers.components is deprecated and is not maintained anymore. It might be removed in a future version of xFormers 
  from xformers.components.attention.core import scaled_dot_product_attention as xformers_sdpa
/ccs/home/janetw/diffusion/ORBIT-2-sandbox/src/climate_learn/models/hub/components/attention.py:10: FutureWarning: xformers.components is deprecated and is not maintained anymore. It might be removed in a future version of xFormers 
  from xformers.components.attention.core import scaled_dot_product_attention as xformers_sdpa
/ccs/home/janetw/diffusion/ORBIT-2-sandbox/src/climate_learn/models/hub/components/attention.py:10: FutureWarning: xformers.components is deprecated and is not maintained anymore. It might be removed in a future version of xFormers 
  from xformers.components.attention.core import scaled_dot_product_attention as xformers_sdpa
/ccs/home/janetw/diffusion/ORBIT-2-sandbox/src/climate_learn/models/hub/components/attention.py:10: FutureWarning: xformers.components is deprecated and is not maintained anymore. It might be removed in a future version of xFormers 
  from xformers.components.attention.core import scaled_dot_product_attention as xformers_sdpa
/ccs/home/janetw/diffusion/ORBIT-2-sandbox/src/climate_learn/models/hub/components/attention.py:10: FutureWarning: xformers.components is deprecated and is not maintained anymore. It might be removed in a future version of xFormers 
  from xformers.components.attention.core import scaled_dot_product_attention as xformers_sdpa
[W125 11:31:26.223883091 socket.cpp:697] [c10d] The client socket cannot be initialized to connect to [frontier08808.frontier.olcf.ornl.gov]:29500 (errno: 97 - Address family not supported by protocol).
[W125 11:31:26.230215407 socket.cpp:697] [c10d] The client socket cannot be initialized to connect to [frontier08808.frontier.olcf.ornl.gov]:29500 (errno: 97 - Address family not supported by protocol).
[W125 11:31:26.230933294 socket.cpp:697] [c10d] The client socket cannot be initialized to connect to [frontier08808.frontier.olcf.ornl.gov]:29500 (errno: 97 - Address family not supported by protocol).
[W125 11:31:26.232102820 socket.cpp:697] [c10d] The client socket cannot be initialized to connect to [frontier08808.frontier.olcf.ornl.gov]:29500 (errno: 97 - Address family not supported by protocol).
[W125 11:31:26.408028662 socket.cpp:697] [c10d] The client socket cannot be initialized to connect to [frontier08808.frontier.olcf.ornl.gov]:29500 (errno: 97 - Address family not supported by protocol).
[W125 11:31:26.409503919 socket.cpp:697] [c10d] The client socket cannot be initialized to connect to [frontier08808.frontier.olcf.ornl.gov]:29500 (errno: 97 - Address family not supported by protocol).
[W125 11:31:26.240646597 socket.cpp:697] [c10d] The client socket cannot be initialized to connect to [frontier08808.frontier.olcf.ornl.gov]:29500 (errno: 97 - Address family not supported by protocol).
[W125 11:31:26.411589979 socket.cpp:697] [c10d] The client socket cannot be initialized to connect to [frontier08808.frontier.olcf.ornl.gov]:29500 (errno: 97 - Address family not supported by protocol).
[W125 11:31:26.241677781 socket.cpp:697] [c10d] The client socket cannot be initialized to connect to [frontier08808.frontier.olcf.ornl.gov]:29500 (errno: 97 - Address family not supported by protocol).
[W125 11:31:26.416341521 socket.cpp:697] [c10d] The client socket cannot be initialized to connect to [frontier08808.frontier.olcf.ornl.gov]:29500 (errno: 97 - Address family not supported by protocol).
[W125 11:31:26.416389494 socket.cpp:697] [c10d] The client socket cannot be initialized to connect to [frontier08808.frontier.olcf.ornl.gov]:29500 (errno: 97 - Address family not supported by protocol).
[W125 11:31:26.419050849 socket.cpp:697] [c10d] The client socket cannot be initialized to connect to [frontier08808.frontier.olcf.ornl.gov]:29500 (errno: 97 - Address family not supported by protocol).
[W125 11:31:26.422934279 socket.cpp:697] [c10d] The client socket cannot be initialized to connect to [frontier08808.frontier.olcf.ornl.gov]:29500 (errno: 97 - Address family not supported by protocol).
[W125 11:31:26.292025169 socket.cpp:697] [c10d] The client socket cannot be initialized to connect to [frontier08808.frontier.olcf.ornl.gov]:29500 (errno: 97 - Address family not supported by protocol).
DDStore loading error!!
Initialized process group. world_size=16
world_size=16, world_rank=5, local_rank=5
DDStore loading error!!
Initialized process group. world_size=16
world_size=16, world_rank=10, local_rank=2
use_ddstore is : 0
[Rank 5] Assigned 2/40 monthly files (indices 10:12).
use_ddstore is : 0
[Rank 10] Assigned 2/40 monthly files (indices 20:22).
DDStore loading error!!
Initialized process group. world_size=16
world_size=16, world_rank=6, local_rank=6
DDStore loading error!!
Initialized process group. world_size=16
world_size=16, world_rank=2, local_rank=2
DDStore loading error!!
Initialized process group. world_size=16
world_size=16, world_rank=1, local_rank=1
DDStore loading error!!
Initialized process group. world_size=16
world_size=16, world_rank=3, local_rank=3
DDStore loading error!!
Initialized process group. world_size=16
world_size=16, world_rank=14, local_rank=6
DDStore loading error!!
Initialized process group. world_size=16
world_size=16, world_rank=15, local_rank=7
DDStore loading error!!
Initialized process group. world_size=16
world_size=16, world_rank=7, local_rank=7
DDStore loading error!!
Initialized process group. world_size=16
world_size=16, world_rank=11, local_rank=3
DDStore loading error!!
Initialized process group. world_size=16
world_size=16, world_rank=4, local_rank=4
DDStore loading error!!
Initialized process group. world_size=16
world_size=16, world_rank=9, local_rank=1
DDStore loading error!!
Initialized process group. world_size=16
world_size=16, world_rank=13, local_rank=5
DDStore loading error!!
Initialized process group. world_size=16
world_size=16, world_rank=8, local_rank=0
DDStore loading error!!
Initialized process group. world_size=16
world_size=16, world_rank=12, local_rank=4
use_ddstore is : 0
DDStore loading error!!
Initialized process group. world_size=16
[Rank 6] Assigned 2/40 monthly files (indices 12:14).
world_size=16, world_rank=0, local_rank=0
Loading config from: /ccs/home/janetw/diffusion/ORBIT-2-sandbox/configs/era5_forecasting.yaml

================================================================================
Training Configuration Summary
================================================================================
Config: /ccs/home/janetw/diffusion/ORBIT-2-sandbox/configs/era5_forecasting.yaml
Max epochs: 30
Data type: bfloat16
Checkpoint: None
Save path: /lustre/orion/csc662/proj-shared/janet/forecasting/orbit_main/era5_forecasting_0.25_deg
================================================================================

Creating data module for direct forecasting
Input variables: ['temperature_50', 'temperature_250', 'temperature_500', 'temperature_600', 'temperature_700', 'temperature_850', 'temperature_925', '2m_temperature', '10m_u_component_of_wind', '10m_v_component_of_wind', 'latitude', 'land_sea_mask', 'orography', 'landcover']
use_ddstore is : 0
Output variables: ['2m_temperature']
Setting up distributed data loading: world_size=16
Each GPU will process 1/16 of the dataset
use_ddstore is : 0
use_ddstore is : 0
[Rank 3] Assigned 2/40 monthly files (indices 6:8).
[Rank 1] Assigned 2/40 monthly files (indices 2:4).
[Rank 2] Assigned 2/40 monthly files (indices 4:6).
use_ddstore is : 0
[Rank 7] Assigned 2/40 monthly files (indices 14:16).
use_ddstore is : 0
use_ddstore is : 0
[Rank 14] Assigned 2/40 monthly files (indices 28:30).
use_ddstore is : 0
[Rank 15] Assigned 2/40 monthly files (indices 30:32).
use_ddstore is : 0
[Rank 4] Assigned 2/40 monthly files (indices 8:10).
[Rank 11] Assigned 2/40 monthly files (indices 22:24).
use_ddstore is : 0
use_ddstore is : 0
[Rank 13] Assigned 2/40 monthly files (indices 26:28).
[Rank 9] Assigned 2/40 monthly files (indices 18:20).
use_ddstore is : 0
[Rank 8] Assigned 2/40 monthly files (indices 16:18).
use_ddstore is : 0
[Rank 12] Assigned 2/40 monthly files (indices 24:26).
after data_module creation Allocated: 0.00GB, Max Allocated: 0.00GB, Reserved: 0.00GB
use_ddstore is : 0
[Rank 0] Assigned 2/40 monthly files (indices 0:2).
[Monthly Loader] Verifying variables in 1979_0.npz...
[Monthly Loader] Available variables: ['land_sea_mask', 'landcover', 'latitude', 'orography', '10m_u_component_of_wind', '10m_v_component_of_wind', '2m_temperature_max', '2m_temperature_min', '2m_temperature', 'sea_surface_temperature', 'surface_pressure', 'total_precipitation_24hr', 'volumetric_soil_water_layer_1', 'geopotential_50', 'geopotential_100', 'geopotential_150', 'geopotential_200', 'geopotential_250', 'geopotential_300', 'geopotential_400', 'geopotential_500', 'geopotential_600', 'geopotential_700', 'geopotential_850', 'geopotential_925', 'geopotential_1000', 'specific_humidity_50', 'specific_humidity_100', 'specific_humidity_150', 'specific_humidity_200', 'specific_humidity_250', 'specific_humidity_300', 'specific_humidity_400', 'specific_humidity_500', 'specific_humidity_600', 'specific_humidity_700', 'specific_humidity_850', 'specific_humidity_925', 'specific_humidity_1000', 'temperature_50', 'temperature_100', 'temperature_150', 'temperature_200', 'temperature_250', 'temperature_300', 'temperature_400', 'temperature_500', 'temperature_600', 'temperature_700', 'temperature_850', 'temperature_925', 'temperature_1000', 'u_component_of_wind_50', 'u_component_of_wind_100', 'u_component_of_wind_150', 'u_component_of_wind_200', 'u_component_of_wind_250', 'u_component_of_wind_300', 'u_component_of_wind_400', 'u_component_of_wind_500', 'u_component_of_wind_600', 'u_component_of_wind_700', 'u_component_of_wind_850', 'u_component_of_wind_925', 'u_component_of_wind_1000', 'v_component_of_wind_50', 'v_component_of_wind_100', 'v_component_of_wind_150', 'v_component_of_wind_200', 'v_component_of_wind_250', 'v_component_of_wind_300', 'v_component_of_wind_400', 'v_component_of_wind_500', 'v_component_of_wind_600', 'v_component_of_wind_700', 'v_component_of_wind_850', 'v_component_of_wind_925', 'v_component_of_wind_1000', 'days_of_year', 'time_of_day', 'hrs_each_step', 'num_steps_per_shard', 'extra_steps', 'lattitude']
/lustre/orion/csc662/proj-shared/janet/miniconda3/envs/orbit_main/lib/python3.11/site-packages/torch/distributed/fsdp/wrap.py:491: FutureWarning: Please specify CheckpointImpl.NO_REENTRANT as CheckpointImpl.REENTRANT will soon be removed as the default and eventually deprecated.
  return wrapper_cls(module, **kwargs)
/lustre/orion/csc662/proj-shared/janet/miniconda3/envs/orbit_main/lib/python3.11/site-packages/torch/distributed/fsdp/wrap.py:491: FutureWarning: Please specify CheckpointImpl.NO_REENTRANT as CheckpointImpl.REENTRANT will soon be removed as the default and eventually deprecated.
  return wrapper_cls(module, **kwargs)
/lustre/orion/csc662/proj-shared/janet/miniconda3/envs/orbit_main/lib/python3.11/site-packages/torch/distributed/fsdp/wrap.py:491: FutureWarning: Please specify CheckpointImpl.NO_REENTRANT as CheckpointImpl.REENTRANT will soon be removed as the default and eventually deprecated.
  return wrapper_cls(module, **kwargs)
/lustre/orion/csc662/proj-shared/janet/miniconda3/envs/orbit_main/lib/python3.11/site-packages/torch/distributed/fsdp/wrap.py:491: FutureWarning: Please specify CheckpointImpl.NO_REENTRANT as CheckpointImpl.REENTRANT will soon be removed as the default and eventually deprecated.
  return wrapper_cls(module, **kwargs)
/lustre/orion/csc662/proj-shared/janet/miniconda3/envs/orbit_main/lib/python3.11/site-packages/torch/distributed/fsdp/wrap.py:491: FutureWarning: Please specify CheckpointImpl.NO_REENTRANT as CheckpointImpl.REENTRANT will soon be removed as the default and eventually deprecated.
  return wrapper_cls(module, **kwargs)
/lustre/orion/csc662/proj-shared/janet/miniconda3/envs/orbit_main/lib/python3.11/site-packages/torch/distributed/fsdp/wrap.py:491: FutureWarning: Please specify CheckpointImpl.NO_REENTRANT as CheckpointImpl.REENTRANT will soon be removed as the default and eventually deprecated.
  return wrapper_cls(module, **kwargs)
/lustre/orion/csc662/proj-shared/janet/miniconda3/envs/orbit_main/lib/python3.11/site-packages/torch/distributed/fsdp/wrap.py:491: FutureWarning: Please specify CheckpointImpl.NO_REENTRANT as CheckpointImpl.REENTRANT will soon be removed as the default and eventually deprecated.
  return wrapper_cls(module, **kwargs)
/lustre/orion/csc662/proj-shared/janet/miniconda3/envs/orbit_main/lib/python3.11/site-packages/torch/distributed/fsdp/wrap.py:491: FutureWarning: Please specify CheckpointImpl.NO_REENTRANT as CheckpointImpl.REENTRANT will soon be removed as the default and eventually deprecated.
  return wrapper_cls(module, **kwargs)
/lustre/orion/csc662/proj-shared/janet/miniconda3/envs/orbit_main/lib/python3.11/site-packages/torch/distributed/fsdp/wrap.py:491: FutureWarning: Please specify CheckpointImpl.NO_REENTRANT as CheckpointImpl.REENTRANT will soon be removed as the default and eventually deprecated.
  return wrapper_cls(module, **kwargs)
/lustre/orion/csc662/proj-shared/janet/miniconda3/envs/orbit_main/lib/python3.11/site-packages/torch/distributed/fsdp/wrap.py:491: FutureWarning: Please specify CheckpointImpl.NO_REENTRANT as CheckpointImpl.REENTRANT will soon be removed as the default and eventually deprecated.
  return wrapper_cls(module, **kwargs)
/lustre/orion/csc662/proj-shared/janet/miniconda3/envs/orbit_main/lib/python3.11/site-packages/torch/distributed/fsdp/wrap.py:491: FutureWarning: Please specify CheckpointImpl.NO_REENTRANT as CheckpointImpl.REENTRANT will soon be removed as the default and eventually deprecated.
  return wrapper_cls(module, **kwargs)
/lustre/orion/csc662/proj-shared/janet/miniconda3/envs/orbit_main/lib/python3.11/site-packages/torch/distributed/fsdp/wrap.py:491: FutureWarning: Please specify CheckpointImpl.NO_REENTRANT as CheckpointImpl.REENTRANT will soon be removed as the default and eventually deprecated.
  return wrapper_cls(module, **kwargs)
/lustre/orion/csc662/proj-shared/janet/miniconda3/envs/orbit_main/lib/python3.11/site-packages/torch/distributed/fsdp/wrap.py:491: FutureWarning: Please specify CheckpointImpl.NO_REENTRANT as CheckpointImpl.REENTRANT will soon be removed as the default and eventually deprecated.
  return wrapper_cls(module, **kwargs)
/lustre/orion/csc662/proj-shared/janet/miniconda3/envs/orbit_main/lib/python3.11/site-packages/torch/distributed/fsdp/wrap.py:491: FutureWarning: Please specify CheckpointImpl.NO_REENTRANT as CheckpointImpl.REENTRANT will soon be removed as the default and eventually deprecated.
  return wrapper_cls(module, **kwargs)
/lustre/orion/csc662/proj-shared/janet/miniconda3/envs/orbit_main/lib/python3.11/site-packages/torch/distributed/fsdp/wrap.py:491: FutureWarning: Please specify CheckpointImpl.NO_REENTRANT as CheckpointImpl.REENTRANT will soon be removed as the default and eventually deprecated.
  return wrapper_cls(module, **kwargs)
[Monthly Loader] 'temperature_50': shape=(8760, 1, 128, 256)
[Monthly Loader] 'temperature_500': shape=(8760, 1, 128, 256)
[Monthly Loader] 'orography': shape=(8760, 1, 128, 256)
[Monthly Loader] 'temperature_925': shape=(8760, 1, 128, 256)
[Monthly Loader] '10m_v_component_of_wind': shape=(8760, 1, 128, 256)
[Monthly Loader] 'temperature_700': shape=(8760, 1, 128, 256)
[Monthly Loader] '2m_temperature': shape=(8760, 1, 128, 256)
[Monthly Loader] 'temperature_600': shape=(8760, 1, 128, 256)
[Monthly Loader] 'latitude': shape=(8760, 1, 128, 256)
[Monthly Loader] 'land_sea_mask': shape=(8760, 1, 128, 256)
[Monthly Loader] 'landcover': shape=(8760, 1, 128, 256)
[Monthly Loader] 'temperature_250': shape=(8760, 1, 128, 256)
[Monthly Loader] '10m_u_component_of_wind': shape=(8760, 1, 128, 256)
[Monthly Loader] 'temperature_850': shape=(8760, 1, 128, 256)
[Monthly Loader] All ranks assigned all 3 files (no sharding).
[Monthly Loader] Verifying variables in 2018_0.npz...
[Monthly Loader] Available variables: ['land_sea_mask', 'landcover', 'latitude', 'orography', '10m_u_component_of_wind', '10m_v_component_of_wind', '2m_temperature_max', '2m_temperature_min', '2m_temperature', 'sea_surface_temperature', 'surface_pressure', 'total_precipitation_24hr', 'volumetric_soil_water_layer_1', 'geopotential_50', 'geopotential_100', 'geopotential_150', 'geopotential_200', 'geopotential_250', 'geopotential_300', 'geopotential_400', 'geopotential_500', 'geopotential_600', 'geopotential_700', 'geopotential_850', 'geopotential_925', 'geopotential_1000', 'specific_humidity_50', 'specific_humidity_100', 'specific_humidity_150', 'specific_humidity_200', 'specific_humidity_250', 'specific_humidity_300', 'specific_humidity_400', 'specific_humidity_500', 'specific_humidity_600', 'specific_humidity_700', 'specific_humidity_850', 'specific_humidity_925', 'specific_humidity_1000', 'temperature_50', 'temperature_100', 'temperature_150', 'temperature_200', 'temperature_250', 'temperature_300', 'temperature_400', 'temperature_500', 'temperature_600', 'temperature_700', 'temperature_850', 'temperature_925', 'temperature_1000', 'u_component_of_wind_50', 'u_component_of_wind_100', 'u_component_of_wind_150', 'u_component_of_wind_200', 'u_component_of_wind_250', 'u_component_of_wind_300', 'u_component_of_wind_400', 'u_component_of_wind_500', 'u_component_of_wind_600', 'u_component_of_wind_700', 'u_component_of_wind_850', 'u_component_of_wind_925', 'u_component_of_wind_1000', 'v_component_of_wind_50', 'v_component_of_wind_100', 'v_component_of_wind_150', 'v_component_of_wind_200', 'v_component_of_wind_250', 'v_component_of_wind_300', 'v_component_of_wind_400', 'v_component_of_wind_500', 'v_component_of_wind_600', 'v_component_of_wind_700', 'v_component_of_wind_850', 'v_component_of_wind_925', 'v_component_of_wind_1000', 'days_of_year', 'time_of_day', 'hrs_each_step', 'num_steps_per_shard', 'extra_steps', 'lattitude']
[Monthly Loader] 'temperature_50': shape=(8760, 1, 128, 256)
[Monthly Loader] 'temperature_500': shape=(8760, 1, 128, 256)
[Monthly Loader] 'orography': shape=(8760, 1, 128, 256)
[Monthly Loader] 'temperature_925': shape=(8760, 1, 128, 256)
[Monthly Loader] '10m_v_component_of_wind': shape=(8760, 1, 128, 256)
[Monthly Loader] 'temperature_700': shape=(8760, 1, 128, 256)
[Monthly Loader] '2m_temperature': shape=(8760, 1, 128, 256)
[Monthly Loader] 'temperature_600': shape=(8760, 1, 128, 256)
[Monthly Loader] 'latitude': shape=(8760, 1, 128, 256)
[Monthly Loader] 'land_sea_mask': shape=(8760, 1, 128, 256)
[Monthly Loader] 'landcover': shape=(8760, 1, 128, 256)
[Monthly Loader] 'temperature_250': shape=(8760, 1, 128, 256)
[Monthly Loader] '10m_u_component_of_wind': shape=(8760, 1, 128, 256)
[Monthly Loader] 'temperature_850': shape=(8760, 1, 128, 256)
Creating model: res_slimvit
Model config: img_size=(32, 64), in_channels=14, out_channels=1, history=1, superres_factor=4
Model parameters: 5.44M
/lustre/orion/csc662/proj-shared/janet/miniconda3/envs/orbit_main/lib/python3.11/site-packages/torch/distributed/fsdp/wrap.py:491: FutureWarning: Please specify CheckpointImpl.NO_REENTRANT as CheckpointImpl.REENTRANT will soon be removed as the default and eventually deprecated.
  return wrapper_cls(module, **kwargs)
FSDP wrapping completed, now creating losses...
Loading training climatology for lat_mse (this may take a while)...
Loading validation climatology...
Using lat_mse for training loss
Loss functions created successfully
Losses created successfully

================================================================================
Starting epoch 0
================================================================================

/lustre/orion/csc662/proj-shared/janet/miniconda3/envs/orbit_main/lib/python3.11/site-packages/torch/utils/checkpoint.py:295: FutureWarning: `torch.cpu.amp.autocast(args...)` is deprecated. Please use `torch.amp.autocast('cpu', args...)` instead.
  with torch.enable_grad(), device_autocast_ctx, torch.cpu.amp.autocast(**ctx.cpu_autocast_kwargs):  # type: ignore[attr-defined]
/lustre/orion/csc662/proj-shared/janet/miniconda3/envs/orbit_main/lib/python3.11/site-packages/torch/utils/checkpoint.py:295: FutureWarning: `torch.cpu.amp.autocast(args...)` is deprecated. Please use `torch.amp.autocast('cpu', args...)` instead.
  with torch.enable_grad(), device_autocast_ctx, torch.cpu.amp.autocast(**ctx.cpu_autocast_kwargs):  # type: ignore[attr-defined]
/lustre/orion/csc662/proj-shared/janet/miniconda3/envs/orbit_main/lib/python3.11/site-packages/torch/utils/checkpoint.py:295: FutureWarning: `torch.cpu.amp.autocast(args...)` is deprecated. Please use `torch.amp.autocast('cpu', args...)` instead.
  with torch.enable_grad(), device_autocast_ctx, torch.cpu.amp.autocast(**ctx.cpu_autocast_kwargs):  # type: ignore[attr-defined]
/lustre/orion/csc662/proj-shared/janet/miniconda3/envs/orbit_main/lib/python3.11/site-packages/torch/utils/checkpoint.py:295: FutureWarning: `torch.cpu.amp.autocast(args...)` is deprecated. Please use `torch.amp.autocast('cpu', args...)` instead.
  with torch.enable_grad(), device_autocast_ctx, torch.cpu.amp.autocast(**ctx.cpu_autocast_kwargs):  # type: ignore[attr-defined]
/lustre/orion/csc662/proj-shared/janet/miniconda3/envs/orbit_main/lib/python3.11/site-packages/torch/utils/checkpoint.py:295: FutureWarning: `torch.cpu.amp.autocast(args...)` is deprecated. Please use `torch.amp.autocast('cpu', args...)` instead.
  with torch.enable_grad(), device_autocast_ctx, torch.cpu.amp.autocast(**ctx.cpu_autocast_kwargs):  # type: ignore[attr-defined]
/lustre/orion/csc662/proj-shared/janet/miniconda3/envs/orbit_main/lib/python3.11/site-packages/torch/utils/checkpoint.py:295: FutureWarning: `torch.cpu.amp.autocast(args...)` is deprecated. Please use `torch.amp.autocast('cpu', args...)` instead.
  with torch.enable_grad(), device_autocast_ctx, torch.cpu.amp.autocast(**ctx.cpu_autocast_kwargs):  # type: ignore[attr-defined]
/lustre/orion/csc662/proj-shared/janet/miniconda3/envs/orbit_main/lib/python3.11/site-packages/torch/utils/checkpoint.py:295: FutureWarning: `torch.cpu.amp.autocast(args...)` is deprecated. Please use `torch.amp.autocast('cpu', args...)` instead.
  with torch.enable_grad(), device_autocast_ctx, torch.cpu.amp.autocast(**ctx.cpu_autocast_kwargs):  # type: ignore[attr-defined]
/lustre/orion/csc662/proj-shared/janet/miniconda3/envs/orbit_main/lib/python3.11/site-packages/torch/utils/checkpoint.py:295: FutureWarning: `torch.cpu.amp.autocast(args...)` is deprecated. Please use `torch.amp.autocast('cpu', args...)` instead.
  with torch.enable_grad(), device_autocast_ctx, torch.cpu.amp.autocast(**ctx.cpu_autocast_kwargs):  # type: ignore[attr-defined]
/lustre/orion/csc662/proj-shared/janet/miniconda3/envs/orbit_main/lib/python3.11/site-packages/torch/utils/checkpoint.py:295: FutureWarning: `torch.cpu.amp.autocast(args...)` is deprecated. Please use `torch.amp.autocast('cpu', args...)` instead.
  with torch.enable_grad(), device_autocast_ctx, torch.cpu.amp.autocast(**ctx.cpu_autocast_kwargs):  # type: ignore[attr-defined]
/lustre/orion/csc662/proj-shared/janet/miniconda3/envs/orbit_main/lib/python3.11/site-packages/torch/utils/checkpoint.py:295: FutureWarning: `torch.cpu.amp.autocast(args...)` is deprecated. Please use `torch.amp.autocast('cpu', args...)` instead.
  with torch.enable_grad(), device_autocast_ctx, torch.cpu.amp.autocast(**ctx.cpu_autocast_kwargs):  # type: ignore[attr-defined]
/lustre/orion/csc662/proj-shared/janet/miniconda3/envs/orbit_main/lib/python3.11/site-packages/torch/utils/checkpoint.py:295: FutureWarning: `torch.cpu.amp.autocast(args...)` is deprecated. Please use `torch.amp.autocast('cpu', args...)` instead.
  with torch.enable_grad(), device_autocast_ctx, torch.cpu.amp.autocast(**ctx.cpu_autocast_kwargs):  # type: ignore[attr-defined]
/lustre/orion/csc662/proj-shared/janet/miniconda3/envs/orbit_main/lib/python3.11/site-packages/torch/utils/checkpoint.py:295: FutureWarning: `torch.cpu.amp.autocast(args...)` is deprecated. Please use `torch.amp.autocast('cpu', args...)` instead.
  with torch.enable_grad(), device_autocast_ctx, torch.cpu.amp.autocast(**ctx.cpu_autocast_kwargs):  # type: ignore[attr-defined]
/lustre/orion/csc662/proj-shared/janet/miniconda3/envs/orbit_main/lib/python3.11/site-packages/torch/utils/checkpoint.py:295: FutureWarning: `torch.cpu.amp.autocast(args...)` is deprecated. Please use `torch.amp.autocast('cpu', args...)` instead.
  with torch.enable_grad(), device_autocast_ctx, torch.cpu.amp.autocast(**ctx.cpu_autocast_kwargs):  # type: ignore[attr-defined]
/lustre/orion/csc662/proj-shared/janet/miniconda3/envs/orbit_main/lib/python3.11/site-packages/torch/utils/checkpoint.py:295: FutureWarning: `torch.cpu.amp.autocast(args...)` is deprecated. Please use `torch.amp.autocast('cpu', args...)` instead.
  with torch.enable_grad(), device_autocast_ctx, torch.cpu.amp.autocast(**ctx.cpu_autocast_kwargs):  # type: ignore[attr-defined]
/lustre/orion/csc662/proj-shared/janet/miniconda3/envs/orbit_main/lib/python3.11/site-packages/torch/utils/checkpoint.py:295: FutureWarning: `torch.cpu.amp.autocast(args...)` is deprecated. Please use `torch.amp.autocast('cpu', args...)` instead.
  with torch.enable_grad(), device_autocast_ctx, torch.cpu.amp.autocast(**ctx.cpu_autocast_kwargs):  # type: ignore[attr-defined]
/lustre/orion/csc662/proj-shared/janet/miniconda3/envs/orbit_main/lib/python3.11/site-packages/torch/utils/checkpoint.py:295: FutureWarning: `torch.cpu.amp.autocast(args...)` is deprecated. Please use `torch.amp.autocast('cpu', args...)` instead.
  with torch.enable_grad(), device_autocast_ctx, torch.cpu.amp.autocast(**ctx.cpu_autocast_kwargs):  # type: ignore[attr-defined]
Epoch 0 | Batch 0 | Loss: 0.734187 | Time: 18.147s | LR: 1.00e-06
rank 0 Batch 0 Allocated: 0.01GB, Max Allocated: 0.47GB, Reserved: 0.05GB
Epoch 0 | Batch 50 | Loss: 0.754614 | Time: 0.064s | LR: 1.00e-06
rank 0 Batch 50 Allocated: 0.01GB, Max Allocated: 0.47GB, Reserved: 0.79GB
Epoch 0 | Batch 100 | Loss: 0.709354 | Time: 0.064s | LR: 1.00e-06
rank 0 Batch 100 Allocated: 0.01GB, Max Allocated: 0.47GB, Reserved: 0.79GB
Epoch 0 | Batch 150 | Loss: 0.741711 | Time: 0.064s | LR: 1.00e-06
rank 0 Batch 150 Allocated: 0.01GB, Max Allocated: 0.47GB, Reserved: 0.79GB
Epoch 0 | Batch 200 | Loss: 0.709724 | Time: 0.067s | LR: 1.00e-06
rank 0 Batch 200 Allocated: 0.01GB, Max Allocated: 0.47GB, Reserved: 0.79GB
Epoch 0 | Batch 250 | Loss: 0.728810 | Time: 0.064s | LR: 1.00e-06
rank 0 Batch 250 Allocated: 0.01GB, Max Allocated: 0.47GB, Reserved: 0.79GB
Epoch 0 | Batch 300 | Loss: 0.710921 | Time: 0.064s | LR: 1.00e-06
rank 0 Batch 300 Allocated: 0.01GB, Max Allocated: 0.47GB, Reserved: 0.79GB
Epoch 0 | Batch 350 | Loss: 0.694064 | Time: 0.064s | LR: 1.00e-06
rank 0 Batch 350 Allocated: 0.01GB, Max Allocated: 0.47GB, Reserved: 0.79GB
[Monthly Loader] Epoch complete. Yielded 2880 samples.

================================================================================
Epoch 0 completed | Average Loss: 0.718464
================================================================================

rank 0 Before saving checkpoint Allocated: 0.01GB, Max Allocated: 0.47GB, Reserved: 0.79GB
Saved checkpoint to: /lustre/orion/csc662/proj-shared/janet/forecasting/orbit_main/era5_forecasting_0.25_deg/checkpoint_epoch_0000.pt
rank 0 After saving checkpoint Allocated: 0.01GB, Max Allocated: 0.47GB, Reserved: 0.79GB

================================================================================
Starting epoch 1
================================================================================

Epoch 1 | Batch 0 | Loss: 0.723309 | Time: 1.795s | LR: 6.60e-03
rank 0 Batch 0 Allocated: 0.01GB, Max Allocated: 0.47GB, Reserved: 0.79GB
Epoch 1 | Batch 50 | Loss: 0.041992 | Time: 0.065s | LR: 6.60e-03
rank 0 Batch 50 Allocated: 0.01GB, Max Allocated: 0.47GB, Reserved: 0.79GB
Epoch 1 | Batch 100 | Loss: 0.029190 | Time: 0.065s | LR: 6.60e-03
rank 0 Batch 100 Allocated: 0.01GB, Max Allocated: 0.47GB, Reserved: 0.79GB
Epoch 1 | Batch 150 | Loss: 0.034012 | Time: 0.065s | LR: 6.60e-03
rank 0 Batch 150 Allocated: 0.01GB, Max Allocated: 0.47GB, Reserved: 0.79GB
Epoch 1 | Batch 200 | Loss: 0.027338 | Time: 0.065s | LR: 6.60e-03
rank 0 Batch 200 Allocated: 0.01GB, Max Allocated: 0.47GB, Reserved: 0.79GB
Epoch 1 | Batch 250 | Loss: 0.026666 | Time: 0.065s | LR: 6.60e-03
rank 0 Batch 250 Allocated: 0.01GB, Max Allocated: 0.47GB, Reserved: 0.79GB
Epoch 1 | Batch 300 | Loss: 0.028719 | Time: 0.065s | LR: 6.60e-03
rank 0 Batch 300 Allocated: 0.01GB, Max Allocated: 0.47GB, Reserved: 0.79GB
Epoch 1 | Batch 350 | Loss: 0.026838 | Time: 0.064s | LR: 6.60e-03
rank 0 Batch 350 Allocated: 0.01GB, Max Allocated: 0.47GB, Reserved: 0.79GB
[Monthly Loader] Epoch complete. Yielded 2880 samples.

================================================================================
Epoch 1 completed | Average Loss: 0.064395
================================================================================

rank 0 Before saving checkpoint Allocated: 0.01GB, Max Allocated: 0.47GB, Reserved: 0.79GB
Saved checkpoint to: /lustre/orion/csc662/proj-shared/janet/forecasting/orbit_main/era5_forecasting_0.25_deg/checkpoint_epoch_0001.pt
rank 0 After saving checkpoint Allocated: 0.01GB, Max Allocated: 0.47GB, Reserved: 0.79GB

================================================================================
Starting epoch 2
================================================================================

Epoch 2 | Batch 0 | Loss: 0.029573 | Time: 4.121s | LR: 1.32e-02
rank 0 Batch 0 Allocated: 0.01GB, Max Allocated: 0.47GB, Reserved: 0.79GB
Epoch 2 | Batch 50 | Loss: 0.025988 | Time: 0.064s | LR: 1.32e-02
rank 0 Batch 50 Allocated: 0.01GB, Max Allocated: 0.47GB, Reserved: 0.79GB
Epoch 2 | Batch 100 | Loss: 0.031056 | Time: 0.065s | LR: 1.32e-02
rank 0 Batch 100 Allocated: 0.01GB, Max Allocated: 0.47GB, Reserved: 0.79GB
Epoch 2 | Batch 150 | Loss: 0.024937 | Time: 0.064s | LR: 1.32e-02
rank 0 Batch 150 Allocated: 0.01GB, Max Allocated: 0.47GB, Reserved: 0.79GB
Epoch 2 | Batch 200 | Loss: 0.022787 | Time: 0.064s | LR: 1.32e-02
rank 0 Batch 200 Allocated: 0.01GB, Max Allocated: 0.47GB, Reserved: 0.79GB
Epoch 2 | Batch 250 | Loss: 0.022332 | Time: 0.065s | LR: 1.32e-02
rank 0 Batch 250 Allocated: 0.01GB, Max Allocated: 0.47GB, Reserved: 0.79GB
Epoch 2 | Batch 300 | Loss: 0.023517 | Time: 0.065s | LR: 1.32e-02
rank 0 Batch 300 Allocated: 0.01GB, Max Allocated: 0.47GB, Reserved: 0.79GB
Epoch 2 | Batch 350 | Loss: 0.028039 | Time: 0.065s | LR: 1.32e-02
rank 0 Batch 350 Allocated: 0.01GB, Max Allocated: 0.47GB, Reserved: 0.79GB
[Monthly Loader] Epoch complete. Yielded 2880 samples.

================================================================================
Epoch 2 completed | Average Loss: 0.025964
================================================================================

rank 0 Before saving checkpoint Allocated: 0.01GB, Max Allocated: 0.47GB, Reserved: 0.79GB
Saved checkpoint to: /lustre/orion/csc662/proj-shared/janet/forecasting/orbit_main/era5_forecasting_0.25_deg/checkpoint_epoch_0002.pt
rank 0 After saving checkpoint Allocated: 0.01GB, Max Allocated: 0.47GB, Reserved: 0.79GB

================================================================================
Starting epoch 3
================================================================================

Epoch 3 | Batch 0 | Loss: 0.024249 | Time: 1.429s | LR: 1.98e-02
rank 0 Batch 0 Allocated: 0.01GB, Max Allocated: 0.47GB, Reserved: 0.79GB
Epoch 3 | Batch 50 | Loss: 0.025072 | Time: 0.064s | LR: 1.98e-02
rank 0 Batch 50 Allocated: 0.01GB, Max Allocated: 0.47GB, Reserved: 0.79GB
Epoch 3 | Batch 100 | Loss: 0.024522 | Time: 0.063s | LR: 1.98e-02
rank 0 Batch 100 Allocated: 0.01GB, Max Allocated: 0.47GB, Reserved: 0.79GB
Epoch 3 | Batch 150 | Loss: 0.025172 | Time: 0.063s | LR: 1.98e-02
rank 0 Batch 150 Allocated: 0.01GB, Max Allocated: 0.47GB, Reserved: 0.79GB
Epoch 3 | Batch 200 | Loss: 0.021704 | Time: 0.064s | LR: 1.98e-02
rank 0 Batch 200 Allocated: 0.01GB, Max Allocated: 0.47GB, Reserved: 0.79GB
Epoch 3 | Batch 250 | Loss: 0.023516 | Time: 0.063s | LR: 1.98e-02
rank 0 Batch 250 Allocated: 0.01GB, Max Allocated: 0.47GB, Reserved: 0.79GB
Epoch 3 | Batch 300 | Loss: 0.025965 | Time: 0.063s | LR: 1.98e-02
rank 0 Batch 300 Allocated: 0.01GB, Max Allocated: 0.47GB, Reserved: 0.79GB
Epoch 3 | Batch 350 | Loss: 0.026530 | Time: 0.063s | LR: 1.98e-02
rank 0 Batch 350 Allocated: 0.01GB, Max Allocated: 0.47GB, Reserved: 0.79GB
[Monthly Loader] Epoch complete. Yielded 2880 samples.

================================================================================
Epoch 3 completed | Average Loss: 0.025547
================================================================================

rank 0 Before saving checkpoint Allocated: 0.01GB, Max Allocated: 0.47GB, Reserved: 0.79GB
Saved checkpoint to: /lustre/orion/csc662/proj-shared/janet/forecasting/orbit_main/era5_forecasting_0.25_deg/checkpoint_epoch_0003.pt
rank 0 After saving checkpoint Allocated: 0.01GB, Max Allocated: 0.47GB, Reserved: 0.79GB

================================================================================
Starting epoch 4
================================================================================

Epoch 4 | Batch 0 | Loss: 0.028094 | Time: 1.303s | LR: 2.64e-02
rank 0 Batch 0 Allocated: 0.01GB, Max Allocated: 0.47GB, Reserved: 0.79GB
Epoch 4 | Batch 50 | Loss: 0.025218 | Time: 0.064s | LR: 2.64e-02
rank 0 Batch 50 Allocated: 0.01GB, Max Allocated: 0.47GB, Reserved: 0.79GB
Epoch 4 | Batch 100 | Loss: 0.026394 | Time: 0.068s | LR: 2.64e-02
rank 0 Batch 100 Allocated: 0.01GB, Max Allocated: 0.47GB, Reserved: 0.79GB
Epoch 4 | Batch 150 | Loss: 0.025968 | Time: 0.063s | LR: 2.64e-02
rank 0 Batch 150 Allocated: 0.01GB, Max Allocated: 0.47GB, Reserved: 0.79GB
Epoch 4 | Batch 200 | Loss: 0.021352 | Time: 0.063s | LR: 2.64e-02
rank 0 Batch 200 Allocated: 0.01GB, Max Allocated: 0.47GB, Reserved: 0.79GB
Epoch 4 | Batch 250 | Loss: 0.024523 | Time: 0.063s | LR: 2.64e-02
rank 0 Batch 250 Allocated: 0.01GB, Max Allocated: 0.47GB, Reserved: 0.79GB
Epoch 4 | Batch 300 | Loss: 0.023350 | Time: 0.064s | LR: 2.64e-02
rank 0 Batch 300 Allocated: 0.01GB, Max Allocated: 0.47GB, Reserved: 0.79GB
Epoch 4 | Batch 350 | Loss: 0.025068 | Time: 0.063s | LR: 2.64e-02
rank 0 Batch 350 Allocated: 0.01GB, Max Allocated: 0.47GB, Reserved: 0.79GB
[Monthly Loader] Epoch complete. Yielded 2880 samples.

================================================================================
Epoch 4 completed | Average Loss: 0.024370
================================================================================


Running validation for epoch 4...
/lustre/orion/csc662/proj-shared/janet/miniconda3/envs/orbit_main/lib/python3.11/site-packages/torch/utils/checkpoint.py:92: UserWarning: None of the inputs have requires_grad=True. Gradients will be None
  warnings.warn(
/lustre/orion/csc662/proj-shared/janet/miniconda3/envs/orbit_main/lib/python3.11/site-packages/torch/utils/checkpoint.py:92: UserWarning: None of the inputs have requires_grad=True. Gradients will be None
  warnings.warn(
/lustre/orion/csc662/proj-shared/janet/miniconda3/envs/orbit_main/lib/python3.11/site-packages/torch/utils/checkpoint.py:92: UserWarning: None of the inputs have requires_grad=True. Gradients will be None
  warnings.warn(
/lustre/orion/csc662/proj-shared/janet/miniconda3/envs/orbit_main/lib/python3.11/site-packages/torch/utils/checkpoint.py:92: UserWarning: None of the inputs have requires_grad=True. Gradients will be None
  warnings.warn(
/lustre/orion/csc662/proj-shared/janet/miniconda3/envs/orbit_main/lib/python3.11/site-packages/torch/utils/checkpoint.py:92: UserWarning: None of the inputs have requires_grad=True. Gradients will be None
  warnings.warn(
/lustre/orion/csc662/proj-shared/janet/miniconda3/envs/orbit_main/lib/python3.11/site-packages/torch/utils/checkpoint.py:92: UserWarning: None of the inputs have requires_grad=True. Gradients will be None
  warnings.warn(
/lustre/orion/csc662/proj-shared/janet/miniconda3/envs/orbit_main/lib/python3.11/site-packages/torch/utils/checkpoint.py:92: UserWarning: None of the inputs have requires_grad=True. Gradients will be None
  warnings.warn(
/lustre/orion/csc662/proj-shared/janet/miniconda3/envs/orbit_main/lib/python3.11/site-packages/torch/utils/checkpoint.py:92: UserWarning: None of the inputs have requires_grad=True. Gradients will be None
  warnings.warn(
/lustre/orion/csc662/proj-shared/janet/miniconda3/envs/orbit_main/lib/python3.11/site-packages/torch/utils/checkpoint.py:92: UserWarning: None of the inputs have requires_grad=True. Gradients will be None
  warnings.warn(
/lustre/orion/csc662/proj-shared/janet/miniconda3/envs/orbit_main/lib/python3.11/site-packages/torch/utils/checkpoint.py:92: UserWarning: None of the inputs have requires_grad=True. Gradients will be None
  warnings.warn(
/lustre/orion/csc662/proj-shared/janet/miniconda3/envs/orbit_main/lib/python3.11/site-packages/torch/utils/checkpoint.py:92: UserWarning: None of the inputs have requires_grad=True. Gradients will be None
  warnings.warn(
/lustre/orion/csc662/proj-shared/janet/miniconda3/envs/orbit_main/lib/python3.11/site-packages/torch/utils/checkpoint.py:92: UserWarning: None of the inputs have requires_grad=True. Gradients will be None
  warnings.warn(
/lustre/orion/csc662/proj-shared/janet/miniconda3/envs/orbit_main/lib/python3.11/site-packages/torch/utils/checkpoint.py:92: UserWarning: None of the inputs have requires_grad=True. Gradients will be None
  warnings.warn(
/lustre/orion/csc662/proj-shared/janet/miniconda3/envs/orbit_main/lib/python3.11/site-packages/torch/utils/checkpoint.py:92: UserWarning: None of the inputs have requires_grad=True. Gradients will be None
  warnings.warn(
/lustre/orion/csc662/proj-shared/janet/miniconda3/envs/orbit_main/lib/python3.11/site-packages/torch/utils/checkpoint.py:92: UserWarning: None of the inputs have requires_grad=True. Gradients will be None
  warnings.warn(
/lustre/orion/csc662/proj-shared/janet/miniconda3/envs/orbit_main/lib/python3.11/site-packages/torch/utils/checkpoint.py:92: UserWarning: None of the inputs have requires_grad=True. Gradients will be None
  warnings.warn(
[Monthly Loader] Epoch complete. Yielded 2880 samples.

Validation results for epoch 4:
  val/lat_rmse:2m_temperature: 3.249925
  val/lat_rmse:aggregate: 3.249925
  val/lat_acc:2m_temperature: 0.822282
  val/lat_acc:aggregate: 0.822282
  val/lat_mse:2m_temperature: 0.022374
  val/lat_mse:aggregate: 0.022374

rank 0 Before saving checkpoint Allocated: 0.01GB, Max Allocated: 0.47GB, Reserved: 0.79GB
Saved checkpoint to: /lustre/orion/csc662/proj-shared/janet/forecasting/orbit_main/era5_forecasting_0.25_deg/checkpoint_epoch_0004.pt
rank 0 After saving checkpoint Allocated: 0.01GB, Max Allocated: 0.47GB, Reserved: 0.79GB

================================================================================
Starting epoch 5
================================================================================

Epoch 5 | Batch 0 | Loss: 0.028919 | Time: 5.404s | LR: 2.64e-02
rank 0 Batch 0 Allocated: 0.01GB, Max Allocated: 0.47GB, Reserved: 0.79GB
Epoch 5 | Batch 50 | Loss: 0.022356 | Time: 0.065s | LR: 2.64e-02
rank 0 Batch 50 Allocated: 0.01GB, Max Allocated: 0.47GB, Reserved: 0.79GB
Epoch 5 | Batch 100 | Loss: 0.028329 | Time: 0.065s | LR: 2.64e-02
rank 0 Batch 100 Allocated: 0.01GB, Max Allocated: 0.47GB, Reserved: 0.79GB
Epoch 5 | Batch 150 | Loss: 0.022370 | Time: 0.065s | LR: 2.64e-02
rank 0 Batch 150 Allocated: 0.01GB, Max Allocated: 0.47GB, Reserved: 0.79GB
Epoch 5 | Batch 200 | Loss: 0.021407 | Time: 0.065s | LR: 2.64e-02
rank 0 Batch 200 Allocated: 0.01GB, Max Allocated: 0.47GB, Reserved: 0.79GB
Epoch 5 | Batch 250 | Loss: 0.022761 | Time: 0.065s | LR: 2.64e-02
rank 0 Batch 250 Allocated: 0.01GB, Max Allocated: 0.47GB, Reserved: 0.79GB
Epoch 5 | Batch 300 | Loss: 0.021420 | Time: 0.065s | LR: 2.64e-02
rank 0 Batch 300 Allocated: 0.01GB, Max Allocated: 0.47GB, Reserved: 0.79GB
Epoch 5 | Batch 350 | Loss: 0.025337 | Time: 0.065s | LR: 2.64e-02
rank 0 Batch 350 Allocated: 0.01GB, Max Allocated: 0.47GB, Reserved: 0.79GB
[Monthly Loader] Epoch complete. Yielded 2880 samples.

================================================================================
Epoch 5 completed | Average Loss: 0.024283
================================================================================

rank 0 Before saving checkpoint Allocated: 0.01GB, Max Allocated: 0.47GB, Reserved: 0.79GB
Saved checkpoint to: /lustre/orion/csc662/proj-shared/janet/forecasting/orbit_main/era5_forecasting_0.25_deg/checkpoint_epoch_0005.pt
rank 0 After saving checkpoint Allocated: 0.01GB, Max Allocated: 0.47GB, Reserved: 0.79GB

================================================================================
Starting epoch 6
================================================================================

Epoch 6 | Batch 0 | Loss: 0.027200 | Time: 1.980s | LR: 2.63e-02
rank 0 Batch 0 Allocated: 0.01GB, Max Allocated: 0.47GB, Reserved: 0.79GB
Epoch 6 | Batch 50 | Loss: 0.025800 | Time: 0.065s | LR: 2.63e-02
rank 0 Batch 50 Allocated: 0.01GB, Max Allocated: 0.47GB, Reserved: 0.79GB
Epoch 6 | Batch 100 | Loss: 0.021599 | Time: 0.065s | LR: 2.63e-02
rank 0 Batch 100 Allocated: 0.01GB, Max Allocated: 0.47GB, Reserved: 0.79GB
Epoch 6 | Batch 150 | Loss: 0.024989 | Time: 0.065s | LR: 2.63e-02
rank 0 Batch 150 Allocated: 0.01GB, Max Allocated: 0.47GB, Reserved: 0.79GB
Epoch 6 | Batch 200 | Loss: 0.022407 | Time: 0.065s | LR: 2.63e-02
rank 0 Batch 200 Allocated: 0.01GB, Max Allocated: 0.47GB, Reserved: 0.79GB
Epoch 6 | Batch 250 | Loss: 0.021519 | Time: 0.065s | LR: 2.63e-02
rank 0 Batch 250 Allocated: 0.01GB, Max Allocated: 0.47GB, Reserved: 0.79GB
Epoch 6 | Batch 300 | Loss: 0.026611 | Time: 0.065s | LR: 2.63e-02
rank 0 Batch 300 Allocated: 0.01GB, Max Allocated: 0.47GB, Reserved: 0.79GB
Epoch 6 | Batch 350 | Loss: 0.023286 | Time: 0.065s | LR: 2.63e-02
rank 0 Batch 350 Allocated: 0.01GB, Max Allocated: 0.47GB, Reserved: 0.79GB
[Monthly Loader] Epoch complete. Yielded 2880 samples.

================================================================================
Epoch 6 completed | Average Loss: 0.023499
================================================================================

rank 0 Before saving checkpoint Allocated: 0.01GB, Max Allocated: 0.47GB, Reserved: 0.79GB
Saved checkpoint to: /lustre/orion/csc662/proj-shared/janet/forecasting/orbit_main/era5_forecasting_0.25_deg/checkpoint_epoch_0006.pt
rank 0 After saving checkpoint Allocated: 0.01GB, Max Allocated: 0.47GB, Reserved: 0.79GB

================================================================================
Starting epoch 7
================================================================================

Epoch 7 | Batch 0 | Loss: 0.025814 | Time: 3.810s | LR: 2.60e-02
rank 0 Batch 0 Allocated: 0.01GB, Max Allocated: 0.47GB, Reserved: 0.79GB
Epoch 7 | Batch 50 | Loss: 0.021115 | Time: 0.065s | LR: 2.60e-02
rank 0 Batch 50 Allocated: 0.01GB, Max Allocated: 0.47GB, Reserved: 0.79GB
Epoch 7 | Batch 100 | Loss: 0.026724 | Time: 0.065s | LR: 2.60e-02
rank 0 Batch 100 Allocated: 0.01GB, Max Allocated: 0.47GB, Reserved: 0.79GB
Epoch 7 | Batch 150 | Loss: 0.025699 | Time: 0.065s | LR: 2.60e-02
rank 0 Batch 150 Allocated: 0.01GB, Max Allocated: 0.47GB, Reserved: 0.79GB
Epoch 7 | Batch 200 | Loss: 0.022315 | Time: 0.066s | LR: 2.60e-02
rank 0 Batch 200 Allocated: 0.01GB, Max Allocated: 0.47GB, Reserved: 0.79GB
Epoch 7 | Batch 250 | Loss: 0.022288 | Time: 0.065s | LR: 2.60e-02
rank 0 Batch 250 Allocated: 0.01GB, Max Allocated: 0.47GB, Reserved: 0.79GB
Epoch 7 | Batch 300 | Loss: 0.023572 | Time: 0.065s | LR: 2.60e-02
rank 0 Batch 300 Allocated: 0.01GB, Max Allocated: 0.47GB, Reserved: 0.79GB
Epoch 7 | Batch 350 | Loss: 0.019835 | Time: 0.065s | LR: 2.60e-02
rank 0 Batch 350 Allocated: 0.01GB, Max Allocated: 0.47GB, Reserved: 0.79GB
[Monthly Loader] Epoch complete. Yielded 2880 samples.

================================================================================
Epoch 7 completed | Average Loss: 0.023370
================================================================================

rank 0 Before saving checkpoint Allocated: 0.01GB, Max Allocated: 0.47GB, Reserved: 0.79GB
Saved checkpoint to: /lustre/orion/csc662/proj-shared/janet/forecasting/orbit_main/era5_forecasting_0.25_deg/checkpoint_epoch_0007.pt
rank 0 After saving checkpoint Allocated: 0.01GB, Max Allocated: 0.47GB, Reserved: 0.79GB

================================================================================
Starting epoch 8
================================================================================

Epoch 8 | Batch 0 | Loss: 0.021244 | Time: 3.903s | LR: 2.55e-02
rank 0 Batch 0 Allocated: 0.01GB, Max Allocated: 0.47GB, Reserved: 0.79GB
Epoch 8 | Batch 50 | Loss: 0.021307 | Time: 0.065s | LR: 2.55e-02
rank 0 Batch 50 Allocated: 0.01GB, Max Allocated: 0.47GB, Reserved: 0.79GB
Epoch 8 | Batch 100 | Loss: 0.024315 | Time: 0.065s | LR: 2.55e-02
rank 0 Batch 100 Allocated: 0.01GB, Max Allocated: 0.47GB, Reserved: 0.79GB
Epoch 8 | Batch 150 | Loss: 0.022136 | Time: 0.065s | LR: 2.55e-02
rank 0 Batch 150 Allocated: 0.01GB, Max Allocated: 0.47GB, Reserved: 0.79GB
Epoch 8 | Batch 200 | Loss: 0.021363 | Time: 0.067s | LR: 2.55e-02
rank 0 Batch 200 Allocated: 0.01GB, Max Allocated: 0.47GB, Reserved: 0.79GB
Epoch 8 | Batch 250 | Loss: 0.027444 | Time: 0.065s | LR: 2.55e-02
rank 0 Batch 250 Allocated: 0.01GB, Max Allocated: 0.47GB, Reserved: 0.79GB
Epoch 8 | Batch 300 | Loss: 0.029465 | Time: 0.065s | LR: 2.55e-02
rank 0 Batch 300 Allocated: 0.01GB, Max Allocated: 0.47GB, Reserved: 0.79GB
Epoch 8 | Batch 350 | Loss: 0.026497 | Time: 0.065s | LR: 2.55e-02
rank 0 Batch 350 Allocated: 0.01GB, Max Allocated: 0.47GB, Reserved: 0.79GB
[Monthly Loader] Epoch complete. Yielded 2880 samples.

================================================================================
Epoch 8 completed | Average Loss: 0.023163
================================================================================

rank 0 Before saving checkpoint Allocated: 0.01GB, Max Allocated: 0.47GB, Reserved: 0.79GB
Saved checkpoint to: /lustre/orion/csc662/proj-shared/janet/forecasting/orbit_main/era5_forecasting_0.25_deg/checkpoint_epoch_0008.pt
rank 0 After saving checkpoint Allocated: 0.01GB, Max Allocated: 0.47GB, Reserved: 0.79GB

================================================================================
Starting epoch 9
================================================================================

Epoch 9 | Batch 0 | Loss: 0.025447 | Time: 4.003s | LR: 2.48e-02
rank 0 Batch 0 Allocated: 0.01GB, Max Allocated: 0.47GB, Reserved: 0.79GB
Epoch 9 | Batch 50 | Loss: 0.030227 | Time: 0.065s | LR: 2.48e-02
rank 0 Batch 50 Allocated: 0.01GB, Max Allocated: 0.47GB, Reserved: 0.79GB
Epoch 9 | Batch 100 | Loss: 0.023811 | Time: 0.064s | LR: 2.48e-02
rank 0 Batch 100 Allocated: 0.01GB, Max Allocated: 0.47GB, Reserved: 0.79GB
Epoch 9 | Batch 150 | Loss: 0.021056 | Time: 0.064s | LR: 2.48e-02
rank 0 Batch 150 Allocated: 0.01GB, Max Allocated: 0.47GB, Reserved: 0.79GB
Epoch 9 | Batch 200 | Loss: 0.022369 | Time: 0.065s | LR: 2.48e-02
rank 0 Batch 200 Allocated: 0.01GB, Max Allocated: 0.47GB, Reserved: 0.79GB
Epoch 9 | Batch 250 | Loss: 0.021362 | Time: 0.064s | LR: 2.48e-02
rank 0 Batch 250 Allocated: 0.01GB, Max Allocated: 0.47GB, Reserved: 0.79GB
Epoch 9 | Batch 300 | Loss: 0.023462 | Time: 0.064s | LR: 2.48e-02
rank 0 Batch 300 Allocated: 0.01GB, Max Allocated: 0.47GB, Reserved: 0.79GB
Epoch 9 | Batch 350 | Loss: 0.023387 | Time: 0.064s | LR: 2.48e-02
rank 0 Batch 350 Allocated: 0.01GB, Max Allocated: 0.47GB, Reserved: 0.79GB
[Monthly Loader] Epoch complete. Yielded 2880 samples.

================================================================================
Epoch 9 completed | Average Loss: 0.022963
================================================================================


Running validation for epoch 9...
srun: Job step aborted: Waiting up to 32 seconds for job step to finish.
slurmstepd: error: *** STEP 4068799.0 ON frontier08808 CANCELLED AT 2026-01-25T11:50:42 DUE TO TIME LIMIT ***
slurmstepd: error: *** JOB 4068799 ON frontier08808 CANCELLED AT 2026-01-25T11:50:42 DUE TO TIME LIMIT ***
