
Lmod is automatically replacing "cce/18.0.1" with "gcc-native/14.2".


Lmod is automatically replacing "PrgEnv-cray/8.6.0" with "PrgEnv-gnu/8.6.0".


Inactive Modules:
  1) darshan-runtime

Due to MODULEPATH changes, the following have been reloaded:
  1) cray-libsci/24.11.0     2) cray-mpich/8.1.31


Lmod is automatically replacing "gcc-native/14.2" with "gcc/12.2.0".


The following have been reloaded with a version change:
  1) cray-libsci/24.11.0 => cray-libsci/23.09.1.1
  2) cray-mpich/8.1.31 => cray-mpich/8.1.27
  3) libfabric/1.22.0 => libfabric/1.20.1

Job started at: Thu Feb 12 03:45:33 PM EST 2026
Job ID: 4111439
Running on nodes: frontier[09294,09296]
Number of tasks: 16
Number of nodes: 2
WARNING[XFORMERS]: xFormers can't load C++/CUDA extensions. xFormers was built for:
    PyTorch 2.4.1+cu121 with CUDA 1201 (you have 2.4.1+rocm6.0)
    Python  3.11.10 (you have 3.11.14)
  Please reinstall xformers (see https://github.com/facebookresearch/xformers#installing-xformers)
  Memory-efficient attention, SwiGLU, sparse and more won't be available.
  Set XFORMERS_MORE_DETAILS=1 for more details
WARNING[XFORMERS]: xFormers can't load C++/CUDA extensions. xFormers was built for:
    PyTorch 2.4.1+cu121 with CUDA 1201 (you have 2.4.1+rocm6.0)
    Python  3.11.10 (you have 3.11.14)
  Please reinstall xformers (see https://github.com/facebookresearch/xformers#installing-xformers)
  Memory-efficient attention, SwiGLU, sparse and more won't be available.
  Set XFORMERS_MORE_DETAILS=1 for more details
WARNING[XFORMERS]: xFormers can't load C++/CUDA extensions. xFormers was built for:
    PyTorch 2.4.1+cu121 with CUDA 1201 (you have 2.4.1+rocm6.0)
    Python  3.11.10 (you have 3.11.14)
  Please reinstall xformers (see https://github.com/facebookresearch/xformers#installing-xformers)
  Memory-efficient attention, SwiGLU, sparse and more won't be available.
  Set XFORMERS_MORE_DETAILS=1 for more details
WARNING[XFORMERS]: xFormers can't load C++/CUDA extensions. xFormers was built for:
    PyTorch 2.4.1+cu121 with CUDA 1201 (you have 2.4.1+rocm6.0)
    Python  3.11.10 (you have 3.11.14)
  Please reinstall xformers (see https://github.com/facebookresearch/xformers#installing-xformers)
  Memory-efficient attention, SwiGLU, sparse and more won't be available.
  Set XFORMERS_MORE_DETAILS=1 for more details
WARNING[XFORMERS]: xFormers can't load C++/CUDA extensions. xFormers was built for:
    PyTorch 2.4.1+cu121 with CUDA 1201 (you have 2.4.1+rocm6.0)
    Python  3.11.10 (you have 3.11.14)
  Please reinstall xformers (see https://github.com/facebookresearch/xformers#installing-xformers)
  Memory-efficient attention, SwiGLU, sparse and more won't be available.
  Set XFORMERS_MORE_DETAILS=1 for more details
WARNING[XFORMERS]: xFormers can't load C++/CUDA extensions. xFormers was built for:
    PyTorch 2.4.1+cu121 with CUDA 1201 (you have 2.4.1+rocm6.0)
    Python  3.11.10 (you have 3.11.14)
  Please reinstall xformers (see https://github.com/facebookresearch/xformers#installing-xformers)
  Memory-efficient attention, SwiGLU, sparse and more won't be available.
  Set XFORMERS_MORE_DETAILS=1 for more details
WARNING[XFORMERS]: xFormers can't load C++/CUDA extensions. xFormers was built for:
    PyTorch 2.4.1+cu121 with CUDA 1201 (you have 2.4.1+rocm6.0)
    Python  3.11.10 (you have 3.11.14)
  Please reinstall xformers (see https://github.com/facebookresearch/xformers#installing-xformers)
  Memory-efficient attention, SwiGLU, sparse and more won't be available.
  Set XFORMERS_MORE_DETAILS=1 for more details
WARNING[XFORMERS]: xFormers can't load C++/CUDA extensions. xFormers was built for:
    PyTorch 2.4.1+cu121 with CUDA 1201 (you have 2.4.1+rocm6.0)
    Python  3.11.10 (you have 3.11.14)
  Please reinstall xformers (see https://github.com/facebookresearch/xformers#installing-xformers)
  Memory-efficient attention, SwiGLU, sparse and more won't be available.
  Set XFORMERS_MORE_DETAILS=1 for more details
/ccs/home/janetw/diffusion/ORBIT-2-sandbox/src/climate_learn/models/hub/components/attention.py:10: FutureWarning: xformers.components is deprecated and is not maintained anymore. It might be removed in a future version of xFormers 
  from xformers.components.attention.core import scaled_dot_product_attention as xformers_sdpa
/ccs/home/janetw/diffusion/ORBIT-2-sandbox/src/climate_learn/models/hub/components/attention.py:10: FutureWarning: xformers.components is deprecated and is not maintained anymore. It might be removed in a future version of xFormers 
  from xformers.components.attention.core import scaled_dot_product_attention as xformers_sdpa
/ccs/home/janetw/diffusion/ORBIT-2-sandbox/src/climate_learn/models/hub/components/attention.py:10: FutureWarning: xformers.components is deprecated and is not maintained anymore. It might be removed in a future version of xFormers 
  from xformers.components.attention.core import scaled_dot_product_attention as xformers_sdpa
/ccs/home/janetw/diffusion/ORBIT-2-sandbox/src/climate_learn/models/hub/components/attention.py:10: FutureWarning: xformers.components is deprecated and is not maintained anymore. It might be removed in a future version of xFormers 
  from xformers.components.attention.core import scaled_dot_product_attention as xformers_sdpa
/ccs/home/janetw/diffusion/ORBIT-2-sandbox/src/climate_learn/models/hub/components/attention.py:10: FutureWarning: xformers.components is deprecated and is not maintained anymore. It might be removed in a future version of xFormers 
  from xformers.components.attention.core import scaled_dot_product_attention as xformers_sdpa
/ccs/home/janetw/diffusion/ORBIT-2-sandbox/src/climate_learn/models/hub/components/attention.py:10: FutureWarning: xformers.components is deprecated and is not maintained anymore. It might be removed in a future version of xFormers 
  from xformers.components.attention.core import scaled_dot_product_attention as xformers_sdpa
/ccs/home/janetw/diffusion/ORBIT-2-sandbox/src/climate_learn/models/hub/components/attention.py:10: FutureWarning: xformers.components is deprecated and is not maintained anymore. It might be removed in a future version of xFormers 
  from xformers.components.attention.core import scaled_dot_product_attention as xformers_sdpa
/ccs/home/janetw/diffusion/ORBIT-2-sandbox/src/climate_learn/models/hub/components/attention.py:10: FutureWarning: xformers.components is deprecated and is not maintained anymore. It might be removed in a future version of xFormers 
  from xformers.components.attention.core import scaled_dot_product_attention as xformers_sdpa
[W212 15:46:17.955659771 socket.cpp:697] [c10d] The client socket cannot be initialized to connect to [frontier09294.frontier.olcf.ornl.gov]:29500 (errno: 97 - Address family not supported by protocol).
[W212 15:46:17.955678087 socket.cpp:697] [c10d] The client socket cannot be initialized to connect to [frontier09294.frontier.olcf.ornl.gov]:29500 (errno: 97 - Address family not supported by protocol).
[W212 15:46:17.957099981 socket.cpp:697] [c10d] The client socket cannot be initialized to connect to [frontier09294.frontier.olcf.ornl.gov]:29500 (errno: 97 - Address family not supported by protocol).
[W212 15:46:17.959480090 socket.cpp:697] [c10d] The client socket cannot be initialized to connect to [frontier09294.frontier.olcf.ornl.gov]:29500 (errno: 97 - Address family not supported by protocol).
[W212 15:46:17.963431233 socket.cpp:697] [c10d] The client socket cannot be initialized to connect to [frontier09294.frontier.olcf.ornl.gov]:29500 (errno: 97 - Address family not supported by protocol).
[W212 15:46:17.967505705 socket.cpp:697] [c10d] The client socket cannot be initialized to connect to [frontier09294.frontier.olcf.ornl.gov]:29500 (errno: 97 - Address family not supported by protocol).
[W212 15:46:17.971037596 socket.cpp:697] [c10d] The client socket cannot be initialized to connect to [frontier09294.frontier.olcf.ornl.gov]:29500 (errno: 97 - Address family not supported by protocol).
[W212 15:46:17.976247897 socket.cpp:697] [c10d] The client socket cannot be initialized to connect to [frontier09294.frontier.olcf.ornl.gov]:29500 (errno: 97 - Address family not supported by protocol).
WARNING[XFORMERS]: xFormers can't load C++/CUDA extensions. xFormers was built for:
    PyTorch 2.4.1+cu121 with CUDA 1201 (you have 2.4.1+rocm6.0)
    Python  3.11.10 (you have 3.11.14)
  Please reinstall xformers (see https://github.com/facebookresearch/xformers#installing-xformers)
  Memory-efficient attention, SwiGLU, sparse and more won't be available.
  Set XFORMERS_MORE_DETAILS=1 for more details
/ccs/home/janetw/diffusion/ORBIT-2-sandbox/src/climate_learn/models/hub/components/attention.py:10: FutureWarning: xformers.components is deprecated and is not maintained anymore. It might be removed in a future version of xFormers 
  from xformers.components.attention.core import scaled_dot_product_attention as xformers_sdpa
WARNING[XFORMERS]: xFormers can't load C++/CUDA extensions. xFormers was built for:
    PyTorch 2.4.1+cu121 with CUDA 1201 (you have 2.4.1+rocm6.0)
    Python  3.11.10 (you have 3.11.14)
  Please reinstall xformers (see https://github.com/facebookresearch/xformers#installing-xformers)
  Memory-efficient attention, SwiGLU, sparse and more won't be available.
  Set XFORMERS_MORE_DETAILS=1 for more details
WARNING[XFORMERS]: xFormers can't load C++/CUDA extensions. xFormers was built for:
    PyTorch 2.4.1+cu121 with CUDA 1201 (you have 2.4.1+rocm6.0)
    Python  3.11.10 (you have 3.11.14)
  Please reinstall xformers (see https://github.com/facebookresearch/xformers#installing-xformers)
  Memory-efficient attention, SwiGLU, sparse and more won't be available.
  Set XFORMERS_MORE_DETAILS=1 for more details
[W212 15:46:28.903799939 socket.cpp:697] [c10d] The client socket cannot be initialized to connect to [frontier09294.frontier.olcf.ornl.gov]:29500 (errno: 97 - Address family not supported by protocol).
WARNING[XFORMERS]: xFormers can't load C++/CUDA extensions. xFormers was built for:
    PyTorch 2.4.1+cu121 with CUDA 1201 (you have 2.4.1+rocm6.0)
    Python  3.11.10 (you have 3.11.14)
  Please reinstall xformers (see https://github.com/facebookresearch/xformers#installing-xformers)
  Memory-efficient attention, SwiGLU, sparse and more won't be available.
  Set XFORMERS_MORE_DETAILS=1 for more details
WARNING[XFORMERS]: xFormers can't load C++/CUDA extensions. xFormers was built for:
    PyTorch 2.4.1+cu121 with CUDA 1201 (you have 2.4.1+rocm6.0)
    Python  3.11.10 (you have 3.11.14)
  Please reinstall xformers (see https://github.com/facebookresearch/xformers#installing-xformers)
  Memory-efficient attention, SwiGLU, sparse and more won't be available.
  Set XFORMERS_MORE_DETAILS=1 for more details
WARNING[XFORMERS]: xFormers can't load C++/CUDA extensions. xFormers was built for:
    PyTorch 2.4.1+cu121 with CUDA 1201 (you have 2.4.1+rocm6.0)
    Python  3.11.10 (you have 3.11.14)
  Please reinstall xformers (see https://github.com/facebookresearch/xformers#installing-xformers)
  Memory-efficient attention, SwiGLU, sparse and more won't be available.
  Set XFORMERS_MORE_DETAILS=1 for more details
/ccs/home/janetw/diffusion/ORBIT-2-sandbox/src/climate_learn/models/hub/components/attention.py:10: FutureWarning: xformers.components is deprecated and is not maintained anymore. It might be removed in a future version of xFormers 
  from xformers.components.attention.core import scaled_dot_product_attention as xformers_sdpa
/ccs/home/janetw/diffusion/ORBIT-2-sandbox/src/climate_learn/models/hub/components/attention.py:10: FutureWarning: xformers.components is deprecated and is not maintained anymore. It might be removed in a future version of xFormers 
  from xformers.components.attention.core import scaled_dot_product_attention as xformers_sdpa
WARNING[XFORMERS]: xFormers can't load C++/CUDA extensions. xFormers was built for:
    PyTorch 2.4.1+cu121 with CUDA 1201 (you have 2.4.1+rocm6.0)
    Python  3.11.10 (you have 3.11.14)
  Please reinstall xformers (see https://github.com/facebookresearch/xformers#installing-xformers)
  Memory-efficient attention, SwiGLU, sparse and more won't be available.
  Set XFORMERS_MORE_DETAILS=1 for more details
WARNING[XFORMERS]: xFormers can't load C++/CUDA extensions. xFormers was built for:
    PyTorch 2.4.1+cu121 with CUDA 1201 (you have 2.4.1+rocm6.0)
    Python  3.11.10 (you have 3.11.14)
  Please reinstall xformers (see https://github.com/facebookresearch/xformers#installing-xformers)
  Memory-efficient attention, SwiGLU, sparse and more won't be available.
  Set XFORMERS_MORE_DETAILS=1 for more details
/ccs/home/janetw/diffusion/ORBIT-2-sandbox/src/climate_learn/models/hub/components/attention.py:10: FutureWarning: xformers.components is deprecated and is not maintained anymore. It might be removed in a future version of xFormers 
  from xformers.components.attention.core import scaled_dot_product_attention as xformers_sdpa
/ccs/home/janetw/diffusion/ORBIT-2-sandbox/src/climate_learn/models/hub/components/attention.py:10: FutureWarning: xformers.components is deprecated and is not maintained anymore. It might be removed in a future version of xFormers 
  from xformers.components.attention.core import scaled_dot_product_attention as xformers_sdpa
[W212 15:46:30.073524870 socket.cpp:697] [c10d] The client socket cannot be initialized to connect to [frontier09294.frontier.olcf.ornl.gov]:29500 (errno: 97 - Address family not supported by protocol).
/ccs/home/janetw/diffusion/ORBIT-2-sandbox/src/climate_learn/models/hub/components/attention.py:10: FutureWarning: xformers.components is deprecated and is not maintained anymore. It might be removed in a future version of xFormers 
  from xformers.components.attention.core import scaled_dot_product_attention as xformers_sdpa
[W212 15:46:30.078807912 socket.cpp:697] [c10d] The client socket cannot be initialized to connect to [frontier09294.frontier.olcf.ornl.gov]:29500 (errno: 97 - Address family not supported by protocol).
/ccs/home/janetw/diffusion/ORBIT-2-sandbox/src/climate_learn/models/hub/components/attention.py:10: FutureWarning: xformers.components is deprecated and is not maintained anymore. It might be removed in a future version of xFormers 
  from xformers.components.attention.core import scaled_dot_product_attention as xformers_sdpa
[W212 15:46:30.500923662 socket.cpp:697] [c10d] The client socket cannot be initialized to connect to [frontier09294.frontier.olcf.ornl.gov]:29500 (errno: 97 - Address family not supported by protocol).
[W212 15:46:30.521609615 socket.cpp:697] [c10d] The client socket cannot be initialized to connect to [frontier09294.frontier.olcf.ornl.gov]:29500 (errno: 97 - Address family not supported by protocol).
DDStore loading error!!
Initialized process group. world_size=16
world_size=16, world_rank=7, local_rank=7
/ccs/home/janetw/diffusion/ORBIT-2-sandbox/src/climate_learn/models/hub/components/attention.py:10: FutureWarning: xformers.components is deprecated and is not maintained anymore. It might be removed in a future version of xFormers 
  from xformers.components.attention.core import scaled_dot_product_attention as xformers_sdpa
use_ddstore is : 0
[Rank 7] Assigned 2/40 monthly files (indices 14:16).
[Rank 7] Not enough files to shard (3 files, 16 ranks). All ranks read all 3 files.
[W212 15:46:30.826161168 socket.cpp:697] [c10d] The client socket cannot be initialized to connect to [frontier09294.frontier.olcf.ornl.gov]:29500 (errno: 97 - Address family not supported by protocol).
DDStore loading error!!
Initialized process group. world_size=16
world_size=16, world_rank=3, local_rank=3
DDStore loading error!!
Initialized process group. world_size=16
world_size=16, world_rank=5, local_rank=5
[W212 15:46:30.908767317 socket.cpp:697] [c10d] The client socket cannot be initialized to connect to [frontier09294.frontier.olcf.ornl.gov]:29500 (errno: 97 - Address family not supported by protocol).
DDStore loading error!!
Initialized process group. world_size=16
world_size=16, world_rank=6, local_rank=6
use_ddstore is : 0
[Rank 3] Assigned 2/40 monthly files (indices 6:8).
[Rank 3] Not enough files to shard (3 files, 16 ranks). All ranks read all 3 files.
DDStore loading error!!
Initialized process group. world_size=16
world_size=16, world_rank=11, local_rank=3
DDStore loading error!!
Initialized process group. world_size=16
world_size=16, world_rank=13, local_rank=5
DDStore loading error!!
Initialized process group. world_size=16
world_size=16, world_rank=15, local_rank=7
use_ddstore is : 0
DDStore loading error!!
Initialized process group. world_size=16
world_size=16, world_rank=8, local_rank=0
[Rank 6] Assigned 2/40 monthly files (indices 12:14).
DDStore loading error!!
Initialized process group. world_size=16
world_size=16, world_rank=12, local_rank=4
[Rank 6] Not enough files to shard (3 files, 16 ranks). All ranks read all 3 files.
DDStore loading error!!
Initialized process group. world_size=16
world_size=16, world_rank=10, local_rank=2
use_ddstore is : 0
DDStore loading error!!
Initialized process group. world_size=16
world_size=16, world_rank=9, local_rank=1
[Rank 5] Assigned 2/40 monthly files (indices 10:12).
DDStore loading error!!
Initialized process group. world_size=16
[Rank 5] Not enough files to shard (3 files, 16 ranks). All ranks read all 3 files.
world_size=16, world_rank=14, local_rank=6
DDStore loading error!!
Initialized process group. world_size=16
use_ddstore is : 0
world_size=16, world_rank=4, local_rank=4
use_ddstore is : 0
DDStore loading error!!
Initialized process group. world_size=16
world_size=16, world_rank=2, local_rank=2
use_ddstore is : 0
[Rank 9] Assigned 2/40 monthly files (indices 18:20).
use_ddstore is : 0
use_ddstore is : 0
use_ddstore is : 0
[Rank 14] Assigned 2/40 monthly files (indices 28:30).
use_ddstore is : 0
[Rank 10] Assigned 2/40 monthly files (indices 20:22).
[Rank 12] Assigned 2/40 monthly files (indices 24:26).
[Rank 9] Not enough files to shard (3 files, 16 ranks). All ranks read all 3 files.
[Rank 14] Not enough files to shard (3 files, 16 ranks). All ranks read all 3 files.
use_ddstore is : 0
[Rank 10] Not enough files to shard (3 files, 16 ranks). All ranks read all 3 files.
[Rank 12] Not enough files to shard (3 files, 16 ranks). All ranks read all 3 files.
[Rank 8] Assigned 2/40 monthly files (indices 16:18).
[Rank 8] Not enough files to shard (3 files, 16 ranks). All ranks read all 3 files.
use_ddstore is : 0
[Rank 15] Assigned 2/40 monthly files (indices 30:32).
[Rank 4] Assigned 2/40 monthly files (indices 8:10).
[Rank 15] Not enough files to shard (3 files, 16 ranks). All ranks read all 3 files.
[Rank 4] Not enough files to shard (3 files, 16 ranks). All ranks read all 3 files.
[Rank 13] Assigned 2/40 monthly files (indices 26:28).
use_ddstore is : 0
[Rank 11] Assigned 2/40 monthly files (indices 22:24).
[Rank 2] Assigned 2/40 monthly files (indices 4:6).
[Rank 13] Not enough files to shard (3 files, 16 ranks). All ranks read all 3 files.
[Rank 2] Not enough files to shard (3 files, 16 ranks). All ranks read all 3 files.
[Rank 11] Not enough files to shard (3 files, 16 ranks). All ranks read all 3 files.
[W212 15:46:31.254468413 socket.cpp:697] [c10d] The client socket cannot be initialized to connect to [frontier09294.frontier.olcf.ornl.gov]:29500 (errno: 97 - Address family not supported by protocol).
DDStore loading error!!
Initialized process group. world_size=16
world_size=16, world_rank=1, local_rank=1
DDStore loading error!!
Initialized process group. world_size=16
world_size=16, world_rank=0, local_rank=0
Loading config from: /ccs/home/janetw/diffusion/ORBIT-2-sandbox/configs/era5_forecasting.yaml

================================================================================
Training Configuration Summary
================================================================================
Config: /ccs/home/janetw/diffusion/ORBIT-2-sandbox/configs/era5_forecasting.yaml
Max epochs: 30
Data type: bfloat16
Checkpoint: None
Save path: /lustre/orion/csc662/proj-shared/janet/forecasting/orbit_main/era5_forecasting_1.40625_deg_bilinear_new
================================================================================

Creating data module for direct forecasting
Input variables: ['temperature_50', 'temperature_250', 'temperature_500', 'temperature_600', 'temperature_700', 'temperature_850', 'temperature_925', '2m_temperature', '10m_u_component_of_wind', '10m_v_component_of_wind', 'latitude', 'land_sea_mask', 'orography', 'landcover']
Output variables: ['2m_temperature']
Setting up distributed data loading: world_size=16
Each GPU will process 1/16 of the dataset
after data_module creation Allocated: 0.00GB, Max Allocated: 0.00GB, Reserved: 0.00GB
use_ddstore is : 0
[Rank 0] Assigned 2/40 monthly files (indices 0:2).
[Monthly Loader] Verifying variables in 1979_0.npz...
use_ddstore is : 0
[Rank 1] Assigned 2/40 monthly files (indices 2:4).
[Rank 1] Not enough files to shard (3 files, 16 ranks). All ranks read all 3 files.
[Monthly Loader] Available variables: ['land_sea_mask', 'landcover', 'latitude', 'orography', '10m_u_component_of_wind', '10m_v_component_of_wind', '2m_temperature_max', '2m_temperature_min', '2m_temperature', 'sea_surface_temperature', 'surface_pressure', 'total_precipitation_24hr', 'volumetric_soil_water_layer_1', 'geopotential_50', 'geopotential_100', 'geopotential_150', 'geopotential_200', 'geopotential_250', 'geopotential_300', 'geopotential_400', 'geopotential_500', 'geopotential_600', 'geopotential_700', 'geopotential_850', 'geopotential_925', 'geopotential_1000', 'specific_humidity_50', 'specific_humidity_100', 'specific_humidity_150', 'specific_humidity_200', 'specific_humidity_250', 'specific_humidity_300', 'specific_humidity_400', 'specific_humidity_500', 'specific_humidity_600', 'specific_humidity_700', 'specific_humidity_850', 'specific_humidity_925', 'specific_humidity_1000', 'temperature_50', 'temperature_100', 'temperature_150', 'temperature_200', 'temperature_250', 'temperature_300', 'temperature_400', 'temperature_500', 'temperature_600', 'temperature_700', 'temperature_850', 'temperature_925', 'temperature_1000', 'u_component_of_wind_50', 'u_component_of_wind_100', 'u_component_of_wind_150', 'u_component_of_wind_200', 'u_component_of_wind_250', 'u_component_of_wind_300', 'u_component_of_wind_400', 'u_component_of_wind_500', 'u_component_of_wind_600', 'u_component_of_wind_700', 'u_component_of_wind_850', 'u_component_of_wind_925', 'u_component_of_wind_1000', 'v_component_of_wind_50', 'v_component_of_wind_100', 'v_component_of_wind_150', 'v_component_of_wind_200', 'v_component_of_wind_250', 'v_component_of_wind_300', 'v_component_of_wind_400', 'v_component_of_wind_500', 'v_component_of_wind_600', 'v_component_of_wind_700', 'v_component_of_wind_850', 'v_component_of_wind_925', 'v_component_of_wind_1000', 'days_of_year', 'time_of_day', 'hrs_each_step', 'num_steps_per_shard', 'extra_steps', 'lattitude']
/lustre/orion/csc662/proj-shared/janet/miniconda3/envs/orbit_main/lib/python3.11/site-packages/torch/distributed/fsdp/wrap.py:491: FutureWarning: Please specify CheckpointImpl.NO_REENTRANT as CheckpointImpl.REENTRANT will soon be removed as the default and eventually deprecated.
  return wrapper_cls(module, **kwargs)
/lustre/orion/csc662/proj-shared/janet/miniconda3/envs/orbit_main/lib/python3.11/site-packages/torch/distributed/fsdp/wrap.py:491: FutureWarning: Please specify CheckpointImpl.NO_REENTRANT as CheckpointImpl.REENTRANT will soon be removed as the default and eventually deprecated.
  return wrapper_cls(module, **kwargs)
/lustre/orion/csc662/proj-shared/janet/miniconda3/envs/orbit_main/lib/python3.11/site-packages/torch/distributed/fsdp/wrap.py:491: FutureWarning: Please specify CheckpointImpl.NO_REENTRANT as CheckpointImpl.REENTRANT will soon be removed as the default and eventually deprecated.
  return wrapper_cls(module, **kwargs)
/lustre/orion/csc662/proj-shared/janet/miniconda3/envs/orbit_main/lib/python3.11/site-packages/torch/distributed/fsdp/wrap.py:491: FutureWarning: Please specify CheckpointImpl.NO_REENTRANT as CheckpointImpl.REENTRANT will soon be removed as the default and eventually deprecated.
  return wrapper_cls(module, **kwargs)
/lustre/orion/csc662/proj-shared/janet/miniconda3/envs/orbit_main/lib/python3.11/site-packages/torch/distributed/fsdp/wrap.py:491: FutureWarning: Please specify CheckpointImpl.NO_REENTRANT as CheckpointImpl.REENTRANT will soon be removed as the default and eventually deprecated.
  return wrapper_cls(module, **kwargs)
/lustre/orion/csc662/proj-shared/janet/miniconda3/envs/orbit_main/lib/python3.11/site-packages/torch/distributed/fsdp/wrap.py:491: FutureWarning: Please specify CheckpointImpl.NO_REENTRANT as CheckpointImpl.REENTRANT will soon be removed as the default and eventually deprecated.
  return wrapper_cls(module, **kwargs)
/lustre/orion/csc662/proj-shared/janet/miniconda3/envs/orbit_main/lib/python3.11/site-packages/torch/distributed/fsdp/wrap.py:491: FutureWarning: Please specify CheckpointImpl.NO_REENTRANT as CheckpointImpl.REENTRANT will soon be removed as the default and eventually deprecated.
  return wrapper_cls(module, **kwargs)
/lustre/orion/csc662/proj-shared/janet/miniconda3/envs/orbit_main/lib/python3.11/site-packages/torch/distributed/fsdp/wrap.py:491: FutureWarning: Please specify CheckpointImpl.NO_REENTRANT as CheckpointImpl.REENTRANT will soon be removed as the default and eventually deprecated.
  return wrapper_cls(module, **kwargs)
/lustre/orion/csc662/proj-shared/janet/miniconda3/envs/orbit_main/lib/python3.11/site-packages/torch/distributed/fsdp/wrap.py:491: FutureWarning: Please specify CheckpointImpl.NO_REENTRANT as CheckpointImpl.REENTRANT will soon be removed as the default and eventually deprecated.
  return wrapper_cls(module, **kwargs)
/lustre/orion/csc662/proj-shared/janet/miniconda3/envs/orbit_main/lib/python3.11/site-packages/torch/distributed/fsdp/wrap.py:491: FutureWarning: Please specify CheckpointImpl.NO_REENTRANT as CheckpointImpl.REENTRANT will soon be removed as the default and eventually deprecated.
  return wrapper_cls(module, **kwargs)
/lustre/orion/csc662/proj-shared/janet/miniconda3/envs/orbit_main/lib/python3.11/site-packages/torch/distributed/fsdp/wrap.py:491: FutureWarning: Please specify CheckpointImpl.NO_REENTRANT as CheckpointImpl.REENTRANT will soon be removed as the default and eventually deprecated.
  return wrapper_cls(module, **kwargs)
/lustre/orion/csc662/proj-shared/janet/miniconda3/envs/orbit_main/lib/python3.11/site-packages/torch/distributed/fsdp/wrap.py:491: FutureWarning: Please specify CheckpointImpl.NO_REENTRANT as CheckpointImpl.REENTRANT will soon be removed as the default and eventually deprecated.
  return wrapper_cls(module, **kwargs)
/lustre/orion/csc662/proj-shared/janet/miniconda3/envs/orbit_main/lib/python3.11/site-packages/torch/distributed/fsdp/wrap.py:491: FutureWarning: Please specify CheckpointImpl.NO_REENTRANT as CheckpointImpl.REENTRANT will soon be removed as the default and eventually deprecated.
  return wrapper_cls(module, **kwargs)
/lustre/orion/csc662/proj-shared/janet/miniconda3/envs/orbit_main/lib/python3.11/site-packages/torch/distributed/fsdp/wrap.py:491: FutureWarning: Please specify CheckpointImpl.NO_REENTRANT as CheckpointImpl.REENTRANT will soon be removed as the default and eventually deprecated.
  return wrapper_cls(module, **kwargs)
/lustre/orion/csc662/proj-shared/janet/miniconda3/envs/orbit_main/lib/python3.11/site-packages/torch/distributed/fsdp/wrap.py:491: FutureWarning: Please specify CheckpointImpl.NO_REENTRANT as CheckpointImpl.REENTRANT will soon be removed as the default and eventually deprecated.
  return wrapper_cls(module, **kwargs)
[Monthly Loader] 'temperature_925': shape=(8760, 1, 128, 256)
[Monthly Loader] 'latitude': shape=(8760, 1, 128, 256)
[Monthly Loader] 'temperature_500': shape=(8760, 1, 128, 256)
[Monthly Loader] 'orography': shape=(8760, 1, 128, 256)
[Monthly Loader] 'temperature_50': shape=(8760, 1, 128, 256)
[Monthly Loader] '2m_temperature': shape=(8760, 1, 128, 256)
[Monthly Loader] 'temperature_600': shape=(8760, 1, 128, 256)
[Monthly Loader] 'temperature_850': shape=(8760, 1, 128, 256)
[Monthly Loader] 'temperature_250': shape=(8760, 1, 128, 256)
[Monthly Loader] '10m_u_component_of_wind': shape=(8760, 1, 128, 256)
[Monthly Loader] 'landcover': shape=(8760, 1, 128, 256)
[Monthly Loader] 'land_sea_mask': shape=(8760, 1, 128, 256)
[Monthly Loader] '10m_v_component_of_wind': shape=(8760, 1, 128, 256)
[Monthly Loader] 'temperature_700': shape=(8760, 1, 128, 256)
[Rank 0] Not enough files to shard (3 files, 16 ranks). All ranks read all 3 files.
[Monthly Loader] Verifying variables in 2018_0.npz...
[Monthly Loader] Available variables: ['land_sea_mask', 'landcover', 'latitude', 'orography', '10m_u_component_of_wind', '10m_v_component_of_wind', '2m_temperature_max', '2m_temperature_min', '2m_temperature', 'sea_surface_temperature', 'surface_pressure', 'total_precipitation_24hr', 'volumetric_soil_water_layer_1', 'geopotential_50', 'geopotential_100', 'geopotential_150', 'geopotential_200', 'geopotential_250', 'geopotential_300', 'geopotential_400', 'geopotential_500', 'geopotential_600', 'geopotential_700', 'geopotential_850', 'geopotential_925', 'geopotential_1000', 'specific_humidity_50', 'specific_humidity_100', 'specific_humidity_150', 'specific_humidity_200', 'specific_humidity_250', 'specific_humidity_300', 'specific_humidity_400', 'specific_humidity_500', 'specific_humidity_600', 'specific_humidity_700', 'specific_humidity_850', 'specific_humidity_925', 'specific_humidity_1000', 'temperature_50', 'temperature_100', 'temperature_150', 'temperature_200', 'temperature_250', 'temperature_300', 'temperature_400', 'temperature_500', 'temperature_600', 'temperature_700', 'temperature_850', 'temperature_925', 'temperature_1000', 'u_component_of_wind_50', 'u_component_of_wind_100', 'u_component_of_wind_150', 'u_component_of_wind_200', 'u_component_of_wind_250', 'u_component_of_wind_300', 'u_component_of_wind_400', 'u_component_of_wind_500', 'u_component_of_wind_600', 'u_component_of_wind_700', 'u_component_of_wind_850', 'u_component_of_wind_925', 'u_component_of_wind_1000', 'v_component_of_wind_50', 'v_component_of_wind_100', 'v_component_of_wind_150', 'v_component_of_wind_200', 'v_component_of_wind_250', 'v_component_of_wind_300', 'v_component_of_wind_400', 'v_component_of_wind_500', 'v_component_of_wind_600', 'v_component_of_wind_700', 'v_component_of_wind_850', 'v_component_of_wind_925', 'v_component_of_wind_1000', 'days_of_year', 'time_of_day', 'hrs_each_step', 'num_steps_per_shard', 'extra_steps', 'lattitude']
[Monthly Loader] 'temperature_925': shape=(8760, 1, 128, 256)
[Monthly Loader] 'latitude': shape=(8760, 1, 128, 256)
[Monthly Loader] 'temperature_500': shape=(8760, 1, 128, 256)
[Monthly Loader] 'orography': shape=(8760, 1, 128, 256)
[Monthly Loader] 'temperature_50': shape=(8760, 1, 128, 256)
[Monthly Loader] '2m_temperature': shape=(8760, 1, 128, 256)
[Monthly Loader] 'temperature_600': shape=(8760, 1, 128, 256)
[Monthly Loader] 'temperature_850': shape=(8760, 1, 128, 256)
[Monthly Loader] 'temperature_250': shape=(8760, 1, 128, 256)
[Monthly Loader] '10m_u_component_of_wind': shape=(8760, 1, 128, 256)
[Monthly Loader] 'landcover': shape=(8760, 1, 128, 256)
[Monthly Loader] 'land_sea_mask': shape=(8760, 1, 128, 256)
[Monthly Loader] '10m_v_component_of_wind': shape=(8760, 1, 128, 256)
[Monthly Loader] 'temperature_700': shape=(8760, 1, 128, 256)

[DEBUG] Data module created, creating model...
Creating model: res_slimvit_adaptive
Model config: img_size=(32, 64), in_channels=14, out_channels=1, history=1, superres_factor=4
Model parameters: 5.58M
[DEBUG] Model created, setting up FSDP...
[DEBUG] Starting FSDP wrapping...
[DEBUG] FSDP wrapping completed. Model parameters: 0.35M
/lustre/orion/csc662/proj-shared/janet/miniconda3/envs/orbit_main/lib/python3.11/site-packages/torch/distributed/fsdp/wrap.py:491: FutureWarning: Please specify CheckpointImpl.NO_REENTRANT as CheckpointImpl.REENTRANT will soon be removed as the default and eventually deprecated.
  return wrapper_cls(module, **kwargs)
[DEBUG] FSDP wrapping completed, now creating losses (this may take several minutes)...
[DEBUG] Loading training climatology for lat_mse (this may take a while)...
[DEBUG] Training climatology loaded
[DEBUG] Loading validation climatology...
[DEBUG] Validation climatology loaded
Using lat_mse for training loss
Loss functions created successfully
[DEBUG] Losses created successfully

================================================================================
Starting epoch 0
================================================================================

MIOpen(HIP): Warning [PlainTextDb] Unable to create a directory: "/tmp/miopen_4111439"
MIOpen(HIP): Warning [PlainTextDb] Unable to create a directory: "/tmp/miopen_4111439"
/lustre/orion/csc662/proj-shared/janet/miniconda3/envs/orbit_main/lib/python3.11/site-packages/torch/utils/checkpoint.py:295: FutureWarning: `torch.cpu.amp.autocast(args...)` is deprecated. Please use `torch.amp.autocast('cpu', args...)` instead.
  with torch.enable_grad(), device_autocast_ctx, torch.cpu.amp.autocast(**ctx.cpu_autocast_kwargs):  # type: ignore[attr-defined]
/lustre/orion/csc662/proj-shared/janet/miniconda3/envs/orbit_main/lib/python3.11/site-packages/torch/utils/checkpoint.py:295: FutureWarning: `torch.cpu.amp.autocast(args...)` is deprecated. Please use `torch.amp.autocast('cpu', args...)` instead.
  with torch.enable_grad(), device_autocast_ctx, torch.cpu.amp.autocast(**ctx.cpu_autocast_kwargs):  # type: ignore[attr-defined]
/lustre/orion/csc662/proj-shared/janet/miniconda3/envs/orbit_main/lib/python3.11/site-packages/torch/utils/checkpoint.py:295: FutureWarning: `torch.cpu.amp.autocast(args...)` is deprecated. Please use `torch.amp.autocast('cpu', args...)` instead.
  with torch.enable_grad(), device_autocast_ctx, torch.cpu.amp.autocast(**ctx.cpu_autocast_kwargs):  # type: ignore[attr-defined]
/lustre/orion/csc662/proj-shared/janet/miniconda3/envs/orbit_main/lib/python3.11/site-packages/torch/utils/checkpoint.py:295: FutureWarning: `torch.cpu.amp.autocast(args...)` is deprecated. Please use `torch.amp.autocast('cpu', args...)` instead.
  with torch.enable_grad(), device_autocast_ctx, torch.cpu.amp.autocast(**ctx.cpu_autocast_kwargs):  # type: ignore[attr-defined]
/lustre/orion/csc662/proj-shared/janet/miniconda3/envs/orbit_main/lib/python3.11/site-packages/torch/utils/checkpoint.py:295: FutureWarning: `torch.cpu.amp.autocast(args...)` is deprecated. Please use `torch.amp.autocast('cpu', args...)` instead.
  with torch.enable_grad(), device_autocast_ctx, torch.cpu.amp.autocast(**ctx.cpu_autocast_kwargs):  # type: ignore[attr-defined]
/lustre/orion/csc662/proj-shared/janet/miniconda3/envs/orbit_main/lib/python3.11/site-packages/torch/utils/checkpoint.py:295: FutureWarning: `torch.cpu.amp.autocast(args...)` is deprecated. Please use `torch.amp.autocast('cpu', args...)` instead.
  with torch.enable_grad(), device_autocast_ctx, torch.cpu.amp.autocast(**ctx.cpu_autocast_kwargs):  # type: ignore[attr-defined]
/lustre/orion/csc662/proj-shared/janet/miniconda3/envs/orbit_main/lib/python3.11/site-packages/torch/utils/checkpoint.py:295: FutureWarning: `torch.cpu.amp.autocast(args...)` is deprecated. Please use `torch.amp.autocast('cpu', args...)` instead.
  with torch.enable_grad(), device_autocast_ctx, torch.cpu.amp.autocast(**ctx.cpu_autocast_kwargs):  # type: ignore[attr-defined]
/lustre/orion/csc662/proj-shared/janet/miniconda3/envs/orbit_main/lib/python3.11/site-packages/torch/utils/checkpoint.py:295: FutureWarning: `torch.cpu.amp.autocast(args...)` is deprecated. Please use `torch.amp.autocast('cpu', args...)` instead.
  with torch.enable_grad(), device_autocast_ctx, torch.cpu.amp.autocast(**ctx.cpu_autocast_kwargs):  # type: ignore[attr-defined]
/lustre/orion/csc662/proj-shared/janet/miniconda3/envs/orbit_main/lib/python3.11/site-packages/torch/utils/checkpoint.py:295: FutureWarning: `torch.cpu.amp.autocast(args...)` is deprecated. Please use `torch.amp.autocast('cpu', args...)` instead.
  with torch.enable_grad(), device_autocast_ctx, torch.cpu.amp.autocast(**ctx.cpu_autocast_kwargs):  # type: ignore[attr-defined]
/lustre/orion/csc662/proj-shared/janet/miniconda3/envs/orbit_main/lib/python3.11/site-packages/torch/utils/checkpoint.py:295: FutureWarning: `torch.cpu.amp.autocast(args...)` is deprecated. Please use `torch.amp.autocast('cpu', args...)` instead.
  with torch.enable_grad(), device_autocast_ctx, torch.cpu.amp.autocast(**ctx.cpu_autocast_kwargs):  # type: ignore[attr-defined]
/lustre/orion/csc662/proj-shared/janet/miniconda3/envs/orbit_main/lib/python3.11/site-packages/torch/utils/checkpoint.py:295: FutureWarning: `torch.cpu.amp.autocast(args...)` is deprecated. Please use `torch.amp.autocast('cpu', args...)` instead.
  with torch.enable_grad(), device_autocast_ctx, torch.cpu.amp.autocast(**ctx.cpu_autocast_kwargs):  # type: ignore[attr-defined]
/lustre/orion/csc662/proj-shared/janet/miniconda3/envs/orbit_main/lib/python3.11/site-packages/torch/utils/checkpoint.py:295: FutureWarning: `torch.cpu.amp.autocast(args...)` is deprecated. Please use `torch.amp.autocast('cpu', args...)` instead.
  with torch.enable_grad(), device_autocast_ctx, torch.cpu.amp.autocast(**ctx.cpu_autocast_kwargs):  # type: ignore[attr-defined]
/lustre/orion/csc662/proj-shared/janet/miniconda3/envs/orbit_main/lib/python3.11/site-packages/torch/utils/checkpoint.py:295: FutureWarning: `torch.cpu.amp.autocast(args...)` is deprecated. Please use `torch.amp.autocast('cpu', args...)` instead.
  with torch.enable_grad(), device_autocast_ctx, torch.cpu.amp.autocast(**ctx.cpu_autocast_kwargs):  # type: ignore[attr-defined]
/lustre/orion/csc662/proj-shared/janet/miniconda3/envs/orbit_main/lib/python3.11/site-packages/torch/utils/checkpoint.py:295: FutureWarning: `torch.cpu.amp.autocast(args...)` is deprecated. Please use `torch.amp.autocast('cpu', args...)` instead.
  with torch.enable_grad(), device_autocast_ctx, torch.cpu.amp.autocast(**ctx.cpu_autocast_kwargs):  # type: ignore[attr-defined]
/lustre/orion/csc662/proj-shared/janet/miniconda3/envs/orbit_main/lib/python3.11/site-packages/torch/utils/checkpoint.py:295: FutureWarning: `torch.cpu.amp.autocast(args...)` is deprecated. Please use `torch.amp.autocast('cpu', args...)` instead.
  with torch.enable_grad(), device_autocast_ctx, torch.cpu.amp.autocast(**ctx.cpu_autocast_kwargs):  # type: ignore[attr-defined]
/lustre/orion/csc662/proj-shared/janet/miniconda3/envs/orbit_main/lib/python3.11/site-packages/torch/utils/checkpoint.py:295: FutureWarning: `torch.cpu.amp.autocast(args...)` is deprecated. Please use `torch.amp.autocast('cpu', args...)` instead.
  with torch.enable_grad(), device_autocast_ctx, torch.cpu.amp.autocast(**ctx.cpu_autocast_kwargs):  # type: ignore[attr-defined]
[E0 B0] loss=0.68731 time=26.088s | diff=N/A (DIAG empty) | tokens 128/512 | mem=0.0GB

======================================================================
 Parameter Breakdown
======================================================================
  Decoder Head                                0.000M  (           0)
  Token Embeddings                            0.000M  (           0)
  Variable Aggregation                        0.000M  (           0)
  Other (pos_embed, var_embed, etc.)          0.349M  (     348,749)
  ────────────────────────────────────────────────────────────
  TOTAL                                       0.349M  (     348,749)
======================================================================

Epoch 0 | Batch 0 | Loss: 0.687306 | Time: 26.089s | LR: 1.00e-06
rank 0 Batch 0 Allocated: 0.01GB, Max Allocated: 0.98GB, Reserved: 0.05GB
[E0 B50] loss=0.69509 time=0.161s | diff=N/A (DIAG empty) | tokens 128/512 | mem=0.0GB
Epoch 0 | Batch 50 | Loss: 0.695086 | Time: 0.161s | LR: 1.00e-06
rank 0 Batch 50 Allocated: 0.01GB, Max Allocated: 0.98GB, Reserved: 1.82GB
[Monthly Loader] Epoch complete. Yielded 2880 samples.

================================================================================
Epoch 0 completed | Average Loss: 0.695937
================================================================================


======================================================================
 Epoch 0 Summary (Adaptive Sparsity)
======================================================================
  loss                                = 0.692442  (n=90)
  step_time_sec                       = 0.596729  (n=90)
  tokens_total                        = 512.000000  (n=90)
  tokens_kept                         = 128.000000  (n=90)
  tokens_dropped                      = 384.000000  (n=90)
  keep_ratio                          = 0.250000  (n=90)
  gpu_mem_allocated_gb                = 0.006000  (n=90)
  gpu_mem_max_allocated_gb            = 1.051967  (n=90)
======================================================================

rank 0 Before saving checkpoint Allocated: 0.01GB, Max Allocated: 0.98GB, Reserved: 1.82GB
Saved checkpoint to: /lustre/orion/csc662/proj-shared/janet/forecasting/orbit_main/era5_forecasting_1.40625_deg_bilinear_new/checkpoint_epoch_0000.pt
rank 0 After saving checkpoint Allocated: 0.01GB, Max Allocated: 0.98GB, Reserved: 1.82GB

================================================================================
Starting epoch 1
================================================================================

[E1 B0] loss=0.68475 time=0.375s | diff=N/A (DIAG empty) | tokens 128/512 | mem=0.0GB
Epoch 1 | Batch 0 | Loss: 0.684747 | Time: 0.375s | LR: 6.60e-03
rank 0 Batch 0 Allocated: 0.01GB, Max Allocated: 0.98GB, Reserved: 1.82GB
[E1 B50] loss=0.05545 time=0.162s | diff=N/A (DIAG empty) | tokens 128/512 | mem=0.0GB
Epoch 1 | Batch 50 | Loss: 0.055449 | Time: 0.162s | LR: 6.60e-03
rank 0 Batch 50 Allocated: 0.01GB, Max Allocated: 0.98GB, Reserved: 1.82GB
[Monthly Loader] Epoch complete. Yielded 2880 samples.

================================================================================
Epoch 1 completed | Average Loss: 0.508298
================================================================================


======================================================================
 Epoch 1 Summary (Adaptive Sparsity)
======================================================================
  loss                                = 0.508119  (n=90)
  step_time_sec                       = 0.345447  (n=90)
  tokens_total                        = 512.000000  (n=90)
  tokens_kept                         = 128.000000  (n=90)
  tokens_dropped                      = 384.000000  (n=90)
  keep_ratio                          = 0.250000  (n=90)
  gpu_mem_allocated_gb                = 0.006000  (n=90)
  gpu_mem_max_allocated_gb            = 1.052000  (n=90)
======================================================================

rank 0 Before saving checkpoint Allocated: 0.01GB, Max Allocated: 0.98GB, Reserved: 1.82GB
Saved checkpoint to: /lustre/orion/csc662/proj-shared/janet/forecasting/orbit_main/era5_forecasting_1.40625_deg_bilinear_new/checkpoint_epoch_0001.pt
rank 0 After saving checkpoint Allocated: 0.01GB, Max Allocated: 0.98GB, Reserved: 1.82GB

================================================================================
Starting epoch 2
================================================================================

[E2 B0] loss=0.05214 time=2.127s | diff=N/A (DIAG empty) | tokens 128/512 | mem=0.0GB
Epoch 2 | Batch 0 | Loss: 0.052138 | Time: 2.127s | LR: 1.32e-02
rank 0 Batch 0 Allocated: 0.01GB, Max Allocated: 0.98GB, Reserved: 1.82GB
[E2 B50] loss=0.03932 time=0.161s | diff=N/A (DIAG empty) | tokens 128/512 | mem=0.0GB
Epoch 2 | Batch 50 | Loss: 0.039322 | Time: 0.161s | LR: 1.32e-02
rank 0 Batch 50 Allocated: 0.01GB, Max Allocated: 0.98GB, Reserved: 1.82GB
[Monthly Loader] Epoch complete. Yielded 2880 samples.

================================================================================
Epoch 2 completed | Average Loss: 0.039065
================================================================================


======================================================================
 Epoch 2 Summary (Adaptive Sparsity)
======================================================================
  loss                                = 0.039447  (n=90)
  step_time_sec                       = 0.432418  (n=90)
  tokens_total                        = 512.000000  (n=90)
  tokens_kept                         = 128.000000  (n=90)
  tokens_dropped                      = 384.000000  (n=90)
  keep_ratio                          = 0.250000  (n=90)
  gpu_mem_allocated_gb                = 0.006000  (n=90)
  gpu_mem_max_allocated_gb            = 1.052000  (n=90)
======================================================================

rank 0 Before saving checkpoint Allocated: 0.01GB, Max Allocated: 0.98GB, Reserved: 1.82GB
Saved checkpoint to: /lustre/orion/csc662/proj-shared/janet/forecasting/orbit_main/era5_forecasting_1.40625_deg_bilinear_new/checkpoint_epoch_0002.pt
rank 0 After saving checkpoint Allocated: 0.01GB, Max Allocated: 0.98GB, Reserved: 1.82GB

================================================================================
Starting epoch 3
================================================================================

[E3 B0] loss=0.03526 time=1.065s | diff=N/A (DIAG empty) | tokens 128/512 | mem=0.0GB
Epoch 3 | Batch 0 | Loss: 0.035263 | Time: 1.066s | LR: 1.98e-02
rank 0 Batch 0 Allocated: 0.01GB, Max Allocated: 0.98GB, Reserved: 1.82GB
[E3 B50] loss=0.03656 time=0.161s | diff=N/A (DIAG empty) | tokens 128/512 | mem=0.0GB
Epoch 3 | Batch 50 | Loss: 0.036557 | Time: 0.162s | LR: 1.98e-02
rank 0 Batch 50 Allocated: 0.01GB, Max Allocated: 0.98GB, Reserved: 1.82GB
[Monthly Loader] Epoch complete. Yielded 2880 samples.

================================================================================
Epoch 3 completed | Average Loss: 0.045206
================================================================================


======================================================================
 Epoch 3 Summary (Adaptive Sparsity)
======================================================================
  loss                                = 0.045562  (n=90)
  step_time_sec                       = 0.379950  (n=90)
  tokens_total                        = 512.000000  (n=90)
  tokens_kept                         = 128.000000  (n=90)
  tokens_dropped                      = 384.000000  (n=90)
  keep_ratio                          = 0.250000  (n=90)
  gpu_mem_allocated_gb                = 0.006000  (n=90)
  gpu_mem_max_allocated_gb            = 1.052000  (n=90)
======================================================================

rank 0 Before saving checkpoint Allocated: 0.01GB, Max Allocated: 0.98GB, Reserved: 1.82GB
Saved checkpoint to: /lustre/orion/csc662/proj-shared/janet/forecasting/orbit_main/era5_forecasting_1.40625_deg_bilinear_new/checkpoint_epoch_0003.pt
rank 0 After saving checkpoint Allocated: 0.01GB, Max Allocated: 0.98GB, Reserved: 1.82GB

================================================================================
Starting epoch 4
================================================================================

[E4 B0] loss=0.03025 time=0.529s | diff=N/A (DIAG empty) | tokens 128/512 | mem=0.0GB
Epoch 4 | Batch 0 | Loss: 0.030255 | Time: 0.530s | LR: 2.64e-02
rank 0 Batch 0 Allocated: 0.01GB, Max Allocated: 0.98GB, Reserved: 1.82GB
[E4 B50] loss=0.13640 time=0.166s | diff=N/A (DIAG empty) | tokens 128/512 | mem=0.0GB
Epoch 4 | Batch 50 | Loss: 0.136404 | Time: 0.166s | LR: 2.64e-02
rank 0 Batch 50 Allocated: 0.01GB, Max Allocated: 0.98GB, Reserved: 1.82GB
[Monthly Loader] Epoch complete. Yielded 2880 samples.

================================================================================
Epoch 4 completed | Average Loss: 1.043631
================================================================================


======================================================================
 Epoch 4 Summary (Adaptive Sparsity)
======================================================================
  loss                                = 1.047070  (n=90)
  step_time_sec                       = 0.172104  (n=90)
  tokens_total                        = 512.000000  (n=90)
  tokens_kept                         = 128.000000  (n=90)
  tokens_dropped                      = 384.000000  (n=90)
  keep_ratio                          = 0.250000  (n=90)
  gpu_mem_allocated_gb                = 0.006000  (n=90)
  gpu_mem_max_allocated_gb            = 1.052000  (n=90)
======================================================================


Running validation for epoch 4...
/lustre/orion/csc662/proj-shared/janet/miniconda3/envs/orbit_main/lib/python3.11/site-packages/torch/utils/checkpoint.py:92: UserWarning: None of the inputs have requires_grad=True. Gradients will be None
  warnings.warn(
/lustre/orion/csc662/proj-shared/janet/miniconda3/envs/orbit_main/lib/python3.11/site-packages/torch/utils/checkpoint.py:92: UserWarning: None of the inputs have requires_grad=True. Gradients will be None
  warnings.warn(
/lustre/orion/csc662/proj-shared/janet/miniconda3/envs/orbit_main/lib/python3.11/site-packages/torch/utils/checkpoint.py:92: UserWarning: None of the inputs have requires_grad=True. Gradients will be None
  warnings.warn(
/lustre/orion/csc662/proj-shared/janet/miniconda3/envs/orbit_main/lib/python3.11/site-packages/torch/utils/checkpoint.py:92: UserWarning: None of the inputs have requires_grad=True. Gradients will be None
  warnings.warn(
/lustre/orion/csc662/proj-shared/janet/miniconda3/envs/orbit_main/lib/python3.11/site-packages/torch/utils/checkpoint.py:92: UserWarning: None of the inputs have requires_grad=True. Gradients will be None
  warnings.warn(
/lustre/orion/csc662/proj-shared/janet/miniconda3/envs/orbit_main/lib/python3.11/site-packages/torch/utils/checkpoint.py:92: UserWarning: None of the inputs have requires_grad=True. Gradients will be None
  warnings.warn(
/lustre/orion/csc662/proj-shared/janet/miniconda3/envs/orbit_main/lib/python3.11/site-packages/torch/utils/checkpoint.py:92: UserWarning: None of the inputs have requires_grad=True. Gradients will be None
  warnings.warn(
/lustre/orion/csc662/proj-shared/janet/miniconda3/envs/orbit_main/lib/python3.11/site-packages/torch/utils/checkpoint.py:92: UserWarning: None of the inputs have requires_grad=True. Gradients will be None
  warnings.warn(
/lustre/orion/csc662/proj-shared/janet/miniconda3/envs/orbit_main/lib/python3.11/site-packages/torch/utils/checkpoint.py:92: UserWarning: None of the inputs have requires_grad=True. Gradients will be None
  warnings.warn(
/lustre/orion/csc662/proj-shared/janet/miniconda3/envs/orbit_main/lib/python3.11/site-packages/torch/utils/checkpoint.py:92: UserWarning: None of the inputs have requires_grad=True. Gradients will be None
  warnings.warn(
/lustre/orion/csc662/proj-shared/janet/miniconda3/envs/orbit_main/lib/python3.11/site-packages/torch/utils/checkpoint.py:92: UserWarning: None of the inputs have requires_grad=True. Gradients will be None
  warnings.warn(
/lustre/orion/csc662/proj-shared/janet/miniconda3/envs/orbit_main/lib/python3.11/site-packages/torch/utils/checkpoint.py:92: UserWarning: None of the inputs have requires_grad=True. Gradients will be None
  warnings.warn(
/lustre/orion/csc662/proj-shared/janet/miniconda3/envs/orbit_main/lib/python3.11/site-packages/torch/utils/checkpoint.py:92: UserWarning: None of the inputs have requires_grad=True. Gradients will be None
  warnings.warn(
/lustre/orion/csc662/proj-shared/janet/miniconda3/envs/orbit_main/lib/python3.11/site-packages/torch/utils/checkpoint.py:92: UserWarning: None of the inputs have requires_grad=True. Gradients will be None
  warnings.warn(
/lustre/orion/csc662/proj-shared/janet/miniconda3/envs/orbit_main/lib/python3.11/site-packages/torch/utils/checkpoint.py:92: UserWarning: None of the inputs have requires_grad=True. Gradients will be None
  warnings.warn(
/lustre/orion/csc662/proj-shared/janet/miniconda3/envs/orbit_main/lib/python3.11/site-packages/torch/utils/checkpoint.py:92: UserWarning: None of the inputs have requires_grad=True. Gradients will be None
  warnings.warn(
[Monthly Loader] Epoch complete. Yielded 2880 samples.

Validation results for epoch 4:
  val/lat_rmse:2m_temperature: 4.053067
  val/lat_rmse:aggregate: 4.053067
  val/lat_acc:2m_temperature: 0.737961
  val/lat_acc:aggregate: 0.737961
  val/lat_mse:2m_temperature: 0.036544
  val/lat_mse:aggregate: 0.036544

rank 0 Before saving checkpoint Allocated: 0.01GB, Max Allocated: 0.98GB, Reserved: 1.82GB
Saved checkpoint to: /lustre/orion/csc662/proj-shared/janet/forecasting/orbit_main/era5_forecasting_1.40625_deg_bilinear_new/checkpoint_epoch_0004.pt
rank 0 After saving checkpoint Allocated: 0.01GB, Max Allocated: 0.98GB, Reserved: 1.82GB

================================================================================
Starting epoch 5
================================================================================

[E5 B0] loss=0.04108 time=0.197s | diff=N/A (DIAG empty) | tokens 128/512 | mem=0.0GB
Epoch 5 | Batch 0 | Loss: 0.041077 | Time: 0.197s | LR: 2.64e-02
rank 0 Batch 0 Allocated: 0.01GB, Max Allocated: 0.98GB, Reserved: 1.82GB
[E5 B50] loss=0.03132 time=0.160s | diff=N/A (DIAG empty) | tokens 128/512 | mem=0.0GB
Epoch 5 | Batch 50 | Loss: 0.031317 | Time: 0.161s | LR: 2.64e-02
rank 0 Batch 50 Allocated: 0.01GB, Max Allocated: 0.98GB, Reserved: 1.82GB
[Monthly Loader] Epoch complete. Yielded 2880 samples.

================================================================================
Epoch 5 completed | Average Loss: 0.031613
================================================================================


======================================================================
 Epoch 5 Summary (Adaptive Sparsity)
======================================================================
  loss                                = 0.032133  (n=90)
  step_time_sec                       = 0.170723  (n=90)
  tokens_total                        = 512.000000  (n=90)
  tokens_kept                         = 128.000000  (n=90)
  tokens_dropped                      = 384.000000  (n=90)
  keep_ratio                          = 0.250000  (n=90)
  gpu_mem_allocated_gb                = 0.006000  (n=90)
  gpu_mem_max_allocated_gb            = 1.052000  (n=90)
======================================================================

rank 0 Before saving checkpoint Allocated: 0.01GB, Max Allocated: 0.98GB, Reserved: 1.82GB
Saved checkpoint to: /lustre/orion/csc662/proj-shared/janet/forecasting/orbit_main/era5_forecasting_1.40625_deg_bilinear_new/checkpoint_epoch_0005.pt
rank 0 After saving checkpoint Allocated: 0.01GB, Max Allocated: 0.98GB, Reserved: 1.82GB

================================================================================
Starting epoch 6
================================================================================

[E6 B0] loss=0.03095 time=4.266s | diff=N/A (DIAG empty) | tokens 128/512 | mem=0.0GB
Epoch 6 | Batch 0 | Loss: 0.030948 | Time: 4.267s | LR: 2.63e-02
rank 0 Batch 0 Allocated: 0.01GB, Max Allocated: 0.98GB, Reserved: 1.82GB
[E6 B50] loss=0.02871 time=0.158s | diff=N/A (DIAG empty) | tokens 128/512 | mem=0.0GB
Epoch 6 | Batch 50 | Loss: 0.028712 | Time: 0.158s | LR: 2.63e-02
rank 0 Batch 50 Allocated: 0.01GB, Max Allocated: 0.98GB, Reserved: 1.82GB
[Monthly Loader] Epoch complete. Yielded 2880 samples.

================================================================================
Epoch 6 completed | Average Loss: 0.028027
================================================================================


======================================================================
 Epoch 6 Summary (Adaptive Sparsity)
======================================================================
  loss                                = 0.028498  (n=90)
  step_time_sec                       = 0.228230  (n=90)
  tokens_total                        = 512.000000  (n=90)
  tokens_kept                         = 128.000000  (n=90)
  tokens_dropped                      = 384.000000  (n=90)
  keep_ratio                          = 0.250000  (n=90)
  gpu_mem_allocated_gb                = 0.006000  (n=90)
  gpu_mem_max_allocated_gb            = 1.052000  (n=90)
======================================================================

rank 0 Before saving checkpoint Allocated: 0.01GB, Max Allocated: 0.98GB, Reserved: 1.82GB
Saved checkpoint to: /lustre/orion/csc662/proj-shared/janet/forecasting/orbit_main/era5_forecasting_1.40625_deg_bilinear_new/checkpoint_epoch_0006.pt
rank 0 After saving checkpoint Allocated: 0.01GB, Max Allocated: 0.98GB, Reserved: 1.82GB

================================================================================
Starting epoch 7
================================================================================

[E7 B0] loss=0.02650 time=0.962s | diff=N/A (DIAG empty) | tokens 128/512 | mem=0.0GB
Epoch 7 | Batch 0 | Loss: 0.026503 | Time: 0.963s | LR: 2.60e-02
rank 0 Batch 0 Allocated: 0.01GB, Max Allocated: 0.98GB, Reserved: 1.82GB
[E7 B50] loss=0.02798 time=0.157s | diff=N/A (DIAG empty) | tokens 128/512 | mem=0.0GB
Epoch 7 | Batch 50 | Loss: 0.027979 | Time: 0.157s | LR: 2.60e-02
rank 0 Batch 50 Allocated: 0.01GB, Max Allocated: 0.98GB, Reserved: 1.82GB
[Monthly Loader] Epoch complete. Yielded 2880 samples.

================================================================================
Epoch 7 completed | Average Loss: 0.026623
================================================================================


======================================================================
 Epoch 7 Summary (Adaptive Sparsity)
======================================================================
  loss                                = 0.027103  (n=90)
  step_time_sec                       = 0.220887  (n=90)
  tokens_total                        = 512.000000  (n=90)
  tokens_kept                         = 128.000000  (n=90)
  tokens_dropped                      = 384.000000  (n=90)
  keep_ratio                          = 0.250000  (n=90)
  gpu_mem_allocated_gb                = 0.006000  (n=90)
  gpu_mem_max_allocated_gb            = 1.052000  (n=90)
======================================================================

rank 0 Before saving checkpoint Allocated: 0.01GB, Max Allocated: 0.98GB, Reserved: 1.82GB
Saved checkpoint to: /lustre/orion/csc662/proj-shared/janet/forecasting/orbit_main/era5_forecasting_1.40625_deg_bilinear_new/checkpoint_epoch_0007.pt
rank 0 After saving checkpoint Allocated: 0.01GB, Max Allocated: 0.98GB, Reserved: 1.82GB

================================================================================
Starting epoch 8
================================================================================

[E8 B0] loss=0.02556 time=0.917s | diff=N/A (DIAG empty) | tokens 128/512 | mem=0.0GB
Epoch 8 | Batch 0 | Loss: 0.025562 | Time: 0.917s | LR: 2.55e-02
rank 0 Batch 0 Allocated: 0.01GB, Max Allocated: 0.98GB, Reserved: 1.82GB
[E8 B50] loss=0.02497 time=0.163s | diff=N/A (DIAG empty) | tokens 128/512 | mem=0.0GB
Epoch 8 | Batch 50 | Loss: 0.024965 | Time: 0.163s | LR: 2.55e-02
rank 0 Batch 50 Allocated: 0.01GB, Max Allocated: 0.98GB, Reserved: 1.82GB
[Monthly Loader] Epoch complete. Yielded 2880 samples.

================================================================================
Epoch 8 completed | Average Loss: 0.025967
================================================================================


======================================================================
 Epoch 8 Summary (Adaptive Sparsity)
======================================================================
  loss                                = 0.026437  (n=90)
  step_time_sec                       = 0.203117  (n=90)
  tokens_total                        = 512.000000  (n=90)
  tokens_kept                         = 128.000000  (n=90)
  tokens_dropped                      = 384.000000  (n=90)
  keep_ratio                          = 0.250000  (n=90)
  gpu_mem_allocated_gb                = 0.006000  (n=90)
  gpu_mem_max_allocated_gb            = 1.052000  (n=90)
======================================================================

rank 0 Before saving checkpoint Allocated: 0.01GB, Max Allocated: 0.98GB, Reserved: 1.82GB
Saved checkpoint to: /lustre/orion/csc662/proj-shared/janet/forecasting/orbit_main/era5_forecasting_1.40625_deg_bilinear_new/checkpoint_epoch_0008.pt
rank 0 After saving checkpoint Allocated: 0.01GB, Max Allocated: 0.98GB, Reserved: 1.82GB

================================================================================
Starting epoch 9
================================================================================

[E9 B0] loss=0.02459 time=2.774s | diff=N/A (DIAG empty) | tokens 128/512 | mem=0.0GB
Epoch 9 | Batch 0 | Loss: 0.024586 | Time: 2.775s | LR: 2.48e-02
rank 0 Batch 0 Allocated: 0.01GB, Max Allocated: 0.98GB, Reserved: 1.82GB
[E9 B50] loss=0.02568 time=0.161s | diff=N/A (DIAG empty) | tokens 128/512 | mem=0.0GB
Epoch 9 | Batch 50 | Loss: 0.025678 | Time: 0.161s | LR: 2.48e-02
rank 0 Batch 50 Allocated: 0.01GB, Max Allocated: 0.98GB, Reserved: 1.82GB
[Monthly Loader] Epoch complete. Yielded 2880 samples.

================================================================================
Epoch 9 completed | Average Loss: 0.025544
================================================================================


======================================================================
 Epoch 9 Summary (Adaptive Sparsity)
======================================================================
  loss                                = 0.026025  (n=90)
  step_time_sec                       = 0.233300  (n=90)
  tokens_total                        = 512.000000  (n=90)
  tokens_kept                         = 128.000000  (n=90)
  tokens_dropped                      = 384.000000  (n=90)
  keep_ratio                          = 0.250000  (n=90)
  gpu_mem_allocated_gb                = 0.006000  (n=90)
  gpu_mem_max_allocated_gb            = 1.052000  (n=90)
======================================================================


Running validation for epoch 9...
[Monthly Loader] Epoch complete. Yielded 2880 samples.

Validation results for epoch 9:
  val/lat_rmse:2m_temperature: 3.332078
  val/lat_rmse:aggregate: 3.332078
  val/lat_acc:2m_temperature: 0.814852
  val/lat_acc:aggregate: 0.814852
  val/lat_mse:2m_temperature: 0.024566
  val/lat_mse:aggregate: 0.024566

rank 0 Before saving checkpoint Allocated: 0.01GB, Max Allocated: 0.98GB, Reserved: 1.82GB
Saved checkpoint to: /lustre/orion/csc662/proj-shared/janet/forecasting/orbit_main/era5_forecasting_1.40625_deg_bilinear_new/checkpoint_epoch_0009.pt
rank 0 After saving checkpoint Allocated: 0.01GB, Max Allocated: 0.98GB, Reserved: 1.82GB

================================================================================
Starting epoch 10
================================================================================

[E10 B0] loss=0.02796 time=2.743s | diff=N/A (DIAG empty) | tokens 128/512 | mem=0.0GB
Epoch 10 | Batch 0 | Loss: 0.027956 | Time: 2.743s | LR: 2.39e-02
rank 0 Batch 0 Allocated: 0.01GB, Max Allocated: 0.98GB, Reserved: 1.82GB
[E10 B50] loss=0.02502 time=0.161s | diff=N/A (DIAG empty) | tokens 128/512 | mem=0.0GB
Epoch 10 | Batch 50 | Loss: 0.025019 | Time: 0.161s | LR: 2.39e-02
rank 0 Batch 50 Allocated: 0.01GB, Max Allocated: 0.98GB, Reserved: 1.82GB
[Monthly Loader] Epoch complete. Yielded 2880 samples.

================================================================================
Epoch 10 completed | Average Loss: 0.025188
================================================================================


======================================================================
 Epoch 10 Summary (Adaptive Sparsity)
======================================================================
  loss                                = 0.025673  (n=90)
  step_time_sec                       = 0.199564  (n=90)
  tokens_total                        = 512.000000  (n=90)
  tokens_kept                         = 128.000000  (n=90)
  tokens_dropped                      = 384.000000  (n=90)
  keep_ratio                          = 0.250000  (n=90)
  gpu_mem_allocated_gb                = 0.006000  (n=90)
  gpu_mem_max_allocated_gb            = 1.052000  (n=90)
======================================================================

rank 0 Before saving checkpoint Allocated: 0.01GB, Max Allocated: 0.98GB, Reserved: 1.82GB
Saved checkpoint to: /lustre/orion/csc662/proj-shared/janet/forecasting/orbit_main/era5_forecasting_1.40625_deg_bilinear_new/checkpoint_epoch_0010.pt
rank 0 After saving checkpoint Allocated: 0.01GB, Max Allocated: 0.98GB, Reserved: 1.82GB

================================================================================
Starting epoch 11
================================================================================

[E11 B0] loss=0.02726 time=2.444s | diff=N/A (DIAG empty) | tokens 128/512 | mem=0.0GB
Epoch 11 | Batch 0 | Loss: 0.027262 | Time: 2.445s | LR: 2.28e-02
rank 0 Batch 0 Allocated: 0.01GB, Max Allocated: 0.98GB, Reserved: 1.82GB
[E11 B50] loss=0.02447 time=0.164s | diff=N/A (DIAG empty) | tokens 128/512 | mem=0.0GB
Epoch 11 | Batch 50 | Loss: 0.024467 | Time: 0.164s | LR: 2.28e-02
rank 0 Batch 50 Allocated: 0.01GB, Max Allocated: 0.98GB, Reserved: 1.82GB
[Monthly Loader] Epoch complete. Yielded 2880 samples.

================================================================================
Epoch 11 completed | Average Loss: 0.024930
================================================================================


======================================================================
 Epoch 11 Summary (Adaptive Sparsity)
======================================================================
  loss                                = 0.025416  (n=90)
  step_time_sec                       = 0.307977  (n=90)
  tokens_total                        = 512.000000  (n=90)
  tokens_kept                         = 128.000000  (n=90)
  tokens_dropped                      = 384.000000  (n=90)
  keep_ratio                          = 0.250000  (n=90)
  gpu_mem_allocated_gb                = 0.006000  (n=90)
  gpu_mem_max_allocated_gb            = 1.052000  (n=90)
======================================================================

rank 0 Before saving checkpoint Allocated: 0.01GB, Max Allocated: 0.98GB, Reserved: 1.82GB
Saved checkpoint to: /lustre/orion/csc662/proj-shared/janet/forecasting/orbit_main/era5_forecasting_1.40625_deg_bilinear_new/checkpoint_epoch_0011.pt
rank 0 After saving checkpoint Allocated: 0.01GB, Max Allocated: 0.98GB, Reserved: 1.82GB

================================================================================
Starting epoch 12
================================================================================

[E12 B0] loss=0.02640 time=6.760s | diff=N/A (DIAG empty) | tokens 128/512 | mem=0.0GB
Epoch 12 | Batch 0 | Loss: 0.026397 | Time: 6.760s | LR: 2.16e-02
rank 0 Batch 0 Allocated: 0.01GB, Max Allocated: 0.98GB, Reserved: 1.82GB
[E12 B50] loss=0.02322 time=0.163s | diff=N/A (DIAG empty) | tokens 128/512 | mem=0.0GB
Epoch 12 | Batch 50 | Loss: 0.023218 | Time: 0.163s | LR: 2.16e-02
rank 0 Batch 50 Allocated: 0.01GB, Max Allocated: 0.98GB, Reserved: 1.82GB
[Monthly Loader] Epoch complete. Yielded 2880 samples.

================================================================================
Epoch 12 completed | Average Loss: 0.024675
================================================================================


======================================================================
 Epoch 12 Summary (Adaptive Sparsity)
======================================================================
  loss                                = 0.025164  (n=90)
  step_time_sec                       = 0.266788  (n=90)
  tokens_total                        = 512.000000  (n=90)
  tokens_kept                         = 128.000000  (n=90)
  tokens_dropped                      = 384.000000  (n=90)
  keep_ratio                          = 0.250000  (n=90)
  gpu_mem_allocated_gb                = 0.006000  (n=90)
  gpu_mem_max_allocated_gb            = 1.052000  (n=90)
======================================================================

rank 0 Before saving checkpoint Allocated: 0.01GB, Max Allocated: 0.98GB, Reserved: 1.82GB
Saved checkpoint to: /lustre/orion/csc662/proj-shared/janet/forecasting/orbit_main/era5_forecasting_1.40625_deg_bilinear_new/checkpoint_epoch_0012.pt
rank 0 After saving checkpoint Allocated: 0.01GB, Max Allocated: 0.98GB, Reserved: 1.82GB

================================================================================
Starting epoch 13
================================================================================

[E13 B0] loss=0.02949 time=8.772s | diff=N/A (DIAG empty) | tokens 128/512 | mem=0.0GB
Epoch 13 | Batch 0 | Loss: 0.029491 | Time: 8.773s | LR: 2.03e-02
rank 0 Batch 0 Allocated: 0.01GB, Max Allocated: 0.98GB, Reserved: 1.82GB
[E13 B50] loss=0.02451 time=0.163s | diff=N/A (DIAG empty) | tokens 128/512 | mem=0.0GB
Epoch 13 | Batch 50 | Loss: 0.024514 | Time: 0.164s | LR: 2.03e-02
rank 0 Batch 50 Allocated: 0.01GB, Max Allocated: 0.98GB, Reserved: 1.82GB
[Monthly Loader] Epoch complete. Yielded 2880 samples.

================================================================================
Epoch 13 completed | Average Loss: 0.024113
================================================================================


======================================================================
 Epoch 13 Summary (Adaptive Sparsity)
======================================================================
  loss                                = 0.024587  (n=90)
  step_time_sec                       = 0.295708  (n=90)
  tokens_total                        = 512.000000  (n=90)
  tokens_kept                         = 128.000000  (n=90)
  tokens_dropped                      = 384.000000  (n=90)
  keep_ratio                          = 0.250000  (n=90)
  gpu_mem_allocated_gb                = 0.006000  (n=90)
  gpu_mem_max_allocated_gb            = 1.052000  (n=90)
======================================================================

rank 0 Before saving checkpoint Allocated: 0.01GB, Max Allocated: 0.98GB, Reserved: 1.82GB
Saved checkpoint to: /lustre/orion/csc662/proj-shared/janet/forecasting/orbit_main/era5_forecasting_1.40625_deg_bilinear_new/checkpoint_epoch_0013.pt
rank 0 After saving checkpoint Allocated: 0.01GB, Max Allocated: 0.98GB, Reserved: 1.82GB

================================================================================
Starting epoch 14
================================================================================

[E14 B0] loss=0.02561 time=8.456s | diff=N/A (DIAG empty) | tokens 128/512 | mem=0.0GB
Epoch 14 | Batch 0 | Loss: 0.025613 | Time: 8.457s | LR: 1.88e-02
rank 0 Batch 0 Allocated: 0.01GB, Max Allocated: 0.98GB, Reserved: 1.82GB
[E14 B50] loss=0.02288 time=0.164s | diff=N/A (DIAG empty) | tokens 128/512 | mem=0.0GB
Epoch 14 | Batch 50 | Loss: 0.022879 | Time: 0.164s | LR: 1.88e-02
rank 0 Batch 50 Allocated: 0.01GB, Max Allocated: 0.98GB, Reserved: 1.82GB
[Monthly Loader] Epoch complete. Yielded 2880 samples.

================================================================================
Epoch 14 completed | Average Loss: 0.023905
================================================================================


======================================================================
 Epoch 14 Summary (Adaptive Sparsity)
======================================================================
  loss                                = 0.024373  (n=90)
  step_time_sec                       = 0.290241  (n=90)
  tokens_total                        = 512.000000  (n=90)
  tokens_kept                         = 128.000000  (n=90)
  tokens_dropped                      = 384.000000  (n=90)
  keep_ratio                          = 0.250000  (n=90)
  gpu_mem_allocated_gb                = 0.006000  (n=90)
  gpu_mem_max_allocated_gb            = 1.052000  (n=90)
======================================================================


Running validation for epoch 14...
[Monthly Loader] Epoch complete. Yielded 2880 samples.

Validation results for epoch 14:
  val/lat_rmse:2m_temperature: 3.226023
  val/lat_rmse:aggregate: 3.226023
  val/lat_acc:2m_temperature: 0.821116
  val/lat_acc:aggregate: 0.821116
  val/lat_mse:2m_temperature: 0.022664
  val/lat_mse:aggregate: 0.022664

rank 0 Before saving checkpoint Allocated: 0.01GB, Max Allocated: 0.98GB, Reserved: 1.82GB
Saved checkpoint to: /lustre/orion/csc662/proj-shared/janet/forecasting/orbit_main/era5_forecasting_1.40625_deg_bilinear_new/checkpoint_epoch_0014.pt
rank 0 After saving checkpoint Allocated: 0.01GB, Max Allocated: 0.98GB, Reserved: 1.82GB

================================================================================
Starting epoch 15
================================================================================

[E15 B0] loss=0.02311 time=1.543s | diff=N/A (DIAG empty) | tokens 128/512 | mem=0.0GB
Epoch 15 | Batch 0 | Loss: 0.023111 | Time: 1.544s | LR: 1.73e-02
rank 0 Batch 0 Allocated: 0.01GB, Max Allocated: 0.98GB, Reserved: 1.82GB
[E15 B50] loss=0.02332 time=0.161s | diff=N/A (DIAG empty) | tokens 128/512 | mem=0.0GB
Epoch 15 | Batch 50 | Loss: 0.023319 | Time: 0.162s | LR: 1.73e-02
rank 0 Batch 50 Allocated: 0.01GB, Max Allocated: 0.98GB, Reserved: 1.82GB
[Monthly Loader] Epoch complete. Yielded 2880 samples.

================================================================================
Epoch 15 completed | Average Loss: 0.023731
================================================================================


======================================================================
 Epoch 15 Summary (Adaptive Sparsity)
======================================================================
  loss                                = 0.024212  (n=90)
  step_time_sec                       = 0.186820  (n=90)
  tokens_total                        = 512.000000  (n=90)
  tokens_kept                         = 128.000000  (n=90)
  tokens_dropped                      = 384.000000  (n=90)
  keep_ratio                          = 0.250000  (n=90)
  gpu_mem_allocated_gb                = 0.006000  (n=90)
  gpu_mem_max_allocated_gb            = 1.052000  (n=90)
======================================================================

rank 0 Before saving checkpoint Allocated: 0.01GB, Max Allocated: 0.98GB, Reserved: 1.82GB
Saved checkpoint to: /lustre/orion/csc662/proj-shared/janet/forecasting/orbit_main/era5_forecasting_1.40625_deg_bilinear_new/checkpoint_epoch_0015.pt
rank 0 After saving checkpoint Allocated: 0.01GB, Max Allocated: 0.98GB, Reserved: 1.82GB

================================================================================
Starting epoch 16
================================================================================

[E16 B0] loss=0.02540 time=0.194s | diff=N/A (DIAG empty) | tokens 128/512 | mem=0.0GB
Epoch 16 | Batch 0 | Loss: 0.025397 | Time: 0.195s | LR: 1.57e-02
rank 0 Batch 0 Allocated: 0.01GB, Max Allocated: 0.98GB, Reserved: 1.82GB
[E16 B50] loss=0.02244 time=0.161s | diff=N/A (DIAG empty) | tokens 128/512 | mem=0.0GB
Epoch 16 | Batch 50 | Loss: 0.022445 | Time: 0.161s | LR: 1.57e-02
rank 0 Batch 50 Allocated: 0.01GB, Max Allocated: 0.98GB, Reserved: 1.82GB
[Monthly Loader] Epoch complete. Yielded 2880 samples.

================================================================================
Epoch 16 completed | Average Loss: 0.023558
================================================================================


======================================================================
 Epoch 16 Summary (Adaptive Sparsity)
======================================================================
  loss                                = 0.024018  (n=90)
  step_time_sec                       = 0.172571  (n=90)
  tokens_total                        = 512.000000  (n=90)
  tokens_kept                         = 128.000000  (n=90)
  tokens_dropped                      = 384.000000  (n=90)
  keep_ratio                          = 0.250000  (n=90)
  gpu_mem_allocated_gb                = 0.006000  (n=90)
  gpu_mem_max_allocated_gb            = 1.052000  (n=90)
======================================================================

rank 0 Before saving checkpoint Allocated: 0.01GB, Max Allocated: 0.98GB, Reserved: 1.82GB
Saved checkpoint to: /lustre/orion/csc662/proj-shared/janet/forecasting/orbit_main/era5_forecasting_1.40625_deg_bilinear_new/checkpoint_epoch_0016.pt
rank 0 After saving checkpoint Allocated: 0.01GB, Max Allocated: 0.98GB, Reserved: 1.82GB

================================================================================
Starting epoch 17
================================================================================

[E17 B0] loss=0.02344 time=3.245s | diff=N/A (DIAG empty) | tokens 128/512 | mem=0.0GB
Epoch 17 | Batch 0 | Loss: 0.023441 | Time: 3.246s | LR: 1.40e-02
rank 0 Batch 0 Allocated: 0.01GB, Max Allocated: 0.98GB, Reserved: 1.82GB
[E17 B50] loss=0.02278 time=0.162s | diff=N/A (DIAG empty) | tokens 128/512 | mem=0.0GB
Epoch 17 | Batch 50 | Loss: 0.022777 | Time: 0.162s | LR: 1.40e-02
rank 0 Batch 50 Allocated: 0.01GB, Max Allocated: 0.98GB, Reserved: 1.82GB
[Monthly Loader] Epoch complete. Yielded 2880 samples.

================================================================================
Epoch 17 completed | Average Loss: 0.023354
================================================================================


======================================================================
 Epoch 17 Summary (Adaptive Sparsity)
======================================================================
  loss                                = 0.023825  (n=90)
  step_time_sec                       = 0.251680  (n=90)
  tokens_total                        = 512.000000  (n=90)
  tokens_kept                         = 128.000000  (n=90)
  tokens_dropped                      = 384.000000  (n=90)
  keep_ratio                          = 0.250000  (n=90)
  gpu_mem_allocated_gb                = 0.006000  (n=90)
  gpu_mem_max_allocated_gb            = 1.052000  (n=90)
======================================================================

rank 0 Before saving checkpoint Allocated: 0.01GB, Max Allocated: 0.98GB, Reserved: 1.82GB
Saved checkpoint to: /lustre/orion/csc662/proj-shared/janet/forecasting/orbit_main/era5_forecasting_1.40625_deg_bilinear_new/checkpoint_epoch_0017.pt
rank 0 After saving checkpoint Allocated: 0.01GB, Max Allocated: 0.98GB, Reserved: 1.82GB

================================================================================
Starting epoch 18
================================================================================

[E18 B0] loss=0.02387 time=3.255s | diff=N/A (DIAG empty) | tokens 128/512 | mem=0.0GB
Epoch 18 | Batch 0 | Loss: 0.023868 | Time: 3.255s | LR: 1.24e-02
rank 0 Batch 0 Allocated: 0.01GB, Max Allocated: 0.98GB, Reserved: 1.82GB
[E18 B50] loss=0.02204 time=0.161s | diff=N/A (DIAG empty) | tokens 128/512 | mem=0.0GB
Epoch 18 | Batch 50 | Loss: 0.022044 | Time: 0.161s | LR: 1.24e-02
rank 0 Batch 50 Allocated: 0.01GB, Max Allocated: 0.98GB, Reserved: 1.82GB
[Monthly Loader] Epoch complete. Yielded 2880 samples.

================================================================================
Epoch 18 completed | Average Loss: 0.023346
================================================================================


======================================================================
 Epoch 18 Summary (Adaptive Sparsity)
======================================================================
  loss                                = 0.023800  (n=90)
  step_time_sec                       = 0.275536  (n=90)
  tokens_total                        = 512.000000  (n=90)
  tokens_kept                         = 128.000000  (n=90)
  tokens_dropped                      = 384.000000  (n=90)
  keep_ratio                          = 0.250000  (n=90)
  gpu_mem_allocated_gb                = 0.006000  (n=90)
  gpu_mem_max_allocated_gb            = 1.052000  (n=90)
======================================================================

rank 0 Before saving checkpoint Allocated: 0.01GB, Max Allocated: 0.98GB, Reserved: 1.82GB
Saved checkpoint to: /lustre/orion/csc662/proj-shared/janet/forecasting/orbit_main/era5_forecasting_1.40625_deg_bilinear_new/checkpoint_epoch_0018.pt
rank 0 After saving checkpoint Allocated: 0.01GB, Max Allocated: 0.98GB, Reserved: 1.82GB

================================================================================
Starting epoch 19
================================================================================

[E19 B0] loss=0.02238 time=8.757s | diff=N/A (DIAG empty) | tokens 128/512 | mem=0.0GB
Epoch 19 | Batch 0 | Loss: 0.022383 | Time: 8.758s | LR: 1.07e-02
rank 0 Batch 0 Allocated: 0.01GB, Max Allocated: 0.98GB, Reserved: 1.82GB
[E19 B50] loss=0.02258 time=0.160s | diff=N/A (DIAG empty) | tokens 128/512 | mem=0.0GB
Epoch 19 | Batch 50 | Loss: 0.022576 | Time: 0.160s | LR: 1.07e-02
rank 0 Batch 50 Allocated: 0.01GB, Max Allocated: 0.98GB, Reserved: 1.82GB
[Monthly Loader] Epoch complete. Yielded 2880 samples.

================================================================================
Epoch 19 completed | Average Loss: 0.023149
================================================================================


======================================================================
 Epoch 19 Summary (Adaptive Sparsity)
======================================================================
  loss                                = 0.023613  (n=90)
  step_time_sec                       = 0.292377  (n=90)
  tokens_total                        = 512.000000  (n=90)
  tokens_kept                         = 128.000000  (n=90)
  tokens_dropped                      = 384.000000  (n=90)
  keep_ratio                          = 0.250000  (n=90)
  gpu_mem_allocated_gb                = 0.006000  (n=90)
  gpu_mem_max_allocated_gb            = 1.052000  (n=90)
======================================================================


Running validation for epoch 19...
[Monthly Loader] Epoch complete. Yielded 2880 samples.

Validation results for epoch 19:
  val/lat_rmse:2m_temperature: 3.200163
  val/lat_rmse:aggregate: 3.200163
  val/lat_acc:2m_temperature: 0.826875
  val/lat_acc:aggregate: 0.826875
  val/lat_mse:2m_temperature: 0.022047
  val/lat_mse:aggregate: 0.022047

rank 0 Before saving checkpoint Allocated: 0.01GB, Max Allocated: 0.98GB, Reserved: 1.82GB
Saved checkpoint to: /lustre/orion/csc662/proj-shared/janet/forecasting/orbit_main/era5_forecasting_1.40625_deg_bilinear_new/checkpoint_epoch_0019.pt
rank 0 After saving checkpoint Allocated: 0.01GB, Max Allocated: 0.98GB, Reserved: 1.82GB

================================================================================
Starting epoch 20
================================================================================

[E20 B0] loss=0.02439 time=2.331s | diff=N/A (DIAG empty) | tokens 128/512 | mem=0.0GB
Epoch 20 | Batch 0 | Loss: 0.024394 | Time: 2.332s | LR: 9.12e-03
rank 0 Batch 0 Allocated: 0.01GB, Max Allocated: 0.98GB, Reserved: 1.82GB
[E20 B50] loss=0.02527 time=0.159s | diff=N/A (DIAG empty) | tokens 128/512 | mem=0.0GB
Epoch 20 | Batch 50 | Loss: 0.025267 | Time: 0.160s | LR: 9.12e-03
rank 0 Batch 50 Allocated: 0.01GB, Max Allocated: 0.98GB, Reserved: 1.82GB
[Monthly Loader] Epoch complete. Yielded 2880 samples.

================================================================================
Epoch 20 completed | Average Loss: 0.023048
================================================================================


======================================================================
 Epoch 20 Summary (Adaptive Sparsity)
======================================================================
  loss                                = 0.023497  (n=90)
  step_time_sec                       = 0.219527  (n=90)
  tokens_total                        = 512.000000  (n=90)
  tokens_kept                         = 128.000000  (n=90)
  tokens_dropped                      = 384.000000  (n=90)
  keep_ratio                          = 0.250000  (n=90)
  gpu_mem_allocated_gb                = 0.006000  (n=90)
  gpu_mem_max_allocated_gb            = 1.052000  (n=90)
======================================================================

rank 0 Before saving checkpoint Allocated: 0.01GB, Max Allocated: 0.98GB, Reserved: 1.82GB
Saved checkpoint to: /lustre/orion/csc662/proj-shared/janet/forecasting/orbit_main/era5_forecasting_1.40625_deg_bilinear_new/checkpoint_epoch_0020.pt
rank 0 After saving checkpoint Allocated: 0.01GB, Max Allocated: 0.98GB, Reserved: 1.82GB

================================================================================
Starting epoch 21
================================================================================

[E21 B0] loss=0.02502 time=8.962s | diff=N/A (DIAG empty) | tokens 128/512 | mem=0.0GB
Epoch 21 | Batch 0 | Loss: 0.025023 | Time: 8.963s | LR: 7.58e-03
rank 0 Batch 0 Allocated: 0.01GB, Max Allocated: 0.98GB, Reserved: 1.82GB
[E21 B50] loss=0.02098 time=0.161s | diff=N/A (DIAG empty) | tokens 128/512 | mem=0.0GB
Epoch 21 | Batch 50 | Loss: 0.020982 | Time: 0.161s | LR: 7.58e-03
rank 0 Batch 50 Allocated: 0.01GB, Max Allocated: 0.98GB, Reserved: 1.82GB
[Monthly Loader] Epoch complete. Yielded 2880 samples.

================================================================================
Epoch 21 completed | Average Loss: 0.022962
================================================================================


======================================================================
 Epoch 21 Summary (Adaptive Sparsity)
======================================================================
  loss                                = 0.023411  (n=90)
  step_time_sec                       = 0.273172  (n=90)
  tokens_total                        = 512.000000  (n=90)
  tokens_kept                         = 128.000000  (n=90)
  tokens_dropped                      = 384.000000  (n=90)
  keep_ratio                          = 0.250000  (n=90)
  gpu_mem_allocated_gb                = 0.006000  (n=90)
  gpu_mem_max_allocated_gb            = 1.052000  (n=90)
======================================================================

rank 0 Before saving checkpoint Allocated: 0.01GB, Max Allocated: 0.98GB, Reserved: 1.82GB
Saved checkpoint to: /lustre/orion/csc662/proj-shared/janet/forecasting/orbit_main/era5_forecasting_1.40625_deg_bilinear_new/checkpoint_epoch_0021.pt
rank 0 After saving checkpoint Allocated: 0.01GB, Max Allocated: 0.98GB, Reserved: 1.82GB

================================================================================
Starting epoch 22
================================================================================

srun: Job step aborted: Waiting up to 32 seconds for job step to finish.
slurmstepd: error: *** STEP 4111439.0 ON frontier09294 CANCELLED AT 2026-02-12T16:17:29 ***
slurmstepd: error: *** JOB 4111439 ON frontier09294 CANCELLED AT 2026-02-12T16:17:29 ***
