
Lmod is automatically replacing "cce/18.0.1" with "gcc-native/14.2".


Lmod is automatically replacing "PrgEnv-cray/8.6.0" with "PrgEnv-gnu/8.6.0".


Inactive Modules:
  1) darshan-runtime

Due to MODULEPATH changes, the following have been reloaded:
  1) cray-libsci/24.11.0     2) cray-mpich/8.1.31


Lmod is automatically replacing "gcc-native/14.2" with "gcc/12.2.0".


The following have been reloaded with a version change:
  1) cray-libsci/24.11.0 => cray-libsci/23.09.1.1
  2) cray-mpich/8.1.31 => cray-mpich/8.1.27
  3) libfabric/1.22.0 => libfabric/1.20.1

Job started at: Sun Feb 22 04:24:39 PM EST 2026
Job ID: 4141168
Running on nodes: frontier[09082-09083]
Number of tasks: 16
Number of nodes: 2
WARNING[XFORMERS]: xFormers can't load C++/CUDA extensions. xFormers was built for:
    PyTorch 2.4.1+cu121 with CUDA 1201 (you have 2.4.1+rocm6.0)
    Python  3.11.10 (you have 3.11.14)
  Please reinstall xformers (see https://github.com/facebookresearch/xformers#installing-xformers)
  Memory-efficient attention, SwiGLU, sparse and more won't be available.
  Set XFORMERS_MORE_DETAILS=1 for more details
WARNING[XFORMERS]: xFormers can't load C++/CUDA extensions. xFormers was built for:
    PyTorch 2.4.1+cu121 with CUDA 1201 (you have 2.4.1+rocm6.0)
    Python  3.11.10 (you have 3.11.14)
  Please reinstall xformers (see https://github.com/facebookresearch/xformers#installing-xformers)
  Memory-efficient attention, SwiGLU, sparse and more won't be available.
  Set XFORMERS_MORE_DETAILS=1 for more details
/ccs/home/janetw/diffusion/ORBIT-2-sandbox/src/climate_learn/models/hub/components/attention.py:10: FutureWarning: xformers.components is deprecated and is not maintained anymore. It might be removed in a future version of xFormers 
  from xformers.components.attention.core import scaled_dot_product_attention as xformers_sdpa
[W222 16:24:59.137696746 socket.cpp:697] [c10d] The client socket cannot be initialized to connect to [frontier09082.frontier.olcf.ornl.gov]:29500 (errno: 97 - Address family not supported by protocol).
WARNING[XFORMERS]: xFormers can't load C++/CUDA extensions. xFormers was built for:
    PyTorch 2.4.1+cu121 with CUDA 1201 (you have 2.4.1+rocm6.0)
    Python  3.11.10 (you have 3.11.14)
  Please reinstall xformers (see https://github.com/facebookresearch/xformers#installing-xformers)
  Memory-efficient attention, SwiGLU, sparse and more won't be available.
  Set XFORMERS_MORE_DETAILS=1 for more details
WARNING[XFORMERS]: xFormers can't load C++/CUDA extensions. xFormers was built for:
    PyTorch 2.4.1+cu121 with CUDA 1201 (you have 2.4.1+rocm6.0)
    Python  3.11.10 (you have 3.11.14)
  Please reinstall xformers (see https://github.com/facebookresearch/xformers#installing-xformers)
  Memory-efficient attention, SwiGLU, sparse and more won't be available.
  Set XFORMERS_MORE_DETAILS=1 for more details
WARNING[XFORMERS]: xFormers can't load C++/CUDA extensions. xFormers was built for:
    PyTorch 2.4.1+cu121 with CUDA 1201 (you have 2.4.1+rocm6.0)
    Python  3.11.10 (you have 3.11.14)
  Please reinstall xformers (see https://github.com/facebookresearch/xformers#installing-xformers)
  Memory-efficient attention, SwiGLU, sparse and more won't be available.
  Set XFORMERS_MORE_DETAILS=1 for more details
WARNING[XFORMERS]: xFormers can't load C++/CUDA extensions. xFormers was built for:
    PyTorch 2.4.1+cu121 with CUDA 1201 (you have 2.4.1+rocm6.0)
    Python  3.11.10 (you have 3.11.14)
  Please reinstall xformers (see https://github.com/facebookresearch/xformers#installing-xformers)
  Memory-efficient attention, SwiGLU, sparse and more won't be available.
  Set XFORMERS_MORE_DETAILS=1 for more details
WARNING[XFORMERS]: xFormers can't load C++/CUDA extensions. xFormers was built for:
    PyTorch 2.4.1+cu121 with CUDA 1201 (you have 2.4.1+rocm6.0)
    Python  3.11.10 (you have 3.11.14)
  Please reinstall xformers (see https://github.com/facebookresearch/xformers#installing-xformers)
  Memory-efficient attention, SwiGLU, sparse and more won't be available.
  Set XFORMERS_MORE_DETAILS=1 for more details
WARNING[XFORMERS]: xFormers can't load C++/CUDA extensions. xFormers was built for:
    PyTorch 2.4.1+cu121 with CUDA 1201 (you have 2.4.1+rocm6.0)
    Python  3.11.10 (you have 3.11.14)
  Please reinstall xformers (see https://github.com/facebookresearch/xformers#installing-xformers)
  Memory-efficient attention, SwiGLU, sparse and more won't be available.
  Set XFORMERS_MORE_DETAILS=1 for more details
WARNING[XFORMERS]: xFormers can't load C++/CUDA extensions. xFormers was built for:
    PyTorch 2.4.1+cu121 with CUDA 1201 (you have 2.4.1+rocm6.0)
    Python  3.11.10 (you have 3.11.14)
  Please reinstall xformers (see https://github.com/facebookresearch/xformers#installing-xformers)
  Memory-efficient attention, SwiGLU, sparse and more won't be available.
  Set XFORMERS_MORE_DETAILS=1 for more details
/ccs/home/janetw/diffusion/ORBIT-2-sandbox/src/climate_learn/models/hub/components/attention.py:10: FutureWarning: xformers.components is deprecated and is not maintained anymore. It might be removed in a future version of xFormers 
  from xformers.components.attention.core import scaled_dot_product_attention as xformers_sdpa
[W222 16:24:59.786341843 socket.cpp:697] [c10d] The client socket cannot be initialized to connect to [frontier09082.frontier.olcf.ornl.gov]:29500 (errno: 97 - Address family not supported by protocol).
WARNING[XFORMERS]: xFormers can't load C++/CUDA extensions. xFormers was built for:
    PyTorch 2.4.1+cu121 with CUDA 1201 (you have 2.4.1+rocm6.0)
    Python  3.11.10 (you have 3.11.14)
  Please reinstall xformers (see https://github.com/facebookresearch/xformers#installing-xformers)
  Memory-efficient attention, SwiGLU, sparse and more won't be available.
  Set XFORMERS_MORE_DETAILS=1 for more details
WARNING[XFORMERS]: xFormers can't load C++/CUDA extensions. xFormers was built for:
    PyTorch 2.4.1+cu121 with CUDA 1201 (you have 2.4.1+rocm6.0)
    Python  3.11.10 (you have 3.11.14)
  Please reinstall xformers (see https://github.com/facebookresearch/xformers#installing-xformers)
  Memory-efficient attention, SwiGLU, sparse and more won't be available.
  Set XFORMERS_MORE_DETAILS=1 for more details
WARNING[XFORMERS]: xFormers can't load C++/CUDA extensions. xFormers was built for:
    PyTorch 2.4.1+cu121 with CUDA 1201 (you have 2.4.1+rocm6.0)
    Python  3.11.10 (you have 3.11.14)
  Please reinstall xformers (see https://github.com/facebookresearch/xformers#installing-xformers)
  Memory-efficient attention, SwiGLU, sparse and more won't be available.
  Set XFORMERS_MORE_DETAILS=1 for more details
WARNING[XFORMERS]: xFormers can't load C++/CUDA extensions. xFormers was built for:
    PyTorch 2.4.1+cu121 with CUDA 1201 (you have 2.4.1+rocm6.0)
    Python  3.11.10 (you have 3.11.14)
  Please reinstall xformers (see https://github.com/facebookresearch/xformers#installing-xformers)
  Memory-efficient attention, SwiGLU, sparse and more won't be available.
  Set XFORMERS_MORE_DETAILS=1 for more details
WARNING[XFORMERS]: xFormers can't load C++/CUDA extensions. xFormers was built for:
    PyTorch 2.4.1+cu121 with CUDA 1201 (you have 2.4.1+rocm6.0)
    Python  3.11.10 (you have 3.11.14)
  Please reinstall xformers (see https://github.com/facebookresearch/xformers#installing-xformers)
  Memory-efficient attention, SwiGLU, sparse and more won't be available.
  Set XFORMERS_MORE_DETAILS=1 for more details
WARNING[XFORMERS]: xFormers can't load C++/CUDA extensions. xFormers was built for:
    PyTorch 2.4.1+cu121 with CUDA 1201 (you have 2.4.1+rocm6.0)
    Python  3.11.10 (you have 3.11.14)
  Please reinstall xformers (see https://github.com/facebookresearch/xformers#installing-xformers)
  Memory-efficient attention, SwiGLU, sparse and more won't be available.
  Set XFORMERS_MORE_DETAILS=1 for more details
WARNING[XFORMERS]: xFormers can't load C++/CUDA extensions. xFormers was built for:
    PyTorch 2.4.1+cu121 with CUDA 1201 (you have 2.4.1+rocm6.0)
    Python  3.11.10 (you have 3.11.14)
  Please reinstall xformers (see https://github.com/facebookresearch/xformers#installing-xformers)
  Memory-efficient attention, SwiGLU, sparse and more won't be available.
  Set XFORMERS_MORE_DETAILS=1 for more details
/ccs/home/janetw/diffusion/ORBIT-2-sandbox/src/climate_learn/models/hub/components/attention.py:10: FutureWarning: xformers.components is deprecated and is not maintained anymore. It might be removed in a future version of xFormers 
  from xformers.components.attention.core import scaled_dot_product_attention as xformers_sdpa
/ccs/home/janetw/diffusion/ORBIT-2-sandbox/src/climate_learn/models/hub/components/attention.py:10: FutureWarning: xformers.components is deprecated and is not maintained anymore. It might be removed in a future version of xFormers 
  from xformers.components.attention.core import scaled_dot_product_attention as xformers_sdpa
/ccs/home/janetw/diffusion/ORBIT-2-sandbox/src/climate_learn/models/hub/components/attention.py:10: FutureWarning: xformers.components is deprecated and is not maintained anymore. It might be removed in a future version of xFormers 
  from xformers.components.attention.core import scaled_dot_product_attention as xformers_sdpa
/ccs/home/janetw/diffusion/ORBIT-2-sandbox/src/climate_learn/models/hub/components/attention.py:10: FutureWarning: xformers.components is deprecated and is not maintained anymore. It might be removed in a future version of xFormers 
  from xformers.components.attention.core import scaled_dot_product_attention as xformers_sdpa
/ccs/home/janetw/diffusion/ORBIT-2-sandbox/src/climate_learn/models/hub/components/attention.py:10: FutureWarning: xformers.components is deprecated and is not maintained anymore. It might be removed in a future version of xFormers 
  from xformers.components.attention.core import scaled_dot_product_attention as xformers_sdpa
/ccs/home/janetw/diffusion/ORBIT-2-sandbox/src/climate_learn/models/hub/components/attention.py:10: FutureWarning: xformers.components is deprecated and is not maintained anymore. It might be removed in a future version of xFormers 
  from xformers.components.attention.core import scaled_dot_product_attention as xformers_sdpa
/ccs/home/janetw/diffusion/ORBIT-2-sandbox/src/climate_learn/models/hub/components/attention.py:10: FutureWarning: xformers.components is deprecated and is not maintained anymore. It might be removed in a future version of xFormers 
  from xformers.components.attention.core import scaled_dot_product_attention as xformers_sdpa
[W222 16:25:00.038547045 socket.cpp:697] [c10d] The client socket cannot be initialized to connect to [frontier09082.frontier.olcf.ornl.gov]:29500 (errno: 97 - Address family not supported by protocol).
[W222 16:25:00.052255259 socket.cpp:697] [c10d] The client socket cannot be initialized to connect to [frontier09082.frontier.olcf.ornl.gov]:29500 (errno: 97 - Address family not supported by protocol).
[W222 16:25:00.057671100 socket.cpp:697] [c10d] The client socket cannot be initialized to connect to [frontier09082.frontier.olcf.ornl.gov]:29500 (errno: 97 - Address family not supported by protocol).
[W222 16:25:00.062151052 socket.cpp:697] [c10d] The client socket cannot be initialized to connect to [frontier09082.frontier.olcf.ornl.gov]:29500 (errno: 97 - Address family not supported by protocol).
[W222 16:25:00.065390234 socket.cpp:697] [c10d] The client socket cannot be initialized to connect to [frontier09082.frontier.olcf.ornl.gov]:29500 (errno: 97 - Address family not supported by protocol).
[W222 16:25:00.066320122 socket.cpp:697] [c10d] The client socket cannot be initialized to connect to [frontier09082.frontier.olcf.ornl.gov]:29500 (errno: 97 - Address family not supported by protocol).
[W222 16:25:00.110463801 socket.cpp:697] [c10d] The client socket cannot be initialized to connect to [frontier09082.frontier.olcf.ornl.gov]:29500 (errno: 97 - Address family not supported by protocol).
DDStore loading error!!
Initialized process group. world_size=16
world_size=16, world_rank=6, local_rank=6
use_ddstore is : 0
[Rank 6] Assigned 97/1561 monthly files (indices 582:679).
[Rank 6] Assigned 5/81 monthly files (indices 30:35).
/ccs/home/janetw/diffusion/ORBIT-2-sandbox/src/climate_learn/models/hub/components/attention.py:10: FutureWarning: xformers.components is deprecated and is not maintained anymore. It might be removed in a future version of xFormers 
  from xformers.components.attention.core import scaled_dot_product_attention as xformers_sdpa
/ccs/home/janetw/diffusion/ORBIT-2-sandbox/src/climate_learn/models/hub/components/attention.py:10: FutureWarning: xformers.components is deprecated and is not maintained anymore. It might be removed in a future version of xFormers 
  from xformers.components.attention.core import scaled_dot_product_attention as xformers_sdpa
/ccs/home/janetw/diffusion/ORBIT-2-sandbox/src/climate_learn/models/hub/components/attention.py:10: FutureWarning: xformers.components is deprecated and is not maintained anymore. It might be removed in a future version of xFormers 
  from xformers.components.attention.core import scaled_dot_product_attention as xformers_sdpa
/ccs/home/janetw/diffusion/ORBIT-2-sandbox/src/climate_learn/models/hub/components/attention.py:10: FutureWarning: xformers.components is deprecated and is not maintained anymore. It might be removed in a future version of xFormers 
  from xformers.components.attention.core import scaled_dot_product_attention as xformers_sdpa
/ccs/home/janetw/diffusion/ORBIT-2-sandbox/src/climate_learn/models/hub/components/attention.py:10: FutureWarning: xformers.components is deprecated and is not maintained anymore. It might be removed in a future version of xFormers 
  from xformers.components.attention.core import scaled_dot_product_attention as xformers_sdpa
/ccs/home/janetw/diffusion/ORBIT-2-sandbox/src/climate_learn/models/hub/components/attention.py:10: FutureWarning: xformers.components is deprecated and is not maintained anymore. It might be removed in a future version of xFormers 
  from xformers.components.attention.core import scaled_dot_product_attention as xformers_sdpa
/ccs/home/janetw/diffusion/ORBIT-2-sandbox/src/climate_learn/models/hub/components/attention.py:10: FutureWarning: xformers.components is deprecated and is not maintained anymore. It might be removed in a future version of xFormers 
  from xformers.components.attention.core import scaled_dot_product_attention as xformers_sdpa
[W222 16:25:00.762538862 socket.cpp:697] [c10d] The client socket cannot be initialized to connect to [frontier09082.frontier.olcf.ornl.gov]:29500 (errno: 97 - Address family not supported by protocol).
DDStore loading error!!
Initialized process group. world_size=16
world_size=16, world_rank=15, local_rank=7
[W222 16:25:00.779868076 socket.cpp:697] [c10d] The client socket cannot be initialized to connect to [frontier09082.frontier.olcf.ornl.gov]:29500 (errno: 97 - Address family not supported by protocol).
DDStore loading error!!
Initialized process group. world_size=16
world_size=16, world_rank=12, local_rank=4
[W222 16:25:00.783786009 socket.cpp:697] [c10d] The client socket cannot be initialized to connect to [frontier09082.frontier.olcf.ornl.gov]:29500 (errno: 97 - Address family not supported by protocol).
[W222 16:25:00.784419950 socket.cpp:697] [c10d] The client socket cannot be initialized to connect to [frontier09082.frontier.olcf.ornl.gov]:29500 (errno: 97 - Address family not supported by protocol).
DDStore loading error!!
Initialized process group. world_size=16
world_size=16, world_rank=11, local_rank=3
DDStore loading error!!
Initialized process group. world_size=16
world_size=16, world_rank=9, local_rank=1
[W222 16:25:00.786972196 socket.cpp:697] [c10d] The client socket cannot be initialized to connect to [frontier09082.frontier.olcf.ornl.gov]:29500 (errno: 97 - Address family not supported by protocol).
[W222 16:25:00.787564729 socket.cpp:697] [c10d] The client socket cannot be initialized to connect to [frontier09082.frontier.olcf.ornl.gov]:29500 (errno: 97 - Address family not supported by protocol).
DDStore loading error!!
Initialized process group. world_size=16
world_size=16, world_rank=8, local_rank=0
DDStore loading error!!
Initialized process group. world_size=16
world_size=16, world_rank=14, local_rank=6
[W222 16:25:00.789497461 socket.cpp:697] [c10d] The client socket cannot be initialized to connect to [frontier09082.frontier.olcf.ornl.gov]:29500 (errno: 97 - Address family not supported by protocol).
DDStore loading error!!
Initialized process group. world_size=16
world_size=16, world_rank=10, local_rank=2
DDStore loading error!!
Initialized process group. world_size=16
world_size=16, world_rank=13, local_rank=5
use_ddstore is : 0
[Rank 15] Assigned 97/1561 monthly files (indices 1455:1552).
[Rank 15] Assigned 5/81 monthly files (indices 75:80).
use_ddstore is : 0
[Rank 12] Assigned 97/1561 monthly files (indices 1164:1261).
[Rank 12] Assigned 5/81 monthly files (indices 60:65).
use_ddstore is : 0
use_ddstore is : 0
[Rank 11] Assigned 97/1561 monthly files (indices 1067:1164).
[Rank 11] Assigned 5/81 monthly files (indices 55:60).
use_ddstore is : 0
[Rank 9] Assigned 97/1561 monthly files (indices 873:970).
[Rank 9] Assigned 5/81 monthly files (indices 45:50).
use_ddstore is : 0
[Rank 8] Assigned 97/1561 monthly files (indices 776:873).
[Rank 8] Assigned 5/81 monthly files (indices 40:45).
use_ddstore is : 0
[Rank 14] Assigned 97/1561 monthly files (indices 1358:1455).
[Rank 14] Assigned 5/81 monthly files (indices 70:75).
[Rank 10] Assigned 97/1561 monthly files (indices 970:1067).
[Rank 10] Assigned 5/81 monthly files (indices 50:55).
use_ddstore is : 0
[Rank 13] Assigned 97/1561 monthly files (indices 1261:1358).
[Rank 13] Assigned 5/81 monthly files (indices 65:70).
DDStore loading error!!
Initialized process group. world_size=16
world_size=16, world_rank=1, local_rank=1
DDStore loading error!!
Initialized process group. world_size=16
world_size=16, world_rank=7, local_rank=7
DDStore loading error!!
Initialized process group. world_size=16
world_size=16, world_rank=3, local_rank=3
DDStore loading error!!
Initialized process group. world_size=16
world_size=16, world_rank=5, local_rank=5
DDStore loading error!!
Initialized process group. world_size=16
world_size=16, world_rank=2, local_rank=2
DDStore loading error!!
Initialized process group. world_size=16
world_size=16, world_rank=4, local_rank=4
DDStore loading error!!
Initialized process group. world_size=16
world_size=16, world_rank=0, local_rank=0
Loading config from: /ccs/home/janetw/diffusion/ORBIT-2-sandbox/configs/era5_forecasting.yaml
use_ddstore is : 0

================================================================================
Training Configuration Summary
================================================================================
Config: /ccs/home/janetw/diffusion/ORBIT-2-sandbox/configs/era5_forecasting.yaml
Max epochs: 30
Data type: bfloat16
Checkpoint: None
Save path: /lustre/orion/csc662/proj-shared/janet/forecasting/orbit_main/era5_forecasting_1.0_deg_sprint_truly_disabled_antialias=True_input_refine_cnn=True
================================================================================

[Rank 1] Assigned 97/1561 monthly files (indices 97:194).
[Rank 1] Assigned 5/81 monthly files (indices 5:10).
Creating data module for direct forecasting
Input variables: ['temperature_50', 'temperature_250', 'temperature_500', 'temperature_600', 'temperature_700', 'temperature_850', 'temperature_925', '2m_temperature', '10m_u_component_of_wind', '10m_v_component_of_wind', 'lattitude', 'land_sea_mask', 'orography']
Output variables: ['2m_temperature']
Setting up distributed data loading: world_size=16
Each GPU will process 1/16 of the dataset
use_ddstore is : 0
[Rank 7] Assigned 97/1561 monthly files (indices 679:776).
[Rank 7] Assigned 5/81 monthly files (indices 35:40).
use_ddstore is : 0
[Rank 3] Assigned 97/1561 monthly files (indices 291:388).
[Rank 3] Assigned 5/81 monthly files (indices 15:20).
use_ddstore is : 0
[Rank 5] Assigned 97/1561 monthly files (indices 485:582).
[Rank 5] Assigned 5/81 monthly files (indices 25:30).
use_ddstore is : 0
use_ddstore is : 0
[Rank 2] Assigned 97/1561 monthly files (indices 194:291).
[Rank 2] Assigned 5/81 monthly files (indices 10:15).
[Rank 4] Assigned 97/1561 monthly files (indices 388:485).
[Rank 4] Assigned 5/81 monthly files (indices 20:25).
after data_module creation Allocated: 0.00GB, Max Allocated: 0.00GB, Reserved: 0.00GB
use_ddstore is : 0
[Rank 0] Assigned 97/1561 monthly files (indices 0:97).
[Monthly Loader] Verifying variables in 1979_0.npz...
[Monthly Loader] Available variables: ['land_sea_mask', 'orography', '2m_temperature', '10m_u_component_of_wind', '10m_v_component_of_wind', 'mean_sea_level_pressure', 'surface_pressure', 'total_precipitation', 'sea_surface_temperature', 'geopotential_50', 'geopotential_100', 'geopotential_150', 'geopotential_200', 'geopotential_250', 'geopotential_300', 'geopotential_400', 'geopotential_500', 'geopotential_600', 'geopotential_700', 'geopotential_850', 'geopotential_925', 'geopotential_1000', 'u_component_of_wind_50', 'u_component_of_wind_100', 'u_component_of_wind_150', 'u_component_of_wind_200', 'u_component_of_wind_250', 'u_component_of_wind_300', 'u_component_of_wind_400', 'u_component_of_wind_500', 'u_component_of_wind_600', 'u_component_of_wind_700', 'u_component_of_wind_850', 'u_component_of_wind_925', 'u_component_of_wind_1000', 'v_component_of_wind_50', 'v_component_of_wind_100', 'v_component_of_wind_150', 'v_component_of_wind_200', 'v_component_of_wind_250', 'v_component_of_wind_300', 'v_component_of_wind_400', 'v_component_of_wind_500', 'v_component_of_wind_600', 'v_component_of_wind_700', 'v_component_of_wind_850', 'v_component_of_wind_925', 'v_component_of_wind_1000', 'temperature_50', 'temperature_100', 'temperature_150', 'temperature_200', 'temperature_250', 'temperature_300', 'temperature_400', 'temperature_500', 'temperature_600', 'temperature_700', 'temperature_850', 'temperature_925', 'temperature_1000', 'specific_humidity_50', 'specific_humidity_100', 'specific_humidity_150', 'specific_humidity_200', 'specific_humidity_250', 'specific_humidity_300', 'specific_humidity_400', 'specific_humidity_500', 'specific_humidity_600', 'specific_humidity_700', 'specific_humidity_850', 'specific_humidity_925', 'specific_humidity_1000', 'days_of_year', 'time_of_day', 'hrs_each_step', 'num_steps_per_shard', 'lattitude']
/lustre/orion/csc662/proj-shared/janet/miniconda3/envs/orbit_main/lib/python3.11/site-packages/torch/distributed/fsdp/wrap.py:491: FutureWarning: Please specify CheckpointImpl.NO_REENTRANT as CheckpointImpl.REENTRANT will soon be removed as the default and eventually deprecated.
  return wrapper_cls(module, **kwargs)
[Monthly Loader] 'temperature_50': shape=(219, 1, 180, 360)
[Monthly Loader] '10m_v_component_of_wind': shape=(219, 1, 180, 360)
[Monthly Loader] '10m_u_component_of_wind': shape=(219, 1, 180, 360)
/lustre/orion/csc662/proj-shared/janet/miniconda3/envs/orbit_main/lib/python3.11/site-packages/torch/distributed/fsdp/wrap.py:491: FutureWarning: Please specify CheckpointImpl.NO_REENTRANT as CheckpointImpl.REENTRANT will soon be removed as the default and eventually deprecated.
  return wrapper_cls(module, **kwargs)
/lustre/orion/csc662/proj-shared/janet/miniconda3/envs/orbit_main/lib/python3.11/site-packages/torch/distributed/fsdp/wrap.py:491: FutureWarning: Please specify CheckpointImpl.NO_REENTRANT as CheckpointImpl.REENTRANT will soon be removed as the default and eventually deprecated.
  return wrapper_cls(module, **kwargs)
/lustre/orion/csc662/proj-shared/janet/miniconda3/envs/orbit_main/lib/python3.11/site-packages/torch/distributed/fsdp/wrap.py:491: FutureWarning: Please specify CheckpointImpl.NO_REENTRANT as CheckpointImpl.REENTRANT will soon be removed as the default and eventually deprecated.
  return wrapper_cls(module, **kwargs)
/lustre/orion/csc662/proj-shared/janet/miniconda3/envs/orbit_main/lib/python3.11/site-packages/torch/distributed/fsdp/wrap.py:491: FutureWarning: Please specify CheckpointImpl.NO_REENTRANT as CheckpointImpl.REENTRANT will soon be removed as the default and eventually deprecated.
  return wrapper_cls(module, **kwargs)
/lustre/orion/csc662/proj-shared/janet/miniconda3/envs/orbit_main/lib/python3.11/site-packages/torch/distributed/fsdp/wrap.py:491: FutureWarning: Please specify CheckpointImpl.NO_REENTRANT as CheckpointImpl.REENTRANT will soon be removed as the default and eventually deprecated.
  return wrapper_cls(module, **kwargs)
/lustre/orion/csc662/proj-shared/janet/miniconda3/envs/orbit_main/lib/python3.11/site-packages/torch/distributed/fsdp/wrap.py:491: FutureWarning: Please specify CheckpointImpl.NO_REENTRANT as CheckpointImpl.REENTRANT will soon be removed as the default and eventually deprecated.
  return wrapper_cls(module, **kwargs)
/lustre/orion/csc662/proj-shared/janet/miniconda3/envs/orbit_main/lib/python3.11/site-packages/torch/distributed/fsdp/wrap.py:491: FutureWarning: Please specify CheckpointImpl.NO_REENTRANT as CheckpointImpl.REENTRANT will soon be removed as the default and eventually deprecated.
  return wrapper_cls(module, **kwargs)
/lustre/orion/csc662/proj-shared/janet/miniconda3/envs/orbit_main/lib/python3.11/site-packages/torch/distributed/fsdp/wrap.py:491: FutureWarning: Please specify CheckpointImpl.NO_REENTRANT as CheckpointImpl.REENTRANT will soon be removed as the default and eventually deprecated.
  return wrapper_cls(module, **kwargs)
[Monthly Loader] 'temperature_925': shape=(219, 1, 180, 360)
/lustre/orion/csc662/proj-shared/janet/miniconda3/envs/orbit_main/lib/python3.11/site-packages/torch/distributed/fsdp/wrap.py:491: FutureWarning: Please specify CheckpointImpl.NO_REENTRANT as CheckpointImpl.REENTRANT will soon be removed as the default and eventually deprecated.
  return wrapper_cls(module, **kwargs)
/lustre/orion/csc662/proj-shared/janet/miniconda3/envs/orbit_main/lib/python3.11/site-packages/torch/distributed/fsdp/wrap.py:491: FutureWarning: Please specify CheckpointImpl.NO_REENTRANT as CheckpointImpl.REENTRANT will soon be removed as the default and eventually deprecated.
  return wrapper_cls(module, **kwargs)
/lustre/orion/csc662/proj-shared/janet/miniconda3/envs/orbit_main/lib/python3.11/site-packages/torch/distributed/fsdp/wrap.py:491: FutureWarning: Please specify CheckpointImpl.NO_REENTRANT as CheckpointImpl.REENTRANT will soon be removed as the default and eventually deprecated.
  return wrapper_cls(module, **kwargs)
/lustre/orion/csc662/proj-shared/janet/miniconda3/envs/orbit_main/lib/python3.11/site-packages/torch/distributed/fsdp/wrap.py:491: FutureWarning: Please specify CheckpointImpl.NO_REENTRANT as CheckpointImpl.REENTRANT will soon be removed as the default and eventually deprecated.
  return wrapper_cls(module, **kwargs)
/lustre/orion/csc662/proj-shared/janet/miniconda3/envs/orbit_main/lib/python3.11/site-packages/torch/distributed/fsdp/wrap.py:491: FutureWarning: Please specify CheckpointImpl.NO_REENTRANT as CheckpointImpl.REENTRANT will soon be removed as the default and eventually deprecated.
  return wrapper_cls(module, **kwargs)
/lustre/orion/csc662/proj-shared/janet/miniconda3/envs/orbit_main/lib/python3.11/site-packages/torch/distributed/fsdp/wrap.py:491: FutureWarning: Please specify CheckpointImpl.NO_REENTRANT as CheckpointImpl.REENTRANT will soon be removed as the default and eventually deprecated.
  return wrapper_cls(module, **kwargs)
[Monthly Loader] '2m_temperature': shape=(219, 1, 180, 360)
[Monthly Loader] 'land_sea_mask': shape=(219, 1, 180, 360)
[Monthly Loader] 'orography': shape=(219, 1, 180, 360)
[Monthly Loader] 'temperature_500': shape=(219, 1, 180, 360)
[Monthly Loader] 'temperature_600': shape=(219, 1, 180, 360)
[Monthly Loader] 'temperature_850': shape=(219, 1, 180, 360)
[Monthly Loader] 'lattitude': shape=(219, 1, 180, 360)
[Monthly Loader] 'temperature_700': shape=(219, 1, 180, 360)
[Monthly Loader] 'temperature_250': shape=(219, 1, 180, 360)
[Rank 0] Assigned 5/81 monthly files (indices 0:5).
[Monthly Loader] Verifying variables in 2018_0.npz...
[Monthly Loader] Available variables: ['land_sea_mask', 'orography', '2m_temperature', '10m_u_component_of_wind', '10m_v_component_of_wind', 'mean_sea_level_pressure', 'surface_pressure', 'total_precipitation', 'sea_surface_temperature', 'geopotential_50', 'geopotential_100', 'geopotential_150', 'geopotential_200', 'geopotential_250', 'geopotential_300', 'geopotential_400', 'geopotential_500', 'geopotential_600', 'geopotential_700', 'geopotential_850', 'geopotential_925', 'geopotential_1000', 'u_component_of_wind_50', 'u_component_of_wind_100', 'u_component_of_wind_150', 'u_component_of_wind_200', 'u_component_of_wind_250', 'u_component_of_wind_300', 'u_component_of_wind_400', 'u_component_of_wind_500', 'u_component_of_wind_600', 'u_component_of_wind_700', 'u_component_of_wind_850', 'u_component_of_wind_925', 'u_component_of_wind_1000', 'v_component_of_wind_50', 'v_component_of_wind_100', 'v_component_of_wind_150', 'v_component_of_wind_200', 'v_component_of_wind_250', 'v_component_of_wind_300', 'v_component_of_wind_400', 'v_component_of_wind_500', 'v_component_of_wind_600', 'v_component_of_wind_700', 'v_component_of_wind_850', 'v_component_of_wind_925', 'v_component_of_wind_1000', 'temperature_50', 'temperature_100', 'temperature_150', 'temperature_200', 'temperature_250', 'temperature_300', 'temperature_400', 'temperature_500', 'temperature_600', 'temperature_700', 'temperature_850', 'temperature_925', 'temperature_1000', 'specific_humidity_50', 'specific_humidity_100', 'specific_humidity_150', 'specific_humidity_200', 'specific_humidity_250', 'specific_humidity_300', 'specific_humidity_400', 'specific_humidity_500', 'specific_humidity_600', 'specific_humidity_700', 'specific_humidity_850', 'specific_humidity_925', 'specific_humidity_1000', 'days_of_year', 'time_of_day', 'hrs_each_step', 'num_steps_per_shard', 'lattitude']
[Monthly Loader] 'temperature_50': shape=(219, 1, 180, 360)
[Monthly Loader] '10m_v_component_of_wind': shape=(219, 1, 180, 360)
[Monthly Loader] '10m_u_component_of_wind': shape=(219, 1, 180, 360)
[Monthly Loader] 'temperature_925': shape=(219, 1, 180, 360)
[Monthly Loader] '2m_temperature': shape=(219, 1, 180, 360)
[Monthly Loader] 'land_sea_mask': shape=(219, 1, 180, 360)
[Monthly Loader] 'orography': shape=(219, 1, 180, 360)
[Monthly Loader] 'temperature_500': shape=(219, 1, 180, 360)
[Monthly Loader] 'temperature_600': shape=(219, 1, 180, 360)
[Monthly Loader] 'temperature_850': shape=(219, 1, 180, 360)
[Monthly Loader] 'lattitude': shape=(219, 1, 180, 360)
[Monthly Loader] 'temperature_700': shape=(219, 1, 180, 360)
[Monthly Loader] 'temperature_250': shape=(219, 1, 180, 360)

[DEBUG] Data module created, creating model...
Creating model: res_slimvit_adaptive
Model config: img_size=(180, 360), in_channels=13, out_channels=1, history=1, superres_factor=1
Model parameters: 14.17M
[DEBUG] Model created, setting up FSDP...
[DEBUG] Starting FSDP wrapping...
[DEBUG] FSDP wrapping completed. Model parameters: 0.89M
/lustre/orion/csc662/proj-shared/janet/miniconda3/envs/orbit_main/lib/python3.11/site-packages/torch/distributed/fsdp/wrap.py:491: FutureWarning: Please specify CheckpointImpl.NO_REENTRANT as CheckpointImpl.REENTRANT will soon be removed as the default and eventually deprecated.
  return wrapper_cls(module, **kwargs)
[DEBUG] FSDP wrapping completed, now creating losses (this may take several minutes)...
[DEBUG] Loading training climatology for lat_mse (this may take a while)...
[DEBUG] Training climatology loaded
[DEBUG] Loading validation climatology...
[DEBUG] Validation climatology loaded
Using lat_mse for training loss
Loss functions created successfully
[DEBUG] Losses created successfully
[DEBUG] Random token selection mode — no aux_difficulty_head

================================================================================
Starting epoch 0
================================================================================

/lustre/orion/csc662/proj-shared/janet/miniconda3/envs/orbit_main/lib/python3.11/site-packages/torch/utils/checkpoint.py:295: FutureWarning: `torch.cpu.amp.autocast(args...)` is deprecated. Please use `torch.amp.autocast('cpu', args...)` instead.
  with torch.enable_grad(), device_autocast_ctx, torch.cpu.amp.autocast(**ctx.cpu_autocast_kwargs):  # type: ignore[attr-defined]
/lustre/orion/csc662/proj-shared/janet/miniconda3/envs/orbit_main/lib/python3.11/site-packages/torch/utils/checkpoint.py:295: FutureWarning: `torch.cpu.amp.autocast(args...)` is deprecated. Please use `torch.amp.autocast('cpu', args...)` instead.
  with torch.enable_grad(), device_autocast_ctx, torch.cpu.amp.autocast(**ctx.cpu_autocast_kwargs):  # type: ignore[attr-defined]
/lustre/orion/csc662/proj-shared/janet/miniconda3/envs/orbit_main/lib/python3.11/site-packages/torch/utils/checkpoint.py:295: FutureWarning: `torch.cpu.amp.autocast(args...)` is deprecated. Please use `torch.amp.autocast('cpu', args...)` instead.
  with torch.enable_grad(), device_autocast_ctx, torch.cpu.amp.autocast(**ctx.cpu_autocast_kwargs):  # type: ignore[attr-defined]
/lustre/orion/csc662/proj-shared/janet/miniconda3/envs/orbit_main/lib/python3.11/site-packages/torch/utils/checkpoint.py:295: FutureWarning: `torch.cpu.amp.autocast(args...)` is deprecated. Please use `torch.amp.autocast('cpu', args...)` instead.
  with torch.enable_grad(), device_autocast_ctx, torch.cpu.amp.autocast(**ctx.cpu_autocast_kwargs):  # type: ignore[attr-defined]
/lustre/orion/csc662/proj-shared/janet/miniconda3/envs/orbit_main/lib/python3.11/site-packages/torch/utils/checkpoint.py:295: FutureWarning: `torch.cpu.amp.autocast(args...)` is deprecated. Please use `torch.amp.autocast('cpu', args...)` instead.
  with torch.enable_grad(), device_autocast_ctx, torch.cpu.amp.autocast(**ctx.cpu_autocast_kwargs):  # type: ignore[attr-defined]
/lustre/orion/csc662/proj-shared/janet/miniconda3/envs/orbit_main/lib/python3.11/site-packages/torch/utils/checkpoint.py:295: FutureWarning: `torch.cpu.amp.autocast(args...)` is deprecated. Please use `torch.amp.autocast('cpu', args...)` instead.
  with torch.enable_grad(), device_autocast_ctx, torch.cpu.amp.autocast(**ctx.cpu_autocast_kwargs):  # type: ignore[attr-defined]
/lustre/orion/csc662/proj-shared/janet/miniconda3/envs/orbit_main/lib/python3.11/site-packages/torch/utils/checkpoint.py:295: FutureWarning: `torch.cpu.amp.autocast(args...)` is deprecated. Please use `torch.amp.autocast('cpu', args...)` instead.
  with torch.enable_grad(), device_autocast_ctx, torch.cpu.amp.autocast(**ctx.cpu_autocast_kwargs):  # type: ignore[attr-defined]
/lustre/orion/csc662/proj-shared/janet/miniconda3/envs/orbit_main/lib/python3.11/site-packages/torch/utils/checkpoint.py:295: FutureWarning: `torch.cpu.amp.autocast(args...)` is deprecated. Please use `torch.amp.autocast('cpu', args...)` instead.
  with torch.enable_grad(), device_autocast_ctx, torch.cpu.amp.autocast(**ctx.cpu_autocast_kwargs):  # type: ignore[attr-defined]
/lustre/orion/csc662/proj-shared/janet/miniconda3/envs/orbit_main/lib/python3.11/site-packages/torch/utils/checkpoint.py:295: FutureWarning: `torch.cpu.amp.autocast(args...)` is deprecated. Please use `torch.amp.autocast('cpu', args...)` instead.
  with torch.enable_grad(), device_autocast_ctx, torch.cpu.amp.autocast(**ctx.cpu_autocast_kwargs):  # type: ignore[attr-defined]
/lustre/orion/csc662/proj-shared/janet/miniconda3/envs/orbit_main/lib/python3.11/site-packages/torch/utils/checkpoint.py:295: FutureWarning: `torch.cpu.amp.autocast(args...)` is deprecated. Please use `torch.amp.autocast('cpu', args...)` instead.
  with torch.enable_grad(), device_autocast_ctx, torch.cpu.amp.autocast(**ctx.cpu_autocast_kwargs):  # type: ignore[attr-defined]
/lustre/orion/csc662/proj-shared/janet/miniconda3/envs/orbit_main/lib/python3.11/site-packages/torch/utils/checkpoint.py:295: FutureWarning: `torch.cpu.amp.autocast(args...)` is deprecated. Please use `torch.amp.autocast('cpu', args...)` instead.
  with torch.enable_grad(), device_autocast_ctx, torch.cpu.amp.autocast(**ctx.cpu_autocast_kwargs):  # type: ignore[attr-defined]
/lustre/orion/csc662/proj-shared/janet/miniconda3/envs/orbit_main/lib/python3.11/site-packages/torch/utils/checkpoint.py:295: FutureWarning: `torch.cpu.amp.autocast(args...)` is deprecated. Please use `torch.amp.autocast('cpu', args...)` instead.
  with torch.enable_grad(), device_autocast_ctx, torch.cpu.amp.autocast(**ctx.cpu_autocast_kwargs):  # type: ignore[attr-defined]
/lustre/orion/csc662/proj-shared/janet/miniconda3/envs/orbit_main/lib/python3.11/site-packages/torch/utils/checkpoint.py:295: FutureWarning: `torch.cpu.amp.autocast(args...)` is deprecated. Please use `torch.amp.autocast('cpu', args...)` instead.
  with torch.enable_grad(), device_autocast_ctx, torch.cpu.amp.autocast(**ctx.cpu_autocast_kwargs):  # type: ignore[attr-defined]
/lustre/orion/csc662/proj-shared/janet/miniconda3/envs/orbit_main/lib/python3.11/site-packages/torch/utils/checkpoint.py:295: FutureWarning: `torch.cpu.amp.autocast(args...)` is deprecated. Please use `torch.amp.autocast('cpu', args...)` instead.
  with torch.enable_grad(), device_autocast_ctx, torch.cpu.amp.autocast(**ctx.cpu_autocast_kwargs):  # type: ignore[attr-defined]
/lustre/orion/csc662/proj-shared/janet/miniconda3/envs/orbit_main/lib/python3.11/site-packages/torch/utils/checkpoint.py:295: FutureWarning: `torch.cpu.amp.autocast(args...)` is deprecated. Please use `torch.amp.autocast('cpu', args...)` instead.
  with torch.enable_grad(), device_autocast_ctx, torch.cpu.amp.autocast(**ctx.cpu_autocast_kwargs):  # type: ignore[attr-defined]
/lustre/orion/csc662/proj-shared/janet/miniconda3/envs/orbit_main/lib/python3.11/site-packages/torch/utils/checkpoint.py:295: FutureWarning: `torch.cpu.amp.autocast(args...)` is deprecated. Please use `torch.amp.autocast('cpu', args...)` instead.
  with torch.enable_grad(), device_autocast_ctx, torch.cpu.amp.autocast(**ctx.cpu_autocast_kwargs):  # type: ignore[attr-defined]
[E0 B0] loss=0.56689 time=39.852s | diff=N/A (DIAG empty) | tokens 4050/16200 | mem=0.0GB

======================================================================
 Parameter Breakdown
======================================================================
  Decoder Head                                0.000M  (           0)
  Token Embeddings                            0.000M  (           0)
  Variable Aggregation                        0.000M  (           0)
  Other (pos_embed, var_embed, etc.)          0.886M  (     885,871)
  ────────────────────────────────────────────────────────────
  TOTAL                                       0.886M  (     885,871)
======================================================================

Epoch 0 | Batch 0 | Loss: 0.566895 | Time: 39.854s | LR: 1.00e-06
rank 0 Batch 0 Allocated: 0.01GB, Max Allocated: 19.34GB, Reserved: 0.42GB
Epoch 0 | Batch 1 | Loss: 0.584639 | Time: 16.643s | LR: 1.00e-06
rank 0 Batch 1 Allocated: 0.01GB, Max Allocated: 19.35GB, Reserved: 31.54GB
Epoch 0 | Batch 2 | Loss: 0.659481 | Time: 16.612s | LR: 1.00e-06
rank 0 Batch 2 Allocated: 0.01GB, Max Allocated: 19.35GB, Reserved: 31.54GB
Epoch 0 | Batch 3 | Loss: 0.671741 | Time: 16.648s | LR: 1.00e-06
rank 0 Batch 3 Allocated: 0.01GB, Max Allocated: 19.35GB, Reserved: 31.54GB
Epoch 0 | Batch 4 | Loss: 0.657614 | Time: 16.640s | LR: 1.00e-06
rank 0 Batch 4 Allocated: 0.01GB, Max Allocated: 19.35GB, Reserved: 31.54GB
Epoch 0 | Batch 5 | Loss: 0.675045 | Time: 16.665s | LR: 1.00e-06
rank 0 Batch 5 Allocated: 0.01GB, Max Allocated: 19.35GB, Reserved: 31.54GB
Epoch 0 | Batch 6 | Loss: 0.672643 | Time: 16.662s | LR: 1.00e-06
rank 0 Batch 6 Allocated: 0.01GB, Max Allocated: 19.35GB, Reserved: 31.54GB
Epoch 0 | Batch 7 | Loss: 0.614758 | Time: 16.633s | LR: 1.00e-06
rank 0 Batch 7 Allocated: 0.01GB, Max Allocated: 19.35GB, Reserved: 31.54GB
Epoch 0 | Batch 8 | Loss: 0.673990 | Time: 16.723s | LR: 1.00e-06
rank 0 Batch 8 Allocated: 0.01GB, Max Allocated: 19.35GB, Reserved: 31.54GB
Epoch 0 | Batch 9 | Loss: 0.585557 | Time: 18.175s | LR: 1.00e-06
rank 0 Batch 9 Allocated: 0.01GB, Max Allocated: 19.35GB, Reserved: 31.54GB
Epoch 0 | Batch 10 | Loss: 0.644337 | Time: 19.506s | LR: 1.00e-06
rank 0 Batch 10 Allocated: 0.01GB, Max Allocated: 19.35GB, Reserved: 31.54GB
Epoch 0 | Batch 11 | Loss: 0.642191 | Time: 16.687s | LR: 1.00e-06
rank 0 Batch 11 Allocated: 0.01GB, Max Allocated: 19.35GB, Reserved: 31.54GB
Epoch 0 | Batch 12 | Loss: 0.632570 | Time: 16.638s | LR: 1.00e-06
rank 0 Batch 12 Allocated: 0.01GB, Max Allocated: 19.35GB, Reserved: 31.54GB
Epoch 0 | Batch 13 | Loss: 0.632412 | Time: 16.696s | LR: 1.00e-06
rank 0 Batch 13 Allocated: 0.01GB, Max Allocated: 19.35GB, Reserved: 31.54GB
Epoch 0 | Batch 14 | Loss: 0.586121 | Time: 16.652s | LR: 1.00e-06
rank 0 Batch 14 Allocated: 0.01GB, Max Allocated: 19.35GB, Reserved: 31.54GB
Epoch 0 | Batch 15 | Loss: 0.567667 | Time: 16.635s | LR: 1.00e-06
rank 0 Batch 15 Allocated: 0.01GB, Max Allocated: 19.35GB, Reserved: 31.54GB
Epoch 0 | Batch 16 | Loss: 0.583174 | Time: 16.785s | LR: 1.00e-06
rank 0 Batch 16 Allocated: 0.01GB, Max Allocated: 19.35GB, Reserved: 31.54GB
Epoch 0 | Batch 17 | Loss: 0.571563 | Time: 16.898s | LR: 1.00e-06
rank 0 Batch 17 Allocated: 0.01GB, Max Allocated: 19.35GB, Reserved: 31.54GB
Epoch 0 | Batch 18 | Loss: 0.636932 | Time: 17.084s | LR: 1.00e-06
rank 0 Batch 18 Allocated: 0.01GB, Max Allocated: 19.35GB, Reserved: 31.54GB
Epoch 0 | Batch 19 | Loss: 0.615091 | Time: 16.714s | LR: 1.00e-06
rank 0 Batch 19 Allocated: 0.01GB, Max Allocated: 19.35GB, Reserved: 31.54GB
Epoch 0 | Batch 20 | Loss: 0.617936 | Time: 16.750s | LR: 1.00e-06
rank 0 Batch 20 Allocated: 0.01GB, Max Allocated: 19.35GB, Reserved: 31.54GB
Epoch 0 | Batch 21 | Loss: 0.565505 | Time: 16.867s | LR: 1.00e-06
rank 0 Batch 21 Allocated: 0.01GB, Max Allocated: 19.35GB, Reserved: 31.54GB
Epoch 0 | Batch 22 | Loss: 0.578725 | Time: 16.686s | LR: 1.00e-06
rank 0 Batch 22 Allocated: 0.01GB, Max Allocated: 19.35GB, Reserved: 31.54GB
Epoch 0 | Batch 23 | Loss: 0.608686 | Time: 16.624s | LR: 1.00e-06
rank 0 Batch 23 Allocated: 0.01GB, Max Allocated: 19.35GB, Reserved: 31.54GB
Epoch 0 | Batch 24 | Loss: 0.633595 | Time: 18.116s | LR: 1.00e-06
rank 0 Batch 24 Allocated: 0.01GB, Max Allocated: 19.35GB, Reserved: 31.54GB
Epoch 0 | Batch 25 | Loss: 0.545528 | Time: 16.618s | LR: 1.00e-06
rank 0 Batch 25 Allocated: 0.01GB, Max Allocated: 19.35GB, Reserved: 31.54GB
Epoch 0 | Batch 26 | Loss: 0.624278 | Time: 16.737s | LR: 1.00e-06
rank 0 Batch 26 Allocated: 0.01GB, Max Allocated: 19.35GB, Reserved: 31.54GB
Epoch 0 | Batch 27 | Loss: 0.600477 | Time: 16.706s | LR: 1.00e-06
rank 0 Batch 27 Allocated: 0.01GB, Max Allocated: 19.35GB, Reserved: 31.54GB
Epoch 0 | Batch 28 | Loss: 0.634114 | Time: 16.719s | LR: 1.00e-06
rank 0 Batch 28 Allocated: 0.01GB, Max Allocated: 19.35GB, Reserved: 31.54GB
Epoch 0 | Batch 29 | Loss: 0.611150 | Time: 16.673s | LR: 1.00e-06
rank 0 Batch 29 Allocated: 0.01GB, Max Allocated: 19.35GB, Reserved: 31.54GB
Epoch 0 | Batch 30 | Loss: 0.662356 | Time: 16.790s | LR: 1.00e-06
rank 0 Batch 30 Allocated: 0.01GB, Max Allocated: 19.35GB, Reserved: 31.54GB
Epoch 0 | Batch 31 | Loss: 0.706872 | Time: 16.639s | LR: 1.00e-06
rank 0 Batch 31 Allocated: 0.01GB, Max Allocated: 19.35GB, Reserved: 31.54GB
Epoch 0 | Batch 32 | Loss: 0.666600 | Time: 16.678s | LR: 1.00e-06
rank 0 Batch 32 Allocated: 0.01GB, Max Allocated: 19.35GB, Reserved: 31.54GB
Epoch 0 | Batch 33 | Loss: 0.621161 | Time: 19.348s | LR: 1.00e-06
rank 0 Batch 33 Allocated: 0.01GB, Max Allocated: 19.35GB, Reserved: 31.54GB
Epoch 0 | Batch 34 | Loss: 0.600326 | Time: 16.728s | LR: 1.00e-06
rank 0 Batch 34 Allocated: 0.01GB, Max Allocated: 19.35GB, Reserved: 31.54GB
Epoch 0 | Batch 35 | Loss: 0.675977 | Time: 16.662s | LR: 1.00e-06
rank 0 Batch 35 Allocated: 0.01GB, Max Allocated: 19.35GB, Reserved: 31.54GB
Epoch 0 | Batch 36 | Loss: 0.623004 | Time: 16.675s | LR: 1.00e-06
rank 0 Batch 36 Allocated: 0.01GB, Max Allocated: 19.35GB, Reserved: 31.54GB
Epoch 0 | Batch 37 | Loss: 0.576786 | Time: 16.727s | LR: 1.00e-06
rank 0 Batch 37 Allocated: 0.01GB, Max Allocated: 19.35GB, Reserved: 31.54GB
Epoch 0 | Batch 38 | Loss: 0.622104 | Time: 16.632s | LR: 1.00e-06
rank 0 Batch 38 Allocated: 0.01GB, Max Allocated: 19.35GB, Reserved: 31.54GB
Epoch 0 | Batch 39 | Loss: 0.601386 | Time: 16.637s | LR: 1.00e-06
rank 0 Batch 39 Allocated: 0.01GB, Max Allocated: 19.35GB, Reserved: 31.54GB
Epoch 0 | Batch 40 | Loss: 0.580097 | Time: 16.674s | LR: 1.00e-06
rank 0 Batch 40 Allocated: 0.01GB, Max Allocated: 19.35GB, Reserved: 31.54GB
Epoch 0 | Batch 41 | Loss: 0.631651 | Time: 16.616s | LR: 1.00e-06
rank 0 Batch 41 Allocated: 0.01GB, Max Allocated: 19.35GB, Reserved: 31.54GB
Epoch 0 | Batch 42 | Loss: 0.689691 | Time: 16.682s | LR: 1.00e-06
rank 0 Batch 42 Allocated: 0.01GB, Max Allocated: 19.35GB, Reserved: 31.54GB
Epoch 0 | Batch 43 | Loss: 0.634426 | Time: 16.697s | LR: 1.00e-06
rank 0 Batch 43 Allocated: 0.01GB, Max Allocated: 19.35GB, Reserved: 31.54GB
Epoch 0 | Batch 44 | Loss: 0.611442 | Time: 16.652s | LR: 1.00e-06
rank 0 Batch 44 Allocated: 0.01GB, Max Allocated: 19.35GB, Reserved: 31.54GB
Epoch 0 | Batch 45 | Loss: 0.574514 | Time: 16.771s | LR: 1.00e-06
rank 0 Batch 45 Allocated: 0.01GB, Max Allocated: 19.35GB, Reserved: 31.54GB
Epoch 0 | Batch 46 | Loss: 0.570171 | Time: 16.808s | LR: 1.00e-06
rank 0 Batch 46 Allocated: 0.01GB, Max Allocated: 19.35GB, Reserved: 31.54GB
Epoch 0 | Batch 47 | Loss: 0.633044 | Time: 16.748s | LR: 1.00e-06
rank 0 Batch 47 Allocated: 0.01GB, Max Allocated: 19.35GB, Reserved: 31.54GB
Epoch 0 | Batch 48 | Loss: 0.617072 | Time: 16.719s | LR: 1.00e-06
rank 0 Batch 48 Allocated: 0.01GB, Max Allocated: 19.35GB, Reserved: 31.54GB
[Monthly Loader] Epoch complete. Yielded 1649 samples.
Epoch 0 | Batch 49 | Loss: 0.643789 | Time: 16.624s | LR: 1.00e-06
rank 0 Batch 49 Allocated: 0.01GB, Max Allocated: 19.35GB, Reserved: 31.54GB
[E0 B50] loss=0.62697 time=16.610s | diff=N/A (DIAG empty) | tokens 4050/16200 | mem=0.0GB
Epoch 0 | Batch 50 | Loss: 0.626971 | Time: 16.611s | LR: 1.00e-06
rank 0 Batch 50 Allocated: 0.01GB, Max Allocated: 19.35GB, Reserved: 31.54GB
Epoch 0 | Batch 51 | Loss: 0.548414 | Time: 9.995s | LR: 1.00e-06
rank 0 Batch 51 Allocated: 0.01GB, Max Allocated: 19.35GB, Reserved: 0.31GB

================================================================================
Epoch 0 completed | Average Loss: 0.620735
================================================================================


======================================================================
 Epoch 0 Summary (Adaptive Sparsity)
======================================================================
  loss                                = 0.619467  (n=52)
  step_time_sec                       = 17.175629  (n=52)
  tokens_total                        = 16200.000000  (n=52)
  tokens_kept                         = 4050.000000  (n=52)
  tokens_dropped                      = 12150.000000  (n=52)
  keep_ratio                          = 0.250000  (n=52)
  gpu_mem_allocated_gb                = 0.015000  (n=52)
  gpu_mem_max_allocated_gb            = 20.777769  (n=52)
======================================================================

rank 0 Before saving checkpoint Allocated: 0.01GB, Max Allocated: 19.35GB, Reserved: 0.31GB
Saved checkpoint to: /lustre/orion/csc662/proj-shared/janet/forecasting/orbit_main/era5_forecasting_1.0_deg_sprint_truly_disabled_antialias=True_input_refine_cnn=True/checkpoint_epoch_0000.pt
rank 0 After saving checkpoint Allocated: 0.01GB, Max Allocated: 19.35GB, Reserved: 0.31GB

================================================================================
Starting epoch 1
================================================================================

[E1 B0] loss=0.63030 time=16.781s | diff=N/A (DIAG empty) | tokens 4050/16200 | mem=0.0GB
Epoch 1 | Batch 0 | Loss: 0.630296 | Time: 16.782s | LR: 1.15e-02
rank 0 Batch 0 Allocated: 0.01GB, Max Allocated: 19.35GB, Reserved: 31.42GB
Epoch 1 | Batch 1 | Loss: 0.520684 | Time: 16.662s | LR: 1.15e-02
rank 0 Batch 1 Allocated: 0.01GB, Max Allocated: 19.35GB, Reserved: 31.42GB
Epoch 1 | Batch 2 | Loss: 0.667976 | Time: 16.755s | LR: 1.15e-02
rank 0 Batch 2 Allocated: 0.01GB, Max Allocated: 19.35GB, Reserved: 31.42GB
Epoch 1 | Batch 3 | Loss: 0.794857 | Time: 16.694s | LR: 1.15e-02
rank 0 Batch 3 Allocated: 0.01GB, Max Allocated: 19.35GB, Reserved: 31.42GB
Epoch 1 | Batch 4 | Loss: 65.419642 | Time: 16.638s | LR: 1.15e-02
rank 0 Batch 4 Allocated: 0.01GB, Max Allocated: 19.35GB, Reserved: 31.42GB
Epoch 1 | Batch 5 | Loss: 69.389930 | Time: 19.111s | LR: 1.15e-02
rank 0 Batch 5 Allocated: 0.01GB, Max Allocated: 19.35GB, Reserved: 31.42GB
Epoch 1 | Batch 6 | Loss: 2.415693 | Time: 16.570s | LR: 1.15e-02
rank 0 Batch 6 Allocated: 0.01GB, Max Allocated: 19.35GB, Reserved: 31.42GB
Epoch 1 | Batch 7 | Loss: 1.336870 | Time: 16.612s | LR: 1.15e-02
rank 0 Batch 7 Allocated: 0.01GB, Max Allocated: 19.35GB, Reserved: 31.42GB
Epoch 1 | Batch 8 | Loss: 0.543975 | Time: 16.588s | LR: 1.15e-02
rank 0 Batch 8 Allocated: 0.01GB, Max Allocated: 19.35GB, Reserved: 31.42GB
Epoch 1 | Batch 9 | Loss: 0.322649 | Time: 16.621s | LR: 1.15e-02
rank 0 Batch 9 Allocated: 0.01GB, Max Allocated: 19.35GB, Reserved: 31.42GB
Epoch 1 | Batch 10 | Loss: 0.246132 | Time: 20.014s | LR: 1.15e-02
rank 0 Batch 10 Allocated: 0.01GB, Max Allocated: 19.35GB, Reserved: 31.42GB
Epoch 1 | Batch 11 | Loss: 0.400658 | Time: 16.533s | LR: 1.15e-02
rank 0 Batch 11 Allocated: 0.01GB, Max Allocated: 19.35GB, Reserved: 31.42GB
Epoch 1 | Batch 12 | Loss: 0.241770 | Time: 16.533s | LR: 1.15e-02
rank 0 Batch 12 Allocated: 0.01GB, Max Allocated: 19.35GB, Reserved: 31.42GB
Epoch 1 | Batch 13 | Loss: 0.217749 | Time: 16.739s | LR: 1.15e-02
rank 0 Batch 13 Allocated: 0.01GB, Max Allocated: 19.35GB, Reserved: 31.42GB
Epoch 1 | Batch 14 | Loss: 0.222245 | Time: 16.951s | LR: 1.15e-02
rank 0 Batch 14 Allocated: 0.01GB, Max Allocated: 19.35GB, Reserved: 31.42GB
Epoch 1 | Batch 15 | Loss: 0.260398 | Time: 16.524s | LR: 1.15e-02
rank 0 Batch 15 Allocated: 0.01GB, Max Allocated: 19.35GB, Reserved: 31.42GB
Epoch 1 | Batch 16 | Loss: 0.310080 | Time: 16.525s | LR: 1.15e-02
rank 0 Batch 16 Allocated: 0.01GB, Max Allocated: 19.35GB, Reserved: 31.42GB
Epoch 1 | Batch 17 | Loss: 0.262397 | Time: 16.510s | LR: 1.15e-02
rank 0 Batch 17 Allocated: 0.01GB, Max Allocated: 19.35GB, Reserved: 31.42GB
Epoch 1 | Batch 18 | Loss: 0.223500 | Time: 16.444s | LR: 1.15e-02
rank 0 Batch 18 Allocated: 0.01GB, Max Allocated: 19.35GB, Reserved: 31.42GB
Epoch 1 | Batch 19 | Loss: 0.209635 | Time: 16.454s | LR: 1.15e-02
rank 0 Batch 19 Allocated: 0.01GB, Max Allocated: 19.35GB, Reserved: 31.42GB
Epoch 1 | Batch 20 | Loss: 0.240338 | Time: 16.618s | LR: 1.15e-02
rank 0 Batch 20 Allocated: 0.01GB, Max Allocated: 19.35GB, Reserved: 31.42GB
Epoch 1 | Batch 21 | Loss: 0.210734 | Time: 16.590s | LR: 1.15e-02
rank 0 Batch 21 Allocated: 0.01GB, Max Allocated: 19.35GB, Reserved: 31.42GB
Epoch 1 | Batch 22 | Loss: 0.222021 | Time: 18.232s | LR: 1.15e-02
rank 0 Batch 22 Allocated: 0.01GB, Max Allocated: 19.35GB, Reserved: 31.42GB
Epoch 1 | Batch 23 | Loss: 0.215007 | Time: 17.032s | LR: 1.15e-02
rank 0 Batch 23 Allocated: 0.01GB, Max Allocated: 19.35GB, Reserved: 31.42GB
Epoch 1 | Batch 24 | Loss: 0.205757 | Time: 16.497s | LR: 1.15e-02
rank 0 Batch 24 Allocated: 0.01GB, Max Allocated: 19.35GB, Reserved: 31.42GB
Epoch 1 | Batch 25 | Loss: 0.192000 | Time: 16.725s | LR: 1.15e-02
rank 0 Batch 25 Allocated: 0.01GB, Max Allocated: 19.35GB, Reserved: 31.42GB
Epoch 1 | Batch 26 | Loss: 0.178837 | Time: 16.483s | LR: 1.15e-02
rank 0 Batch 26 Allocated: 0.01GB, Max Allocated: 19.35GB, Reserved: 31.42GB
Epoch 1 | Batch 27 | Loss: 0.193897 | Time: 16.418s | LR: 1.15e-02
rank 0 Batch 27 Allocated: 0.01GB, Max Allocated: 19.35GB, Reserved: 31.42GB
Epoch 1 | Batch 28 | Loss: 0.168497 | Time: 18.827s | LR: 1.15e-02
rank 0 Batch 28 Allocated: 0.01GB, Max Allocated: 19.35GB, Reserved: 31.42GB
Epoch 1 | Batch 29 | Loss: 0.203262 | Time: 18.452s | LR: 1.15e-02
rank 0 Batch 29 Allocated: 0.01GB, Max Allocated: 19.35GB, Reserved: 31.42GB
Epoch 1 | Batch 30 | Loss: 0.230859 | Time: 16.402s | LR: 1.15e-02
rank 0 Batch 30 Allocated: 0.01GB, Max Allocated: 19.35GB, Reserved: 31.42GB
Epoch 1 | Batch 31 | Loss: 0.174624 | Time: 16.394s | LR: 1.15e-02
rank 0 Batch 31 Allocated: 0.01GB, Max Allocated: 19.35GB, Reserved: 31.42GB
Epoch 1 | Batch 32 | Loss: 0.161861 | Time: 16.493s | LR: 1.15e-02
rank 0 Batch 32 Allocated: 0.01GB, Max Allocated: 19.35GB, Reserved: 31.42GB
Epoch 1 | Batch 33 | Loss: 0.181101 | Time: 16.416s | LR: 1.15e-02
rank 0 Batch 33 Allocated: 0.01GB, Max Allocated: 19.35GB, Reserved: 31.42GB
Epoch 1 | Batch 34 | Loss: 0.159449 | Time: 16.555s | LR: 1.15e-02
rank 0 Batch 34 Allocated: 0.01GB, Max Allocated: 19.35GB, Reserved: 31.42GB
Epoch 1 | Batch 35 | Loss: 0.194916 | Time: 17.428s | LR: 1.15e-02
rank 0 Batch 35 Allocated: 0.01GB, Max Allocated: 19.35GB, Reserved: 31.42GB
Epoch 1 | Batch 36 | Loss: 0.276801 | Time: 16.405s | LR: 1.15e-02
rank 0 Batch 36 Allocated: 0.01GB, Max Allocated: 19.35GB, Reserved: 31.42GB
Epoch 1 | Batch 37 | Loss: 0.238428 | Time: 16.421s | LR: 1.15e-02
rank 0 Batch 37 Allocated: 0.01GB, Max Allocated: 19.35GB, Reserved: 31.42GB
Epoch 1 | Batch 38 | Loss: 0.181831 | Time: 16.507s | LR: 1.15e-02
rank 0 Batch 38 Allocated: 0.01GB, Max Allocated: 19.35GB, Reserved: 31.42GB
Epoch 1 | Batch 39 | Loss: 0.169078 | Time: 16.535s | LR: 1.15e-02
rank 0 Batch 39 Allocated: 0.01GB, Max Allocated: 19.35GB, Reserved: 31.42GB
Epoch 1 | Batch 40 | Loss: 0.162147 | Time: 16.400s | LR: 1.15e-02
rank 0 Batch 40 Allocated: 0.01GB, Max Allocated: 19.35GB, Reserved: 31.42GB
Epoch 1 | Batch 41 | Loss: 0.187498 | Time: 16.480s | LR: 1.15e-02
rank 0 Batch 41 Allocated: 0.01GB, Max Allocated: 19.35GB, Reserved: 31.42GB
Epoch 1 | Batch 42 | Loss: 0.161548 | Time: 16.619s | LR: 1.15e-02
rank 0 Batch 42 Allocated: 0.01GB, Max Allocated: 19.35GB, Reserved: 31.42GB
Epoch 1 | Batch 43 | Loss: 0.151969 | Time: 16.494s | LR: 1.15e-02
rank 0 Batch 43 Allocated: 0.01GB, Max Allocated: 19.35GB, Reserved: 31.42GB
Epoch 1 | Batch 44 | Loss: 0.145993 | Time: 16.414s | LR: 1.15e-02
rank 0 Batch 44 Allocated: 0.01GB, Max Allocated: 19.35GB, Reserved: 31.42GB
Epoch 1 | Batch 45 | Loss: 0.140541 | Time: 16.492s | LR: 1.15e-02
rank 0 Batch 45 Allocated: 0.01GB, Max Allocated: 19.35GB, Reserved: 31.42GB
Epoch 1 | Batch 46 | Loss: 0.124141 | Time: 16.436s | LR: 1.15e-02
rank 0 Batch 46 Allocated: 0.01GB, Max Allocated: 19.35GB, Reserved: 31.42GB
Epoch 1 | Batch 47 | Loss: 0.116331 | Time: 16.471s | LR: 1.15e-02
rank 0 Batch 47 Allocated: 0.01GB, Max Allocated: 19.35GB, Reserved: 31.42GB
Epoch 1 | Batch 48 | Loss: 0.109363 | Time: 16.405s | LR: 1.15e-02
rank 0 Batch 48 Allocated: 0.01GB, Max Allocated: 19.35GB, Reserved: 31.42GB
[Monthly Loader] Epoch complete. Yielded 1649 samples.
Epoch 1 | Batch 49 | Loss: 0.102173 | Time: 16.371s | LR: 1.15e-02
rank 0 Batch 49 Allocated: 0.01GB, Max Allocated: 19.35GB, Reserved: 31.42GB
[E1 B50] loss=0.10669 time=16.390s | diff=N/A (DIAG empty) | tokens 4050/16200 | mem=0.0GB
Epoch 1 | Batch 50 | Loss: 0.106691 | Time: 16.390s | LR: 1.15e-02
rank 0 Batch 50 Allocated: 0.01GB, Max Allocated: 19.35GB, Reserved: 31.42GB
Epoch 1 | Batch 51 | Loss: 0.106891 | Time: 8.770s | LR: 1.15e-02
rank 0 Batch 51 Allocated: 0.01GB, Max Allocated: 19.35GB, Reserved: 31.42GB

================================================================================
Epoch 1 completed | Average Loss: 2.955722
================================================================================


======================================================================
 Epoch 1 Summary (Adaptive Sparsity)
======================================================================
  loss                                = 2.889456  (n=52)
  step_time_sec                       = 16.642412  (n=52)
  tokens_total                        = 16200.000000  (n=52)
  tokens_kept                         = 4050.000000  (n=52)
  tokens_dropped                      = 12150.000000  (n=52)
  keep_ratio                          = 0.250000  (n=52)
  gpu_mem_allocated_gb                = 0.015000  (n=52)
  gpu_mem_max_allocated_gb            = 20.778000  (n=52)
======================================================================

rank 0 Before saving checkpoint Allocated: 0.01GB, Max Allocated: 19.35GB, Reserved: 31.42GB
Saved checkpoint to: /lustre/orion/csc662/proj-shared/janet/forecasting/orbit_main/era5_forecasting_1.0_deg_sprint_truly_disabled_antialias=True_input_refine_cnn=True/checkpoint_epoch_0001.pt
rank 0 After saving checkpoint Allocated: 0.01GB, Max Allocated: 19.35GB, Reserved: 31.42GB

================================================================================
Starting epoch 2
================================================================================

[E2 B0] loss=0.11336 time=17.107s | diff=N/A (DIAG empty) | tokens 4050/16200 | mem=0.0GB
Epoch 2 | Batch 0 | Loss: 0.113364 | Time: 17.108s | LR: 2.30e-02
rank 0 Batch 0 Allocated: 0.01GB, Max Allocated: 19.35GB, Reserved: 31.42GB
Epoch 2 | Batch 1 | Loss: 0.138099 | Time: 16.670s | LR: 2.30e-02
rank 0 Batch 1 Allocated: 0.01GB, Max Allocated: 19.35GB, Reserved: 31.42GB
Epoch 2 | Batch 2 | Loss: 0.249044 | Time: 16.395s | LR: 2.30e-02
rank 0 Batch 2 Allocated: 0.01GB, Max Allocated: 19.35GB, Reserved: 31.42GB
Epoch 2 | Batch 3 | Loss: 0.108798 | Time: 16.420s | LR: 2.30e-02
rank 0 Batch 3 Allocated: 0.01GB, Max Allocated: 19.35GB, Reserved: 31.42GB
Epoch 2 | Batch 4 | Loss: 0.248010 | Time: 19.539s | LR: 2.30e-02
rank 0 Batch 4 Allocated: 0.01GB, Max Allocated: 19.35GB, Reserved: 31.42GB
Epoch 2 | Batch 5 | Loss: 0.093889 | Time: 16.587s | LR: 2.30e-02
rank 0 Batch 5 Allocated: 0.01GB, Max Allocated: 19.35GB, Reserved: 31.42GB
Epoch 2 | Batch 6 | Loss: 0.294830 | Time: 16.477s | LR: 2.30e-02
rank 0 Batch 6 Allocated: 0.01GB, Max Allocated: 19.35GB, Reserved: 31.42GB
Epoch 2 | Batch 7 | Loss: 0.164442 | Time: 16.901s | LR: 2.30e-02
rank 0 Batch 7 Allocated: 0.01GB, Max Allocated: 19.35GB, Reserved: 31.42GB
Epoch 2 | Batch 8 | Loss: 0.210439 | Time: 16.575s | LR: 2.30e-02
rank 0 Batch 8 Allocated: 0.01GB, Max Allocated: 19.35GB, Reserved: 31.42GB
Epoch 2 | Batch 9 | Loss: 0.261698 | Time: 23.760s | LR: 2.30e-02
rank 0 Batch 9 Allocated: 0.01GB, Max Allocated: 19.35GB, Reserved: 31.42GB
Epoch 2 | Batch 10 | Loss: 0.127088 | Time: 17.479s | LR: 2.30e-02
rank 0 Batch 10 Allocated: 0.01GB, Max Allocated: 19.35GB, Reserved: 31.42GB
Epoch 2 | Batch 11 | Loss: 0.193165 | Time: 16.499s | LR: 2.30e-02
rank 0 Batch 11 Allocated: 0.01GB, Max Allocated: 19.35GB, Reserved: 31.42GB
Epoch 2 | Batch 12 | Loss: 0.209996 | Time: 16.455s | LR: 2.30e-02
rank 0 Batch 12 Allocated: 0.01GB, Max Allocated: 19.35GB, Reserved: 31.42GB
Epoch 2 | Batch 13 | Loss: 0.141060 | Time: 16.475s | LR: 2.30e-02
rank 0 Batch 13 Allocated: 0.01GB, Max Allocated: 19.35GB, Reserved: 31.42GB
Epoch 2 | Batch 14 | Loss: 0.173020 | Time: 16.597s | LR: 2.30e-02
rank 0 Batch 14 Allocated: 0.01GB, Max Allocated: 19.35GB, Reserved: 31.42GB
Epoch 2 | Batch 15 | Loss: 0.146574 | Time: 16.455s | LR: 2.30e-02
rank 0 Batch 15 Allocated: 0.01GB, Max Allocated: 19.35GB, Reserved: 31.42GB
Epoch 2 | Batch 16 | Loss: 0.177945 | Time: 16.406s | LR: 2.30e-02
rank 0 Batch 16 Allocated: 0.01GB, Max Allocated: 19.35GB, Reserved: 31.42GB
Epoch 2 | Batch 17 | Loss: 0.148654 | Time: 16.459s | LR: 2.30e-02
rank 0 Batch 17 Allocated: 0.01GB, Max Allocated: 19.35GB, Reserved: 31.42GB
Epoch 2 | Batch 18 | Loss: 0.144520 | Time: 16.530s | LR: 2.30e-02
rank 0 Batch 18 Allocated: 0.01GB, Max Allocated: 19.35GB, Reserved: 31.42GB
Epoch 2 | Batch 19 | Loss: 0.141048 | Time: 16.540s | LR: 2.30e-02
rank 0 Batch 19 Allocated: 0.01GB, Max Allocated: 19.35GB, Reserved: 31.42GB
Epoch 2 | Batch 20 | Loss: 0.116289 | Time: 16.563s | LR: 2.30e-02
rank 0 Batch 20 Allocated: 0.01GB, Max Allocated: 19.35GB, Reserved: 31.42GB
Epoch 2 | Batch 21 | Loss: 0.149107 | Time: 16.635s | LR: 2.30e-02
rank 0 Batch 21 Allocated: 0.01GB, Max Allocated: 19.35GB, Reserved: 31.42GB
Epoch 2 | Batch 22 | Loss: 0.151114 | Time: 18.435s | LR: 2.30e-02
rank 0 Batch 22 Allocated: 0.01GB, Max Allocated: 19.35GB, Reserved: 31.42GB
Epoch 2 | Batch 23 | Loss: 0.135191 | Time: 16.733s | LR: 2.30e-02
rank 0 Batch 23 Allocated: 0.01GB, Max Allocated: 19.35GB, Reserved: 31.42GB
Epoch 2 | Batch 24 | Loss: 0.125809 | Time: 18.129s | LR: 2.30e-02
rank 0 Batch 24 Allocated: 0.01GB, Max Allocated: 19.35GB, Reserved: 31.42GB
Epoch 2 | Batch 25 | Loss: 0.136052 | Time: 17.148s | LR: 2.30e-02
rank 0 Batch 25 Allocated: 0.01GB, Max Allocated: 19.35GB, Reserved: 31.42GB
Epoch 2 | Batch 26 | Loss: 0.120827 | Time: 16.635s | LR: 2.30e-02
rank 0 Batch 26 Allocated: 0.01GB, Max Allocated: 19.35GB, Reserved: 31.42GB
Epoch 2 | Batch 27 | Loss: 0.130407 | Time: 16.771s | LR: 2.30e-02
rank 0 Batch 27 Allocated: 0.01GB, Max Allocated: 19.35GB, Reserved: 31.42GB
Epoch 2 | Batch 28 | Loss: 0.113458 | Time: 16.400s | LR: 2.30e-02
rank 0 Batch 28 Allocated: 0.01GB, Max Allocated: 19.35GB, Reserved: 31.42GB
Epoch 2 | Batch 29 | Loss: 0.217452 | Time: 16.528s | LR: 2.30e-02
rank 0 Batch 29 Allocated: 0.01GB, Max Allocated: 19.35GB, Reserved: 31.42GB
Epoch 2 | Batch 30 | Loss: 0.109461 | Time: 16.596s | LR: 2.30e-02
rank 0 Batch 30 Allocated: 0.01GB, Max Allocated: 19.35GB, Reserved: 31.42GB
Epoch 2 | Batch 31 | Loss: 0.140271 | Time: 16.463s | LR: 2.30e-02
rank 0 Batch 31 Allocated: 0.01GB, Max Allocated: 19.35GB, Reserved: 31.42GB
Epoch 2 | Batch 32 | Loss: 0.179709 | Time: 16.511s | LR: 2.30e-02
rank 0 Batch 32 Allocated: 0.01GB, Max Allocated: 19.35GB, Reserved: 31.42GB
Epoch 2 | Batch 33 | Loss: 0.224330 | Time: 16.440s | LR: 2.30e-02
rank 0 Batch 33 Allocated: 0.01GB, Max Allocated: 19.35GB, Reserved: 31.42GB
Epoch 2 | Batch 34 | Loss: 0.278409 | Time: 16.768s | LR: 2.30e-02
rank 0 Batch 34 Allocated: 0.01GB, Max Allocated: 19.35GB, Reserved: 31.42GB
Epoch 2 | Batch 35 | Loss: 0.427895 | Time: 16.483s | LR: 2.30e-02
rank 0 Batch 35 Allocated: 0.01GB, Max Allocated: 19.35GB, Reserved: 31.42GB
Epoch 2 | Batch 36 | Loss: 0.780373 | Time: 16.529s | LR: 2.30e-02
rank 0 Batch 36 Allocated: 0.01GB, Max Allocated: 19.35GB, Reserved: 31.42GB
Epoch 2 | Batch 37 | Loss: 1.047101 | Time: 16.749s | LR: 2.30e-02
rank 0 Batch 37 Allocated: 0.01GB, Max Allocated: 19.35GB, Reserved: 31.42GB
Epoch 2 | Batch 38 | Loss: 1.034617 | Time: 16.427s | LR: 2.30e-02
rank 0 Batch 38 Allocated: 0.01GB, Max Allocated: 19.35GB, Reserved: 31.42GB
Epoch 2 | Batch 39 | Loss: 1.429967 | Time: 16.517s | LR: 2.30e-02
rank 0 Batch 39 Allocated: 0.01GB, Max Allocated: 19.35GB, Reserved: 31.42GB
Epoch 2 | Batch 40 | Loss: 2.000942 | Time: 16.401s | LR: 2.30e-02
rank 0 Batch 40 Allocated: 0.01GB, Max Allocated: 19.35GB, Reserved: 31.42GB
Epoch 2 | Batch 41 | Loss: 2.040229 | Time: 16.496s | LR: 2.30e-02
rank 0 Batch 41 Allocated: 0.01GB, Max Allocated: 19.35GB, Reserved: 31.42GB
Epoch 2 | Batch 42 | Loss: 2.337469 | Time: 16.421s | LR: 2.30e-02
rank 0 Batch 42 Allocated: 0.01GB, Max Allocated: 19.35GB, Reserved: 31.42GB
Epoch 2 | Batch 43 | Loss: 2.665917 | Time: 16.529s | LR: 2.30e-02
rank 0 Batch 43 Allocated: 0.01GB, Max Allocated: 19.35GB, Reserved: 31.42GB
Epoch 2 | Batch 44 | Loss: 3.307224 | Time: 16.613s | LR: 2.30e-02
rank 0 Batch 44 Allocated: 0.01GB, Max Allocated: 19.35GB, Reserved: 31.42GB
Epoch 2 | Batch 45 | Loss: 2.668686 | Time: 16.490s | LR: 2.30e-02
rank 0 Batch 45 Allocated: 0.01GB, Max Allocated: 19.35GB, Reserved: 31.42GB
Epoch 2 | Batch 46 | Loss: 2.859212 | Time: 16.586s | LR: 2.30e-02
rank 0 Batch 46 Allocated: 0.01GB, Max Allocated: 19.35GB, Reserved: 31.42GB
Epoch 2 | Batch 47 | Loss: 2.965476 | Time: 16.614s | LR: 2.30e-02
rank 0 Batch 47 Allocated: 0.01GB, Max Allocated: 19.35GB, Reserved: 31.42GB
Epoch 2 | Batch 48 | Loss: 3.033880 | Time: 16.771s | LR: 2.30e-02
rank 0 Batch 48 Allocated: 0.01GB, Max Allocated: 19.35GB, Reserved: 31.42GB
[Monthly Loader] Epoch complete. Yielded 1649 samples.
Epoch 2 | Batch 49 | Loss: 4.476954 | Time: 16.395s | LR: 2.30e-02
rank 0 Batch 49 Allocated: 0.01GB, Max Allocated: 19.35GB, Reserved: 31.42GB
[E2 B50] loss=3.49051 time=16.385s | diff=N/A (DIAG empty) | tokens 4050/16200 | mem=0.0GB
Epoch 2 | Batch 50 | Loss: 3.490513 | Time: 16.386s | LR: 2.30e-02
rank 0 Batch 50 Allocated: 0.01GB, Max Allocated: 19.35GB, Reserved: 31.42GB
Epoch 2 | Batch 51 | Loss: 3.211767 | Time: 8.770s | LR: 2.30e-02
rank 0 Batch 51 Allocated: 0.01GB, Max Allocated: 19.35GB, Reserved: 31.42GB

================================================================================
Epoch 2 completed | Average Loss: 0.830014
================================================================================


======================================================================
 Epoch 2 Summary (Adaptive Sparsity)
======================================================================
  loss                                = 0.876765  (n=52)
  step_time_sec                       = 16.696704  (n=52)
  tokens_total                        = 16200.000000  (n=52)
  tokens_kept                         = 4050.000000  (n=52)
  tokens_dropped                      = 12150.000000  (n=52)
  keep_ratio                          = 0.250000  (n=52)
  gpu_mem_allocated_gb                = 0.015000  (n=52)
  gpu_mem_max_allocated_gb            = 20.778000  (n=52)
======================================================================

rank 0 Before saving checkpoint Allocated: 0.01GB, Max Allocated: 19.35GB, Reserved: 31.42GB
Saved checkpoint to: /lustre/orion/csc662/proj-shared/janet/forecasting/orbit_main/era5_forecasting_1.0_deg_sprint_truly_disabled_antialias=True_input_refine_cnn=True/checkpoint_epoch_0002.pt
rank 0 After saving checkpoint Allocated: 0.01GB, Max Allocated: 19.35GB, Reserved: 31.42GB

================================================================================
Starting epoch 3
================================================================================

[E3 B0] loss=1.00634 time=20.116s | diff=N/A (DIAG empty) | tokens 4050/16200 | mem=0.0GB
Epoch 3 | Batch 0 | Loss: 1.006335 | Time: 20.116s | LR: 3.45e-02
rank 0 Batch 0 Allocated: 0.01GB, Max Allocated: 19.35GB, Reserved: 31.42GB
Epoch 3 | Batch 1 | Loss: 0.149322 | Time: 16.670s | LR: 3.45e-02
rank 0 Batch 1 Allocated: 0.01GB, Max Allocated: 19.35GB, Reserved: 31.42GB
Epoch 3 | Batch 2 | Loss: 0.089584 | Time: 18.403s | LR: 3.45e-02
rank 0 Batch 2 Allocated: 0.01GB, Max Allocated: 19.35GB, Reserved: 31.42GB
Epoch 3 | Batch 3 | Loss: 0.149458 | Time: 16.420s | LR: 3.45e-02
rank 0 Batch 3 Allocated: 0.01GB, Max Allocated: 19.35GB, Reserved: 31.42GB
Epoch 3 | Batch 4 | Loss: 0.318216 | Time: 16.491s | LR: 3.45e-02
rank 0 Batch 4 Allocated: 0.01GB, Max Allocated: 19.35GB, Reserved: 31.42GB
Epoch 3 | Batch 5 | Loss: 0.429930 | Time: 16.491s | LR: 3.45e-02
rank 0 Batch 5 Allocated: 0.01GB, Max Allocated: 19.35GB, Reserved: 31.42GB
Epoch 3 | Batch 6 | Loss: 0.647275 | Time: 16.386s | LR: 3.45e-02
rank 0 Batch 6 Allocated: 0.01GB, Max Allocated: 19.35GB, Reserved: 31.42GB
Epoch 3 | Batch 7 | Loss: 0.936042 | Time: 16.620s | LR: 3.45e-02
rank 0 Batch 7 Allocated: 0.01GB, Max Allocated: 19.35GB, Reserved: 31.42GB
Epoch 3 | Batch 8 | Loss: 1.112479 | Time: 16.426s | LR: 3.45e-02
rank 0 Batch 8 Allocated: 0.01GB, Max Allocated: 19.35GB, Reserved: 31.42GB
Epoch 3 | Batch 9 | Loss: 1.453509 | Time: 16.439s | LR: 3.45e-02
rank 0 Batch 9 Allocated: 0.01GB, Max Allocated: 19.35GB, Reserved: 31.42GB
Epoch 3 | Batch 10 | Loss: 0.802336 | Time: 16.560s | LR: 3.45e-02
rank 0 Batch 10 Allocated: 0.01GB, Max Allocated: 19.35GB, Reserved: 31.42GB
Epoch 3 | Batch 11 | Loss: 0.464101 | Time: 16.410s | LR: 3.45e-02
rank 0 Batch 11 Allocated: 0.01GB, Max Allocated: 19.35GB, Reserved: 31.42GB
Epoch 3 | Batch 12 | Loss: 0.183976 | Time: 16.463s | LR: 3.45e-02
rank 0 Batch 12 Allocated: 0.01GB, Max Allocated: 19.35GB, Reserved: 31.42GB
Epoch 3 | Batch 13 | Loss: 0.365902 | Time: 16.403s | LR: 3.45e-02
rank 0 Batch 13 Allocated: 0.01GB, Max Allocated: 19.35GB, Reserved: 31.42GB
Epoch 3 | Batch 14 | Loss: 0.307324 | Time: 16.436s | LR: 3.45e-02
rank 0 Batch 14 Allocated: 0.01GB, Max Allocated: 19.35GB, Reserved: 31.42GB
Epoch 3 | Batch 15 | Loss: 0.211828 | Time: 16.376s | LR: 3.45e-02
rank 0 Batch 15 Allocated: 0.01GB, Max Allocated: 19.35GB, Reserved: 31.42GB
Epoch 3 | Batch 16 | Loss: 0.216965 | Time: 16.416s | LR: 3.45e-02
rank 0 Batch 16 Allocated: 0.01GB, Max Allocated: 19.35GB, Reserved: 31.42GB
Epoch 3 | Batch 17 | Loss: 0.279530 | Time: 16.434s | LR: 3.45e-02
rank 0 Batch 17 Allocated: 0.01GB, Max Allocated: 19.35GB, Reserved: 31.42GB
srun: Job step aborted: Waiting up to 32 seconds for job step to finish.
slurmstepd: error: *** STEP 4141168.0 ON frontier09082 CANCELLED AT 2026-02-22T17:14:35 DUE TO TIME LIMIT ***
slurmstepd: error: *** JOB 4141168 ON frontier09082 CANCELLED AT 2026-02-22T17:14:35 DUE TO TIME LIMIT ***
