
Lmod is automatically replacing "cce/18.0.1" with "gcc-native/14.2".


Lmod is automatically replacing "PrgEnv-cray/8.6.0" with "PrgEnv-gnu/8.6.0".


Inactive Modules:
  1) darshan-runtime

Due to MODULEPATH changes, the following have been reloaded:
  1) cray-libsci/24.11.0     2) cray-mpich/8.1.31


Lmod is automatically replacing "gcc-native/14.2" with "gcc/12.2.0".


The following have been reloaded with a version change:
  1) cray-libsci/24.11.0 => cray-libsci/23.09.1.1
  2) cray-mpich/8.1.31 => cray-mpich/8.1.27
  3) libfabric/1.22.0 => libfabric/1.20.1

Job started at: Thu Feb 19 05:36:56 PM EST 2026
Job ID: 4135198
Running on nodes: frontier[09071,10145]
Number of tasks: 16
Number of nodes: 2
WARNING[XFORMERS]: xFormers can't load C++/CUDA extensions. xFormers was built for:
    PyTorch 2.4.1+cu121 with CUDA 1201 (you have 2.4.1+rocm6.0)
    Python  3.11.10 (you have 3.11.14)
  Please reinstall xformers (see https://github.com/facebookresearch/xformers#installing-xformers)
  Memory-efficient attention, SwiGLU, sparse and more won't be available.
  Set XFORMERS_MORE_DETAILS=1 for more details
WARNING[XFORMERS]: xFormers can't load C++/CUDA extensions. xFormers was built for:
    PyTorch 2.4.1+cu121 with CUDA 1201 (you have 2.4.1+rocm6.0)
    Python  3.11.10 (you have 3.11.14)
  Please reinstall xformers (see https://github.com/facebookresearch/xformers#installing-xformers)
  Memory-efficient attention, SwiGLU, sparse and more won't be available.
  Set XFORMERS_MORE_DETAILS=1 for more details
WARNING[XFORMERS]: xFormers can't load C++/CUDA extensions. xFormers was built for:
    PyTorch 2.4.1+cu121 with CUDA 1201 (you have 2.4.1+rocm6.0)
    Python  3.11.10 (you have 3.11.14)
  Please reinstall xformers (see https://github.com/facebookresearch/xformers#installing-xformers)
  Memory-efficient attention, SwiGLU, sparse and more won't be available.
  Set XFORMERS_MORE_DETAILS=1 for more details
WARNING[XFORMERS]: xFormers can't load C++/CUDA extensions. xFormers was built for:
    PyTorch 2.4.1+cu121 with CUDA 1201 (you have 2.4.1+rocm6.0)
    Python  3.11.10 (you have 3.11.14)
  Please reinstall xformers (see https://github.com/facebookresearch/xformers#installing-xformers)
  Memory-efficient attention, SwiGLU, sparse and more won't be available.
  Set XFORMERS_MORE_DETAILS=1 for more details
WARNING[XFORMERS]: xFormers can't load C++/CUDA extensions. xFormers was built for:
    PyTorch 2.4.1+cu121 with CUDA 1201 (you have 2.4.1+rocm6.0)
    Python  3.11.10 (you have 3.11.14)
  Please reinstall xformers (see https://github.com/facebookresearch/xformers#installing-xformers)
  Memory-efficient attention, SwiGLU, sparse and more won't be available.
  Set XFORMERS_MORE_DETAILS=1 for more details
WARNING[XFORMERS]: xFormers can't load C++/CUDA extensions. xFormers was built for:
    PyTorch 2.4.1+cu121 with CUDA 1201 (you have 2.4.1+rocm6.0)
    Python  3.11.10 (you have 3.11.14)
  Please reinstall xformers (see https://github.com/facebookresearch/xformers#installing-xformers)
  Memory-efficient attention, SwiGLU, sparse and more won't be available.
  Set XFORMERS_MORE_DETAILS=1 for more details
WARNING[XFORMERS]: xFormers can't load C++/CUDA extensions. xFormers was built for:
    PyTorch 2.4.1+cu121 with CUDA 1201 (you have 2.4.1+rocm6.0)
    Python  3.11.10 (you have 3.11.14)
  Please reinstall xformers (see https://github.com/facebookresearch/xformers#installing-xformers)
  Memory-efficient attention, SwiGLU, sparse and more won't be available.
  Set XFORMERS_MORE_DETAILS=1 for more details
WARNING[XFORMERS]: xFormers can't load C++/CUDA extensions. xFormers was built for:
    PyTorch 2.4.1+cu121 with CUDA 1201 (you have 2.4.1+rocm6.0)
    Python  3.11.10 (you have 3.11.14)
  Please reinstall xformers (see https://github.com/facebookresearch/xformers#installing-xformers)
  Memory-efficient attention, SwiGLU, sparse and more won't be available.
  Set XFORMERS_MORE_DETAILS=1 for more details
WARNING[XFORMERS]: xFormers can't load C++/CUDA extensions. xFormers was built for:
    PyTorch 2.4.1+cu121 with CUDA 1201 (you have 2.4.1+rocm6.0)
    Python  3.11.10 (you have 3.11.14)
  Please reinstall xformers (see https://github.com/facebookresearch/xformers#installing-xformers)
  Memory-efficient attention, SwiGLU, sparse and more won't be available.
  Set XFORMERS_MORE_DETAILS=1 for more details
WARNING[XFORMERS]: xFormers can't load C++/CUDA extensions. xFormers was built for:
    PyTorch 2.4.1+cu121 with CUDA 1201 (you have 2.4.1+rocm6.0)
    Python  3.11.10 (you have 3.11.14)
  Please reinstall xformers (see https://github.com/facebookresearch/xformers#installing-xformers)
  Memory-efficient attention, SwiGLU, sparse and more won't be available.
  Set XFORMERS_MORE_DETAILS=1 for more details
WARNING[XFORMERS]: xFormers can't load C++/CUDA extensions. xFormers was built for:
    PyTorch 2.4.1+cu121 with CUDA 1201 (you have 2.4.1+rocm6.0)
    Python  3.11.10 (you have 3.11.14)
  Please reinstall xformers (see https://github.com/facebookresearch/xformers#installing-xformers)
  Memory-efficient attention, SwiGLU, sparse and more won't be available.
  Set XFORMERS_MORE_DETAILS=1 for more details
WARNING[XFORMERS]: xFormers can't load C++/CUDA extensions. xFormers was built for:
    PyTorch 2.4.1+cu121 with CUDA 1201 (you have 2.4.1+rocm6.0)
    Python  3.11.10 (you have 3.11.14)
  Please reinstall xformers (see https://github.com/facebookresearch/xformers#installing-xformers)
  Memory-efficient attention, SwiGLU, sparse and more won't be available.
  Set XFORMERS_MORE_DETAILS=1 for more details
WARNING[XFORMERS]: xFormers can't load C++/CUDA extensions. xFormers was built for:
    PyTorch 2.4.1+cu121 with CUDA 1201 (you have 2.4.1+rocm6.0)
    Python  3.11.10 (you have 3.11.14)
  Please reinstall xformers (see https://github.com/facebookresearch/xformers#installing-xformers)
  Memory-efficient attention, SwiGLU, sparse and more won't be available.
  Set XFORMERS_MORE_DETAILS=1 for more details
WARNING[XFORMERS]: xFormers can't load C++/CUDA extensions. xFormers was built for:
    PyTorch 2.4.1+cu121 with CUDA 1201 (you have 2.4.1+rocm6.0)
    Python  3.11.10 (you have 3.11.14)
  Please reinstall xformers (see https://github.com/facebookresearch/xformers#installing-xformers)
  Memory-efficient attention, SwiGLU, sparse and more won't be available.
  Set XFORMERS_MORE_DETAILS=1 for more details
WARNING[XFORMERS]: xFormers can't load C++/CUDA extensions. xFormers was built for:
    PyTorch 2.4.1+cu121 with CUDA 1201 (you have 2.4.1+rocm6.0)
    Python  3.11.10 (you have 3.11.14)
  Please reinstall xformers (see https://github.com/facebookresearch/xformers#installing-xformers)
  Memory-efficient attention, SwiGLU, sparse and more won't be available.
  Set XFORMERS_MORE_DETAILS=1 for more details
WARNING[XFORMERS]: xFormers can't load C++/CUDA extensions. xFormers was built for:
    PyTorch 2.4.1+cu121 with CUDA 1201 (you have 2.4.1+rocm6.0)
    Python  3.11.10 (you have 3.11.14)
  Please reinstall xformers (see https://github.com/facebookresearch/xformers#installing-xformers)
  Memory-efficient attention, SwiGLU, sparse and more won't be available.
  Set XFORMERS_MORE_DETAILS=1 for more details
/ccs/home/janetw/diffusion/ORBIT-2-sandbox/src/climate_learn/models/hub/components/attention.py:10: FutureWarning: xformers.components is deprecated and is not maintained anymore. It might be removed in a future version of xFormers 
  from xformers.components.attention.core import scaled_dot_product_attention as xformers_sdpa
/ccs/home/janetw/diffusion/ORBIT-2-sandbox/src/climate_learn/models/hub/components/attention.py:10: FutureWarning: xformers.components is deprecated and is not maintained anymore. It might be removed in a future version of xFormers 
  from xformers.components.attention.core import scaled_dot_product_attention as xformers_sdpa
/ccs/home/janetw/diffusion/ORBIT-2-sandbox/src/climate_learn/models/hub/components/attention.py:10: FutureWarning: xformers.components is deprecated and is not maintained anymore. It might be removed in a future version of xFormers 
  from xformers.components.attention.core import scaled_dot_product_attention as xformers_sdpa
/ccs/home/janetw/diffusion/ORBIT-2-sandbox/src/climate_learn/models/hub/components/attention.py:10: FutureWarning: xformers.components is deprecated and is not maintained anymore. It might be removed in a future version of xFormers 
  from xformers.components.attention.core import scaled_dot_product_attention as xformers_sdpa
/ccs/home/janetw/diffusion/ORBIT-2-sandbox/src/climate_learn/models/hub/components/attention.py:10: FutureWarning: xformers.components is deprecated and is not maintained anymore. It might be removed in a future version of xFormers 
  from xformers.components.attention.core import scaled_dot_product_attention as xformers_sdpa
/ccs/home/janetw/diffusion/ORBIT-2-sandbox/src/climate_learn/models/hub/components/attention.py:10: FutureWarning: xformers.components is deprecated and is not maintained anymore. It might be removed in a future version of xFormers 
  from xformers.components.attention.core import scaled_dot_product_attention as xformers_sdpa
/ccs/home/janetw/diffusion/ORBIT-2-sandbox/src/climate_learn/models/hub/components/attention.py:10: FutureWarning: xformers.components is deprecated and is not maintained anymore. It might be removed in a future version of xFormers 
  from xformers.components.attention.core import scaled_dot_product_attention as xformers_sdpa
/ccs/home/janetw/diffusion/ORBIT-2-sandbox/src/climate_learn/models/hub/components/attention.py:10: FutureWarning: xformers.components is deprecated and is not maintained anymore. It might be removed in a future version of xFormers 
  from xformers.components.attention.core import scaled_dot_product_attention as xformers_sdpa
/ccs/home/janetw/diffusion/ORBIT-2-sandbox/src/climate_learn/models/hub/components/attention.py:10: FutureWarning: xformers.components is deprecated and is not maintained anymore. It might be removed in a future version of xFormers 
  from xformers.components.attention.core import scaled_dot_product_attention as xformers_sdpa
/ccs/home/janetw/diffusion/ORBIT-2-sandbox/src/climate_learn/models/hub/components/attention.py:10: FutureWarning: xformers.components is deprecated and is not maintained anymore. It might be removed in a future version of xFormers 
  from xformers.components.attention.core import scaled_dot_product_attention as xformers_sdpa
/ccs/home/janetw/diffusion/ORBIT-2-sandbox/src/climate_learn/models/hub/components/attention.py:10: FutureWarning: xformers.components is deprecated and is not maintained anymore. It might be removed in a future version of xFormers 
  from xformers.components.attention.core import scaled_dot_product_attention as xformers_sdpa
/ccs/home/janetw/diffusion/ORBIT-2-sandbox/src/climate_learn/models/hub/components/attention.py:10: FutureWarning: xformers.components is deprecated and is not maintained anymore. It might be removed in a future version of xFormers 
  from xformers.components.attention.core import scaled_dot_product_attention as xformers_sdpa
/ccs/home/janetw/diffusion/ORBIT-2-sandbox/src/climate_learn/models/hub/components/attention.py:10: FutureWarning: xformers.components is deprecated and is not maintained anymore. It might be removed in a future version of xFormers 
  from xformers.components.attention.core import scaled_dot_product_attention as xformers_sdpa
/ccs/home/janetw/diffusion/ORBIT-2-sandbox/src/climate_learn/models/hub/components/attention.py:10: FutureWarning: xformers.components is deprecated and is not maintained anymore. It might be removed in a future version of xFormers 
  from xformers.components.attention.core import scaled_dot_product_attention as xformers_sdpa
/ccs/home/janetw/diffusion/ORBIT-2-sandbox/src/climate_learn/models/hub/components/attention.py:10: FutureWarning: xformers.components is deprecated and is not maintained anymore. It might be removed in a future version of xFormers 
  from xformers.components.attention.core import scaled_dot_product_attention as xformers_sdpa
/ccs/home/janetw/diffusion/ORBIT-2-sandbox/src/climate_learn/models/hub/components/attention.py:10: FutureWarning: xformers.components is deprecated and is not maintained anymore. It might be removed in a future version of xFormers 
  from xformers.components.attention.core import scaled_dot_product_attention as xformers_sdpa
[W219 17:37:21.419585965 socket.cpp:697] [c10d] The client socket cannot be initialized to connect to [frontier09071.frontier.olcf.ornl.gov]:29500 (errno: 97 - Address family not supported by protocol).
DDStore loading error!!
Initialized process group. world_size=16
world_size=16, world_rank=1, local_rank=1
[W219 17:37:21.422270817 socket.cpp:697] [c10d] The client socket cannot be initialized to connect to [frontier09071.frontier.olcf.ornl.gov]:29500 (errno: 97 - Address family not supported by protocol).
[W219 17:37:21.422730427 socket.cpp:697] [c10d] The client socket cannot be initialized to connect to [frontier09071.frontier.olcf.ornl.gov]:29500 (errno: 97 - Address family not supported by protocol).
DDStore loading error!!
Initialized process group. world_size=16
world_size=16, world_rank=3, local_rank=3
[W219 17:37:21.423214263 socket.cpp:697] [c10d] The client socket cannot be initialized to connect to [frontier09071.frontier.olcf.ornl.gov]:29500 (errno: 97 - Address family not supported by protocol).
DDStore loading error!!
Initialized process group. world_size=16
world_size=16, world_rank=6, local_rank=6
[W219 17:37:21.427083678 socket.cpp:697] [c10d] The client socket cannot be initialized to connect to [frontier09071.frontier.olcf.ornl.gov]:29500 (errno: 97 - Address family not supported by protocol).
[W219 17:37:21.427931663 socket.cpp:697] [c10d] The client socket cannot be initialized to connect to [frontier09071.frontier.olcf.ornl.gov]:29500 (errno: 97 - Address family not supported by protocol).
DDStore loading error!!
Initialized process group. world_size=16
world_size=16, world_rank=4, local_rank=4
DDStore loading error!!
Initialized process group. world_size=16
world_size=16, world_rank=7, local_rank=7
[W219 17:37:21.429137927 socket.cpp:697] [c10d] The client socket cannot be initialized to connect to [frontier09071.frontier.olcf.ornl.gov]:29500 (errno: 97 - Address family not supported by protocol).
DDStore loading error!!
Initialized process group. world_size=16
world_size=16, world_rank=5, local_rank=5
[W219 17:37:21.430378946 socket.cpp:697] [c10d] The client socket cannot be initialized to connect to [frontier09071.frontier.olcf.ornl.gov]:29500 (errno: 97 - Address family not supported by protocol).
DDStore loading error!!
Initialized process group. world_size=16
world_size=16, world_rank=2, local_rank=2
use_ddstore is : 0
use_ddstore is : 0
use_ddstore is : 0
use_ddstore is : 0
use_ddstore is : 0
use_ddstore is : 0
use_ddstore is : 0
[Rank 1] Assigned 48/781 monthly files (indices 48:96).
[Rank 3] Assigned 48/781 monthly files (indices 144:192).
[Rank 7] Assigned 48/781 monthly files (indices 336:384).
[Rank 6] Assigned 48/781 monthly files (indices 288:336).
[Rank 1] Assigned 2/41 monthly files (indices 2:4).
[Rank 4] Assigned 48/781 monthly files (indices 192:240).
[Rank 3] Assigned 2/41 monthly files (indices 6:8).
[Rank 7] Assigned 2/41 monthly files (indices 14:16).
[Rank 6] Assigned 2/41 monthly files (indices 12:14).
[Rank 4] Assigned 2/41 monthly files (indices 8:10).
[Rank 2] Assigned 48/781 monthly files (indices 96:144).
[Rank 5] Assigned 48/781 monthly files (indices 240:288).
[Rank 2] Assigned 2/41 monthly files (indices 4:6).
[Rank 5] Assigned 2/41 monthly files (indices 10:12).
[W219 17:37:21.719712896 socket.cpp:697] [c10d] The client socket cannot be initialized to connect to [frontier09071.frontier.olcf.ornl.gov]:29500 (errno: 97 - Address family not supported by protocol).
[W219 17:37:21.719679271 socket.cpp:697] [c10d] The client socket cannot be initialized to connect to [frontier09071.frontier.olcf.ornl.gov]:29500 (errno: 97 - Address family not supported by protocol).
[W219 17:37:21.719687877 socket.cpp:697] [c10d] The client socket cannot be initialized to connect to [frontier09071.frontier.olcf.ornl.gov]:29500 (errno: 97 - Address family not supported by protocol).
[W219 17:37:21.719684200 socket.cpp:697] [c10d] The client socket cannot be initialized to connect to [frontier09071.frontier.olcf.ornl.gov]:29500 (errno: 97 - Address family not supported by protocol).
[W219 17:37:21.719932650 socket.cpp:697] [c10d] The client socket cannot be initialized to connect to [frontier09071.frontier.olcf.ornl.gov]:29500 (errno: 97 - Address family not supported by protocol).
[W219 17:37:21.723086805 socket.cpp:697] [c10d] The client socket cannot be initialized to connect to [frontier09071.frontier.olcf.ornl.gov]:29500 (errno: 97 - Address family not supported by protocol).
[W219 17:37:21.733449245 socket.cpp:697] [c10d] The client socket cannot be initialized to connect to [frontier09071.frontier.olcf.ornl.gov]:29500 (errno: 97 - Address family not supported by protocol).
[W219 17:37:21.739269514 socket.cpp:697] [c10d] The client socket cannot be initialized to connect to [frontier09071.frontier.olcf.ornl.gov]:29500 (errno: 97 - Address family not supported by protocol).
DDStore loading error!!
Initialized process group. world_size=16
world_size=16, world_rank=11, local_rank=3
DDStore loading error!!
Initialized process group. world_size=16
world_size=16, world_rank=12, local_rank=4
DDStore loading error!!
Initialized process group. world_size=16
world_size=16, world_rank=13, local_rank=5
DDStore loading error!!
Initialized process group. world_size=16
world_size=16, world_rank=10, local_rank=2
DDStore loading error!!
Initialized process group. world_size=16
world_size=16, world_rank=9, local_rank=1
DDStore loading error!!
Initialized process group. world_size=16
world_size=16, world_rank=14, local_rank=6
DDStore loading error!!
Initialized process group. world_size=16
world_size=16, world_rank=8, local_rank=0
DDStore loading error!!
Initialized process group. world_size=16
world_size=16, world_rank=15, local_rank=7
DDStore loading error!!
Initialized process group. world_size=16
world_size=16, world_rank=0, local_rank=0
Loading config from: /ccs/home/janetw/diffusion/ORBIT-2-sandbox/configs/era5_forecasting.yaml

================================================================================
Training Configuration Summary
================================================================================
Config: /ccs/home/janetw/diffusion/ORBIT-2-sandbox/configs/era5_forecasting.yaml
Max epochs: 30
Data type: bfloat16
Checkpoint: None
Save path: /lustre/orion/csc662/proj-shared/janet/forecasting/orbit_main/era5_forecasting_0.25_deg_sprint_disabled_antialias=True_input_refine_cnn=True
================================================================================

Creating data module for direct forecasting
Input variables: ['temperature_50', 'temperature_250', 'temperature_500', 'temperature_600', 'temperature_700', 'temperature_850', 'temperature_925', '2m_temperature', '10m_u_component_of_wind', '10m_v_component_of_wind', 'latitude', 'land_sea_mask', 'orography', 'landcover']
Output variables: ['2m_temperature']
Setting up distributed data loading: world_size=16
Each GPU will process 1/16 of the dataset
use_ddstore is : 0
use_ddstore is : 0
[Rank 11] Assigned 48/781 monthly files (indices 528:576).
[Rank 12] Assigned 48/781 monthly files (indices 576:624).
[Rank 11] Assigned 2/41 monthly files (indices 22:24).
[Rank 12] Assigned 2/41 monthly files (indices 24:26).
use_ddstore is : 0
[Rank 13] Assigned 48/781 monthly files (indices 624:672).
[Rank 13] Assigned 2/41 monthly files (indices 26:28).
use_ddstore is : 0
[Rank 10] Assigned 48/781 monthly files (indices 480:528).
[Rank 10] Assigned 2/41 monthly files (indices 20:22).
use_ddstore is : 0
use_ddstore is : 0
[Rank 14] Assigned 48/781 monthly files (indices 672:720).
[Rank 9] Assigned 48/781 monthly files (indices 432:480).
[Rank 14] Assigned 2/41 monthly files (indices 28:30).
[Rank 9] Assigned 2/41 monthly files (indices 18:20).
use_ddstore is : 0
use_ddstore is : 0
[Rank 15] Assigned 48/781 monthly files (indices 720:768).
[Rank 15] Assigned 2/41 monthly files (indices 30:32).
[Rank 8] Assigned 48/781 monthly files (indices 384:432).
[Rank 8] Assigned 2/41 monthly files (indices 16:18).
after data_module creation Allocated: 0.00GB, Max Allocated: 0.00GB, Reserved: 0.00GB
use_ddstore is : 0
[Rank 0] Assigned 48/781 monthly files (indices 0:48).
[Monthly Loader] Verifying variables in 1979_0.npz...
[Monthly Loader] Available variables: ['land_sea_mask', 'landcover', 'latitude', 'orography', '10m_u_component_of_wind', '10m_v_component_of_wind', '2m_temperature_max', '2m_temperature_min', '2m_temperature', 'sea_surface_temperature', 'surface_pressure', 'total_precipitation_24hr', 'volumetric_soil_water_layer_1', 'geopotential_50', 'geopotential_100', 'geopotential_150', 'geopotential_200', 'geopotential_250', 'geopotential_300', 'geopotential_400', 'geopotential_500', 'geopotential_600', 'geopotential_700', 'geopotential_850', 'geopotential_925', 'geopotential_1000', 'specific_humidity_50', 'specific_humidity_100', 'specific_humidity_150', 'specific_humidity_200', 'specific_humidity_250', 'specific_humidity_300', 'specific_humidity_400', 'specific_humidity_500', 'specific_humidity_600', 'specific_humidity_700', 'specific_humidity_850', 'specific_humidity_925', 'specific_humidity_1000', 'temperature_50', 'temperature_100', 'temperature_150', 'temperature_200', 'temperature_250', 'temperature_300', 'temperature_400', 'temperature_500', 'temperature_600', 'temperature_700', 'temperature_850', 'temperature_925', 'temperature_1000', 'u_component_of_wind_50', 'u_component_of_wind_100', 'u_component_of_wind_150', 'u_component_of_wind_200', 'u_component_of_wind_250', 'u_component_of_wind_300', 'u_component_of_wind_400', 'u_component_of_wind_500', 'u_component_of_wind_600', 'u_component_of_wind_700', 'u_component_of_wind_850', 'u_component_of_wind_925', 'u_component_of_wind_1000', 'v_component_of_wind_50', 'v_component_of_wind_100', 'v_component_of_wind_150', 'v_component_of_wind_200', 'v_component_of_wind_250', 'v_component_of_wind_300', 'v_component_of_wind_400', 'v_component_of_wind_500', 'v_component_of_wind_600', 'v_component_of_wind_700', 'v_component_of_wind_850', 'v_component_of_wind_925', 'v_component_of_wind_1000', 'days_of_year', 'time_of_day', 'hrs_each_step', 'num_steps_per_shard', 'extra_steps', 'lattitude']
/lustre/orion/csc662/proj-shared/janet/miniconda3/envs/orbit_main/lib/python3.11/site-packages/torch/distributed/fsdp/wrap.py:491: FutureWarning: Please specify CheckpointImpl.NO_REENTRANT as CheckpointImpl.REENTRANT will soon be removed as the default and eventually deprecated.
  return wrapper_cls(module, **kwargs)
/lustre/orion/csc662/proj-shared/janet/miniconda3/envs/orbit_main/lib/python3.11/site-packages/torch/distributed/fsdp/wrap.py:491: FutureWarning: Please specify CheckpointImpl.NO_REENTRANT as CheckpointImpl.REENTRANT will soon be removed as the default and eventually deprecated.
  return wrapper_cls(module, **kwargs)
/lustre/orion/csc662/proj-shared/janet/miniconda3/envs/orbit_main/lib/python3.11/site-packages/torch/distributed/fsdp/wrap.py:491: FutureWarning: Please specify CheckpointImpl.NO_REENTRANT as CheckpointImpl.REENTRANT will soon be removed as the default and eventually deprecated.
  return wrapper_cls(module, **kwargs)
/lustre/orion/csc662/proj-shared/janet/miniconda3/envs/orbit_main/lib/python3.11/site-packages/torch/distributed/fsdp/wrap.py:491: FutureWarning: Please specify CheckpointImpl.NO_REENTRANT as CheckpointImpl.REENTRANT will soon be removed as the default and eventually deprecated.
  return wrapper_cls(module, **kwargs)
/lustre/orion/csc662/proj-shared/janet/miniconda3/envs/orbit_main/lib/python3.11/site-packages/torch/distributed/fsdp/wrap.py:491: FutureWarning: Please specify CheckpointImpl.NO_REENTRANT as CheckpointImpl.REENTRANT will soon be removed as the default and eventually deprecated.
  return wrapper_cls(module, **kwargs)
/lustre/orion/csc662/proj-shared/janet/miniconda3/envs/orbit_main/lib/python3.11/site-packages/torch/distributed/fsdp/wrap.py:491: FutureWarning: Please specify CheckpointImpl.NO_REENTRANT as CheckpointImpl.REENTRANT will soon be removed as the default and eventually deprecated.
  return wrapper_cls(module, **kwargs)
/lustre/orion/csc662/proj-shared/janet/miniconda3/envs/orbit_main/lib/python3.11/site-packages/torch/distributed/fsdp/wrap.py:491: FutureWarning: Please specify CheckpointImpl.NO_REENTRANT as CheckpointImpl.REENTRANT will soon be removed as the default and eventually deprecated.
  return wrapper_cls(module, **kwargs)
/lustre/orion/csc662/proj-shared/janet/miniconda3/envs/orbit_main/lib/python3.11/site-packages/torch/distributed/fsdp/wrap.py:491: FutureWarning: Please specify CheckpointImpl.NO_REENTRANT as CheckpointImpl.REENTRANT will soon be removed as the default and eventually deprecated.
  return wrapper_cls(module, **kwargs)
/lustre/orion/csc662/proj-shared/janet/miniconda3/envs/orbit_main/lib/python3.11/site-packages/torch/distributed/fsdp/wrap.py:491: FutureWarning: Please specify CheckpointImpl.NO_REENTRANT as CheckpointImpl.REENTRANT will soon be removed as the default and eventually deprecated.
  return wrapper_cls(module, **kwargs)
/lustre/orion/csc662/proj-shared/janet/miniconda3/envs/orbit_main/lib/python3.11/site-packages/torch/distributed/fsdp/wrap.py:491: FutureWarning: Please specify CheckpointImpl.NO_REENTRANT as CheckpointImpl.REENTRANT will soon be removed as the default and eventually deprecated.
  return wrapper_cls(module, **kwargs)
/lustre/orion/csc662/proj-shared/janet/miniconda3/envs/orbit_main/lib/python3.11/site-packages/torch/distributed/fsdp/wrap.py:491: FutureWarning: Please specify CheckpointImpl.NO_REENTRANT as CheckpointImpl.REENTRANT will soon be removed as the default and eventually deprecated.
  return wrapper_cls(module, **kwargs)
/lustre/orion/csc662/proj-shared/janet/miniconda3/envs/orbit_main/lib/python3.11/site-packages/torch/distributed/fsdp/wrap.py:491: FutureWarning: Please specify CheckpointImpl.NO_REENTRANT as CheckpointImpl.REENTRANT will soon be removed as the default and eventually deprecated.
  return wrapper_cls(module, **kwargs)
/lustre/orion/csc662/proj-shared/janet/miniconda3/envs/orbit_main/lib/python3.11/site-packages/torch/distributed/fsdp/wrap.py:491: FutureWarning: Please specify CheckpointImpl.NO_REENTRANT as CheckpointImpl.REENTRANT will soon be removed as the default and eventually deprecated.
  return wrapper_cls(module, **kwargs)
/lustre/orion/csc662/proj-shared/janet/miniconda3/envs/orbit_main/lib/python3.11/site-packages/torch/distributed/fsdp/wrap.py:491: FutureWarning: Please specify CheckpointImpl.NO_REENTRANT as CheckpointImpl.REENTRANT will soon be removed as the default and eventually deprecated.
  return wrapper_cls(module, **kwargs)
/lustre/orion/csc662/proj-shared/janet/miniconda3/envs/orbit_main/lib/python3.11/site-packages/torch/distributed/fsdp/wrap.py:491: FutureWarning: Please specify CheckpointImpl.NO_REENTRANT as CheckpointImpl.REENTRANT will soon be removed as the default and eventually deprecated.
  return wrapper_cls(module, **kwargs)
[Monthly Loader] 'latitude': shape=(438, 1, 720, 1440)
[Monthly Loader] 'temperature_50': shape=(438, 1, 720, 1440)
[Monthly Loader] 'temperature_250': shape=(438, 1, 720, 1440)
[Monthly Loader] '10m_v_component_of_wind': shape=(438, 1, 720, 1440)
[Monthly Loader] 'temperature_700': shape=(438, 1, 720, 1440)
[Monthly Loader] 'temperature_850': shape=(438, 1, 720, 1440)
[Monthly Loader] 'temperature_925': shape=(438, 1, 720, 1440)
[Monthly Loader] 'land_sea_mask': shape=(438, 1, 720, 1440)
[Monthly Loader] 'temperature_600': shape=(438, 1, 720, 1440)
[Monthly Loader] 'temperature_500': shape=(438, 1, 720, 1440)
[Monthly Loader] 'landcover': shape=(438, 1, 720, 1440)
[Monthly Loader] 'orography': shape=(438, 1, 720, 1440)
[Monthly Loader] '2m_temperature': shape=(438, 1, 720, 1440)
[Monthly Loader] '10m_u_component_of_wind': shape=(438, 1, 720, 1440)
[Rank 0] Assigned 2/41 monthly files (indices 0:2).
[Monthly Loader] Verifying variables in 2018_0.npz...
[Monthly Loader] Available variables: ['land_sea_mask', 'landcover', 'latitude', 'orography', '10m_u_component_of_wind', '10m_v_component_of_wind', '2m_temperature_max', '2m_temperature_min', '2m_temperature', 'sea_surface_temperature', 'surface_pressure', 'total_precipitation_24hr', 'volumetric_soil_water_layer_1', 'geopotential_50', 'geopotential_100', 'geopotential_150', 'geopotential_200', 'geopotential_250', 'geopotential_300', 'geopotential_400', 'geopotential_500', 'geopotential_600', 'geopotential_700', 'geopotential_850', 'geopotential_925', 'geopotential_1000', 'specific_humidity_50', 'specific_humidity_100', 'specific_humidity_150', 'specific_humidity_200', 'specific_humidity_250', 'specific_humidity_300', 'specific_humidity_400', 'specific_humidity_500', 'specific_humidity_600', 'specific_humidity_700', 'specific_humidity_850', 'specific_humidity_925', 'specific_humidity_1000', 'temperature_50', 'temperature_100', 'temperature_150', 'temperature_200', 'temperature_250', 'temperature_300', 'temperature_400', 'temperature_500', 'temperature_600', 'temperature_700', 'temperature_850', 'temperature_925', 'temperature_1000', 'u_component_of_wind_50', 'u_component_of_wind_100', 'u_component_of_wind_150', 'u_component_of_wind_200', 'u_component_of_wind_250', 'u_component_of_wind_300', 'u_component_of_wind_400', 'u_component_of_wind_500', 'u_component_of_wind_600', 'u_component_of_wind_700', 'u_component_of_wind_850', 'u_component_of_wind_925', 'u_component_of_wind_1000', 'v_component_of_wind_50', 'v_component_of_wind_100', 'v_component_of_wind_150', 'v_component_of_wind_200', 'v_component_of_wind_250', 'v_component_of_wind_300', 'v_component_of_wind_400', 'v_component_of_wind_500', 'v_component_of_wind_600', 'v_component_of_wind_700', 'v_component_of_wind_850', 'v_component_of_wind_925', 'v_component_of_wind_1000', 'days_of_year', 'time_of_day', 'hrs_each_step', 'num_steps_per_shard', 'extra_steps', 'lattitude']
[Monthly Loader] 'latitude': shape=(438, 1, 720, 1440)
[Monthly Loader] 'temperature_50': shape=(438, 1, 720, 1440)
[Monthly Loader] 'temperature_250': shape=(438, 1, 720, 1440)
[Monthly Loader] '10m_v_component_of_wind': shape=(438, 1, 720, 1440)
[Monthly Loader] 'temperature_700': shape=(438, 1, 720, 1440)
[Monthly Loader] 'temperature_850': shape=(438, 1, 720, 1440)
[Monthly Loader] 'temperature_925': shape=(438, 1, 720, 1440)
[Monthly Loader] 'land_sea_mask': shape=(438, 1, 720, 1440)
[Monthly Loader] 'temperature_600': shape=(438, 1, 720, 1440)
[Monthly Loader] 'temperature_500': shape=(438, 1, 720, 1440)
[Monthly Loader] 'landcover': shape=(438, 1, 720, 1440)
[Monthly Loader] 'orography': shape=(438, 1, 720, 1440)
[Monthly Loader] '2m_temperature': shape=(438, 1, 720, 1440)
[Monthly Loader] '10m_u_component_of_wind': shape=(438, 1, 720, 1440)

[DEBUG] Data module created, creating model...
Creating model: res_slimvit
Model config: img_size=(180, 360), in_channels=14, out_channels=1, history=1, superres_factor=4
Model parameters: 9.45M
[DEBUG] Model created, setting up FSDP...
[DEBUG] Starting FSDP wrapping...
[DEBUG] FSDP wrapping completed. Model parameters: 0.59M
/lustre/orion/csc662/proj-shared/janet/miniconda3/envs/orbit_main/lib/python3.11/site-packages/torch/distributed/fsdp/wrap.py:491: FutureWarning: Please specify CheckpointImpl.NO_REENTRANT as CheckpointImpl.REENTRANT will soon be removed as the default and eventually deprecated.
  return wrapper_cls(module, **kwargs)
[DEBUG] FSDP wrapping completed, now creating losses (this may take several minutes)...
[DEBUG] Loading training climatology for lat_mse (this may take a while)...
[DEBUG] Training climatology loaded
[DEBUG] Loading validation climatology...
[DEBUG] Validation climatology loaded
Using lat_mse for training loss
Loss functions created successfully
[DEBUG] Losses created successfully
[rank2]: Traceback (most recent call last):
[rank2]:   File "/autofs/nccs-svm1_home2/janetw/diffusion/ORBIT-2-sandbox/examples/era5_forecasting.py", line 1337, in <module>
[rank2]:     main(device)
[rank2]:   File "/autofs/nccs-svm1_home2/janetw/diffusion/ORBIT-2-sandbox/examples/era5_forecasting.py", line 1222, in main
[rank2]:     aux_difficulty_head.load_state_dict(inner.difficulty_head.state_dict())
[rank2]:                                         ^^^^^^^^^^^^^^^^^^^^^
[rank2]:   File "/lustre/orion/csc662/proj-shared/janet/miniconda3/envs/orbit_main/lib/python3.11/site-packages/torch/nn/modules/module.py", line 1729, in __getattr__
[rank2]:     raise AttributeError(f"'{type(self).__name__}' object has no attribute '{name}'")
[rank2]: AttributeError: 'Res_Slim_ViT' object has no attribute 'difficulty_head'
[rank3]: Traceback (most recent call last):
[rank3]:   File "/autofs/nccs-svm1_home2/janetw/diffusion/ORBIT-2-sandbox/examples/era5_forecasting.py", line 1337, in <module>
[rank3]:     main(device)
[rank3]:   File "/autofs/nccs-svm1_home2/janetw/diffusion/ORBIT-2-sandbox/examples/era5_forecasting.py", line 1222, in main
[rank3]:     aux_difficulty_head.load_state_dict(inner.difficulty_head.state_dict())
[rank3]:                                         ^^^^^^^^^^^^^^^^^^^^^
[rank3]:   File "/lustre/orion/csc662/proj-shared/janet/miniconda3/envs/orbit_main/lib/python3.11/site-packages/torch/nn/modules/module.py", line 1729, in __getattr__
[rank3]:     raise AttributeError(f"'{type(self).__name__}' object has no attribute '{name}'")
[rank3]: AttributeError: 'Res_Slim_ViT' object has no attribute 'difficulty_head'
[rank4]: Traceback (most recent call last):
[rank4]:   File "/autofs/nccs-svm1_home2/janetw/diffusion/ORBIT-2-sandbox/examples/era5_forecasting.py", line 1337, in <module>
[rank4]:     main(device)
[rank4]:   File "/autofs/nccs-svm1_home2/janetw/diffusion/ORBIT-2-sandbox/examples/era5_forecasting.py", line 1222, in main
[rank4]:     aux_difficulty_head.load_state_dict(inner.difficulty_head.state_dict())
[rank4]:                                         ^^^^^^^^^^^^^^^^^^^^^
[rank4]:   File "/lustre/orion/csc662/proj-shared/janet/miniconda3/envs/orbit_main/lib/python3.11/site-packages/torch/nn/modules/module.py", line 1729, in __getattr__
[rank4]:     raise AttributeError(f"'{type(self).__name__}' object has no attribute '{name}'")
[rank4]: AttributeError: 'Res_Slim_ViT' object has no attribute 'difficulty_head'
[rank7]: Traceback (most recent call last):
[rank7]:   File "/autofs/nccs-svm1_home2/janetw/diffusion/ORBIT-2-sandbox/examples/era5_forecasting.py", line 1337, in <module>
[rank7]:     main(device)
[rank7]:   File "/autofs/nccs-svm1_home2/janetw/diffusion/ORBIT-2-sandbox/examples/era5_forecasting.py", line 1222, in main
[rank7]:     aux_difficulty_head.load_state_dict(inner.difficulty_head.state_dict())
[rank7]:                                         ^^^^^^^^^^^^^^^^^^^^^
[rank7]:   File "/lustre/orion/csc662/proj-shared/janet/miniconda3/envs/orbit_main/lib/python3.11/site-packages/torch/nn/modules/module.py", line 1729, in __getattr__
[rank7]:     raise AttributeError(f"'{type(self).__name__}' object has no attribute '{name}'")
[rank7]: AttributeError: 'Res_Slim_ViT' object has no attribute 'difficulty_head'
[rank0]: Traceback (most recent call last):
[rank0]:   File "/autofs/nccs-svm1_home2/janetw/diffusion/ORBIT-2-sandbox/examples/era5_forecasting.py", line 1337, in <module>
[rank0]:     main(device)
[rank0]:   File "/autofs/nccs-svm1_home2/janetw/diffusion/ORBIT-2-sandbox/examples/era5_forecasting.py", line 1222, in main
[rank0]:     aux_difficulty_head.load_state_dict(inner.difficulty_head.state_dict())
[rank0]:                                         ^^^^^^^^^^^^^^^^^^^^^
[rank0]:   File "/lustre/orion/csc662/proj-shared/janet/miniconda3/envs/orbit_main/lib/python3.11/site-packages/torch/nn/modules/module.py", line 1729, in __getattr__
[rank0]:     raise AttributeError(f"'{type(self).__name__}' object has no attribute '{name}'")
[rank0]: AttributeError: 'Res_Slim_ViT' object has no attribute 'difficulty_head'
[rank1]: Traceback (most recent call last):
[rank1]:   File "/autofs/nccs-svm1_home2/janetw/diffusion/ORBIT-2-sandbox/examples/era5_forecasting.py", line 1337, in <module>
[rank1]:     main(device)
[rank1]:   File "/autofs/nccs-svm1_home2/janetw/diffusion/ORBIT-2-sandbox/examples/era5_forecasting.py", line 1222, in main
[rank1]:     aux_difficulty_head.load_state_dict(inner.difficulty_head.state_dict())
[rank1]:                                         ^^^^^^^^^^^^^^^^^^^^^
[rank1]:   File "/lustre/orion/csc662/proj-shared/janet/miniconda3/envs/orbit_main/lib/python3.11/site-packages/torch/nn/modules/module.py", line 1729, in __getattr__
[rank1]:     raise AttributeError(f"'{type(self).__name__}' object has no attribute '{name}'")
[rank1]: AttributeError: 'Res_Slim_ViT' object has no attribute 'difficulty_head'
[rank6]: Traceback (most recent call last):
[rank6]:   File "/autofs/nccs-svm1_home2/janetw/diffusion/ORBIT-2-sandbox/examples/era5_forecasting.py", line 1337, in <module>
[rank6]:     main(device)
[rank6]:   File "/autofs/nccs-svm1_home2/janetw/diffusion/ORBIT-2-sandbox/examples/era5_forecasting.py", line 1222, in main
[rank6]:     aux_difficulty_head.load_state_dict(inner.difficulty_head.state_dict())
[rank6]:                                         ^^^^^^^^^^^^^^^^^^^^^
[rank6]:   File "/lustre/orion/csc662/proj-shared/janet/miniconda3/envs/orbit_main/lib/python3.11/site-packages/torch/nn/modules/module.py", line 1729, in __getattr__
[rank6]:     raise AttributeError(f"'{type(self).__name__}' object has no attribute '{name}'")
[rank6]: AttributeError: 'Res_Slim_ViT' object has no attribute 'difficulty_head'
[rank5]: Traceback (most recent call last):
[rank5]:   File "/autofs/nccs-svm1_home2/janetw/diffusion/ORBIT-2-sandbox/examples/era5_forecasting.py", line 1337, in <module>
[rank5]:     main(device)
[rank5]:   File "/autofs/nccs-svm1_home2/janetw/diffusion/ORBIT-2-sandbox/examples/era5_forecasting.py", line 1222, in main
[rank5]:     aux_difficulty_head.load_state_dict(inner.difficulty_head.state_dict())
[rank5]:                                         ^^^^^^^^^^^^^^^^^^^^^
[rank5]:   File "/lustre/orion/csc662/proj-shared/janet/miniconda3/envs/orbit_main/lib/python3.11/site-packages/torch/nn/modules/module.py", line 1729, in __getattr__
[rank5]:     raise AttributeError(f"'{type(self).__name__}' object has no attribute '{name}'")
[rank5]: AttributeError: 'Res_Slim_ViT' object has no attribute 'difficulty_head'
[rank10]: Traceback (most recent call last):
[rank10]:   File "/autofs/nccs-svm1_home2/janetw/diffusion/ORBIT-2-sandbox/examples/era5_forecasting.py", line 1337, in <module>
[rank10]:     main(device)
[rank10]:   File "/autofs/nccs-svm1_home2/janetw/diffusion/ORBIT-2-sandbox/examples/era5_forecasting.py", line 1222, in main
[rank10]:     aux_difficulty_head.load_state_dict(inner.difficulty_head.state_dict())
[rank10]:                                         ^^^^^^^^^^^^^^^^^^^^^
[rank10]:   File "/lustre/orion/csc662/proj-shared/janet/miniconda3/envs/orbit_main/lib/python3.11/site-packages/torch/nn/modules/module.py", line 1729, in __getattr__
[rank10]:     raise AttributeError(f"'{type(self).__name__}' object has no attribute '{name}'")
[rank10]: AttributeError: 'Res_Slim_ViT' object has no attribute 'difficulty_head'
[rank12]: Traceback (most recent call last):
[rank12]:   File "/autofs/nccs-svm1_home2/janetw/diffusion/ORBIT-2-sandbox/examples/era5_forecasting.py", line 1337, in <module>
[rank12]:     main(device)
[rank12]:   File "/autofs/nccs-svm1_home2/janetw/diffusion/ORBIT-2-sandbox/examples/era5_forecasting.py", line 1222, in main
[rank12]:     aux_difficulty_head.load_state_dict(inner.difficulty_head.state_dict())
[rank12]:                                         ^^^^^^^^^^^^^^^^^^^^^
[rank12]:   File "/lustre/orion/csc662/proj-shared/janet/miniconda3/envs/orbit_main/lib/python3.11/site-packages/torch/nn/modules/module.py", line 1729, in __getattr__
[rank12]:     raise AttributeError(f"'{type(self).__name__}' object has no attribute '{name}'")
[rank12]: AttributeError: 'Res_Slim_ViT' object has no attribute 'difficulty_head'
[rank8]: Traceback (most recent call last):
[rank8]:   File "/autofs/nccs-svm1_home2/janetw/diffusion/ORBIT-2-sandbox/examples/era5_forecasting.py", line 1337, in <module>
[rank8]:     main(device)
[rank8]:   File "/autofs/nccs-svm1_home2/janetw/diffusion/ORBIT-2-sandbox/examples/era5_forecasting.py", line 1222, in main
[rank8]:     aux_difficulty_head.load_state_dict(inner.difficulty_head.state_dict())
[rank8]:                                         ^^^^^^^^^^^^^^^^^^^^^
[rank8]:   File "/lustre/orion/csc662/proj-shared/janet/miniconda3/envs/orbit_main/lib/python3.11/site-packages/torch/nn/modules/module.py", line 1729, in __getattr__
[rank8]:     raise AttributeError(f"'{type(self).__name__}' object has no attribute '{name}'")
[rank8]: AttributeError: 'Res_Slim_ViT' object has no attribute 'difficulty_head'
[rank9]: Traceback (most recent call last):
[rank9]:   File "/autofs/nccs-svm1_home2/janetw/diffusion/ORBIT-2-sandbox/examples/era5_forecasting.py", line 1337, in <module>
[rank9]:     main(device)
[rank9]:   File "/autofs/nccs-svm1_home2/janetw/diffusion/ORBIT-2-sandbox/examples/era5_forecasting.py", line 1222, in main
[rank9]:     aux_difficulty_head.load_state_dict(inner.difficulty_head.state_dict())
[rank9]:                                         ^^^^^^^^^^^^^^^^^^^^^
[rank9]:   File "/lustre/orion/csc662/proj-shared/janet/miniconda3/envs/orbit_main/lib/python3.11/site-packages/torch/nn/modules/module.py", line 1729, in __getattr__
[rank9]:     raise AttributeError(f"'{type(self).__name__}' object has no attribute '{name}'")
[rank9]: AttributeError: 'Res_Slim_ViT' object has no attribute 'difficulty_head'
[rank13]: Traceback (most recent call last):
[rank13]:   File "/autofs/nccs-svm1_home2/janetw/diffusion/ORBIT-2-sandbox/examples/era5_forecasting.py", line 1337, in <module>
[rank13]:     main(device)
[rank13]:   File "/autofs/nccs-svm1_home2/janetw/diffusion/ORBIT-2-sandbox/examples/era5_forecasting.py", line 1222, in main
[rank13]:     aux_difficulty_head.load_state_dict(inner.difficulty_head.state_dict())
[rank13]:                                         ^^^^^^^^^^^^^^^^^^^^^
[rank13]:   File "/lustre/orion/csc662/proj-shared/janet/miniconda3/envs/orbit_main/lib/python3.11/site-packages/torch/nn/modules/module.py", line 1729, in __getattr__
[rank13]:     raise AttributeError(f"'{type(self).__name__}' object has no attribute '{name}'")
[rank13]: AttributeError: 'Res_Slim_ViT' object has no attribute 'difficulty_head'
[rank14]: Traceback (most recent call last):
[rank14]:   File "/autofs/nccs-svm1_home2/janetw/diffusion/ORBIT-2-sandbox/examples/era5_forecasting.py", line 1337, in <module>
[rank14]:     main(device)
[rank14]:   File "/autofs/nccs-svm1_home2/janetw/diffusion/ORBIT-2-sandbox/examples/era5_forecasting.py", line 1222, in main
[rank14]:     aux_difficulty_head.load_state_dict(inner.difficulty_head.state_dict())
[rank14]:                                         ^^^^^^^^^^^^^^^^^^^^^
[rank14]:   File "/lustre/orion/csc662/proj-shared/janet/miniconda3/envs/orbit_main/lib/python3.11/site-packages/torch/nn/modules/module.py", line 1729, in __getattr__
[rank14]:     raise AttributeError(f"'{type(self).__name__}' object has no attribute '{name}'")
[rank14]: AttributeError: 'Res_Slim_ViT' object has no attribute 'difficulty_head'
[rank15]: Traceback (most recent call last):
[rank15]:   File "/autofs/nccs-svm1_home2/janetw/diffusion/ORBIT-2-sandbox/examples/era5_forecasting.py", line 1337, in <module>
[rank15]:     main(device)
[rank15]:   File "/autofs/nccs-svm1_home2/janetw/diffusion/ORBIT-2-sandbox/examples/era5_forecasting.py", line 1222, in main
[rank15]:     aux_difficulty_head.load_state_dict(inner.difficulty_head.state_dict())
[rank15]:                                         ^^^^^^^^^^^^^^^^^^^^^
[rank15]:   File "/lustre/orion/csc662/proj-shared/janet/miniconda3/envs/orbit_main/lib/python3.11/site-packages/torch/nn/modules/module.py", line 1729, in __getattr__
[rank15]:     raise AttributeError(f"'{type(self).__name__}' object has no attribute '{name}'")
[rank15]: AttributeError: 'Res_Slim_ViT' object has no attribute 'difficulty_head'
[rank11]: Traceback (most recent call last):
[rank11]:   File "/autofs/nccs-svm1_home2/janetw/diffusion/ORBIT-2-sandbox/examples/era5_forecasting.py", line 1337, in <module>
[rank11]:     main(device)
[rank11]:   File "/autofs/nccs-svm1_home2/janetw/diffusion/ORBIT-2-sandbox/examples/era5_forecasting.py", line 1222, in main
[rank11]:     aux_difficulty_head.load_state_dict(inner.difficulty_head.state_dict())
[rank11]:                                         ^^^^^^^^^^^^^^^^^^^^^
[rank11]:   File "/lustre/orion/csc662/proj-shared/janet/miniconda3/envs/orbit_main/lib/python3.11/site-packages/torch/nn/modules/module.py", line 1729, in __getattr__
[rank11]:     raise AttributeError(f"'{type(self).__name__}' object has no attribute '{name}'")
[rank11]: AttributeError: 'Res_Slim_ViT' object has no attribute 'difficulty_head'
[rank0]:[W219 17:38:09.629426066 ProcessGroupNCCL.cpp:1168] Warning: WARNING: process group has NOT been destroyed before we destruct ProcessGroupNCCL. On normal program exit, the application should call destroy_process_group to ensure that any pending NCCL operations have finished in this process. In rare cases this process can exit before this point and block the progress of another member of the process group. This constraint has always been present,  but this warning has only been added since PyTorch 2.4 (function operator())
[rank8]:[W219 17:38:09.812810918 ProcessGroupNCCL.cpp:1168] Warning: WARNING: process group has NOT been destroyed before we destruct ProcessGroupNCCL. On normal program exit, the application should call destroy_process_group to ensure that any pending NCCL operations have finished in this process. In rare cases this process can exit before this point and block the progress of another member of the process group. This constraint has always been present,  but this warning has only been added since PyTorch 2.4 (function operator())
srun: error: frontier09071: tasks 0-7: Exited with exit code 1
srun: Terminating StepId=4135198.0
srun: error: frontier10145: tasks 8-15: Exited with exit code 1

real	1m14.818s
user	0m0.020s
sys	0m0.041s
