
Lmod is automatically replacing "cce/18.0.1" with "gcc-native/14.2".


Lmod is automatically replacing "PrgEnv-cray/8.6.0" with "PrgEnv-gnu/8.6.0".


Inactive Modules:
  1) darshan-runtime

Due to MODULEPATH changes, the following have been reloaded:
  1) cray-libsci/24.11.0     2) cray-mpich/8.1.31


Lmod is automatically replacing "gcc-native/14.2" with "gcc/12.2.0".


The following have been reloaded with a version change:
  1) cray-libsci/24.11.0 => cray-libsci/23.09.1.1
  2) cray-mpich/8.1.31 => cray-mpich/8.1.27
  3) libfabric/1.22.0 => libfabric/1.20.1

Job started at: Sun Jan 18 09:59:21 PM EST 2026
Job ID: 4051813
Running on nodes: frontier08358
Number of tasks: 8
Number of nodes: 1
WARNING[XFORMERS]: xFormers can't load C++/CUDA extensions. xFormers was built for:
    PyTorch 2.4.1+cu121 with CUDA 1201 (you have 2.4.1+rocm6.0)
    Python  3.11.10 (you have 3.11.14)
  Please reinstall xformers (see https://github.com/facebookresearch/xformers#installing-xformers)
  Memory-efficient attention, SwiGLU, sparse and more won't be available.
  Set XFORMERS_MORE_DETAILS=1 for more details
/ccs/home/janetw/diffusion/ORBIT-2-sandbox/src/climate_learn/models/hub/components/attention.py:10: FutureWarning: xformers.components is deprecated and is not maintained anymore. It might be removed in a future version of xFormers 
  from xformers.components.attention.core import scaled_dot_product_attention as xformers_sdpa
[W118 21:59:41.398800383 socket.cpp:697] [c10d] The client socket cannot be initialized to connect to [frontier08358.frontier.olcf.ornl.gov]:29500 (errno: 97 - Address family not supported by protocol).
WARNING[XFORMERS]: xFormers can't load C++/CUDA extensions. xFormers was built for:
    PyTorch 2.4.1+cu121 with CUDA 1201 (you have 2.4.1+rocm6.0)
    Python  3.11.10 (you have 3.11.14)
  Please reinstall xformers (see https://github.com/facebookresearch/xformers#installing-xformers)
  Memory-efficient attention, SwiGLU, sparse and more won't be available.
  Set XFORMERS_MORE_DETAILS=1 for more details
WARNING[XFORMERS]: xFormers can't load C++/CUDA extensions. xFormers was built for:
    PyTorch 2.4.1+cu121 with CUDA 1201 (you have 2.4.1+rocm6.0)
    Python  3.11.10 (you have 3.11.14)
  Please reinstall xformers (see https://github.com/facebookresearch/xformers#installing-xformers)
  Memory-efficient attention, SwiGLU, sparse and more won't be available.
  Set XFORMERS_MORE_DETAILS=1 for more details
WARNING[XFORMERS]: xFormers can't load C++/CUDA extensions. xFormers was built for:
    PyTorch 2.4.1+cu121 with CUDA 1201 (you have 2.4.1+rocm6.0)
    Python  3.11.10 (you have 3.11.14)
  Please reinstall xformers (see https://github.com/facebookresearch/xformers#installing-xformers)
  Memory-efficient attention, SwiGLU, sparse and more won't be available.
  Set XFORMERS_MORE_DETAILS=1 for more details
WARNING[XFORMERS]: xFormers can't load C++/CUDA extensions. xFormers was built for:
    PyTorch 2.4.1+cu121 with CUDA 1201 (you have 2.4.1+rocm6.0)
    Python  3.11.10 (you have 3.11.14)
  Please reinstall xformers (see https://github.com/facebookresearch/xformers#installing-xformers)
  Memory-efficient attention, SwiGLU, sparse and more won't be available.
  Set XFORMERS_MORE_DETAILS=1 for more details
WARNING[XFORMERS]: xFormers can't load C++/CUDA extensions. xFormers was built for:
    PyTorch 2.4.1+cu121 with CUDA 1201 (you have 2.4.1+rocm6.0)
    Python  3.11.10 (you have 3.11.14)
  Please reinstall xformers (see https://github.com/facebookresearch/xformers#installing-xformers)
  Memory-efficient attention, SwiGLU, sparse and more won't be available.
  Set XFORMERS_MORE_DETAILS=1 for more details
WARNING[XFORMERS]: xFormers can't load C++/CUDA extensions. xFormers was built for:
    PyTorch 2.4.1+cu121 with CUDA 1201 (you have 2.4.1+rocm6.0)
    Python  3.11.10 (you have 3.11.14)
  Please reinstall xformers (see https://github.com/facebookresearch/xformers#installing-xformers)
  Memory-efficient attention, SwiGLU, sparse and more won't be available.
  Set XFORMERS_MORE_DETAILS=1 for more details
WARNING[XFORMERS]: xFormers can't load C++/CUDA extensions. xFormers was built for:
    PyTorch 2.4.1+cu121 with CUDA 1201 (you have 2.4.1+rocm6.0)
    Python  3.11.10 (you have 3.11.14)
  Please reinstall xformers (see https://github.com/facebookresearch/xformers#installing-xformers)
  Memory-efficient attention, SwiGLU, sparse and more won't be available.
  Set XFORMERS_MORE_DETAILS=1 for more details
/ccs/home/janetw/diffusion/ORBIT-2-sandbox/src/climate_learn/models/hub/components/attention.py:10: FutureWarning: xformers.components is deprecated and is not maintained anymore. It might be removed in a future version of xFormers 
  from xformers.components.attention.core import scaled_dot_product_attention as xformers_sdpa
/ccs/home/janetw/diffusion/ORBIT-2-sandbox/src/climate_learn/models/hub/components/attention.py:10: FutureWarning: xformers.components is deprecated and is not maintained anymore. It might be removed in a future version of xFormers 
  from xformers.components.attention.core import scaled_dot_product_attention as xformers_sdpa
/ccs/home/janetw/diffusion/ORBIT-2-sandbox/src/climate_learn/models/hub/components/attention.py:10: FutureWarning: xformers.components is deprecated and is not maintained anymore. It might be removed in a future version of xFormers 
  from xformers.components.attention.core import scaled_dot_product_attention as xformers_sdpa
/ccs/home/janetw/diffusion/ORBIT-2-sandbox/src/climate_learn/models/hub/components/attention.py:10: FutureWarning: xformers.components is deprecated and is not maintained anymore. It might be removed in a future version of xFormers 
  from xformers.components.attention.core import scaled_dot_product_attention as xformers_sdpa
/ccs/home/janetw/diffusion/ORBIT-2-sandbox/src/climate_learn/models/hub/components/attention.py:10: FutureWarning: xformers.components is deprecated and is not maintained anymore. It might be removed in a future version of xFormers 
  from xformers.components.attention.core import scaled_dot_product_attention as xformers_sdpa
[W118 21:59:44.182984327 socket.cpp:697] [c10d] The client socket cannot be initialized to connect to [frontier08358.frontier.olcf.ornl.gov]:29500 (errno: 97 - Address family not supported by protocol).
/ccs/home/janetw/diffusion/ORBIT-2-sandbox/src/climate_learn/models/hub/components/attention.py:10: FutureWarning: xformers.components is deprecated and is not maintained anymore. It might be removed in a future version of xFormers 
  from xformers.components.attention.core import scaled_dot_product_attention as xformers_sdpa
[W118 21:59:44.264064257 socket.cpp:697] [c10d] The client socket cannot be initialized to connect to [frontier08358.frontier.olcf.ornl.gov]:29500 (errno: 97 - Address family not supported by protocol).
[W118 21:59:44.273088986 socket.cpp:697] [c10d] The client socket cannot be initialized to connect to [frontier08358.frontier.olcf.ornl.gov]:29500 (errno: 97 - Address family not supported by protocol).
[W118 21:59:44.375566673 socket.cpp:697] [c10d] The client socket cannot be initialized to connect to [frontier08358.frontier.olcf.ornl.gov]:29500 (errno: 97 - Address family not supported by protocol).
DDStore loading error!!
Initialized process group. world_size=8
world_size=8, world_rank=7, local_rank=7
/ccs/home/janetw/diffusion/ORBIT-2-sandbox/src/climate_learn/models/hub/components/attention.py:10: FutureWarning: xformers.components is deprecated and is not maintained anymore. It might be removed in a future version of xFormers 
  from xformers.components.attention.core import scaled_dot_product_attention as xformers_sdpa
use_ddstore is : 0
[Rank 7] Assigned 40/321 monthly files.
[Rank 7] Assigned 1/9 monthly files.
[W118 21:59:44.566194546 socket.cpp:697] [c10d] The client socket cannot be initialized to connect to [frontier08358.frontier.olcf.ornl.gov]:29500 (errno: 97 - Address family not supported by protocol).
DDStore loading error!!
Initialized process group. world_size=8
world_size=8, world_rank=1, local_rank=1
[W118 21:59:44.586807867 socket.cpp:697] [c10d] The client socket cannot be initialized to connect to [frontier08358.frontier.olcf.ornl.gov]:29500 (errno: 97 - Address family not supported by protocol).
DDStore loading error!!
Initialized process group. world_size=8
world_size=8, world_rank=2, local_rank=2
use_ddstore is : 0
[Rank 1] Assigned 40/321 monthly files.
[Rank 1] Assigned 1/9 monthly files.
use_ddstore is : 0
[Rank 2] Assigned 40/321 monthly files.
[Rank 2] Assigned 1/9 monthly files.
[W118 21:59:44.901273401 socket.cpp:697] [c10d] The client socket cannot be initialized to connect to [frontier08358.frontier.olcf.ornl.gov]:29500 (errno: 97 - Address family not supported by protocol).
DDStore loading error!!
Initialized process group. world_size=8
world_size=8, world_rank=3, local_rank=3
use_ddstore is : 0
[Rank 3] Assigned 40/321 monthly files.
[Rank 3] Assigned 1/9 monthly files.
DDStore loading error!!
Initialized process group. world_size=8
world_size=8, world_rank=6, local_rank=6
use_ddstore is : 0
[Rank 6] Assigned 40/321 monthly files.
[Rank 6] Assigned 1/9 monthly files.
DDStore loading error!!
Initialized process group. world_size=8
world_size=8, world_rank=4, local_rank=4
DDStore loading error!!
Initialized process group. world_size=8
world_size=8, world_rank=5, local_rank=5
DDStore loading error!!
Initialized process group. world_size=8
world_size=8, world_rank=0, local_rank=0
Loading config from: /ccs/home/janetw/diffusion/ORBIT-2-sandbox/configs/era5_forecasting.yaml

================================================================================
Training Configuration Summary
================================================================================
Config: /ccs/home/janetw/diffusion/ORBIT-2-sandbox/configs/era5_forecasting.yaml
Max epochs: 30
Data type: bfloat16
Checkpoint: None
Save path: /lustre/orion/csc662/proj-shared/janet/forecasting/orbit_main/era5_forecasting_1.40625_deg
================================================================================

Creating data module for direct forecasting
Input variables: ['temperature_50', 'temperature_250', 'temperature_500', 'temperature_600', 'temperature_700', 'temperature_850', 'temperature_925', '2m_temperature', '10m_u_component_of_wind', '10m_v_component_of_wind', 'lattitude', 'land_sea_mask', 'orography']
Output variables: ['2m_temperature']
Setting up distributed data loading: world_size=8
Each GPU will process 1/8 of the dataset
/lustre/orion/csc662/proj-shared/janet/miniconda3/envs/orbit_main/lib/python3.11/site-packages/torch/distributed/fsdp/wrap.py:491: FutureWarning: Please specify CheckpointImpl.NO_REENTRANT as CheckpointImpl.REENTRANT will soon be removed as the default and eventually deprecated.
  return wrapper_cls(module, **kwargs)
/lustre/orion/csc662/proj-shared/janet/miniconda3/envs/orbit_main/lib/python3.11/site-packages/torch/distributed/fsdp/wrap.py:491: FutureWarning: Please specify CheckpointImpl.NO_REENTRANT as CheckpointImpl.REENTRANT will soon be removed as the default and eventually deprecated.
  return wrapper_cls(module, **kwargs)
after data_module creation Allocated: 0.00GB, Reserved: 0.00GB
use_ddstore is : 0
[Rank 0] Assigned 41/321 monthly files.
[Rank 0] Assigned 2/9 monthly files.
Creating model: res_slimvit
Model config: img_size=(32, 64), in_channels=13, out_channels=1, history=1, superres_factor=4
/lustre/orion/csc662/proj-shared/janet/miniconda3/envs/orbit_main/lib/python3.11/site-packages/torch/distributed/fsdp/wrap.py:491: FutureWarning: Please specify CheckpointImpl.NO_REENTRANT as CheckpointImpl.REENTRANT will soon be removed as the default and eventually deprecated.
  return wrapper_cls(module, **kwargs)
use_ddstore is : 0
[Rank 5] Assigned 40/321 monthly files.
[Rank 5] Assigned 1/9 monthly files.
use_ddstore is : 0
[Rank 4] Assigned 40/321 monthly files.
[Rank 4] Assigned 1/9 monthly files.
Model parameters: 5.44M
/lustre/orion/csc662/proj-shared/janet/miniconda3/envs/orbit_main/lib/python3.11/site-packages/torch/distributed/fsdp/wrap.py:491: FutureWarning: Please specify CheckpointImpl.NO_REENTRANT as CheckpointImpl.REENTRANT will soon be removed as the default and eventually deprecated.
  return wrapper_cls(module, **kwargs)
/lustre/orion/csc662/proj-shared/janet/miniconda3/envs/orbit_main/lib/python3.11/site-packages/torch/distributed/fsdp/wrap.py:491: FutureWarning: Please specify CheckpointImpl.NO_REENTRANT as CheckpointImpl.REENTRANT will soon be removed as the default and eventually deprecated.
  return wrapper_cls(module, **kwargs)
/lustre/orion/csc662/proj-shared/janet/miniconda3/envs/orbit_main/lib/python3.11/site-packages/torch/distributed/fsdp/wrap.py:491: FutureWarning: Please specify CheckpointImpl.NO_REENTRANT as CheckpointImpl.REENTRANT will soon be removed as the default and eventually deprecated.
  return wrapper_cls(module, **kwargs)
FSDP wrapping completed, now creating losses...
Loading training climatology for lat_mse (this may take a while)...
Loading validation climatology...
Using lat_mse for training loss
Loss functions created successfully
Losses created successfully

================================================================================
Starting epoch 0
================================================================================

/lustre/orion/csc662/proj-shared/janet/miniconda3/envs/orbit_main/lib/python3.11/site-packages/torch/distributed/fsdp/wrap.py:491: FutureWarning: Please specify CheckpointImpl.NO_REENTRANT as CheckpointImpl.REENTRANT will soon be removed as the default and eventually deprecated.
  return wrapper_cls(module, **kwargs)
/lustre/orion/csc662/proj-shared/janet/miniconda3/envs/orbit_main/lib/python3.11/site-packages/torch/distributed/fsdp/wrap.py:491: FutureWarning: Please specify CheckpointImpl.NO_REENTRANT as CheckpointImpl.REENTRANT will soon be removed as the default and eventually deprecated.
  return wrapper_cls(module, **kwargs)
/lustre/orion/csc662/proj-shared/janet/miniconda3/envs/orbit_main/lib/python3.11/site-packages/torch/utils/checkpoint.py:295: FutureWarning: `torch.cpu.amp.autocast(args...)` is deprecated. Please use `torch.amp.autocast('cpu', args...)` instead.
  with torch.enable_grad(), device_autocast_ctx, torch.cpu.amp.autocast(**ctx.cpu_autocast_kwargs):  # type: ignore[attr-defined]
/lustre/orion/csc662/proj-shared/janet/miniconda3/envs/orbit_main/lib/python3.11/site-packages/torch/utils/checkpoint.py:295: FutureWarning: `torch.cpu.amp.autocast(args...)` is deprecated. Please use `torch.amp.autocast('cpu', args...)` instead.
  with torch.enable_grad(), device_autocast_ctx, torch.cpu.amp.autocast(**ctx.cpu_autocast_kwargs):  # type: ignore[attr-defined]
/lustre/orion/csc662/proj-shared/janet/miniconda3/envs/orbit_main/lib/python3.11/site-packages/torch/utils/checkpoint.py:295: FutureWarning: `torch.cpu.amp.autocast(args...)` is deprecated. Please use `torch.amp.autocast('cpu', args...)` instead.
  with torch.enable_grad(), device_autocast_ctx, torch.cpu.amp.autocast(**ctx.cpu_autocast_kwargs):  # type: ignore[attr-defined]
/lustre/orion/csc662/proj-shared/janet/miniconda3/envs/orbit_main/lib/python3.11/site-packages/torch/utils/checkpoint.py:295: FutureWarning: `torch.cpu.amp.autocast(args...)` is deprecated. Please use `torch.amp.autocast('cpu', args...)` instead.
  with torch.enable_grad(), device_autocast_ctx, torch.cpu.amp.autocast(**ctx.cpu_autocast_kwargs):  # type: ignore[attr-defined]
/lustre/orion/csc662/proj-shared/janet/miniconda3/envs/orbit_main/lib/python3.11/site-packages/torch/utils/checkpoint.py:295: FutureWarning: `torch.cpu.amp.autocast(args...)` is deprecated. Please use `torch.amp.autocast('cpu', args...)` instead.
  with torch.enable_grad(), device_autocast_ctx, torch.cpu.amp.autocast(**ctx.cpu_autocast_kwargs):  # type: ignore[attr-defined]
/lustre/orion/csc662/proj-shared/janet/miniconda3/envs/orbit_main/lib/python3.11/site-packages/torch/utils/checkpoint.py:295: FutureWarning: `torch.cpu.amp.autocast(args...)` is deprecated. Please use `torch.amp.autocast('cpu', args...)` instead.
  with torch.enable_grad(), device_autocast_ctx, torch.cpu.amp.autocast(**ctx.cpu_autocast_kwargs):  # type: ignore[attr-defined]
/lustre/orion/csc662/proj-shared/janet/miniconda3/envs/orbit_main/lib/python3.11/site-packages/torch/utils/checkpoint.py:295: FutureWarning: `torch.cpu.amp.autocast(args...)` is deprecated. Please use `torch.amp.autocast('cpu', args...)` instead.
  with torch.enable_grad(), device_autocast_ctx, torch.cpu.amp.autocast(**ctx.cpu_autocast_kwargs):  # type: ignore[attr-defined]
/lustre/orion/csc662/proj-shared/janet/miniconda3/envs/orbit_main/lib/python3.11/site-packages/torch/utils/checkpoint.py:295: FutureWarning: `torch.cpu.amp.autocast(args...)` is deprecated. Please use `torch.amp.autocast('cpu', args...)` instead.
  with torch.enable_grad(), device_autocast_ctx, torch.cpu.amp.autocast(**ctx.cpu_autocast_kwargs):  # type: ignore[attr-defined]
Epoch 0 | Batch 0 | Loss: 0.728322 | Time: 28.107s | LR: 1.00e-08
rank 0 Batch 0 Allocated: 0.01GB, Reserved: 0.09GB
Epoch 0 | Batch 50 | Loss: 0.716639 | Time: 9.752s | LR: 1.00e-08
rank 0 Batch 50 Allocated: 0.01GB, Reserved: 0.09GB
Warning: orography not found in /lustre/orion/lrn036/world-shared/ERA5_npz/1.40625_deg/train/climatology.npz
Warning: lattitude not found in /lustre/orion/lrn036/world-shared/ERA5_npz/1.40625_deg/train/climatology.npz
Warning: land_sea_mask not found in /lustre/orion/lrn036/world-shared/ERA5_npz/1.40625_deg/train/climatology.npz

================================================================================
Epoch 0 completed | Average Loss: 0.715327
================================================================================

rank 0 Before saving checkpoint Allocated: 0.01GB, Reserved: 0.09GB
Saved checkpoint to: /lustre/orion/csc662/proj-shared/janet/forecasting/orbit_main/era5_forecasting_1.40625_deg/checkpoint_epoch_0000.pt
rank 0 After saving checkpoint Allocated: 0.01GB, Reserved: 0.09GB

================================================================================
Starting epoch 1
================================================================================

Epoch 1 | Batch 0 | Loss: 0.714058 | Time: 1.009s | LR: 2.64e-03
rank 0 Batch 0 Allocated: 0.01GB, Reserved: 4.67GB
Epoch 1 | Batch 50 | Loss: 0.056045 | Time: 0.441s | LR: 2.64e-03
rank 0 Batch 50 Allocated: 0.01GB, Reserved: 4.67GB
Warning: orography not found in /lustre/orion/lrn036/world-shared/ERA5_npz/1.40625_deg/train/climatology.npz
Warning: lattitude not found in /lustre/orion/lrn036/world-shared/ERA5_npz/1.40625_deg/train/climatology.npz
Warning: land_sea_mask not found in /lustre/orion/lrn036/world-shared/ERA5_npz/1.40625_deg/train/climatology.npz

================================================================================
Epoch 1 completed | Average Loss: 0.245186
================================================================================

rank 0 Before saving checkpoint Allocated: 0.01GB, Reserved: 4.67GB
Saved checkpoint to: /lustre/orion/csc662/proj-shared/janet/forecasting/orbit_main/era5_forecasting_1.40625_deg/checkpoint_epoch_0001.pt
rank 0 After saving checkpoint Allocated: 0.01GB, Reserved: 4.67GB

================================================================================
Starting epoch 2
================================================================================

Epoch 2 | Batch 0 | Loss: 0.060245 | Time: 0.683s | LR: 2.63e-03
rank 0 Batch 0 Allocated: 0.01GB, Reserved: 4.67GB
Epoch 2 | Batch 50 | Loss: 0.050426 | Time: 0.443s | LR: 2.63e-03
rank 0 Batch 50 Allocated: 0.01GB, Reserved: 4.67GB
Warning: orography not found in /lustre/orion/lrn036/world-shared/ERA5_npz/1.40625_deg/train/climatology.npz
Warning: lattitude not found in /lustre/orion/lrn036/world-shared/ERA5_npz/1.40625_deg/train/climatology.npz
Warning: land_sea_mask not found in /lustre/orion/lrn036/world-shared/ERA5_npz/1.40625_deg/train/climatology.npz

================================================================================
Epoch 2 completed | Average Loss: 0.050466
================================================================================

rank 0 Before saving checkpoint Allocated: 0.01GB, Reserved: 4.67GB
Saved checkpoint to: /lustre/orion/csc662/proj-shared/janet/forecasting/orbit_main/era5_forecasting_1.40625_deg/checkpoint_epoch_0002.pt
rank 0 After saving checkpoint Allocated: 0.01GB, Reserved: 4.67GB

================================================================================
Starting epoch 3
================================================================================

Epoch 3 | Batch 0 | Loss: 0.049316 | Time: 0.861s | LR: 2.61e-03
rank 0 Batch 0 Allocated: 0.01GB, Reserved: 4.67GB
srun: Job step aborted: Waiting up to 32 seconds for job step to finish.
slurmstepd: error: *** STEP 4051813.0 ON frontier08358 CANCELLED AT 2026-01-18T22:19:41 DUE TO TIME LIMIT ***
slurmstepd: error: *** JOB 4051813 ON frontier08358 CANCELLED AT 2026-01-18T22:19:41 DUE TO TIME LIMIT ***
