
Lmod is automatically replacing "cce/18.0.1" with "gcc-native/14.2".


Lmod is automatically replacing "PrgEnv-cray/8.6.0" with "PrgEnv-gnu/8.6.0".


Inactive Modules:
  1) darshan-runtime

Due to MODULEPATH changes, the following have been reloaded:
  1) cray-libsci/24.11.0     2) cray-mpich/8.1.31


Lmod is automatically replacing "gcc-native/14.2" with "gcc/12.2.0".


The following have been reloaded with a version change:
  1) cray-libsci/24.11.0 => cray-libsci/23.09.1.1
  2) cray-mpich/8.1.31 => cray-mpich/8.1.27
  3) libfabric/1.22.0 => libfabric/1.20.1

Job started at: Sun Jan 25 01:01:25 PM EST 2026
Job ID: 4068912
Running on nodes: frontier[03607-03608]
Number of tasks: 16
Number of nodes: 2
WARNING[XFORMERS]: xFormers can't load C++/CUDA extensions. xFormers was built for:
    PyTorch 2.4.1+cu121 with CUDA 1201 (you have 2.4.1+rocm6.0)
    Python  3.11.10 (you have 3.11.14)
  Please reinstall xformers (see https://github.com/facebookresearch/xformers#installing-xformers)
  Memory-efficient attention, SwiGLU, sparse and more won't be available.
  Set XFORMERS_MORE_DETAILS=1 for more details
WARNING[XFORMERS]: xFormers can't load C++/CUDA extensions. xFormers was built for:
    PyTorch 2.4.1+cu121 with CUDA 1201 (you have 2.4.1+rocm6.0)
    Python  3.11.10 (you have 3.11.14)
  Please reinstall xformers (see https://github.com/facebookresearch/xformers#installing-xformers)
  Memory-efficient attention, SwiGLU, sparse and more won't be available.
  Set XFORMERS_MORE_DETAILS=1 for more details
WARNING[XFORMERS]: xFormers can't load C++/CUDA extensions. xFormers was built for:
    PyTorch 2.4.1+cu121 with CUDA 1201 (you have 2.4.1+rocm6.0)
    Python  3.11.10 (you have 3.11.14)
  Please reinstall xformers (see https://github.com/facebookresearch/xformers#installing-xformers)
  Memory-efficient attention, SwiGLU, sparse and more won't be available.
  Set XFORMERS_MORE_DETAILS=1 for more details
WARNING[XFORMERS]: xFormers can't load C++/CUDA extensions. xFormers was built for:
    PyTorch 2.4.1+cu121 with CUDA 1201 (you have 2.4.1+rocm6.0)
    Python  3.11.10 (you have 3.11.14)
  Please reinstall xformers (see https://github.com/facebookresearch/xformers#installing-xformers)
  Memory-efficient attention, SwiGLU, sparse and more won't be available.
  Set XFORMERS_MORE_DETAILS=1 for more details
WARNING[XFORMERS]: xFormers can't load C++/CUDA extensions. xFormers was built for:
    PyTorch 2.4.1+cu121 with CUDA 1201 (you have 2.4.1+rocm6.0)
    Python  3.11.10 (you have 3.11.14)
  Please reinstall xformers (see https://github.com/facebookresearch/xformers#installing-xformers)
  Memory-efficient attention, SwiGLU, sparse and more won't be available.
  Set XFORMERS_MORE_DETAILS=1 for more details
WARNING[XFORMERS]: xFormers can't load C++/CUDA extensions. xFormers was built for:
    PyTorch 2.4.1+cu121 with CUDA 1201 (you have 2.4.1+rocm6.0)
    Python  3.11.10 (you have 3.11.14)
  Please reinstall xformers (see https://github.com/facebookresearch/xformers#installing-xformers)
  Memory-efficient attention, SwiGLU, sparse and more won't be available.
  Set XFORMERS_MORE_DETAILS=1 for more details
/ccs/home/janetw/diffusion/ORBIT-2-sandbox/src/climate_learn/models/hub/components/attention.py:10: FutureWarning: xformers.components is deprecated and is not maintained anymore. It might be removed in a future version of xFormers 
  from xformers.components.attention.core import scaled_dot_product_attention as xformers_sdpa
/ccs/home/janetw/diffusion/ORBIT-2-sandbox/src/climate_learn/models/hub/components/attention.py:10: FutureWarning: xformers.components is deprecated and is not maintained anymore. It might be removed in a future version of xFormers 
  from xformers.components.attention.core import scaled_dot_product_attention as xformers_sdpa
/ccs/home/janetw/diffusion/ORBIT-2-sandbox/src/climate_learn/models/hub/components/attention.py:10: FutureWarning: xformers.components is deprecated and is not maintained anymore. It might be removed in a future version of xFormers 
  from xformers.components.attention.core import scaled_dot_product_attention as xformers_sdpa
WARNING[XFORMERS]: xFormers can't load C++/CUDA extensions. xFormers was built for:
    PyTorch 2.4.1+cu121 with CUDA 1201 (you have 2.4.1+rocm6.0)
    Python  3.11.10 (you have 3.11.14)
  Please reinstall xformers (see https://github.com/facebookresearch/xformers#installing-xformers)
  Memory-efficient attention, SwiGLU, sparse and more won't be available.
  Set XFORMERS_MORE_DETAILS=1 for more details
WARNING[XFORMERS]: xFormers can't load C++/CUDA extensions. xFormers was built for:
    PyTorch 2.4.1+cu121 with CUDA 1201 (you have 2.4.1+rocm6.0)
    Python  3.11.10 (you have 3.11.14)
  Please reinstall xformers (see https://github.com/facebookresearch/xformers#installing-xformers)
  Memory-efficient attention, SwiGLU, sparse and more won't be available.
  Set XFORMERS_MORE_DETAILS=1 for more details
WARNING[XFORMERS]: xFormers can't load C++/CUDA extensions. xFormers was built for:
    PyTorch 2.4.1+cu121 with CUDA 1201 (you have 2.4.1+rocm6.0)
    Python  3.11.10 (you have 3.11.14)
  Please reinstall xformers (see https://github.com/facebookresearch/xformers#installing-xformers)
  Memory-efficient attention, SwiGLU, sparse and more won't be available.
  Set XFORMERS_MORE_DETAILS=1 for more details
WARNING[XFORMERS]: xFormers can't load C++/CUDA extensions. xFormers was built for:
    PyTorch 2.4.1+cu121 with CUDA 1201 (you have 2.4.1+rocm6.0)
    Python  3.11.10 (you have 3.11.14)
  Please reinstall xformers (see https://github.com/facebookresearch/xformers#installing-xformers)
  Memory-efficient attention, SwiGLU, sparse and more won't be available.
  Set XFORMERS_MORE_DETAILS=1 for more details
[W125 13:01:47.670993138 socket.cpp:697] [c10d] The client socket cannot be initialized to connect to [frontier03607.frontier.olcf.ornl.gov]:29500 (errno: 97 - Address family not supported by protocol).
[W125 13:01:47.678561781 socket.cpp:697] [c10d] The client socket cannot be initialized to connect to [frontier03607.frontier.olcf.ornl.gov]:29500 (errno: 97 - Address family not supported by protocol).
[W125 13:01:47.100657844 socket.cpp:697] [c10d] The client socket cannot be initialized to connect to [frontier03607.frontier.olcf.ornl.gov]:29500 (errno: 97 - Address family not supported by protocol).
WARNING[XFORMERS]: xFormers can't load C++/CUDA extensions. xFormers was built for:
    PyTorch 2.4.1+cu121 with CUDA 1201 (you have 2.4.1+rocm6.0)
    Python  3.11.10 (you have 3.11.14)
  Please reinstall xformers (see https://github.com/facebookresearch/xformers#installing-xformers)
  Memory-efficient attention, SwiGLU, sparse and more won't be available.
  Set XFORMERS_MORE_DETAILS=1 for more details
WARNING[XFORMERS]: xFormers can't load C++/CUDA extensions. xFormers was built for:
    PyTorch 2.4.1+cu121 with CUDA 1201 (you have 2.4.1+rocm6.0)
    Python  3.11.10 (you have 3.11.14)
  Please reinstall xformers (see https://github.com/facebookresearch/xformers#installing-xformers)
  Memory-efficient attention, SwiGLU, sparse and more won't be available.
  Set XFORMERS_MORE_DETAILS=1 for more details
WARNING[XFORMERS]: xFormers can't load C++/CUDA extensions. xFormers was built for:
    PyTorch 2.4.1+cu121 with CUDA 1201 (you have 2.4.1+rocm6.0)
    Python  3.11.10 (you have 3.11.14)
  Please reinstall xformers (see https://github.com/facebookresearch/xformers#installing-xformers)
  Memory-efficient attention, SwiGLU, sparse and more won't be available.
  Set XFORMERS_MORE_DETAILS=1 for more details
WARNING[XFORMERS]: xFormers can't load C++/CUDA extensions. xFormers was built for:
    PyTorch 2.4.1+cu121 with CUDA 1201 (you have 2.4.1+rocm6.0)
    Python  3.11.10 (you have 3.11.14)
  Please reinstall xformers (see https://github.com/facebookresearch/xformers#installing-xformers)
  Memory-efficient attention, SwiGLU, sparse and more won't be available.
  Set XFORMERS_MORE_DETAILS=1 for more details
WARNING[XFORMERS]: xFormers can't load C++/CUDA extensions. xFormers was built for:
    PyTorch 2.4.1+cu121 with CUDA 1201 (you have 2.4.1+rocm6.0)
    Python  3.11.10 (you have 3.11.14)
  Please reinstall xformers (see https://github.com/facebookresearch/xformers#installing-xformers)
  Memory-efficient attention, SwiGLU, sparse and more won't be available.
  Set XFORMERS_MORE_DETAILS=1 for more details
WARNING[XFORMERS]: xFormers can't load C++/CUDA extensions. xFormers was built for:
    PyTorch 2.4.1+cu121 with CUDA 1201 (you have 2.4.1+rocm6.0)
    Python  3.11.10 (you have 3.11.14)
  Please reinstall xformers (see https://github.com/facebookresearch/xformers#installing-xformers)
  Memory-efficient attention, SwiGLU, sparse and more won't be available.
  Set XFORMERS_MORE_DETAILS=1 for more details
/ccs/home/janetw/diffusion/ORBIT-2-sandbox/src/climate_learn/models/hub/components/attention.py:10: FutureWarning: xformers.components is deprecated and is not maintained anymore. It might be removed in a future version of xFormers 
  from xformers.components.attention.core import scaled_dot_product_attention as xformers_sdpa
/ccs/home/janetw/diffusion/ORBIT-2-sandbox/src/climate_learn/models/hub/components/attention.py:10: FutureWarning: xformers.components is deprecated and is not maintained anymore. It might be removed in a future version of xFormers 
  from xformers.components.attention.core import scaled_dot_product_attention as xformers_sdpa
/ccs/home/janetw/diffusion/ORBIT-2-sandbox/src/climate_learn/models/hub/components/attention.py:10: FutureWarning: xformers.components is deprecated and is not maintained anymore. It might be removed in a future version of xFormers 
  from xformers.components.attention.core import scaled_dot_product_attention as xformers_sdpa
[W125 13:01:47.502031031 socket.cpp:697] [c10d] The client socket cannot be initialized to connect to [frontier03607.frontier.olcf.ornl.gov]:29500 (errno: 97 - Address family not supported by protocol).
[W125 13:01:47.503099392 socket.cpp:697] [c10d] The client socket cannot be initialized to connect to [frontier03607.frontier.olcf.ornl.gov]:29500 (errno: 97 - Address family not supported by protocol).
[W125 13:01:47.507737323 socket.cpp:697] [c10d] The client socket cannot be initialized to connect to [frontier03607.frontier.olcf.ornl.gov]:29500 (errno: 97 - Address family not supported by protocol).
/ccs/home/janetw/diffusion/ORBIT-2-sandbox/src/climate_learn/models/hub/components/attention.py:10: FutureWarning: xformers.components is deprecated and is not maintained anymore. It might be removed in a future version of xFormers 
  from xformers.components.attention.core import scaled_dot_product_attention as xformers_sdpa
/ccs/home/janetw/diffusion/ORBIT-2-sandbox/src/climate_learn/models/hub/components/attention.py:10: FutureWarning: xformers.components is deprecated and is not maintained anymore. It might be removed in a future version of xFormers 
  from xformers.components.attention.core import scaled_dot_product_attention as xformers_sdpa
/ccs/home/janetw/diffusion/ORBIT-2-sandbox/src/climate_learn/models/hub/components/attention.py:10: FutureWarning: xformers.components is deprecated and is not maintained anymore. It might be removed in a future version of xFormers 
  from xformers.components.attention.core import scaled_dot_product_attention as xformers_sdpa
/ccs/home/janetw/diffusion/ORBIT-2-sandbox/src/climate_learn/models/hub/components/attention.py:10: FutureWarning: xformers.components is deprecated and is not maintained anymore. It might be removed in a future version of xFormers 
  from xformers.components.attention.core import scaled_dot_product_attention as xformers_sdpa
[W125 13:01:47.680590307 socket.cpp:697] [c10d] The client socket cannot be initialized to connect to [frontier03607.frontier.olcf.ornl.gov]:29500 (errno: 97 - Address family not supported by protocol).
[W125 13:01:47.685531935 socket.cpp:697] [c10d] The client socket cannot be initialized to connect to [frontier03607.frontier.olcf.ornl.gov]:29500 (errno: 97 - Address family not supported by protocol).
[W125 13:01:47.685820413 socket.cpp:697] [c10d] The client socket cannot be initialized to connect to [frontier03607.frontier.olcf.ornl.gov]:29500 (errno: 97 - Address family not supported by protocol).
[W125 13:01:47.692130735 socket.cpp:697] [c10d] The client socket cannot be initialized to connect to [frontier03607.frontier.olcf.ornl.gov]:29500 (errno: 97 - Address family not supported by protocol).
/ccs/home/janetw/diffusion/ORBIT-2-sandbox/src/climate_learn/models/hub/components/attention.py:10: FutureWarning: xformers.components is deprecated and is not maintained anymore. It might be removed in a future version of xFormers 
  from xformers.components.attention.core import scaled_dot_product_attention as xformers_sdpa
/ccs/home/janetw/diffusion/ORBIT-2-sandbox/src/climate_learn/models/hub/components/attention.py:10: FutureWarning: xformers.components is deprecated and is not maintained anymore. It might be removed in a future version of xFormers 
  from xformers.components.attention.core import scaled_dot_product_attention as xformers_sdpa
/ccs/home/janetw/diffusion/ORBIT-2-sandbox/src/climate_learn/models/hub/components/attention.py:10: FutureWarning: xformers.components is deprecated and is not maintained anymore. It might be removed in a future version of xFormers 
  from xformers.components.attention.core import scaled_dot_product_attention as xformers_sdpa
/ccs/home/janetw/diffusion/ORBIT-2-sandbox/src/climate_learn/models/hub/components/attention.py:10: FutureWarning: xformers.components is deprecated and is not maintained anymore. It might be removed in a future version of xFormers 
  from xformers.components.attention.core import scaled_dot_product_attention as xformers_sdpa
/ccs/home/janetw/diffusion/ORBIT-2-sandbox/src/climate_learn/models/hub/components/attention.py:10: FutureWarning: xformers.components is deprecated and is not maintained anymore. It might be removed in a future version of xFormers 
  from xformers.components.attention.core import scaled_dot_product_attention as xformers_sdpa
/ccs/home/janetw/diffusion/ORBIT-2-sandbox/src/climate_learn/models/hub/components/attention.py:10: FutureWarning: xformers.components is deprecated and is not maintained anymore. It might be removed in a future version of xFormers 
  from xformers.components.attention.core import scaled_dot_product_attention as xformers_sdpa
[W125 13:01:48.532007305 socket.cpp:697] [c10d] The client socket cannot be initialized to connect to [frontier03607.frontier.olcf.ornl.gov]:29500 (errno: 97 - Address family not supported by protocol).
[W125 13:01:48.535750974 socket.cpp:697] [c10d] The client socket cannot be initialized to connect to [frontier03607.frontier.olcf.ornl.gov]:29500 (errno: 97 - Address family not supported by protocol).
[W125 13:01:48.539382270 socket.cpp:697] [c10d] The client socket cannot be initialized to connect to [frontier03607.frontier.olcf.ornl.gov]:29500 (errno: 97 - Address family not supported by protocol).
[W125 13:01:48.540680558 socket.cpp:697] [c10d] The client socket cannot be initialized to connect to [frontier03607.frontier.olcf.ornl.gov]:29500 (errno: 97 - Address family not supported by protocol).
[W125 13:01:48.548620177 socket.cpp:697] [c10d] The client socket cannot be initialized to connect to [frontier03607.frontier.olcf.ornl.gov]:29500 (errno: 97 - Address family not supported by protocol).
[W125 13:01:48.609145997 socket.cpp:697] [c10d] The client socket cannot be initialized to connect to [frontier03607.frontier.olcf.ornl.gov]:29500 (errno: 97 - Address family not supported by protocol).
DDStore loading error!!
Initialized process group. world_size=16
world_size=16, world_rank=4, local_rank=4
DDStore loading error!!
Initialized process group. world_size=16
world_size=16, world_rank=5, local_rank=5
DDStore loading error!!
Initialized process group. world_size=16
world_size=16, world_rank=8, local_rank=0
use_ddstore is : 0
use_ddstore is : 0
[Rank 4] Assigned 2/40 monthly files (indices 8:10).
[Rank 4] Assigned 0/3 monthly files (rank >= n_files).
[Rank 5] Assigned 2/40 monthly files (indices 10:12).
[Rank 5] Assigned 0/3 monthly files (rank >= n_files).
use_ddstore is : 0
[Rank 8] Assigned 2/40 monthly files (indices 16:18).
[Rank 8] Assigned 0/3 monthly files (rank >= n_files).
DDStore loading error!!
Initialized process group. world_size=16
world_size=16, world_rank=15, local_rank=7
DDStore loading error!!
Initialized process group. world_size=16
world_size=16, world_rank=13, local_rank=5
DDStore loading error!!
Initialized process group. world_size=16
world_size=16, world_rank=9, local_rank=1
use_ddstore is : 0
use_ddstore is : 0
[Rank 15] Assigned 2/40 monthly files (indices 30:32).
[Rank 15] Assigned 0/3 monthly files (rank >= n_files).
[Rank 13] Assigned 2/40 monthly files (indices 26:28).
[Rank 13] Assigned 0/3 monthly files (rank >= n_files).
use_ddstore is : 0
[Rank 9] Assigned 2/40 monthly files (indices 18:20).
[Rank 9] Assigned 0/3 monthly files (rank >= n_files).
DDStore loading error!!
Initialized process group. world_size=16
world_size=16, world_rank=12, local_rank=4
DDStore loading error!!
Initialized process group. world_size=16
world_size=16, world_rank=11, local_rank=3
DDStore loading error!!
Initialized process group. world_size=16
world_size=16, world_rank=10, local_rank=2
DDStore loading error!!
Initialized process group. world_size=16
world_size=16, world_rank=14, local_rank=6
use_ddstore is : 0
[Rank 12] Assigned 2/40 monthly files (indices 24:26).
[Rank 12] Assigned 0/3 monthly files (rank >= n_files).
use_ddstore is : 0
use_ddstore is : 0
[Rank 11] Assigned 2/40 monthly files (indices 22:24).
[Rank 11] Assigned 0/3 monthly files (rank >= n_files).
[Rank 10] Assigned 2/40 monthly files (indices 20:22).
[Rank 10] Assigned 0/3 monthly files (rank >= n_files).
use_ddstore is : 0
[Rank 14] Assigned 2/40 monthly files (indices 28:30).
[Rank 14] Assigned 0/3 monthly files (rank >= n_files).
DDStore loading error!!
Initialized process group. world_size=16
world_size=16, world_rank=2, local_rank=2
DDStore loading error!!
Initialized process group. world_size=16
world_size=16, world_rank=1, local_rank=1
DDStore loading error!!
Initialized process group. world_size=16
world_size=16, world_rank=3, local_rank=3
DDStore loading error!!
Initialized process group. world_size=16
world_size=16, world_rank=6, local_rank=6
DDStore loading error!!
Initialized process group. world_size=16
world_size=16, world_rank=7, local_rank=7
DDStore loading error!!
Initialized process group. world_size=16
world_size=16, world_rank=0, local_rank=0
Loading config from: /ccs/home/janetw/diffusion/ORBIT-2-sandbox/configs/era5_forecasting.yaml

================================================================================
Training Configuration Summary
================================================================================
Config: /ccs/home/janetw/diffusion/ORBIT-2-sandbox/configs/era5_forecasting.yaml
Max epochs: 30
Data type: bfloat16
Checkpoint: None
Save path: /lustre/orion/csc662/proj-shared/janet/forecasting/orbit_main/era5_forecasting_0.25_deg
================================================================================

use_ddstore is : 0
[Rank 2] Assigned 2/40 monthly files (indices 4:6).
[Rank 2] Assigned 1/3 monthly file (file index 2).
Creating data module for direct forecasting
Input variables: ['temperature_50', 'temperature_250', 'temperature_500', 'temperature_600', 'temperature_700', 'temperature_850', 'temperature_925', '2m_temperature', '10m_u_component_of_wind', '10m_v_component_of_wind', 'latitude', 'land_sea_mask', 'orography', 'landcover']
Output variables: ['2m_temperature']
Setting up distributed data loading: world_size=16
Each GPU will process 1/16 of the dataset
use_ddstore is : 0
[Rank 1] Assigned 2/40 monthly files (indices 2:4).
[Rank 1] Assigned 1/3 monthly file (file index 1).
use_ddstore is : 0
[Rank 3] Assigned 2/40 monthly files (indices 6:8).
[Rank 3] Assigned 0/3 monthly files (rank >= n_files).
use_ddstore is : 0
[Rank 6] Assigned 2/40 monthly files (indices 12:14).
[Rank 6] Assigned 0/3 monthly files (rank >= n_files).
/lustre/orion/csc662/proj-shared/janet/miniconda3/envs/orbit_main/lib/python3.11/site-packages/torch/distributed/fsdp/wrap.py:491: FutureWarning: Please specify CheckpointImpl.NO_REENTRANT as CheckpointImpl.REENTRANT will soon be removed as the default and eventually deprecated.
  return wrapper_cls(module, **kwargs)
/lustre/orion/csc662/proj-shared/janet/miniconda3/envs/orbit_main/lib/python3.11/site-packages/torch/distributed/fsdp/wrap.py:491: FutureWarning: Please specify CheckpointImpl.NO_REENTRANT as CheckpointImpl.REENTRANT will soon be removed as the default and eventually deprecated.
  return wrapper_cls(module, **kwargs)
use_ddstore is : 0
[Rank 7] Assigned 2/40 monthly files (indices 14:16).
[Rank 7] Assigned 0/3 monthly files (rank >= n_files).
after data_module creation Allocated: 0.00GB, Max Allocated: 0.00GB, Reserved: 0.00GB
use_ddstore is : 0
[Rank 0] Assigned 2/40 monthly files (indices 0:2).
[Monthly Loader] Verifying variables in 1979_0.npz...
/lustre/orion/csc662/proj-shared/janet/miniconda3/envs/orbit_main/lib/python3.11/site-packages/torch/distributed/fsdp/wrap.py:491: FutureWarning: Please specify CheckpointImpl.NO_REENTRANT as CheckpointImpl.REENTRANT will soon be removed as the default and eventually deprecated.
  return wrapper_cls(module, **kwargs)
/lustre/orion/csc662/proj-shared/janet/miniconda3/envs/orbit_main/lib/python3.11/site-packages/torch/distributed/fsdp/wrap.py:491: FutureWarning: Please specify CheckpointImpl.NO_REENTRANT as CheckpointImpl.REENTRANT will soon be removed as the default and eventually deprecated.
  return wrapper_cls(module, **kwargs)
/lustre/orion/csc662/proj-shared/janet/miniconda3/envs/orbit_main/lib/python3.11/site-packages/torch/distributed/fsdp/wrap.py:491: FutureWarning: Please specify CheckpointImpl.NO_REENTRANT as CheckpointImpl.REENTRANT will soon be removed as the default and eventually deprecated.
  return wrapper_cls(module, **kwargs)
/lustre/orion/csc662/proj-shared/janet/miniconda3/envs/orbit_main/lib/python3.11/site-packages/torch/distributed/fsdp/wrap.py:491: FutureWarning: Please specify CheckpointImpl.NO_REENTRANT as CheckpointImpl.REENTRANT will soon be removed as the default and eventually deprecated.
  return wrapper_cls(module, **kwargs)
[Monthly Loader] Available variables: ['land_sea_mask', 'landcover', 'latitude', 'orography', '10m_u_component_of_wind', '10m_v_component_of_wind', '2m_temperature_max', '2m_temperature_min', '2m_temperature', 'sea_surface_temperature', 'surface_pressure', 'total_precipitation_24hr', 'volumetric_soil_water_layer_1', 'geopotential_50', 'geopotential_100', 'geopotential_150', 'geopotential_200', 'geopotential_250', 'geopotential_300', 'geopotential_400', 'geopotential_500', 'geopotential_600', 'geopotential_700', 'geopotential_850', 'geopotential_925', 'geopotential_1000', 'specific_humidity_50', 'specific_humidity_100', 'specific_humidity_150', 'specific_humidity_200', 'specific_humidity_250', 'specific_humidity_300', 'specific_humidity_400', 'specific_humidity_500', 'specific_humidity_600', 'specific_humidity_700', 'specific_humidity_850', 'specific_humidity_925', 'specific_humidity_1000', 'temperature_50', 'temperature_100', 'temperature_150', 'temperature_200', 'temperature_250', 'temperature_300', 'temperature_400', 'temperature_500', 'temperature_600', 'temperature_700', 'temperature_850', 'temperature_925', 'temperature_1000', 'u_component_of_wind_50', 'u_component_of_wind_100', 'u_component_of_wind_150', 'u_component_of_wind_200', 'u_component_of_wind_250', 'u_component_of_wind_300', 'u_component_of_wind_400', 'u_component_of_wind_500', 'u_component_of_wind_600', 'u_component_of_wind_700', 'u_component_of_wind_850', 'u_component_of_wind_925', 'u_component_of_wind_1000', 'v_component_of_wind_50', 'v_component_of_wind_100', 'v_component_of_wind_150', 'v_component_of_wind_200', 'v_component_of_wind_250', 'v_component_of_wind_300', 'v_component_of_wind_400', 'v_component_of_wind_500', 'v_component_of_wind_600', 'v_component_of_wind_700', 'v_component_of_wind_850', 'v_component_of_wind_925', 'v_component_of_wind_1000', 'days_of_year', 'time_of_day', 'hrs_each_step', 'num_steps_per_shard', 'extra_steps', 'lattitude']
/lustre/orion/csc662/proj-shared/janet/miniconda3/envs/orbit_main/lib/python3.11/site-packages/torch/distributed/fsdp/wrap.py:491: FutureWarning: Please specify CheckpointImpl.NO_REENTRANT as CheckpointImpl.REENTRANT will soon be removed as the default and eventually deprecated.
  return wrapper_cls(module, **kwargs)
/lustre/orion/csc662/proj-shared/janet/miniconda3/envs/orbit_main/lib/python3.11/site-packages/torch/distributed/fsdp/wrap.py:491: FutureWarning: Please specify CheckpointImpl.NO_REENTRANT as CheckpointImpl.REENTRANT will soon be removed as the default and eventually deprecated.
  return wrapper_cls(module, **kwargs)
/lustre/orion/csc662/proj-shared/janet/miniconda3/envs/orbit_main/lib/python3.11/site-packages/torch/distributed/fsdp/wrap.py:491: FutureWarning: Please specify CheckpointImpl.NO_REENTRANT as CheckpointImpl.REENTRANT will soon be removed as the default and eventually deprecated.
  return wrapper_cls(module, **kwargs)
/lustre/orion/csc662/proj-shared/janet/miniconda3/envs/orbit_main/lib/python3.11/site-packages/torch/distributed/fsdp/wrap.py:491: FutureWarning: Please specify CheckpointImpl.NO_REENTRANT as CheckpointImpl.REENTRANT will soon be removed as the default and eventually deprecated.
  return wrapper_cls(module, **kwargs)
/lustre/orion/csc662/proj-shared/janet/miniconda3/envs/orbit_main/lib/python3.11/site-packages/torch/distributed/fsdp/wrap.py:491: FutureWarning: Please specify CheckpointImpl.NO_REENTRANT as CheckpointImpl.REENTRANT will soon be removed as the default and eventually deprecated.
  return wrapper_cls(module, **kwargs)
/lustre/orion/csc662/proj-shared/janet/miniconda3/envs/orbit_main/lib/python3.11/site-packages/torch/distributed/fsdp/wrap.py:491: FutureWarning: Please specify CheckpointImpl.NO_REENTRANT as CheckpointImpl.REENTRANT will soon be removed as the default and eventually deprecated.
  return wrapper_cls(module, **kwargs)
/lustre/orion/csc662/proj-shared/janet/miniconda3/envs/orbit_main/lib/python3.11/site-packages/torch/distributed/fsdp/wrap.py:491: FutureWarning: Please specify CheckpointImpl.NO_REENTRANT as CheckpointImpl.REENTRANT will soon be removed as the default and eventually deprecated.
  return wrapper_cls(module, **kwargs)
/lustre/orion/csc662/proj-shared/janet/miniconda3/envs/orbit_main/lib/python3.11/site-packages/torch/distributed/fsdp/wrap.py:491: FutureWarning: Please specify CheckpointImpl.NO_REENTRANT as CheckpointImpl.REENTRANT will soon be removed as the default and eventually deprecated.
  return wrapper_cls(module, **kwargs)
/lustre/orion/csc662/proj-shared/janet/miniconda3/envs/orbit_main/lib/python3.11/site-packages/torch/distributed/fsdp/wrap.py:491: FutureWarning: Please specify CheckpointImpl.NO_REENTRANT as CheckpointImpl.REENTRANT will soon be removed as the default and eventually deprecated.
  return wrapper_cls(module, **kwargs)
[Monthly Loader] 'temperature_700': shape=(8760, 1, 128, 256)
[Monthly Loader] 'latitude': shape=(8760, 1, 128, 256)
[Monthly Loader] 'temperature_600': shape=(8760, 1, 128, 256)
[Monthly Loader] 'temperature_850': shape=(8760, 1, 128, 256)
[Monthly Loader] 'land_sea_mask': shape=(8760, 1, 128, 256)
[Monthly Loader] 'temperature_250': shape=(8760, 1, 128, 256)
[Monthly Loader] 'temperature_925': shape=(8760, 1, 128, 256)
[Monthly Loader] 'orography': shape=(8760, 1, 128, 256)
[Monthly Loader] '10m_v_component_of_wind': shape=(8760, 1, 128, 256)
[Monthly Loader] 'temperature_500': shape=(8760, 1, 128, 256)
[Monthly Loader] 'landcover': shape=(8760, 1, 128, 256)
[Monthly Loader] 'temperature_50': shape=(8760, 1, 128, 256)
[Monthly Loader] '10m_u_component_of_wind': shape=(8760, 1, 128, 256)
[Monthly Loader] '2m_temperature': shape=(8760, 1, 128, 256)
[Rank 0] Assigned 1/3 monthly file (file index 0).
[Monthly Loader] Verifying variables in 2018_0.npz...
[Monthly Loader] Available variables: ['land_sea_mask', 'landcover', 'latitude', 'orography', '10m_u_component_of_wind', '10m_v_component_of_wind', '2m_temperature_max', '2m_temperature_min', '2m_temperature', 'sea_surface_temperature', 'surface_pressure', 'total_precipitation_24hr', 'volumetric_soil_water_layer_1', 'geopotential_50', 'geopotential_100', 'geopotential_150', 'geopotential_200', 'geopotential_250', 'geopotential_300', 'geopotential_400', 'geopotential_500', 'geopotential_600', 'geopotential_700', 'geopotential_850', 'geopotential_925', 'geopotential_1000', 'specific_humidity_50', 'specific_humidity_100', 'specific_humidity_150', 'specific_humidity_200', 'specific_humidity_250', 'specific_humidity_300', 'specific_humidity_400', 'specific_humidity_500', 'specific_humidity_600', 'specific_humidity_700', 'specific_humidity_850', 'specific_humidity_925', 'specific_humidity_1000', 'temperature_50', 'temperature_100', 'temperature_150', 'temperature_200', 'temperature_250', 'temperature_300', 'temperature_400', 'temperature_500', 'temperature_600', 'temperature_700', 'temperature_850', 'temperature_925', 'temperature_1000', 'u_component_of_wind_50', 'u_component_of_wind_100', 'u_component_of_wind_150', 'u_component_of_wind_200', 'u_component_of_wind_250', 'u_component_of_wind_300', 'u_component_of_wind_400', 'u_component_of_wind_500', 'u_component_of_wind_600', 'u_component_of_wind_700', 'u_component_of_wind_850', 'u_component_of_wind_925', 'u_component_of_wind_1000', 'v_component_of_wind_50', 'v_component_of_wind_100', 'v_component_of_wind_150', 'v_component_of_wind_200', 'v_component_of_wind_250', 'v_component_of_wind_300', 'v_component_of_wind_400', 'v_component_of_wind_500', 'v_component_of_wind_600', 'v_component_of_wind_700', 'v_component_of_wind_850', 'v_component_of_wind_925', 'v_component_of_wind_1000', 'days_of_year', 'time_of_day', 'hrs_each_step', 'num_steps_per_shard', 'extra_steps', 'lattitude']
[Monthly Loader] 'temperature_700': shape=(8760, 1, 128, 256)
[Monthly Loader] 'latitude': shape=(8760, 1, 128, 256)
[Monthly Loader] 'temperature_600': shape=(8760, 1, 128, 256)
[Monthly Loader] 'temperature_850': shape=(8760, 1, 128, 256)
[Monthly Loader] 'land_sea_mask': shape=(8760, 1, 128, 256)
[Monthly Loader] 'temperature_250': shape=(8760, 1, 128, 256)
[Monthly Loader] 'temperature_925': shape=(8760, 1, 128, 256)
[Monthly Loader] 'orography': shape=(8760, 1, 128, 256)
[Monthly Loader] '10m_v_component_of_wind': shape=(8760, 1, 128, 256)
[Monthly Loader] 'temperature_500': shape=(8760, 1, 128, 256)
[Monthly Loader] 'landcover': shape=(8760, 1, 128, 256)
[Monthly Loader] 'temperature_50': shape=(8760, 1, 128, 256)
[Monthly Loader] '10m_u_component_of_wind': shape=(8760, 1, 128, 256)
[Monthly Loader] '2m_temperature': shape=(8760, 1, 128, 256)
Creating model: res_slimvit
Model config: img_size=(32, 64), in_channels=14, out_channels=1, history=1, superres_factor=4
Model parameters: 5.44M
/lustre/orion/csc662/proj-shared/janet/miniconda3/envs/orbit_main/lib/python3.11/site-packages/torch/distributed/fsdp/wrap.py:491: FutureWarning: Please specify CheckpointImpl.NO_REENTRANT as CheckpointImpl.REENTRANT will soon be removed as the default and eventually deprecated.
  return wrapper_cls(module, **kwargs)
FSDP wrapping completed, now creating losses...
Loading training climatology for lat_mse (this may take a while)...
Loading validation climatology...
Using lat_mse for training loss
Loss functions created successfully
Losses created successfully

================================================================================
Starting epoch 0
================================================================================

srun: Job step aborted: Waiting up to 32 seconds for job step to finish.
slurmstepd: error: *** STEP 4068912.0 ON frontier03607 CANCELLED AT 2026-01-25T13:09:01 ***
slurmstepd: error: *** JOB 4068912 ON frontier03607 CANCELLED AT 2026-01-25T13:09:01 ***
