
Lmod is automatically replacing "cce/18.0.1" with "gcc-native/14.2".


Lmod is automatically replacing "PrgEnv-cray/8.6.0" with "PrgEnv-gnu/8.6.0".


Inactive Modules:
  1) darshan-runtime

Due to MODULEPATH changes, the following have been reloaded:
  1) cray-libsci/24.11.0     2) cray-mpich/8.1.31


Lmod is automatically replacing "gcc-native/14.2" with "gcc/12.2.0".


The following have been reloaded with a version change:
  1) cray-libsci/24.11.0 => cray-libsci/23.09.1.1
  2) cray-mpich/8.1.31 => cray-mpich/8.1.27
  3) libfabric/1.22.0 => libfabric/1.20.1

Job started at: Sun Feb 22 02:42:33 PM EST 2026
Job ID: 4141085
Running on nodes: frontier[08573,08700]
Number of tasks: 16
Number of nodes: 2
WARNING[XFORMERS]: xFormers can't load C++/CUDA extensions. xFormers was built for:
    PyTorch 2.4.1+cu121 with CUDA 1201 (you have 2.4.1+rocm6.0)
    Python  3.11.10 (you have 3.11.14)
  Please reinstall xformers (see https://github.com/facebookresearch/xformers#installing-xformers)
  Memory-efficient attention, SwiGLU, sparse and more won't be available.
  Set XFORMERS_MORE_DETAILS=1 for more details
WARNING[XFORMERS]: xFormers can't load C++/CUDA extensions. xFormers was built for:
    PyTorch 2.4.1+cu121 with CUDA 1201 (you have 2.4.1+rocm6.0)
    Python  3.11.10 (you have 3.11.14)
  Please reinstall xformers (see https://github.com/facebookresearch/xformers#installing-xformers)
  Memory-efficient attention, SwiGLU, sparse and more won't be available.
  Set XFORMERS_MORE_DETAILS=1 for more details
WARNING[XFORMERS]: xFormers can't load C++/CUDA extensions. xFormers was built for:
    PyTorch 2.4.1+cu121 with CUDA 1201 (you have 2.4.1+rocm6.0)
    Python  3.11.10 (you have 3.11.14)
  Please reinstall xformers (see https://github.com/facebookresearch/xformers#installing-xformers)
  Memory-efficient attention, SwiGLU, sparse and more won't be available.
  Set XFORMERS_MORE_DETAILS=1 for more details
WARNING[XFORMERS]: xFormers can't load C++/CUDA extensions. xFormers was built for:
    PyTorch 2.4.1+cu121 with CUDA 1201 (you have 2.4.1+rocm6.0)
    Python  3.11.10 (you have 3.11.14)
  Please reinstall xformers (see https://github.com/facebookresearch/xformers#installing-xformers)
  Memory-efficient attention, SwiGLU, sparse and more won't be available.
  Set XFORMERS_MORE_DETAILS=1 for more details
/ccs/home/janetw/diffusion/ORBIT-2-sandbox/src/climate_learn/models/hub/components/attention.py:10: FutureWarning: xformers.components is deprecated and is not maintained anymore. It might be removed in a future version of xFormers 
  from xformers.components.attention.core import scaled_dot_product_attention as xformers_sdpa
/ccs/home/janetw/diffusion/ORBIT-2-sandbox/src/climate_learn/models/hub/components/attention.py:10: FutureWarning: xformers.components is deprecated and is not maintained anymore. It might be removed in a future version of xFormers 
  from xformers.components.attention.core import scaled_dot_product_attention as xformers_sdpa
/ccs/home/janetw/diffusion/ORBIT-2-sandbox/src/climate_learn/models/hub/components/attention.py:10: FutureWarning: xformers.components is deprecated and is not maintained anymore. It might be removed in a future version of xFormers 
  from xformers.components.attention.core import scaled_dot_product_attention as xformers_sdpa
/ccs/home/janetw/diffusion/ORBIT-2-sandbox/src/climate_learn/models/hub/components/attention.py:10: FutureWarning: xformers.components is deprecated and is not maintained anymore. It might be removed in a future version of xFormers 
  from xformers.components.attention.core import scaled_dot_product_attention as xformers_sdpa
WARNING[XFORMERS]: xFormers can't load C++/CUDA extensions. xFormers was built for:
    PyTorch 2.4.1+cu121 with CUDA 1201 (you have 2.4.1+rocm6.0)
    Python  3.11.10 (you have 3.11.14)
  Please reinstall xformers (see https://github.com/facebookresearch/xformers#installing-xformers)
  Memory-efficient attention, SwiGLU, sparse and more won't be available.
  Set XFORMERS_MORE_DETAILS=1 for more details
WARNING[XFORMERS]: xFormers can't load C++/CUDA extensions. xFormers was built for:
    PyTorch 2.4.1+cu121 with CUDA 1201 (you have 2.4.1+rocm6.0)
    Python  3.11.10 (you have 3.11.14)
  Please reinstall xformers (see https://github.com/facebookresearch/xformers#installing-xformers)
  Memory-efficient attention, SwiGLU, sparse and more won't be available.
  Set XFORMERS_MORE_DETAILS=1 for more details
WARNING[XFORMERS]: xFormers can't load C++/CUDA extensions. xFormers was built for:
    PyTorch 2.4.1+cu121 with CUDA 1201 (you have 2.4.1+rocm6.0)
    Python  3.11.10 (you have 3.11.14)
  Please reinstall xformers (see https://github.com/facebookresearch/xformers#installing-xformers)
  Memory-efficient attention, SwiGLU, sparse and more won't be available.
  Set XFORMERS_MORE_DETAILS=1 for more details
WARNING[XFORMERS]: xFormers can't load C++/CUDA extensions. xFormers was built for:
    PyTorch 2.4.1+cu121 with CUDA 1201 (you have 2.4.1+rocm6.0)
    Python  3.11.10 (you have 3.11.14)
  Please reinstall xformers (see https://github.com/facebookresearch/xformers#installing-xformers)
  Memory-efficient attention, SwiGLU, sparse and more won't be available.
  Set XFORMERS_MORE_DETAILS=1 for more details
WARNING[XFORMERS]: xFormers can't load C++/CUDA extensions. xFormers was built for:
    PyTorch 2.4.1+cu121 with CUDA 1201 (you have 2.4.1+rocm6.0)
    Python  3.11.10 (you have 3.11.14)
  Please reinstall xformers (see https://github.com/facebookresearch/xformers#installing-xformers)
  Memory-efficient attention, SwiGLU, sparse and more won't be available.
  Set XFORMERS_MORE_DETAILS=1 for more details
[W222 14:43:05.448555823 socket.cpp:697] [c10d] The client socket cannot be initialized to connect to [frontier08573.frontier.olcf.ornl.gov]:29500 (errno: 97 - Address family not supported by protocol).
[W222 14:43:05.689920397 socket.cpp:697] [c10d] The client socket cannot be initialized to connect to [frontier08573.frontier.olcf.ornl.gov]:29500 (errno: 97 - Address family not supported by protocol).
[W222 14:43:05.489738513 socket.cpp:697] [c10d] The client socket cannot be initialized to connect to [frontier08573.frontier.olcf.ornl.gov]:29500 (errno: 97 - Address family not supported by protocol).
[W222 14:43:05.513362681 socket.cpp:697] [c10d] The client socket cannot be initialized to connect to [frontier08573.frontier.olcf.ornl.gov]:29500 (errno: 97 - Address family not supported by protocol).
WARNING[XFORMERS]: xFormers can't load C++/CUDA extensions. xFormers was built for:
    PyTorch 2.4.1+cu121 with CUDA 1201 (you have 2.4.1+rocm6.0)
    Python  3.11.10 (you have 3.11.14)
  Please reinstall xformers (see https://github.com/facebookresearch/xformers#installing-xformers)
  Memory-efficient attention, SwiGLU, sparse and more won't be available.
  Set XFORMERS_MORE_DETAILS=1 for more details
WARNING[XFORMERS]: xFormers can't load C++/CUDA extensions. xFormers was built for:
    PyTorch 2.4.1+cu121 with CUDA 1201 (you have 2.4.1+rocm6.0)
    Python  3.11.10 (you have 3.11.14)
  Please reinstall xformers (see https://github.com/facebookresearch/xformers#installing-xformers)
  Memory-efficient attention, SwiGLU, sparse and more won't be available.
  Set XFORMERS_MORE_DETAILS=1 for more details
WARNING[XFORMERS]: xFormers can't load C++/CUDA extensions. xFormers was built for:
    PyTorch 2.4.1+cu121 with CUDA 1201 (you have 2.4.1+rocm6.0)
    Python  3.11.10 (you have 3.11.14)
  Please reinstall xformers (see https://github.com/facebookresearch/xformers#installing-xformers)
  Memory-efficient attention, SwiGLU, sparse and more won't be available.
  Set XFORMERS_MORE_DETAILS=1 for more details
WARNING[XFORMERS]: xFormers can't load C++/CUDA extensions. xFormers was built for:
    PyTorch 2.4.1+cu121 with CUDA 1201 (you have 2.4.1+rocm6.0)
    Python  3.11.10 (you have 3.11.14)
  Please reinstall xformers (see https://github.com/facebookresearch/xformers#installing-xformers)
  Memory-efficient attention, SwiGLU, sparse and more won't be available.
  Set XFORMERS_MORE_DETAILS=1 for more details
WARNING[XFORMERS]: xFormers can't load C++/CUDA extensions. xFormers was built for:
    PyTorch 2.4.1+cu121 with CUDA 1201 (you have 2.4.1+rocm6.0)
    Python  3.11.10 (you have 3.11.14)
  Please reinstall xformers (see https://github.com/facebookresearch/xformers#installing-xformers)
  Memory-efficient attention, SwiGLU, sparse and more won't be available.
  Set XFORMERS_MORE_DETAILS=1 for more details
WARNING[XFORMERS]: xFormers can't load C++/CUDA extensions. xFormers was built for:
    PyTorch 2.4.1+cu121 with CUDA 1201 (you have 2.4.1+rocm6.0)
    Python  3.11.10 (you have 3.11.14)
  Please reinstall xformers (see https://github.com/facebookresearch/xformers#installing-xformers)
  Memory-efficient attention, SwiGLU, sparse and more won't be available.
  Set XFORMERS_MORE_DETAILS=1 for more details
WARNING[XFORMERS]: xFormers can't load C++/CUDA extensions. xFormers was built for:
    PyTorch 2.4.1+cu121 with CUDA 1201 (you have 2.4.1+rocm6.0)
    Python  3.11.10 (you have 3.11.14)
  Please reinstall xformers (see https://github.com/facebookresearch/xformers#installing-xformers)
  Memory-efficient attention, SwiGLU, sparse and more won't be available.
  Set XFORMERS_MORE_DETAILS=1 for more details
/ccs/home/janetw/diffusion/ORBIT-2-sandbox/src/climate_learn/models/hub/components/attention.py:10: FutureWarning: xformers.components is deprecated and is not maintained anymore. It might be removed in a future version of xFormers 
  from xformers.components.attention.core import scaled_dot_product_attention as xformers_sdpa
/ccs/home/janetw/diffusion/ORBIT-2-sandbox/src/climate_learn/models/hub/components/attention.py:10: FutureWarning: xformers.components is deprecated and is not maintained anymore. It might be removed in a future version of xFormers 
  from xformers.components.attention.core import scaled_dot_product_attention as xformers_sdpa
/ccs/home/janetw/diffusion/ORBIT-2-sandbox/src/climate_learn/models/hub/components/attention.py:10: FutureWarning: xformers.components is deprecated and is not maintained anymore. It might be removed in a future version of xFormers 
  from xformers.components.attention.core import scaled_dot_product_attention as xformers_sdpa
/ccs/home/janetw/diffusion/ORBIT-2-sandbox/src/climate_learn/models/hub/components/attention.py:10: FutureWarning: xformers.components is deprecated and is not maintained anymore. It might be removed in a future version of xFormers 
  from xformers.components.attention.core import scaled_dot_product_attention as xformers_sdpa
/ccs/home/janetw/diffusion/ORBIT-2-sandbox/src/climate_learn/models/hub/components/attention.py:10: FutureWarning: xformers.components is deprecated and is not maintained anymore. It might be removed in a future version of xFormers 
  from xformers.components.attention.core import scaled_dot_product_attention as xformers_sdpa
[W222 14:43:06.164891923 socket.cpp:697] [c10d] The client socket cannot be initialized to connect to [frontier08573.frontier.olcf.ornl.gov]:29500 (errno: 97 - Address family not supported by protocol).
DDStore loading error!!
Initialized process group. world_size=16
world_size=16, world_rank=5, local_rank=5
[W222 14:43:06.170478132 socket.cpp:697] [c10d] The client socket cannot be initialized to connect to [frontier08573.frontier.olcf.ornl.gov]:29500 (errno: 97 - Address family not supported by protocol).
[W222 14:43:06.170460188 socket.cpp:697] [c10d] The client socket cannot be initialized to connect to [frontier08573.frontier.olcf.ornl.gov]:29500 (errno: 97 - Address family not supported by protocol).
DDStore loading error!!
Initialized process group. world_size=16
world_size=16, world_rank=3, local_rank=3
DDStore loading error!!
Initialized process group. world_size=16
world_size=16, world_rank=7, local_rank=7
[W222 14:43:06.172774096 socket.cpp:697] [c10d] The client socket cannot be initialized to connect to [frontier08573.frontier.olcf.ornl.gov]:29500 (errno: 97 - Address family not supported by protocol).
DDStore loading error!!
Initialized process group. world_size=16
world_size=16, world_rank=4, local_rank=4
[W222 14:43:06.174608016 socket.cpp:697] [c10d] The client socket cannot be initialized to connect to [frontier08573.frontier.olcf.ornl.gov]:29500 (errno: 97 - Address family not supported by protocol).
DDStore loading error!!
Initialized process group. world_size=16
world_size=16, world_rank=2, local_rank=2
/ccs/home/janetw/diffusion/ORBIT-2-sandbox/src/climate_learn/models/hub/components/attention.py:10: FutureWarning: xformers.components is deprecated and is not maintained anymore. It might be removed in a future version of xFormers 
  from xformers.components.attention.core import scaled_dot_product_attention as xformers_sdpa
/ccs/home/janetw/diffusion/ORBIT-2-sandbox/src/climate_learn/models/hub/components/attention.py:10: FutureWarning: xformers.components is deprecated and is not maintained anymore. It might be removed in a future version of xFormers 
  from xformers.components.attention.core import scaled_dot_product_attention as xformers_sdpa
/ccs/home/janetw/diffusion/ORBIT-2-sandbox/src/climate_learn/models/hub/components/attention.py:10: FutureWarning: xformers.components is deprecated and is not maintained anymore. It might be removed in a future version of xFormers 
  from xformers.components.attention.core import scaled_dot_product_attention as xformers_sdpa
/ccs/home/janetw/diffusion/ORBIT-2-sandbox/src/climate_learn/models/hub/components/attention.py:10: FutureWarning: xformers.components is deprecated and is not maintained anymore. It might be removed in a future version of xFormers 
  from xformers.components.attention.core import scaled_dot_product_attention as xformers_sdpa
/ccs/home/janetw/diffusion/ORBIT-2-sandbox/src/climate_learn/models/hub/components/attention.py:10: FutureWarning: xformers.components is deprecated and is not maintained anymore. It might be removed in a future version of xFormers 
  from xformers.components.attention.core import scaled_dot_product_attention as xformers_sdpa
/ccs/home/janetw/diffusion/ORBIT-2-sandbox/src/climate_learn/models/hub/components/attention.py:10: FutureWarning: xformers.components is deprecated and is not maintained anymore. It might be removed in a future version of xFormers 
  from xformers.components.attention.core import scaled_dot_product_attention as xformers_sdpa
/ccs/home/janetw/diffusion/ORBIT-2-sandbox/src/climate_learn/models/hub/components/attention.py:10: FutureWarning: xformers.components is deprecated and is not maintained anymore. It might be removed in a future version of xFormers 
  from xformers.components.attention.core import scaled_dot_product_attention as xformers_sdpa
use_ddstore is : 0
use_ddstore is : 0
use_ddstore is : 0
use_ddstore is : 0
use_ddstore is : 0
[Rank 7] Assigned 97/1561 monthly files (indices 679:776).
[Rank 3] Assigned 97/1561 monthly files (indices 291:388).
[Rank 7] Assigned 5/81 monthly files (indices 35:40).
[Rank 3] Assigned 5/81 monthly files (indices 15:20).
[Rank 4] Assigned 97/1561 monthly files (indices 388:485).
[Rank 5] Assigned 97/1561 monthly files (indices 485:582).
[Rank 2] Assigned 97/1561 monthly files (indices 194:291).
[Rank 5] Assigned 5/81 monthly files (indices 25:30).
[Rank 4] Assigned 5/81 monthly files (indices 20:25).
[Rank 2] Assigned 5/81 monthly files (indices 10:15).
[W222 14:43:06.502795824 socket.cpp:697] [c10d] The client socket cannot be initialized to connect to [frontier08573.frontier.olcf.ornl.gov]:29500 (errno: 97 - Address family not supported by protocol).
DDStore loading error!!
Initialized process group. world_size=16
world_size=16, world_rank=14, local_rank=6
[W222 14:43:06.512916986 socket.cpp:697] [c10d] The client socket cannot be initialized to connect to [frontier08573.frontier.olcf.ornl.gov]:29500 (errno: 97 - Address family not supported by protocol).
[W222 14:43:06.513743847 socket.cpp:697] [c10d] The client socket cannot be initialized to connect to [frontier08573.frontier.olcf.ornl.gov]:29500 (errno: 97 - Address family not supported by protocol).
DDStore loading error!!
Initialized process group. world_size=16
world_size=16, world_rank=12, local_rank=4
DDStore loading error!!
Initialized process group. world_size=16
world_size=16, world_rank=13, local_rank=5
[W222 14:43:06.515097588 socket.cpp:697] [c10d] The client socket cannot be initialized to connect to [frontier08573.frontier.olcf.ornl.gov]:29500 (errno: 97 - Address family not supported by protocol).
DDStore loading error!!
Initialized process group. world_size=16
world_size=16, world_rank=10, local_rank=2
[W222 14:43:06.517649144 socket.cpp:697] [c10d] The client socket cannot be initialized to connect to [frontier08573.frontier.olcf.ornl.gov]:29500 (errno: 97 - Address family not supported by protocol).
DDStore loading error!!
Initialized process group. world_size=16
world_size=16, world_rank=11, local_rank=3
[W222 14:43:06.528904901 socket.cpp:697] [c10d] The client socket cannot be initialized to connect to [frontier08573.frontier.olcf.ornl.gov]:29500 (errno: 97 - Address family not supported by protocol).
[W222 14:43:06.529203969 socket.cpp:697] [c10d] The client socket cannot be initialized to connect to [frontier08573.frontier.olcf.ornl.gov]:29500 (errno: 97 - Address family not supported by protocol).
DDStore loading error!!
Initialized process group. world_size=16
world_size=16, world_rank=8, local_rank=0
DDStore loading error!!
Initialized process group. world_size=16
world_size=16, world_rank=15, local_rank=7
use_ddstore is : 0
use_ddstore is : 0
use_ddstore is : 0
use_ddstore is : 0
use_ddstore is : 0
use_ddstore is : 0
use_ddstore is : 0
[Rank 11] Assigned 97/1561 monthly files (indices 1067:1164).
[Rank 11] Assigned 5/81 monthly files (indices 55:60).
[Rank 10] Assigned 97/1561 monthly files (indices 970:1067).
[Rank 12] Assigned 97/1561 monthly files (indices 1164:1261).
[Rank 13] Assigned 97/1561 monthly files (indices 1261:1358).
[Rank 15] Assigned 97/1561 monthly files (indices 1455:1552).
[Rank 10] Assigned 5/81 monthly files (indices 50:55).
[Rank 12] Assigned 5/81 monthly files (indices 60:65).
[Rank 13] Assigned 5/81 monthly files (indices 65:70).
[Rank 15] Assigned 5/81 monthly files (indices 75:80).
[Rank 14] Assigned 97/1561 monthly files (indices 1358:1455).
[Rank 8] Assigned 97/1561 monthly files (indices 776:873).
[Rank 14] Assigned 5/81 monthly files (indices 70:75).
[Rank 8] Assigned 5/81 monthly files (indices 40:45).
DDStore loading error!!
Initialized process group. world_size=16
world_size=16, world_rank=1, local_rank=1
DDStore loading error!!
Initialized process group. world_size=16
world_size=16, world_rank=9, local_rank=1
use_ddstore is : 0
[Rank 1] Assigned 97/1561 monthly files (indices 97:194).
[Rank 1] Assigned 5/81 monthly files (indices 5:10).
DDStore loading error!!
Initialized process group. world_size=16
world_size=16, world_rank=6, local_rank=6
DDStore loading error!!
Initialized process group. world_size=16
world_size=16, world_rank=0, local_rank=0
Loading config from: /ccs/home/janetw/diffusion/ORBIT-2-sandbox/configs/era5_forecasting.yaml
use_ddstore is : 0
[Rank 9] Assigned 97/1561 monthly files (indices 873:970).
[Rank 9] Assigned 5/81 monthly files (indices 45:50).

================================================================================
Training Configuration Summary
================================================================================
Config: /ccs/home/janetw/diffusion/ORBIT-2-sandbox/configs/era5_forecasting.yaml
Max epochs: 30
Data type: bfloat16
Checkpoint: None
Save path: /lustre/orion/csc662/proj-shared/janet/forecasting/orbit_main/era5_forecasting_1.0_deg_sprint_truly_disabled_antialias=True_input_refine_cnn=True
================================================================================

Creating data module for direct forecasting
Input variables: ['temperature_50', 'temperature_250', 'temperature_500', 'temperature_600', 'temperature_700', 'temperature_850', 'temperature_925', '2m_temperature', '10m_u_component_of_wind', '10m_v_component_of_wind', 'lattitude', 'land_sea_mask', 'orography']
Output variables: ['2m_temperature']
Setting up distributed data loading: world_size=16
Each GPU will process 1/16 of the dataset
use_ddstore is : 0
[Rank 6] Assigned 97/1561 monthly files (indices 582:679).
[Rank 6] Assigned 5/81 monthly files (indices 30:35).
after data_module creation Allocated: 0.00GB, Max Allocated: 0.00GB, Reserved: 0.00GB
use_ddstore is : 0
[Rank 0] Assigned 97/1561 monthly files (indices 0:97).
[Monthly Loader] Verifying variables in 1979_0.npz...
[Monthly Loader] Available variables: ['land_sea_mask', 'orography', '2m_temperature', '10m_u_component_of_wind', '10m_v_component_of_wind', 'mean_sea_level_pressure', 'surface_pressure', 'total_precipitation', 'sea_surface_temperature', 'geopotential_50', 'geopotential_100', 'geopotential_150', 'geopotential_200', 'geopotential_250', 'geopotential_300', 'geopotential_400', 'geopotential_500', 'geopotential_600', 'geopotential_700', 'geopotential_850', 'geopotential_925', 'geopotential_1000', 'u_component_of_wind_50', 'u_component_of_wind_100', 'u_component_of_wind_150', 'u_component_of_wind_200', 'u_component_of_wind_250', 'u_component_of_wind_300', 'u_component_of_wind_400', 'u_component_of_wind_500', 'u_component_of_wind_600', 'u_component_of_wind_700', 'u_component_of_wind_850', 'u_component_of_wind_925', 'u_component_of_wind_1000', 'v_component_of_wind_50', 'v_component_of_wind_100', 'v_component_of_wind_150', 'v_component_of_wind_200', 'v_component_of_wind_250', 'v_component_of_wind_300', 'v_component_of_wind_400', 'v_component_of_wind_500', 'v_component_of_wind_600', 'v_component_of_wind_700', 'v_component_of_wind_850', 'v_component_of_wind_925', 'v_component_of_wind_1000', 'temperature_50', 'temperature_100', 'temperature_150', 'temperature_200', 'temperature_250', 'temperature_300', 'temperature_400', 'temperature_500', 'temperature_600', 'temperature_700', 'temperature_850', 'temperature_925', 'temperature_1000', 'specific_humidity_50', 'specific_humidity_100', 'specific_humidity_150', 'specific_humidity_200', 'specific_humidity_250', 'specific_humidity_300', 'specific_humidity_400', 'specific_humidity_500', 'specific_humidity_600', 'specific_humidity_700', 'specific_humidity_850', 'specific_humidity_925', 'specific_humidity_1000', 'days_of_year', 'time_of_day', 'hrs_each_step', 'num_steps_per_shard', 'lattitude']
[Monthly Loader] '2m_temperature': shape=(219, 1, 180, 360)
[Monthly Loader] 'temperature_850': shape=(219, 1, 180, 360)
[Monthly Loader] 'lattitude': shape=(219, 1, 180, 360)
/lustre/orion/csc662/proj-shared/janet/miniconda3/envs/orbit_main/lib/python3.11/site-packages/torch/distributed/fsdp/wrap.py:491: FutureWarning: Please specify CheckpointImpl.NO_REENTRANT as CheckpointImpl.REENTRANT will soon be removed as the default and eventually deprecated.
  return wrapper_cls(module, **kwargs)
/lustre/orion/csc662/proj-shared/janet/miniconda3/envs/orbit_main/lib/python3.11/site-packages/torch/distributed/fsdp/wrap.py:491: FutureWarning: Please specify CheckpointImpl.NO_REENTRANT as CheckpointImpl.REENTRANT will soon be removed as the default and eventually deprecated.
  return wrapper_cls(module, **kwargs)
/lustre/orion/csc662/proj-shared/janet/miniconda3/envs/orbit_main/lib/python3.11/site-packages/torch/distributed/fsdp/wrap.py:491: FutureWarning: Please specify CheckpointImpl.NO_REENTRANT as CheckpointImpl.REENTRANT will soon be removed as the default and eventually deprecated.
  return wrapper_cls(module, **kwargs)
/lustre/orion/csc662/proj-shared/janet/miniconda3/envs/orbit_main/lib/python3.11/site-packages/torch/distributed/fsdp/wrap.py:491: FutureWarning: Please specify CheckpointImpl.NO_REENTRANT as CheckpointImpl.REENTRANT will soon be removed as the default and eventually deprecated.
  return wrapper_cls(module, **kwargs)
/lustre/orion/csc662/proj-shared/janet/miniconda3/envs/orbit_main/lib/python3.11/site-packages/torch/distributed/fsdp/wrap.py:491: FutureWarning: Please specify CheckpointImpl.NO_REENTRANT as CheckpointImpl.REENTRANT will soon be removed as the default and eventually deprecated.
  return wrapper_cls(module, **kwargs)
/lustre/orion/csc662/proj-shared/janet/miniconda3/envs/orbit_main/lib/python3.11/site-packages/torch/distributed/fsdp/wrap.py:491: FutureWarning: Please specify CheckpointImpl.NO_REENTRANT as CheckpointImpl.REENTRANT will soon be removed as the default and eventually deprecated.
  return wrapper_cls(module, **kwargs)
/lustre/orion/csc662/proj-shared/janet/miniconda3/envs/orbit_main/lib/python3.11/site-packages/torch/distributed/fsdp/wrap.py:491: FutureWarning: Please specify CheckpointImpl.NO_REENTRANT as CheckpointImpl.REENTRANT will soon be removed as the default and eventually deprecated.
  return wrapper_cls(module, **kwargs)
/lustre/orion/csc662/proj-shared/janet/miniconda3/envs/orbit_main/lib/python3.11/site-packages/torch/distributed/fsdp/wrap.py:491: FutureWarning: Please specify CheckpointImpl.NO_REENTRANT as CheckpointImpl.REENTRANT will soon be removed as the default and eventually deprecated.
  return wrapper_cls(module, **kwargs)
/lustre/orion/csc662/proj-shared/janet/miniconda3/envs/orbit_main/lib/python3.11/site-packages/torch/distributed/fsdp/wrap.py:491: FutureWarning: Please specify CheckpointImpl.NO_REENTRANT as CheckpointImpl.REENTRANT will soon be removed as the default and eventually deprecated.
  return wrapper_cls(module, **kwargs)
/lustre/orion/csc662/proj-shared/janet/miniconda3/envs/orbit_main/lib/python3.11/site-packages/torch/distributed/fsdp/wrap.py:491: FutureWarning: Please specify CheckpointImpl.NO_REENTRANT as CheckpointImpl.REENTRANT will soon be removed as the default and eventually deprecated.
  return wrapper_cls(module, **kwargs)
/lustre/orion/csc662/proj-shared/janet/miniconda3/envs/orbit_main/lib/python3.11/site-packages/torch/distributed/fsdp/wrap.py:491: FutureWarning: Please specify CheckpointImpl.NO_REENTRANT as CheckpointImpl.REENTRANT will soon be removed as the default and eventually deprecated.
  return wrapper_cls(module, **kwargs)
/lustre/orion/csc662/proj-shared/janet/miniconda3/envs/orbit_main/lib/python3.11/site-packages/torch/distributed/fsdp/wrap.py:491: FutureWarning: Please specify CheckpointImpl.NO_REENTRANT as CheckpointImpl.REENTRANT will soon be removed as the default and eventually deprecated.
  return wrapper_cls(module, **kwargs)
/lustre/orion/csc662/proj-shared/janet/miniconda3/envs/orbit_main/lib/python3.11/site-packages/torch/distributed/fsdp/wrap.py:491: FutureWarning: Please specify CheckpointImpl.NO_REENTRANT as CheckpointImpl.REENTRANT will soon be removed as the default and eventually deprecated.
  return wrapper_cls(module, **kwargs)
/lustre/orion/csc662/proj-shared/janet/miniconda3/envs/orbit_main/lib/python3.11/site-packages/torch/distributed/fsdp/wrap.py:491: FutureWarning: Please specify CheckpointImpl.NO_REENTRANT as CheckpointImpl.REENTRANT will soon be removed as the default and eventually deprecated.
  return wrapper_cls(module, **kwargs)
/lustre/orion/csc662/proj-shared/janet/miniconda3/envs/orbit_main/lib/python3.11/site-packages/torch/distributed/fsdp/wrap.py:491: FutureWarning: Please specify CheckpointImpl.NO_REENTRANT as CheckpointImpl.REENTRANT will soon be removed as the default and eventually deprecated.
  return wrapper_cls(module, **kwargs)
[Monthly Loader] 'temperature_250': shape=(219, 1, 180, 360)
[Monthly Loader] 'orography': shape=(219, 1, 180, 360)
[Monthly Loader] 'temperature_925': shape=(219, 1, 180, 360)
[Monthly Loader] 'temperature_700': shape=(219, 1, 180, 360)
[Monthly Loader] 'land_sea_mask': shape=(219, 1, 180, 360)
[Monthly Loader] 'temperature_600': shape=(219, 1, 180, 360)
[Monthly Loader] '10m_u_component_of_wind': shape=(219, 1, 180, 360)
[Monthly Loader] '10m_v_component_of_wind': shape=(219, 1, 180, 360)
[Monthly Loader] 'temperature_500': shape=(219, 1, 180, 360)
[Monthly Loader] 'temperature_50': shape=(219, 1, 180, 360)
[Rank 0] Assigned 5/81 monthly files (indices 0:5).
[Monthly Loader] Verifying variables in 2018_0.npz...
[Monthly Loader] Available variables: ['land_sea_mask', 'orography', '2m_temperature', '10m_u_component_of_wind', '10m_v_component_of_wind', 'mean_sea_level_pressure', 'surface_pressure', 'total_precipitation', 'sea_surface_temperature', 'geopotential_50', 'geopotential_100', 'geopotential_150', 'geopotential_200', 'geopotential_250', 'geopotential_300', 'geopotential_400', 'geopotential_500', 'geopotential_600', 'geopotential_700', 'geopotential_850', 'geopotential_925', 'geopotential_1000', 'u_component_of_wind_50', 'u_component_of_wind_100', 'u_component_of_wind_150', 'u_component_of_wind_200', 'u_component_of_wind_250', 'u_component_of_wind_300', 'u_component_of_wind_400', 'u_component_of_wind_500', 'u_component_of_wind_600', 'u_component_of_wind_700', 'u_component_of_wind_850', 'u_component_of_wind_925', 'u_component_of_wind_1000', 'v_component_of_wind_50', 'v_component_of_wind_100', 'v_component_of_wind_150', 'v_component_of_wind_200', 'v_component_of_wind_250', 'v_component_of_wind_300', 'v_component_of_wind_400', 'v_component_of_wind_500', 'v_component_of_wind_600', 'v_component_of_wind_700', 'v_component_of_wind_850', 'v_component_of_wind_925', 'v_component_of_wind_1000', 'temperature_50', 'temperature_100', 'temperature_150', 'temperature_200', 'temperature_250', 'temperature_300', 'temperature_400', 'temperature_500', 'temperature_600', 'temperature_700', 'temperature_850', 'temperature_925', 'temperature_1000', 'specific_humidity_50', 'specific_humidity_100', 'specific_humidity_150', 'specific_humidity_200', 'specific_humidity_250', 'specific_humidity_300', 'specific_humidity_400', 'specific_humidity_500', 'specific_humidity_600', 'specific_humidity_700', 'specific_humidity_850', 'specific_humidity_925', 'specific_humidity_1000', 'days_of_year', 'time_of_day', 'hrs_each_step', 'num_steps_per_shard', 'lattitude']
[Monthly Loader] '2m_temperature': shape=(219, 1, 180, 360)
[Monthly Loader] 'temperature_850': shape=(219, 1, 180, 360)
[Monthly Loader] 'lattitude': shape=(219, 1, 180, 360)
[Monthly Loader] 'temperature_250': shape=(219, 1, 180, 360)
[Monthly Loader] 'orography': shape=(219, 1, 180, 360)
[Monthly Loader] 'temperature_925': shape=(219, 1, 180, 360)
[Monthly Loader] 'temperature_700': shape=(219, 1, 180, 360)
[Monthly Loader] 'land_sea_mask': shape=(219, 1, 180, 360)
[Monthly Loader] 'temperature_600': shape=(219, 1, 180, 360)
[Monthly Loader] '10m_u_component_of_wind': shape=(219, 1, 180, 360)
[Monthly Loader] '10m_v_component_of_wind': shape=(219, 1, 180, 360)
[Monthly Loader] 'temperature_500': shape=(219, 1, 180, 360)
[Monthly Loader] 'temperature_50': shape=(219, 1, 180, 360)

[DEBUG] Data module created, creating model...
Creating model: res_slimvit
Model config: img_size=(180, 360), in_channels=13, out_channels=1, history=1, superres_factor=1
Model parameters: 14.17M
[DEBUG] Model created, setting up FSDP...
[DEBUG] Starting FSDP wrapping...
[DEBUG] FSDP wrapping completed. Model parameters: 0.89M
/lustre/orion/csc662/proj-shared/janet/miniconda3/envs/orbit_main/lib/python3.11/site-packages/torch/distributed/fsdp/wrap.py:491: FutureWarning: Please specify CheckpointImpl.NO_REENTRANT as CheckpointImpl.REENTRANT will soon be removed as the default and eventually deprecated.
  return wrapper_cls(module, **kwargs)
[DEBUG] FSDP wrapping completed, now creating losses (this may take several minutes)...
[DEBUG] Loading training climatology for lat_mse (this may take a while)...
[DEBUG] Training climatology loaded
[DEBUG] Loading validation climatology...
[DEBUG] Validation climatology loaded
Using lat_mse for training loss
Loss functions created successfully
[DEBUG] Losses created successfully
[DEBUG] Random token selection mode — no aux_difficulty_head

================================================================================
Starting epoch 0
================================================================================

pthread_mutex_unlock: No such file or directory
/lustre/orion/csc662/proj-shared/janet/miniconda3/envs/orbit_main/lib/python3.11/site-packages/torch/utils/checkpoint.py:295: FutureWarning: `torch.cpu.amp.autocast(args...)` is deprecated. Please use `torch.amp.autocast('cpu', args...)` instead.
  with torch.enable_grad(), device_autocast_ctx, torch.cpu.amp.autocast(**ctx.cpu_autocast_kwargs):  # type: ignore[attr-defined]
/lustre/orion/csc662/proj-shared/janet/miniconda3/envs/orbit_main/lib/python3.11/site-packages/torch/utils/checkpoint.py:295: FutureWarning: `torch.cpu.amp.autocast(args...)` is deprecated. Please use `torch.amp.autocast('cpu', args...)` instead.
  with torch.enable_grad(), device_autocast_ctx, torch.cpu.amp.autocast(**ctx.cpu_autocast_kwargs):  # type: ignore[attr-defined]
/lustre/orion/csc662/proj-shared/janet/miniconda3/envs/orbit_main/lib/python3.11/site-packages/torch/utils/checkpoint.py:295: FutureWarning: `torch.cpu.amp.autocast(args...)` is deprecated. Please use `torch.amp.autocast('cpu', args...)` instead.
  with torch.enable_grad(), device_autocast_ctx, torch.cpu.amp.autocast(**ctx.cpu_autocast_kwargs):  # type: ignore[attr-defined]
/lustre/orion/csc662/proj-shared/janet/miniconda3/envs/orbit_main/lib/python3.11/site-packages/torch/utils/checkpoint.py:295: FutureWarning: `torch.cpu.amp.autocast(args...)` is deprecated. Please use `torch.amp.autocast('cpu', args...)` instead.
  with torch.enable_grad(), device_autocast_ctx, torch.cpu.amp.autocast(**ctx.cpu_autocast_kwargs):  # type: ignore[attr-defined]
/lustre/orion/csc662/proj-shared/janet/miniconda3/envs/orbit_main/lib/python3.11/site-packages/torch/utils/checkpoint.py:295: FutureWarning: `torch.cpu.amp.autocast(args...)` is deprecated. Please use `torch.amp.autocast('cpu', args...)` instead.
  with torch.enable_grad(), device_autocast_ctx, torch.cpu.amp.autocast(**ctx.cpu_autocast_kwargs):  # type: ignore[attr-defined]
/lustre/orion/csc662/proj-shared/janet/miniconda3/envs/orbit_main/lib/python3.11/site-packages/torch/utils/checkpoint.py:295: FutureWarning: `torch.cpu.amp.autocast(args...)` is deprecated. Please use `torch.amp.autocast('cpu', args...)` instead.
  with torch.enable_grad(), device_autocast_ctx, torch.cpu.amp.autocast(**ctx.cpu_autocast_kwargs):  # type: ignore[attr-defined]
/lustre/orion/csc662/proj-shared/janet/miniconda3/envs/orbit_main/lib/python3.11/site-packages/torch/utils/checkpoint.py:295: FutureWarning: `torch.cpu.amp.autocast(args...)` is deprecated. Please use `torch.amp.autocast('cpu', args...)` instead.
  with torch.enable_grad(), device_autocast_ctx, torch.cpu.amp.autocast(**ctx.cpu_autocast_kwargs):  # type: ignore[attr-defined]
/lustre/orion/csc662/proj-shared/janet/miniconda3/envs/orbit_main/lib/python3.11/site-packages/torch/utils/checkpoint.py:295: FutureWarning: `torch.cpu.amp.autocast(args...)` is deprecated. Please use `torch.amp.autocast('cpu', args...)` instead.
  with torch.enable_grad(), device_autocast_ctx, torch.cpu.amp.autocast(**ctx.cpu_autocast_kwargs):  # type: ignore[attr-defined]
/lustre/orion/csc662/proj-shared/janet/miniconda3/envs/orbit_main/lib/python3.11/site-packages/torch/utils/checkpoint.py:295: FutureWarning: `torch.cpu.amp.autocast(args...)` is deprecated. Please use `torch.amp.autocast('cpu', args...)` instead.
  with torch.enable_grad(), device_autocast_ctx, torch.cpu.amp.autocast(**ctx.cpu_autocast_kwargs):  # type: ignore[attr-defined]
/lustre/orion/csc662/proj-shared/janet/miniconda3/envs/orbit_main/lib/python3.11/site-packages/torch/utils/checkpoint.py:295: FutureWarning: `torch.cpu.amp.autocast(args...)` is deprecated. Please use `torch.amp.autocast('cpu', args...)` instead.
  with torch.enable_grad(), device_autocast_ctx, torch.cpu.amp.autocast(**ctx.cpu_autocast_kwargs):  # type: ignore[attr-defined]
/lustre/orion/csc662/proj-shared/janet/miniconda3/envs/orbit_main/lib/python3.11/site-packages/torch/utils/checkpoint.py:295: FutureWarning: `torch.cpu.amp.autocast(args...)` is deprecated. Please use `torch.amp.autocast('cpu', args...)` instead.
  with torch.enable_grad(), device_autocast_ctx, torch.cpu.amp.autocast(**ctx.cpu_autocast_kwargs):  # type: ignore[attr-defined]
/lustre/orion/csc662/proj-shared/janet/miniconda3/envs/orbit_main/lib/python3.11/site-packages/torch/utils/checkpoint.py:295: FutureWarning: `torch.cpu.amp.autocast(args...)` is deprecated. Please use `torch.amp.autocast('cpu', args...)` instead.
  with torch.enable_grad(), device_autocast_ctx, torch.cpu.amp.autocast(**ctx.cpu_autocast_kwargs):  # type: ignore[attr-defined]
/lustre/orion/csc662/proj-shared/janet/miniconda3/envs/orbit_main/lib/python3.11/site-packages/torch/utils/checkpoint.py:295: FutureWarning: `torch.cpu.amp.autocast(args...)` is deprecated. Please use `torch.amp.autocast('cpu', args...)` instead.
  with torch.enable_grad(), device_autocast_ctx, torch.cpu.amp.autocast(**ctx.cpu_autocast_kwargs):  # type: ignore[attr-defined]
/lustre/orion/csc662/proj-shared/janet/miniconda3/envs/orbit_main/lib/python3.11/site-packages/torch/utils/checkpoint.py:295: FutureWarning: `torch.cpu.amp.autocast(args...)` is deprecated. Please use `torch.amp.autocast('cpu', args...)` instead.
  with torch.enable_grad(), device_autocast_ctx, torch.cpu.amp.autocast(**ctx.cpu_autocast_kwargs):  # type: ignore[attr-defined]
/lustre/orion/csc662/proj-shared/janet/miniconda3/envs/orbit_main/lib/python3.11/site-packages/torch/utils/checkpoint.py:295: FutureWarning: `torch.cpu.amp.autocast(args...)` is deprecated. Please use `torch.amp.autocast('cpu', args...)` instead.
  with torch.enable_grad(), device_autocast_ctx, torch.cpu.amp.autocast(**ctx.cpu_autocast_kwargs):  # type: ignore[attr-defined]
/lustre/orion/csc662/proj-shared/janet/miniconda3/envs/orbit_main/lib/python3.11/site-packages/torch/utils/checkpoint.py:295: FutureWarning: `torch.cpu.amp.autocast(args...)` is deprecated. Please use `torch.amp.autocast('cpu', args...)` instead.
  with torch.enable_grad(), device_autocast_ctx, torch.cpu.amp.autocast(**ctx.cpu_autocast_kwargs):  # type: ignore[attr-defined]
[E0 B0] loss=0.56689 time=62.109s | diff=N/A (DIAG empty) | mem=0.0GB

======================================================================
 Parameter Breakdown
======================================================================
  Decoder Head                                0.000M  (           0)
  Token Embeddings                            0.000M  (           0)
  Variable Aggregation                        0.000M  (           0)
  Other (pos_embed, var_embed, etc.)          0.886M  (     885,871)
  ────────────────────────────────────────────────────────────
  TOTAL                                       0.886M  (     885,871)
======================================================================

Epoch 0 | Batch 0 | Loss: 0.566895 | Time: 62.110s | LR: 1.00e-06
rank 0 Batch 0 Allocated: 0.01GB, Max Allocated: 20.21GB, Reserved: 0.42GB
Epoch 0 | Batch 1 | Loss: 0.584639 | Time: 41.056s | LR: 1.00e-06
rank 0 Batch 1 Allocated: 0.01GB, Max Allocated: 20.21GB, Reserved: 32.03GB
Epoch 0 | Batch 2 | Loss: 0.659481 | Time: 41.031s | LR: 1.00e-06
rank 0 Batch 2 Allocated: 0.01GB, Max Allocated: 20.22GB, Reserved: 32.03GB
Epoch 0 | Batch 3 | Loss: 0.671741 | Time: 40.993s | LR: 1.00e-06
rank 0 Batch 3 Allocated: 0.01GB, Max Allocated: 20.22GB, Reserved: 32.03GB
Epoch 0 | Batch 4 | Loss: 0.657614 | Time: 41.019s | LR: 1.00e-06
rank 0 Batch 4 Allocated: 0.01GB, Max Allocated: 20.22GB, Reserved: 32.03GB
Epoch 0 | Batch 5 | Loss: 0.675045 | Time: 41.050s | LR: 1.00e-06
rank 0 Batch 5 Allocated: 0.01GB, Max Allocated: 20.22GB, Reserved: 32.03GB
Epoch 0 | Batch 6 | Loss: 0.672643 | Time: 41.011s | LR: 1.00e-06
rank 0 Batch 6 Allocated: 0.01GB, Max Allocated: 20.22GB, Reserved: 32.03GB
Epoch 0 | Batch 7 | Loss: 0.614758 | Time: 41.027s | LR: 1.00e-06
rank 0 Batch 7 Allocated: 0.01GB, Max Allocated: 20.22GB, Reserved: 32.03GB
Epoch 0 | Batch 8 | Loss: 0.673990 | Time: 41.130s | LR: 1.00e-06
rank 0 Batch 8 Allocated: 0.01GB, Max Allocated: 20.22GB, Reserved: 32.03GB
Epoch 0 | Batch 9 | Loss: 0.585557 | Time: 41.692s | LR: 1.00e-06
rank 0 Batch 9 Allocated: 0.01GB, Max Allocated: 20.22GB, Reserved: 32.03GB
Epoch 0 | Batch 10 | Loss: 0.644337 | Time: 41.897s | LR: 1.00e-06
rank 0 Batch 10 Allocated: 0.01GB, Max Allocated: 20.22GB, Reserved: 32.03GB
Epoch 0 | Batch 11 | Loss: 0.642191 | Time: 41.383s | LR: 1.00e-06
rank 0 Batch 11 Allocated: 0.01GB, Max Allocated: 20.22GB, Reserved: 32.03GB
Epoch 0 | Batch 12 | Loss: 0.632570 | Time: 41.248s | LR: 1.00e-06
rank 0 Batch 12 Allocated: 0.01GB, Max Allocated: 20.22GB, Reserved: 32.03GB
Epoch 0 | Batch 13 | Loss: 0.632412 | Time: 41.010s | LR: 1.00e-06
rank 0 Batch 13 Allocated: 0.01GB, Max Allocated: 20.22GB, Reserved: 32.03GB
Epoch 0 | Batch 14 | Loss: 0.586121 | Time: 41.031s | LR: 1.00e-06
rank 0 Batch 14 Allocated: 0.01GB, Max Allocated: 20.22GB, Reserved: 32.03GB
Epoch 0 | Batch 15 | Loss: 0.567667 | Time: 41.358s | LR: 1.00e-06
rank 0 Batch 15 Allocated: 0.01GB, Max Allocated: 20.22GB, Reserved: 32.03GB
Epoch 0 | Batch 16 | Loss: 0.583174 | Time: 41.172s | LR: 1.00e-06
rank 0 Batch 16 Allocated: 0.01GB, Max Allocated: 20.22GB, Reserved: 32.03GB
Epoch 0 | Batch 17 | Loss: 0.571563 | Time: 41.894s | LR: 1.00e-06
rank 0 Batch 17 Allocated: 0.01GB, Max Allocated: 20.22GB, Reserved: 32.03GB
Epoch 0 | Batch 18 | Loss: 0.636932 | Time: 41.273s | LR: 1.00e-06
rank 0 Batch 18 Allocated: 0.01GB, Max Allocated: 20.22GB, Reserved: 32.03GB
Epoch 0 | Batch 19 | Loss: 0.615091 | Time: 41.232s | LR: 1.00e-06
rank 0 Batch 19 Allocated: 0.01GB, Max Allocated: 20.22GB, Reserved: 32.03GB
Epoch 0 | Batch 20 | Loss: 0.617936 | Time: 41.163s | LR: 1.00e-06
rank 0 Batch 20 Allocated: 0.01GB, Max Allocated: 20.22GB, Reserved: 32.03GB
Epoch 0 | Batch 21 | Loss: 0.565505 | Time: 41.096s | LR: 1.00e-06
rank 0 Batch 21 Allocated: 0.01GB, Max Allocated: 20.22GB, Reserved: 32.03GB
Epoch 0 | Batch 22 | Loss: 0.578725 | Time: 41.014s | LR: 1.00e-06
rank 0 Batch 22 Allocated: 0.01GB, Max Allocated: 20.22GB, Reserved: 32.03GB
Epoch 0 | Batch 23 | Loss: 0.608686 | Time: 41.034s | LR: 1.00e-06
rank 0 Batch 23 Allocated: 0.01GB, Max Allocated: 20.22GB, Reserved: 32.03GB
Epoch 0 | Batch 24 | Loss: 0.633595 | Time: 41.837s | LR: 1.00e-06
rank 0 Batch 24 Allocated: 0.01GB, Max Allocated: 20.22GB, Reserved: 32.03GB
Epoch 0 | Batch 25 | Loss: 0.545528 | Time: 41.371s | LR: 1.00e-06
rank 0 Batch 25 Allocated: 0.01GB, Max Allocated: 20.22GB, Reserved: 32.03GB
Epoch 0 | Batch 26 | Loss: 0.624278 | Time: 41.207s | LR: 1.00e-06
rank 0 Batch 26 Allocated: 0.01GB, Max Allocated: 20.22GB, Reserved: 32.03GB
Epoch 0 | Batch 27 | Loss: 0.600477 | Time: 41.188s | LR: 1.00e-06
rank 0 Batch 27 Allocated: 0.01GB, Max Allocated: 20.22GB, Reserved: 32.03GB
Epoch 0 | Batch 28 | Loss: 0.634114 | Time: 41.115s | LR: 1.00e-06
rank 0 Batch 28 Allocated: 0.01GB, Max Allocated: 20.22GB, Reserved: 32.03GB
Epoch 0 | Batch 29 | Loss: 0.611149 | Time: 41.360s | LR: 1.00e-06
rank 0 Batch 29 Allocated: 0.01GB, Max Allocated: 20.22GB, Reserved: 32.03GB
Epoch 0 | Batch 30 | Loss: 0.662354 | Time: 41.068s | LR: 1.00e-06
rank 0 Batch 30 Allocated: 0.01GB, Max Allocated: 20.22GB, Reserved: 32.03GB
Epoch 0 | Batch 31 | Loss: 0.706868 | Time: 41.061s | LR: 1.00e-06
rank 0 Batch 31 Allocated: 0.01GB, Max Allocated: 20.22GB, Reserved: 32.03GB
Epoch 0 | Batch 32 | Loss: 0.666597 | Time: 41.038s | LR: 1.00e-06
rank 0 Batch 32 Allocated: 0.01GB, Max Allocated: 20.22GB, Reserved: 32.03GB
Epoch 0 | Batch 33 | Loss: 0.621155 | Time: 41.258s | LR: 1.00e-06
rank 0 Batch 33 Allocated: 0.01GB, Max Allocated: 20.22GB, Reserved: 32.03GB
Epoch 0 | Batch 34 | Loss: 0.600321 | Time: 41.271s | LR: 1.00e-06
rank 0 Batch 34 Allocated: 0.01GB, Max Allocated: 20.22GB, Reserved: 32.03GB
Epoch 0 | Batch 35 | Loss: 0.675965 | Time: 41.225s | LR: 1.00e-06
rank 0 Batch 35 Allocated: 0.01GB, Max Allocated: 20.22GB, Reserved: 32.03GB
Epoch 0 | Batch 36 | Loss: 0.622992 | Time: 41.136s | LR: 1.00e-06
rank 0 Batch 36 Allocated: 0.01GB, Max Allocated: 20.22GB, Reserved: 32.03GB
Epoch 0 | Batch 37 | Loss: 0.576776 | Time: 41.107s | LR: 1.00e-06
rank 0 Batch 37 Allocated: 0.01GB, Max Allocated: 20.22GB, Reserved: 32.03GB
Epoch 0 | Batch 38 | Loss: 0.622090 | Time: 41.167s | LR: 1.00e-06
rank 0 Batch 38 Allocated: 0.01GB, Max Allocated: 20.22GB, Reserved: 32.03GB
Epoch 0 | Batch 39 | Loss: 0.601369 | Time: 41.024s | LR: 1.00e-06
rank 0 Batch 39 Allocated: 0.01GB, Max Allocated: 20.22GB, Reserved: 32.03GB
Epoch 0 | Batch 40 | Loss: 0.580079 | Time: 41.097s | LR: 1.00e-06
rank 0 Batch 40 Allocated: 0.01GB, Max Allocated: 20.22GB, Reserved: 32.03GB
Epoch 0 | Batch 41 | Loss: 0.631607 | Time: 41.299s | LR: 1.00e-06
rank 0 Batch 41 Allocated: 0.01GB, Max Allocated: 20.22GB, Reserved: 32.03GB
Epoch 0 | Batch 42 | Loss: 0.689621 | Time: 41.098s | LR: 1.00e-06
rank 0 Batch 42 Allocated: 0.01GB, Max Allocated: 20.22GB, Reserved: 32.03GB
Epoch 0 | Batch 43 | Loss: 0.634364 | Time: 41.253s | LR: 1.00e-06
rank 0 Batch 43 Allocated: 0.01GB, Max Allocated: 20.22GB, Reserved: 32.03GB
Epoch 0 | Batch 44 | Loss: 0.611379 | Time: 41.033s | LR: 1.00e-06
rank 0 Batch 44 Allocated: 0.01GB, Max Allocated: 20.22GB, Reserved: 32.03GB
Epoch 0 | Batch 45 | Loss: 0.574465 | Time: 41.043s | LR: 1.00e-06
rank 0 Batch 45 Allocated: 0.01GB, Max Allocated: 20.22GB, Reserved: 32.03GB
Epoch 0 | Batch 46 | Loss: 0.570098 | Time: 41.130s | LR: 1.00e-06
rank 0 Batch 46 Allocated: 0.01GB, Max Allocated: 20.22GB, Reserved: 32.03GB
Epoch 0 | Batch 47 | Loss: 0.632934 | Time: 41.441s | LR: 1.00e-06
rank 0 Batch 47 Allocated: 0.01GB, Max Allocated: 20.22GB, Reserved: 32.03GB
Epoch 0 | Batch 48 | Loss: 0.616949 | Time: 41.160s | LR: 1.00e-06
rank 0 Batch 48 Allocated: 0.01GB, Max Allocated: 20.22GB, Reserved: 32.03GB
[Monthly Loader] Epoch complete. Yielded 1649 samples.
Epoch 0 | Batch 49 | Loss: 0.643632 | Time: 40.989s | LR: 1.00e-06
rank 0 Batch 49 Allocated: 0.01GB, Max Allocated: 20.22GB, Reserved: 32.03GB
[E0 B50] loss=0.62681 time=41.027s | diff=N/A (DIAG empty) | mem=0.0GB
Epoch 0 | Batch 50 | Loss: 0.626805 | Time: 41.027s | LR: 1.00e-06
rank 0 Batch 50 Allocated: 0.01GB, Max Allocated: 20.22GB, Reserved: 32.03GB
Epoch 0 | Batch 51 | Loss: 0.548275 | Time: 22.933s | LR: 1.00e-06
rank 0 Batch 51 Allocated: 0.01GB, Max Allocated: 20.22GB, Reserved: 0.31GB

================================================================================
Epoch 0 completed | Average Loss: 0.620712
================================================================================


======================================================================
 Epoch 0 Summary (Adaptive Sparsity)
======================================================================
  loss                                = 0.619444  (n=52)
  step_time_sec                       = 41.246646  (n=52)
  gpu_mem_allocated_gb                = 0.015000  (n=52)
  gpu_mem_max_allocated_gb            = 21.706808  (n=52)
======================================================================

rank 0 Before saving checkpoint Allocated: 0.01GB, Max Allocated: 20.22GB, Reserved: 0.31GB
Saved checkpoint to: /lustre/orion/csc662/proj-shared/janet/forecasting/orbit_main/era5_forecasting_1.0_deg_sprint_truly_disabled_antialias=True_input_refine_cnn=True/checkpoint_epoch_0000.pt
rank 0 After saving checkpoint Allocated: 0.01GB, Max Allocated: 20.22GB, Reserved: 0.31GB

================================================================================
Starting epoch 1
================================================================================

[E1 B0] loss=0.63010 time=46.781s | diff=N/A (DIAG empty) | mem=0.0GB
Epoch 1 | Batch 0 | Loss: 0.630099 | Time: 46.781s | LR: 1.15e-02
rank 0 Batch 0 Allocated: 0.01GB, Max Allocated: 20.22GB, Reserved: 31.98GB
Epoch 1 | Batch 1 | Loss: 0.937908 | Time: 41.070s | LR: 1.15e-02
rank 0 Batch 1 Allocated: 0.01GB, Max Allocated: 20.22GB, Reserved: 31.98GB
Epoch 1 | Batch 2 | Loss: 0.432752 | Time: 41.226s | LR: 1.15e-02
rank 0 Batch 2 Allocated: 0.01GB, Max Allocated: 20.22GB, Reserved: 31.98GB
Epoch 1 | Batch 3 | Loss: 5.782354 | Time: 41.019s | LR: 1.15e-02
rank 0 Batch 3 Allocated: 0.01GB, Max Allocated: 20.22GB, Reserved: 31.98GB
Epoch 1 | Batch 4 | Loss: 7.535026 | Time: 41.000s | LR: 1.15e-02
rank 0 Batch 4 Allocated: 0.01GB, Max Allocated: 20.22GB, Reserved: 31.98GB
Epoch 1 | Batch 5 | Loss: 32.760826 | Time: 41.727s | LR: 1.15e-02
rank 0 Batch 5 Allocated: 0.01GB, Max Allocated: 20.22GB, Reserved: 31.98GB
Epoch 1 | Batch 6 | Loss: 83.134587 | Time: 40.832s | LR: 1.15e-02
rank 0 Batch 6 Allocated: 0.01GB, Max Allocated: 20.22GB, Reserved: 31.98GB
Epoch 1 | Batch 7 | Loss: 79.239031 | Time: 40.884s | LR: 1.15e-02
rank 0 Batch 7 Allocated: 0.01GB, Max Allocated: 20.22GB, Reserved: 31.98GB
Epoch 1 | Batch 8 | Loss: 196.703962 | Time: 40.826s | LR: 1.15e-02
rank 0 Batch 8 Allocated: 0.01GB, Max Allocated: 20.22GB, Reserved: 31.98GB
Epoch 1 | Batch 9 | Loss: 5.025152 | Time: 40.919s | LR: 1.15e-02
rank 0 Batch 9 Allocated: 0.01GB, Max Allocated: 20.22GB, Reserved: 31.98GB
Epoch 1 | Batch 10 | Loss: 0.379683 | Time: 40.744s | LR: 1.15e-02
rank 0 Batch 10 Allocated: 0.01GB, Max Allocated: 20.22GB, Reserved: 31.98GB
Epoch 1 | Batch 11 | Loss: 1.643088 | Time: 40.919s | LR: 1.15e-02
rank 0 Batch 11 Allocated: 0.01GB, Max Allocated: 20.22GB, Reserved: 31.98GB
Epoch 1 | Batch 12 | Loss: 0.540104 | Time: 40.649s | LR: 1.15e-02
rank 0 Batch 12 Allocated: 0.01GB, Max Allocated: 20.22GB, Reserved: 31.98GB
Epoch 1 | Batch 13 | Loss: 1.013784 | Time: 42.672s | LR: 1.15e-02
rank 0 Batch 13 Allocated: 0.01GB, Max Allocated: 20.22GB, Reserved: 31.98GB
Epoch 1 | Batch 14 | Loss: 0.637904 | Time: 40.822s | LR: 1.15e-02
rank 0 Batch 14 Allocated: 0.01GB, Max Allocated: 20.22GB, Reserved: 31.98GB
Epoch 1 | Batch 15 | Loss: 3.054600 | Time: 40.770s | LR: 1.15e-02
rank 0 Batch 15 Allocated: 0.01GB, Max Allocated: 20.22GB, Reserved: 31.98GB
Epoch 1 | Batch 16 | Loss: 0.764719 | Time: 40.731s | LR: 1.15e-02
rank 0 Batch 16 Allocated: 0.01GB, Max Allocated: 20.22GB, Reserved: 31.98GB
Epoch 1 | Batch 17 | Loss: 1.646638 | Time: 40.582s | LR: 1.15e-02
rank 0 Batch 17 Allocated: 0.01GB, Max Allocated: 20.22GB, Reserved: 31.98GB
Epoch 1 | Batch 18 | Loss: 3.624157 | Time: 40.638s | LR: 1.15e-02
rank 0 Batch 18 Allocated: 0.01GB, Max Allocated: 20.22GB, Reserved: 31.98GB
srun: Job step aborted: Waiting up to 32 seconds for job step to finish.
slurmstepd: error: *** STEP 4141085.0 ON frontier08573 CANCELLED AT 2026-02-22T15:32:37 DUE TO TIME LIMIT ***
slurmstepd: error: *** JOB 4141085 ON frontier08573 CANCELLED AT 2026-02-22T15:32:37 DUE TO TIME LIMIT ***
