
Lmod is automatically replacing "cce/18.0.1" with "gcc-native/14.2".


Lmod is automatically replacing "PrgEnv-cray/8.6.0" with "PrgEnv-gnu/8.6.0".


Inactive Modules:
  1) darshan-runtime

Due to MODULEPATH changes, the following have been reloaded:
  1) cray-libsci/24.11.0     2) cray-mpich/8.1.31


Lmod is automatically replacing "gcc-native/14.2" with "gcc/12.2.0".


The following have been reloaded with a version change:
  1) cray-libsci/24.11.0 => cray-libsci/23.09.1.1
  2) cray-mpich/8.1.31 => cray-mpich/8.1.27
  3) libfabric/1.22.0 => libfabric/1.20.1

Job started at: Tue Jan 27 08:53:38 PM EST 2026
Job ID: 4074507
Running on nodes: frontier09343
Number of tasks: 8
Number of nodes: 1
WARNING[XFORMERS]: xFormers can't load C++/CUDA extensions. xFormers was built for:
    PyTorch 2.4.1+cu121 with CUDA 1201 (you have 2.4.1+rocm6.0)
    Python  3.11.10 (you have 3.11.14)
  Please reinstall xformers (see https://github.com/facebookresearch/xformers#installing-xformers)
  Memory-efficient attention, SwiGLU, sparse and more won't be available.
  Set XFORMERS_MORE_DETAILS=1 for more details
WARNING[XFORMERS]: xFormers can't load C++/CUDA extensions. xFormers was built for:
    PyTorch 2.4.1+cu121 with CUDA 1201 (you have 2.4.1+rocm6.0)
    Python  3.11.10 (you have 3.11.14)
  Please reinstall xformers (see https://github.com/facebookresearch/xformers#installing-xformers)
  Memory-efficient attention, SwiGLU, sparse and more won't be available.
  Set XFORMERS_MORE_DETAILS=1 for more details
WARNING[XFORMERS]: xFormers can't load C++/CUDA extensions. xFormers was built for:
    PyTorch 2.4.1+cu121 with CUDA 1201 (you have 2.4.1+rocm6.0)
    Python  3.11.10 (you have 3.11.14)
  Please reinstall xformers (see https://github.com/facebookresearch/xformers#installing-xformers)
  Memory-efficient attention, SwiGLU, sparse and more won't be available.
  Set XFORMERS_MORE_DETAILS=1 for more details
WARNING[XFORMERS]: xFormers can't load C++/CUDA extensions. xFormers was built for:
    PyTorch 2.4.1+cu121 with CUDA 1201 (you have 2.4.1+rocm6.0)
    Python  3.11.10 (you have 3.11.14)
  Please reinstall xformers (see https://github.com/facebookresearch/xformers#installing-xformers)
  Memory-efficient attention, SwiGLU, sparse and more won't be available.
  Set XFORMERS_MORE_DETAILS=1 for more details
WARNING[XFORMERS]: xFormers can't load C++/CUDA extensions. xFormers was built for:
    PyTorch 2.4.1+cu121 with CUDA 1201 (you have 2.4.1+rocm6.0)
    Python  3.11.10 (you have 3.11.14)
  Please reinstall xformers (see https://github.com/facebookresearch/xformers#installing-xformers)
  Memory-efficient attention, SwiGLU, sparse and more won't be available.
  Set XFORMERS_MORE_DETAILS=1 for more details
WARNING[XFORMERS]: xFormers can't load C++/CUDA extensions. xFormers was built for:
    PyTorch 2.4.1+cu121 with CUDA 1201 (you have 2.4.1+rocm6.0)
    Python  3.11.10 (you have 3.11.14)
  Please reinstall xformers (see https://github.com/facebookresearch/xformers#installing-xformers)
  Memory-efficient attention, SwiGLU, sparse and more won't be available.
  Set XFORMERS_MORE_DETAILS=1 for more details
WARNING[XFORMERS]: xFormers can't load C++/CUDA extensions. xFormers was built for:
    PyTorch 2.4.1+cu121 with CUDA 1201 (you have 2.4.1+rocm6.0)
    Python  3.11.10 (you have 3.11.14)
  Please reinstall xformers (see https://github.com/facebookresearch/xformers#installing-xformers)
  Memory-efficient attention, SwiGLU, sparse and more won't be available.
  Set XFORMERS_MORE_DETAILS=1 for more details
WARNING[XFORMERS]: xFormers can't load C++/CUDA extensions. xFormers was built for:
    PyTorch 2.4.1+cu121 with CUDA 1201 (you have 2.4.1+rocm6.0)
    Python  3.11.10 (you have 3.11.14)
  Please reinstall xformers (see https://github.com/facebookresearch/xformers#installing-xformers)
  Memory-efficient attention, SwiGLU, sparse and more won't be available.
  Set XFORMERS_MORE_DETAILS=1 for more details
/ccs/home/janetw/diffusion/ORBIT-2-sandbox/src/climate_learn/models/hub/components/attention.py:10: FutureWarning: xformers.components is deprecated and is not maintained anymore. It might be removed in a future version of xFormers 
  from xformers.components.attention.core import scaled_dot_product_attention as xformers_sdpa
[W127 20:55:12.853350122 socket.cpp:697] [c10d] The client socket cannot be initialized to connect to [frontier09343.frontier.olcf.ornl.gov]:29500 (errno: 97 - Address family not supported by protocol).
/ccs/home/janetw/diffusion/ORBIT-2-sandbox/src/climate_learn/models/hub/components/attention.py:10: FutureWarning: xformers.components is deprecated and is not maintained anymore. It might be removed in a future version of xFormers 
  from xformers.components.attention.core import scaled_dot_product_attention as xformers_sdpa
/ccs/home/janetw/diffusion/ORBIT-2-sandbox/src/climate_learn/models/hub/components/attention.py:10: FutureWarning: xformers.components is deprecated and is not maintained anymore. It might be removed in a future version of xFormers 
  from xformers.components.attention.core import scaled_dot_product_attention as xformers_sdpa
/ccs/home/janetw/diffusion/ORBIT-2-sandbox/src/climate_learn/models/hub/components/attention.py:10: FutureWarning: xformers.components is deprecated and is not maintained anymore. It might be removed in a future version of xFormers 
  from xformers.components.attention.core import scaled_dot_product_attention as xformers_sdpa
/ccs/home/janetw/diffusion/ORBIT-2-sandbox/src/climate_learn/models/hub/components/attention.py:10: FutureWarning: xformers.components is deprecated and is not maintained anymore. It might be removed in a future version of xFormers 
  from xformers.components.attention.core import scaled_dot_product_attention as xformers_sdpa
/ccs/home/janetw/diffusion/ORBIT-2-sandbox/src/climate_learn/models/hub/components/attention.py:10: FutureWarning: xformers.components is deprecated and is not maintained anymore. It might be removed in a future version of xFormers 
  from xformers.components.attention.core import scaled_dot_product_attention as xformers_sdpa
/ccs/home/janetw/diffusion/ORBIT-2-sandbox/src/climate_learn/models/hub/components/attention.py:10: FutureWarning: xformers.components is deprecated and is not maintained anymore. It might be removed in a future version of xFormers 
  from xformers.components.attention.core import scaled_dot_product_attention as xformers_sdpa
/ccs/home/janetw/diffusion/ORBIT-2-sandbox/src/climate_learn/models/hub/components/attention.py:10: FutureWarning: xformers.components is deprecated and is not maintained anymore. It might be removed in a future version of xFormers 
  from xformers.components.attention.core import scaled_dot_product_attention as xformers_sdpa
[W127 20:55:12.295328806 socket.cpp:697] [c10d] The client socket cannot be initialized to connect to [frontier09343.frontier.olcf.ornl.gov]:29500 (errno: 97 - Address family not supported by protocol).
[W127 20:55:12.300580273 socket.cpp:697] [c10d] The client socket cannot be initialized to connect to [frontier09343.frontier.olcf.ornl.gov]:29500 (errno: 97 - Address family not supported by protocol).
[W127 20:55:12.308992895 socket.cpp:697] [c10d] The client socket cannot be initialized to connect to [frontier09343.frontier.olcf.ornl.gov]:29500 (errno: 97 - Address family not supported by protocol).
[W127 20:55:12.309811127 socket.cpp:697] [c10d] The client socket cannot be initialized to connect to [frontier09343.frontier.olcf.ornl.gov]:29500 (errno: 97 - Address family not supported by protocol).
[W127 20:55:12.310822735 socket.cpp:697] [c10d] The client socket cannot be initialized to connect to [frontier09343.frontier.olcf.ornl.gov]:29500 (errno: 97 - Address family not supported by protocol).
[W127 20:55:12.314319776 socket.cpp:697] [c10d] The client socket cannot be initialized to connect to [frontier09343.frontier.olcf.ornl.gov]:29500 (errno: 97 - Address family not supported by protocol).
[W127 20:55:13.425962038 socket.cpp:697] [c10d] The client socket cannot be initialized to connect to [frontier09343.frontier.olcf.ornl.gov]:29500 (errno: 97 - Address family not supported by protocol).
DDStore loading error!!
Initialized process group. world_size=8
world_size=8, world_rank=2, local_rank=2
use_ddstore is : 0
[Rank 2] Assigned 5/40 monthly files (indices 10:15).
DDStore loading error!!
Initialized process group. world_size=8
world_size=8, world_rank=1, local_rank=1
DDStore loading error!!
Initialized process group. world_size=8
world_size=8, world_rank=5, local_rank=5
DDStore loading error!!
Initialized process group. world_size=8
world_size=8, world_rank=3, local_rank=3
DDStore loading error!!
Initialized process group. world_size=8
world_size=8, world_rank=4, local_rank=4
DDStore loading error!!
Initialized process group. world_size=8
world_size=8, world_rank=7, local_rank=7
DDStore loading error!!
Initialized process group. world_size=8
world_size=8, world_rank=6, local_rank=6
DDStore loading error!!
Initialized process group. world_size=8
world_size=8, world_rank=0, local_rank=0
Loading config from: /ccs/home/janetw/diffusion/ORBIT-2-sandbox/configs/era5_forecasting.yaml

================================================================================
Training Configuration Summary
================================================================================
Config: /ccs/home/janetw/diffusion/ORBIT-2-sandbox/configs/era5_forecasting.yaml
Max epochs: 30
Data type: bfloat16
Checkpoint: None
Save path: /lustre/orion/csc662/proj-shared/janet/forecasting/orbit_main/era5_forecasting_1.40625_deg_max_pooling
================================================================================

Creating data module for direct forecasting
Input variables: ['temperature_50', 'temperature_250', 'temperature_500', 'temperature_600', 'temperature_700', 'temperature_850', 'temperature_925', '2m_temperature', '10m_u_component_of_wind', '10m_v_component_of_wind', 'latitude', 'land_sea_mask', 'orography', 'landcover']
Output variables: ['2m_temperature']
Setting up distributed data loading: world_size=8
Each GPU will process 1/8 of the dataset
use_ddstore is : 0
[Rank 1] Assigned 5/40 monthly files (indices 5:10).
use_ddstore is : 0
[Rank 5] Assigned 5/40 monthly files (indices 25:30).
use_ddstore is : 0
[Rank 3] Assigned 5/40 monthly files (indices 15:20).
use_ddstore is : 0
[Rank 4] Assigned 5/40 monthly files (indices 20:25).
use_ddstore is : 0
[Rank 7] Assigned 5/40 monthly files (indices 35:40).
use_ddstore is : 0
[Rank 6] Assigned 5/40 monthly files (indices 30:35).
after data_module creation Allocated: 0.00GB, Max Allocated: 0.00GB, Reserved: 0.00GB
use_ddstore is : 0
[Rank 0] Assigned 5/40 monthly files (indices 0:5).
[Monthly Loader] Verifying variables in 1979_0.npz...
[Monthly Loader] Available variables: ['land_sea_mask', 'landcover', 'latitude', 'orography', '10m_u_component_of_wind', '10m_v_component_of_wind', '2m_temperature_max', '2m_temperature_min', '2m_temperature', 'sea_surface_temperature', 'surface_pressure', 'total_precipitation_24hr', 'volumetric_soil_water_layer_1', 'geopotential_50', 'geopotential_100', 'geopotential_150', 'geopotential_200', 'geopotential_250', 'geopotential_300', 'geopotential_400', 'geopotential_500', 'geopotential_600', 'geopotential_700', 'geopotential_850', 'geopotential_925', 'geopotential_1000', 'specific_humidity_50', 'specific_humidity_100', 'specific_humidity_150', 'specific_humidity_200', 'specific_humidity_250', 'specific_humidity_300', 'specific_humidity_400', 'specific_humidity_500', 'specific_humidity_600', 'specific_humidity_700', 'specific_humidity_850', 'specific_humidity_925', 'specific_humidity_1000', 'temperature_50', 'temperature_100', 'temperature_150', 'temperature_200', 'temperature_250', 'temperature_300', 'temperature_400', 'temperature_500', 'temperature_600', 'temperature_700', 'temperature_850', 'temperature_925', 'temperature_1000', 'u_component_of_wind_50', 'u_component_of_wind_100', 'u_component_of_wind_150', 'u_component_of_wind_200', 'u_component_of_wind_250', 'u_component_of_wind_300', 'u_component_of_wind_400', 'u_component_of_wind_500', 'u_component_of_wind_600', 'u_component_of_wind_700', 'u_component_of_wind_850', 'u_component_of_wind_925', 'u_component_of_wind_1000', 'v_component_of_wind_50', 'v_component_of_wind_100', 'v_component_of_wind_150', 'v_component_of_wind_200', 'v_component_of_wind_250', 'v_component_of_wind_300', 'v_component_of_wind_400', 'v_component_of_wind_500', 'v_component_of_wind_600', 'v_component_of_wind_700', 'v_component_of_wind_850', 'v_component_of_wind_925', 'v_component_of_wind_1000', 'days_of_year', 'time_of_day', 'hrs_each_step', 'num_steps_per_shard', 'extra_steps', 'lattitude']
[Monthly Loader] 'temperature_600': shape=(8760, 1, 128, 256)
/lustre/orion/csc662/proj-shared/janet/miniconda3/envs/orbit_main/lib/python3.11/site-packages/torch/distributed/fsdp/wrap.py:491: FutureWarning: Please specify CheckpointImpl.NO_REENTRANT as CheckpointImpl.REENTRANT will soon be removed as the default and eventually deprecated.
  return wrapper_cls(module, **kwargs)
/lustre/orion/csc662/proj-shared/janet/miniconda3/envs/orbit_main/lib/python3.11/site-packages/torch/distributed/fsdp/wrap.py:491: FutureWarning: Please specify CheckpointImpl.NO_REENTRANT as CheckpointImpl.REENTRANT will soon be removed as the default and eventually deprecated.
  return wrapper_cls(module, **kwargs)
/lustre/orion/csc662/proj-shared/janet/miniconda3/envs/orbit_main/lib/python3.11/site-packages/torch/distributed/fsdp/wrap.py:491: FutureWarning: Please specify CheckpointImpl.NO_REENTRANT as CheckpointImpl.REENTRANT will soon be removed as the default and eventually deprecated.
  return wrapper_cls(module, **kwargs)
/lustre/orion/csc662/proj-shared/janet/miniconda3/envs/orbit_main/lib/python3.11/site-packages/torch/distributed/fsdp/wrap.py:491: FutureWarning: Please specify CheckpointImpl.NO_REENTRANT as CheckpointImpl.REENTRANT will soon be removed as the default and eventually deprecated.
  return wrapper_cls(module, **kwargs)
/lustre/orion/csc662/proj-shared/janet/miniconda3/envs/orbit_main/lib/python3.11/site-packages/torch/distributed/fsdp/wrap.py:491: FutureWarning: Please specify CheckpointImpl.NO_REENTRANT as CheckpointImpl.REENTRANT will soon be removed as the default and eventually deprecated.
  return wrapper_cls(module, **kwargs)
/lustre/orion/csc662/proj-shared/janet/miniconda3/envs/orbit_main/lib/python3.11/site-packages/torch/distributed/fsdp/wrap.py:491: FutureWarning: Please specify CheckpointImpl.NO_REENTRANT as CheckpointImpl.REENTRANT will soon be removed as the default and eventually deprecated.
  return wrapper_cls(module, **kwargs)
/lustre/orion/csc662/proj-shared/janet/miniconda3/envs/orbit_main/lib/python3.11/site-packages/torch/distributed/fsdp/wrap.py:491: FutureWarning: Please specify CheckpointImpl.NO_REENTRANT as CheckpointImpl.REENTRANT will soon be removed as the default and eventually deprecated.
  return wrapper_cls(module, **kwargs)
[Monthly Loader] '2m_temperature': shape=(8760, 1, 128, 256)
[Monthly Loader] 'temperature_250': shape=(8760, 1, 128, 256)
[Monthly Loader] 'orography': shape=(8760, 1, 128, 256)
[Monthly Loader] '10m_v_component_of_wind': shape=(8760, 1, 128, 256)
[Monthly Loader] 'temperature_925': shape=(8760, 1, 128, 256)
[Monthly Loader] 'temperature_700': shape=(8760, 1, 128, 256)
[Monthly Loader] '10m_u_component_of_wind': shape=(8760, 1, 128, 256)
[Monthly Loader] 'latitude': shape=(8760, 1, 128, 256)
[Monthly Loader] 'temperature_500': shape=(8760, 1, 128, 256)
[Monthly Loader] 'land_sea_mask': shape=(8760, 1, 128, 256)
[Monthly Loader] 'landcover': shape=(8760, 1, 128, 256)
[Monthly Loader] 'temperature_850': shape=(8760, 1, 128, 256)
[Monthly Loader] 'temperature_50': shape=(8760, 1, 128, 256)
[Monthly Loader] All ranks assigned all 3 files (no sharding).
[Monthly Loader] Verifying variables in 2018_0.npz...
[Monthly Loader] Available variables: ['land_sea_mask', 'landcover', 'latitude', 'orography', '10m_u_component_of_wind', '10m_v_component_of_wind', '2m_temperature_max', '2m_temperature_min', '2m_temperature', 'sea_surface_temperature', 'surface_pressure', 'total_precipitation_24hr', 'volumetric_soil_water_layer_1', 'geopotential_50', 'geopotential_100', 'geopotential_150', 'geopotential_200', 'geopotential_250', 'geopotential_300', 'geopotential_400', 'geopotential_500', 'geopotential_600', 'geopotential_700', 'geopotential_850', 'geopotential_925', 'geopotential_1000', 'specific_humidity_50', 'specific_humidity_100', 'specific_humidity_150', 'specific_humidity_200', 'specific_humidity_250', 'specific_humidity_300', 'specific_humidity_400', 'specific_humidity_500', 'specific_humidity_600', 'specific_humidity_700', 'specific_humidity_850', 'specific_humidity_925', 'specific_humidity_1000', 'temperature_50', 'temperature_100', 'temperature_150', 'temperature_200', 'temperature_250', 'temperature_300', 'temperature_400', 'temperature_500', 'temperature_600', 'temperature_700', 'temperature_850', 'temperature_925', 'temperature_1000', 'u_component_of_wind_50', 'u_component_of_wind_100', 'u_component_of_wind_150', 'u_component_of_wind_200', 'u_component_of_wind_250', 'u_component_of_wind_300', 'u_component_of_wind_400', 'u_component_of_wind_500', 'u_component_of_wind_600', 'u_component_of_wind_700', 'u_component_of_wind_850', 'u_component_of_wind_925', 'u_component_of_wind_1000', 'v_component_of_wind_50', 'v_component_of_wind_100', 'v_component_of_wind_150', 'v_component_of_wind_200', 'v_component_of_wind_250', 'v_component_of_wind_300', 'v_component_of_wind_400', 'v_component_of_wind_500', 'v_component_of_wind_600', 'v_component_of_wind_700', 'v_component_of_wind_850', 'v_component_of_wind_925', 'v_component_of_wind_1000', 'days_of_year', 'time_of_day', 'hrs_each_step', 'num_steps_per_shard', 'extra_steps', 'lattitude']
[Monthly Loader] 'temperature_600': shape=(8760, 1, 128, 256)
[Monthly Loader] '2m_temperature': shape=(8760, 1, 128, 256)
[Rank 1] Starting batch 0 forward pass...
[Rank 7] Starting batch 0 forward pass...
[Rank 4] Starting batch 0 forward pass...
[Rank 5] Starting batch 0 forward pass...
[Monthly Loader] 'temperature_250': shape=(8760, 1, 128, 256)
[Monthly Loader] 'orography': shape=(8760, 1, 128, 256)
[Monthly Loader] '10m_v_component_of_wind': shape=(8760, 1, 128, 256)
[Monthly Loader] 'temperature_925': shape=(8760, 1, 128, 256)
[Monthly Loader] 'temperature_700': shape=(8760, 1, 128, 256)
[Rank 2] Starting batch 0 forward pass...
[Monthly Loader] '10m_u_component_of_wind': shape=(8760, 1, 128, 256)
[Rank 3] Starting batch 0 forward pass...
[Rank 6] Starting batch 0 forward pass...
[Monthly Loader] 'latitude': shape=(8760, 1, 128, 256)
[Monthly Loader] 'temperature_500': shape=(8760, 1, 128, 256)
[Monthly Loader] 'land_sea_mask': shape=(8760, 1, 128, 256)
[Monthly Loader] 'landcover': shape=(8760, 1, 128, 256)
[Monthly Loader] 'temperature_850': shape=(8760, 1, 128, 256)
[Monthly Loader] 'temperature_50': shape=(8760, 1, 128, 256)
Creating model: res_slimvit
Model config: img_size=(32, 64), in_channels=14, out_channels=1, history=1, superres_factor=4
Model parameters: 5.44M
Model parameters: 0.68M

================================================================================
MODEL ARCHITECTURE (Before FSDP):
================================================================================
FullyShardedDataParallel(
  (_fsdp_wrapped_module): Res_Slim_ViT(
    (spatial_embed): Linear(in_features=1, out_features=256, bias=True)
    (token_embeds): ModuleList(
      (0-13): 14 x PatchEmbed(
        (proj): Conv2d(1, 256, kernel_size=(2, 2), stride=(2, 2))
        (norm): Identity()
      )
    )
    (var_agg): VariableMapping_Attention(
      (q): Linear(in_features=256, out_features=256, bias=False)
      (kv): Linear(in_features=256, out_features=512, bias=False)
      (q_norm): Identity()
      (k_norm): Identity()
      (attn_drop): Dropout(p=0.0, inplace=False)
      (proj): Linear(in_features=256, out_features=256, bias=True)
      (proj_drop): Dropout(p=0.0, inplace=False)
    )
    (pos_drop): Dropout(p=0.1, inplace=False)
    (blocks): ModuleList(
      (0): FullyShardedDataParallel(
        (_fsdp_wrapped_module): Block(
          (norm1): LayerNorm((256,), eps=1e-05, elementwise_affine=True)
          (attn): Attention(
            (qkv): Linear(in_features=256, out_features=768, bias=True)
            (q_norm): Identity()
            (k_norm): Identity()
            (attn_drop): Dropout(p=0.1, inplace=False)
            (proj): Linear(in_features=256, out_features=256, bias=True)
            (proj_drop): Dropout(p=0.1, inplace=False)
          )
          (ls1): Identity()
          (drop_path1): Identity()
          (norm2): LayerNorm((256,), eps=1e-05, elementwise_affine=True)
          (mlp): Mlp(
            (fc1): Linear(in_features=256, out_features=1024, bias=True)
            (act): GELU(approximate='none')
            (drop1): Dropout(p=0.1, inplace=False)
            (norm): Identity()
            (fc2): Linear(in_features=1024, out_features=256, bias=True)
            (drop2): Dropout(p=0.1, inplace=False)
          )
          (ls2): Identity()
          (drop_path2): Identity()
        )
      )
      (1): FullyShardedDataParallel(
        (_fsdp_wrapped_module): Block(
          (norm1): LayerNorm((256,), eps=1e-05, elementwise_affine=True)
          (attn): Attention(
            (qkv): Linear(in_features=256, out_features=768, bias=True)
            (q_norm): Identity()
            (k_norm): Identity()
            (attn_drop): Dropout(p=0.1, inplace=False)
            (proj): Linear(in_features=256, out_features=256, bias=True)
            (proj_drop): Dropout(p=0.1, inplace=False)
          )
          (ls1): Identity()
          (drop_path1): DropPath(drop_prob=0.020)
          (norm2): LayerNorm((256,), eps=1e-05, elementwise_affine=True)
          (mlp): Mlp(
            (fc1): Linear(in_features=256, out_features=1024, bias=True)
            (act): GELU(approximate='none')
            (drop1): Dropout(p=0.1, inplace=False)
            (norm): Identity()
            (fc2): Linear(in_features=1024, out_features=256, bias=True)
            (drop2): Dropout(p=0.1, inplace=False)
          )
          (ls2): Identity()
          (drop_path2): DropPath(drop_prob=0.020)
        )
      )
      (2): FullyShardedDataParallel(
        (_fsdp_wrapped_module): Block(
          (norm1): LayerNorm((256,), eps=1e-05, elementwise_affine=True)
          (attn): Attention(
            (qkv): Linear(in_features=256, out_features=768, bias=True)
            (q_norm): Identity()
            (k_norm): Identity()
            (attn_drop): Dropout(p=0.1, inplace=False)
            (proj): Linear(in_features=256, out_features=256, bias=True)
            (proj_drop): Dropout(p=0.1, inplace=False)
          )
          (ls1): Identity()
          (drop_path1): DropPath(drop_prob=0.040)
          (norm2): LayerNorm((256,), eps=1e-05, elementwise_affine=True)
          (mlp): Mlp(
            (fc1): Linear(in_features=256, out_features=1024, bias=True)
            (act): GELU(approximate='none')
            (drop1): Dropout(p=0.1, inplace=False)
            (norm): Identity()
            (fc2): Linear(in_features=1024, out_features=256, bias=True)
            (drop2): Dropout(p=0.1, inplace=False)
          )
          (ls2): Identity()
          (drop_path2): DropPath(drop_prob=0.040)
        )
      )
      (3): FullyShardedDataParallel(
        (_fsdp_wrapped_module): Block(
          (norm1): LayerNorm((256,), eps=1e-05, elementwise_affine=True)
          (attn): Attention(
            (qkv): Linear(in_features=256, out_features=768, bias=True)
            (q_norm): Identity()
            (k_norm): Identity()
            (attn_drop): Dropout(p=0.1, inplace=False)
            (proj): Linear(in_features=256, out_features=256, bias=True)
            (proj_drop): Dropout(p=0.1, inplace=False)
          )
          (ls1): Identity()
          (drop_path1): DropPath(drop_prob=0.060)
          (norm2): LayerNorm((256,), eps=1e-05, elementwise_affine=True)
          (mlp): Mlp(
            (fc1): Linear(in_features=256, out_features=1024, bias=True)
            (act): GELU(approximate='none')
            (drop1): Dropout(p=0.1, inplace=False)
            (norm): Identity()
            (fc2): Linear(in_features=1024, out_features=256, bias=True)
            (drop2): Dropout(p=0.1, inplace=False)
          )
          (ls2): Identity()
          (drop_path2): DropPath(drop_prob=0.060)
        )
      )
      (4): FullyShardedDataParallel(
        (_fsdp_wrapped_module): Block(
          (norm1): LayerNorm((256,), eps=1e-05, elementwise_affine=True)
          (attn): Attention(
            (qkv): Linear(in_features=256, out_features=768, bias=True)
            (q_norm): Identity()
            (k_norm): Identity()
            (attn_drop): Dropout(p=0.1, inplace=False)
            (proj): Linear(in_features=256, out_features=256, bias=True)
            (proj_drop): Dropout(p=0.1, inplace=False)
          )
          (ls1): Identity()
          (drop_path1): DropPath(drop_prob=0.080)
          (norm2): LayerNorm((256,), eps=1e-05, elementwise_affine=True)
          (mlp): Mlp(
            (fc1): Linear(in_features=256, out_features=1024, bias=True)
            (act): GELU(approximate='none')
            (drop1): Dropout(p=0.1, inplace=False)
            (norm): Identity()
            (fc2): Linear(in_features=1024, out_features=256, bias=True)
            (drop2): Dropout(p=0.1, inplace=False)
          )
          (ls2): Identity()
          (drop_path2): DropPath(drop_prob=0.080)
        )
      )
      (5): FullyShardedDataParallel(
        (_fsdp_wrapped_module): Block(
          (norm1): LayerNorm((256,), eps=1e-05, elementwise_affine=True)
          (attn): Attention(
            (qkv): Linear(in_features=256, out_features=768, bias=True)
            (q_norm): Identity()
            (k_norm): Identity()
            (attn_drop): Dropout(p=0.1, inplace=False)
            (proj): Linear(in_features=256, out_features=256, bias=True)
            (proj_drop): Dropout(p=0.1, inplace=False)
          )
          (ls1): Identity()
          (drop_path1): DropPath(drop_prob=0.100)
          (norm2): LayerNorm((256,), eps=1e-05, elementwise_affine=True)
          (mlp): Mlp(
            (fc1): Linear(in_features=256, out_features=1024, bias=True)
            (act): GELU(approximate='none')
            (drop1): Dropout(p=0.1, inplace=False)
            (norm): Identity()
            (fc2): Linear(in_features=1024, out_features=256, bias=True)
            (drop2): Dropout(p=0.1, inplace=False)
          )
          (ls2): Identity()
          (drop_path2): DropPath(drop_prob=0.100)
        )
      )
    )
    (norm): LayerNorm((256,), eps=1e-05, elementwise_affine=True)
    (path2): Sequential(
      (0): Conv2d(4, 64, kernel_size=(3, 3), stride=(1, 1), padding=(1, 1))
      (1): GELU(approximate='none')
      (2): PixelShuffle(upscale_factor=4)
      (3): Conv2d(4, 1, kernel_size=(3, 3), stride=(1, 1), padding=(1, 1))
    )
    (head): Sequential(
      (0): Linear(in_features=256, out_features=256, bias=True)
      (1): GELU(approximate='none')
      (2): Linear(in_features=256, out_features=256, bias=True)
      (3): GELU(approximate='none')
      (4): Linear(in_features=256, out_features=256, bias=True)
      (5): GELU(approximate='none')
      (6): Linear(in_features=256, out_features=256, bias=True)
      (7): GELU(approximate='none')
      (8): Linear(in_features=256, out_features=64, bias=True)
    )
    (conv_out): Conv2d(1, 1, kernel_size=(3, 3), stride=(1, 1), padding=(1, 1))
  )
)
================================================================================

/lustre/orion/csc662/proj-shared/janet/miniconda3/envs/orbit_main/lib/python3.11/site-packages/torch/distributed/fsdp/wrap.py:491: FutureWarning: Please specify CheckpointImpl.NO_REENTRANT as CheckpointImpl.REENTRANT will soon be removed as the default and eventually deprecated.
  return wrapper_cls(module, **kwargs)
FSDP wrapping completed, now creating losses...
Loading training climatology for lat_mse (this may take a while)...
Loading validation climatology...
Using lat_mse for training loss
Loss functions created successfully
Losses created successfully

================================================================================
Starting epoch 0
================================================================================

[Rank 0] Starting batch 0 forward pass...
[Rank 1] Batch 0 forward done, loss=0.711930
[Rank 1] Starting backward pass...
[Rank 0] Batch 0 forward done, loss=0.722801
[Rank 7] Batch 0 forward done, loss=0.740183
[Rank 4] Batch 0 forward done, loss=0.728515
[Rank 5] Batch 0 forward done, loss=0.730815
[Rank 2] Batch 0 forward done, loss=0.714336
[Rank 3] Batch 0 forward done, loss=0.721260
[Rank 6] Batch 0 forward done, loss=0.728598
[Rank 0] Starting backward pass...
[Rank 7] Starting backward pass...
[Rank 4] Starting backward pass...
[Rank 5] Starting backward pass...
[Rank 2] Starting backward pass...
[Rank 3] Starting backward pass...
[Rank 6] Starting backward pass...
/lustre/orion/csc662/proj-shared/janet/miniconda3/envs/orbit_main/lib/python3.11/site-packages/torch/utils/checkpoint.py:295: FutureWarning: `torch.cpu.amp.autocast(args...)` is deprecated. Please use `torch.amp.autocast('cpu', args...)` instead.
  with torch.enable_grad(), device_autocast_ctx, torch.cpu.amp.autocast(**ctx.cpu_autocast_kwargs):  # type: ignore[attr-defined]
/lustre/orion/csc662/proj-shared/janet/miniconda3/envs/orbit_main/lib/python3.11/site-packages/torch/utils/checkpoint.py:295: FutureWarning: `torch.cpu.amp.autocast(args...)` is deprecated. Please use `torch.amp.autocast('cpu', args...)` instead.
  with torch.enable_grad(), device_autocast_ctx, torch.cpu.amp.autocast(**ctx.cpu_autocast_kwargs):  # type: ignore[attr-defined]
/lustre/orion/csc662/proj-shared/janet/miniconda3/envs/orbit_main/lib/python3.11/site-packages/torch/utils/checkpoint.py:295: FutureWarning: `torch.cpu.amp.autocast(args...)` is deprecated. Please use `torch.amp.autocast('cpu', args...)` instead.
  with torch.enable_grad(), device_autocast_ctx, torch.cpu.amp.autocast(**ctx.cpu_autocast_kwargs):  # type: ignore[attr-defined]
/lustre/orion/csc662/proj-shared/janet/miniconda3/envs/orbit_main/lib/python3.11/site-packages/torch/utils/checkpoint.py:295: FutureWarning: `torch.cpu.amp.autocast(args...)` is deprecated. Please use `torch.amp.autocast('cpu', args...)` instead.
  with torch.enable_grad(), device_autocast_ctx, torch.cpu.amp.autocast(**ctx.cpu_autocast_kwargs):  # type: ignore[attr-defined]
/lustre/orion/csc662/proj-shared/janet/miniconda3/envs/orbit_main/lib/python3.11/site-packages/torch/utils/checkpoint.py:295: FutureWarning: `torch.cpu.amp.autocast(args...)` is deprecated. Please use `torch.amp.autocast('cpu', args...)` instead.
  with torch.enable_grad(), device_autocast_ctx, torch.cpu.amp.autocast(**ctx.cpu_autocast_kwargs):  # type: ignore[attr-defined]
/lustre/orion/csc662/proj-shared/janet/miniconda3/envs/orbit_main/lib/python3.11/site-packages/torch/utils/checkpoint.py:295: FutureWarning: `torch.cpu.amp.autocast(args...)` is deprecated. Please use `torch.amp.autocast('cpu', args...)` instead.
  with torch.enable_grad(), device_autocast_ctx, torch.cpu.amp.autocast(**ctx.cpu_autocast_kwargs):  # type: ignore[attr-defined]
/lustre/orion/csc662/proj-shared/janet/miniconda3/envs/orbit_main/lib/python3.11/site-packages/torch/utils/checkpoint.py:295: FutureWarning: `torch.cpu.amp.autocast(args...)` is deprecated. Please use `torch.amp.autocast('cpu', args...)` instead.
  with torch.enable_grad(), device_autocast_ctx, torch.cpu.amp.autocast(**ctx.cpu_autocast_kwargs):  # type: ignore[attr-defined]
/lustre/orion/csc662/proj-shared/janet/miniconda3/envs/orbit_main/lib/python3.11/site-packages/torch/utils/checkpoint.py:295: FutureWarning: `torch.cpu.amp.autocast(args...)` is deprecated. Please use `torch.amp.autocast('cpu', args...)` instead.
  with torch.enable_grad(), device_autocast_ctx, torch.cpu.amp.autocast(**ctx.cpu_autocast_kwargs):  # type: ignore[attr-defined]
[Rank 5] Backward done, unscaling...
[Rank 6] Backward done, unscaling...
[Rank 7] Backward done, unscaling...
[Rank 0] Backward done, unscaling...
[Rank 1] Backward done, unscaling...
[Rank 4] Backward done, unscaling...
[Rank 2] Backward done, unscaling...
[Rank 3] Backward done, unscaling...
[Rank 5] Batch 0 complete!
[Rank 6] Batch 0 complete!
[Rank 7] Batch 0 complete!
[Rank 0] Batch 0 complete!
Epoch 0 | Batch 0 | Loss: 0.722801 | Time: 30.177s | LR: 1.00e-06
rank 0 Batch 0 Allocated: 0.01GB, Max Allocated: 0.97GB, Reserved: 0.06GB
[Rank 4] Batch 0 complete!
[Rank 1] Batch 0 complete!
[Rank 3] Batch 0 complete!
[Rank 2] Batch 0 complete!
Epoch 0 | Batch 50 | Loss: 0.708256 | Time: 0.138s | LR: 1.00e-06
rank 0 Batch 50 Allocated: 0.01GB, Max Allocated: 0.98GB, Reserved: 1.83GB
Epoch 0 | Batch 100 | Loss: 0.718646 | Time: 0.137s | LR: 1.00e-06
rank 0 Batch 100 Allocated: 0.01GB, Max Allocated: 0.98GB, Reserved: 1.83GB
Epoch 0 | Batch 150 | Loss: 0.718547 | Time: 0.138s | LR: 1.00e-06
rank 0 Batch 150 Allocated: 0.01GB, Max Allocated: 0.98GB, Reserved: 1.83GB
srun: Job step aborted: Waiting up to 32 seconds for job step to finish.
slurmstepd: error: *** STEP 4074507.0 ON frontier09343 CANCELLED AT 2026-01-27T21:33:42 DUE TO TIME LIMIT ***
slurmstepd: error: *** JOB 4074507 ON frontier09343 CANCELLED AT 2026-01-27T21:33:42 DUE TO TIME LIMIT ***
