
Lmod is automatically replacing "gcc-native/14.2" with "gcc/12.2.0".


The following have been reloaded with a version change:
  1) cray-libsci/24.11.0 => cray-libsci/23.09.1.1
  2) cray-mpich/8.1.31 => cray-mpich/8.1.27
  3) libfabric/1.22.0 => libfabric/1.20.1

Job configuration:
  ERA5_DIR      = /lustre/orion/lrn036/world-shared/ERA5_npz/5.625_deg/
  FORECAST_TYPE = direct
  MODEL         = res_slimvit
  PRED_RANGE    = 120
  MAX_EPOCHS    = 5
  PATIENCE      = 5
  OUTPUT_DIR    = /lustre/orion/csc662/proj-shared/janet/forecasting
  CHECKPOINT    = /lustre/orion/csc662/proj-shared/janet/forecasting/res_slimvit_direct_forecasting_120/checkpoints/epoch_004.ckpt
/ccs/home/janetw/miniconda3/envs/orbit/lib/python3.12/site-packages/pydantic/_internal/_generate_schema.py:2249: UnsupportedFieldAttributeWarning: The 'repr' attribute with value False was provided to the `Field()` function, which has no effect in the context it was used. 'repr' is field-specific metadata, and can only be attached to a model field using `Annotated` metadata or by assignment. This may have happened because an `Annotated` type alias using the `type` statement was used, or if the `Field()` function was attached to a single member of a union type.
  warnings.warn(
/ccs/home/janetw/miniconda3/envs/orbit/lib/python3.12/site-packages/pydantic/_internal/_generate_schema.py:2249: UnsupportedFieldAttributeWarning: The 'frozen' attribute with value True was provided to the `Field()` function, which has no effect in the context it was used. 'frozen' is field-specific metadata, and can only be attached to a model field using `Annotated` metadata or by assignment. This may have happened because an `Annotated` type alias using the `type` statement was used, or if the `Field()` function was attached to a single member of a union type.
  warnings.warn(
/ccs/home/janetw/miniconda3/envs/orbit/lib/python3.12/site-packages/pydantic/_internal/_generate_schema.py:2249: UnsupportedFieldAttributeWarning: The 'repr' attribute with value False was provided to the `Field()` function, which has no effect in the context it was used. 'repr' is field-specific metadata, and can only be attached to a model field using `Annotated` metadata or by assignment. This may have happened because an `Annotated` type alias using the `type` statement was used, or if the `Field()` function was attached to a single member of a union type.
  warnings.warn(
/ccs/home/janetw/miniconda3/envs/orbit/lib/python3.12/site-packages/pydantic/_internal/_generate_schema.py:2249: UnsupportedFieldAttributeWarning: The 'frozen' attribute with value True was provided to the `Field()` function, which has no effect in the context it was used. 'frozen' is field-specific metadata, and can only be attached to a model field using `Annotated` metadata or by assignment. This may have happened because an `Annotated` type alias using the `type` statement was used, or if the `Field()` function was attached to a single member of a union type.
  warnings.warn(
/ccs/home/janetw/miniconda3/envs/orbit/lib/python3.12/site-packages/pydantic/_internal/_generate_schema.py:2249: UnsupportedFieldAttributeWarning: The 'repr' attribute with value False was provided to the `Field()` function, which has no effect in the context it was used. 'repr' is field-specific metadata, and can only be attached to a model field using `Annotated` metadata or by assignment. This may have happened because an `Annotated` type alias using the `type` statement was used, or if the `Field()` function was attached to a single member of a union type.
  warnings.warn(
/ccs/home/janetw/miniconda3/envs/orbit/lib/python3.12/site-packages/pydantic/_internal/_generate_schema.py:2249: UnsupportedFieldAttributeWarning: The 'frozen' attribute with value True was provided to the `Field()` function, which has no effect in the context it was used. 'frozen' is field-specific metadata, and can only be attached to a model field using `Annotated` metadata or by assignment. This may have happened because an `Annotated` type alias using the `type` statement was used, or if the `Field()` function was attached to a single member of a union type.
  warnings.warn(
/ccs/home/janetw/miniconda3/envs/orbit/lib/python3.12/site-packages/pydantic/_internal/_generate_schema.py:2249: UnsupportedFieldAttributeWarning: The 'repr' attribute with value False was provided to the `Field()` function, which has no effect in the context it was used. 'repr' is field-specific metadata, and can only be attached to a model field using `Annotated` metadata or by assignment. This may have happened because an `Annotated` type alias using the `type` statement was used, or if the `Field()` function was attached to a single member of a union type.
  warnings.warn(
/ccs/home/janetw/miniconda3/envs/orbit/lib/python3.12/site-packages/pydantic/_internal/_generate_schema.py:2249: UnsupportedFieldAttributeWarning: The 'frozen' attribute with value True was provided to the `Field()` function, which has no effect in the context it was used. 'frozen' is field-specific metadata, and can only be attached to a model field using `Annotated` metadata or by assignment. This may have happened because an `Annotated` type alias using the `type` statement was used, or if the `Field()` function was attached to a single member of a union type.
  warnings.warn(
/ccs/home/janetw/miniconda3/envs/orbit/lib/python3.12/site-packages/pydantic/_internal/_generate_schema.py:2249: UnsupportedFieldAttributeWarning: The 'repr' attribute with value False was provided to the `Field()` function, which has no effect in the context it was used. 'repr' is field-specific metadata, and can only be attached to a model field using `Annotated` metadata or by assignment. This may have happened because an `Annotated` type alias using the `type` statement was used, or if the `Field()` function was attached to a single member of a union type.
  warnings.warn(
/ccs/home/janetw/miniconda3/envs/orbit/lib/python3.12/site-packages/pydantic/_internal/_generate_schema.py:2249: UnsupportedFieldAttributeWarning: The 'frozen' attribute with value True was provided to the `Field()` function, which has no effect in the context it was used. 'frozen' is field-specific metadata, and can only be attached to a model field using `Annotated` metadata or by assignment. This may have happened because an `Annotated` type alias using the `type` statement was used, or if the `Field()` function was attached to a single member of a union type.
  warnings.warn(
/ccs/home/janetw/miniconda3/envs/orbit/lib/python3.12/site-packages/pydantic/_internal/_generate_schema.py:2249: UnsupportedFieldAttributeWarning: The 'repr' attribute with value False was provided to the `Field()` function, which has no effect in the context it was used. 'repr' is field-specific metadata, and can only be attached to a model field using `Annotated` metadata or by assignment. This may have happened because an `Annotated` type alias using the `type` statement was used, or if the `Field()` function was attached to a single member of a union type.
  warnings.warn(
/ccs/home/janetw/miniconda3/envs/orbit/lib/python3.12/site-packages/pydantic/_internal/_generate_schema.py:2249: UnsupportedFieldAttributeWarning: The 'repr' attribute with value False was provided to the `Field()` function, which has no effect in the context it was used. 'repr' is field-specific metadata, and can only be attached to a model field using `Annotated` metadata or by assignment. This may have happened because an `Annotated` type alias using the `type` statement was used, or if the `Field()` function was attached to a single member of a union type.
  warnings.warn(
/ccs/home/janetw/miniconda3/envs/orbit/lib/python3.12/site-packages/pydantic/_internal/_generate_schema.py:2249: UnsupportedFieldAttributeWarning: The 'frozen' attribute with value True was provided to the `Field()` function, which has no effect in the context it was used. 'frozen' is field-specific metadata, and can only be attached to a model field using `Annotated` metadata or by assignment. This may have happened because an `Annotated` type alias using the `type` statement was used, or if the `Field()` function was attached to a single member of a union type.
  warnings.warn(
/ccs/home/janetw/miniconda3/envs/orbit/lib/python3.12/site-packages/pydantic/_internal/_generate_schema.py:2249: UnsupportedFieldAttributeWarning: The 'frozen' attribute with value True was provided to the `Field()` function, which has no effect in the context it was used. 'frozen' is field-specific metadata, and can only be attached to a model field using `Annotated` metadata or by assignment. This may have happened because an `Annotated` type alias using the `type` statement was used, or if the `Field()` function was attached to a single member of a union type.
  warnings.warn(
/ccs/home/janetw/miniconda3/envs/orbit/lib/python3.12/site-packages/pydantic/_internal/_generate_schema.py:2249: UnsupportedFieldAttributeWarning: The 'repr' attribute with value False was provided to the `Field()` function, which has no effect in the context it was used. 'repr' is field-specific metadata, and can only be attached to a model field using `Annotated` metadata or by assignment. This may have happened because an `Annotated` type alias using the `type` statement was used, or if the `Field()` function was attached to a single member of a union type.
  warnings.warn(
/ccs/home/janetw/miniconda3/envs/orbit/lib/python3.12/site-packages/pydantic/_internal/_generate_schema.py:2249: UnsupportedFieldAttributeWarning: The 'frozen' attribute with value True was provided to the `Field()` function, which has no effect in the context it was used. 'frozen' is field-specific metadata, and can only be attached to a model field using `Annotated` metadata or by assignment. This may have happened because an `Annotated` type alias using the `type` statement was used, or if the `Field()` function was attached to a single member of a union type.
  warnings.warn(
world_size 8 num_nodes 1
Loading model: res_slimvit
Loading model: res_slimvit
Loading model: res_slimvit
Loading model: res_slimvit
Loading model: res_slimvit
Loading model: res_slimvit
Loading model: res_slimvit
Loading model: res_slimvit
Loading optimizer adamw
Loading optimizer adamw
Loading optimizer adamw
Loading optimizer adamw
Loading optimizer adamw
Loading optimizer adamw
Loading optimizer adamw
Loading optimizer adamw
Loading learning rate scheduler: linear-warmup-cosine-annealing
Loading learning rate scheduler: linear-warmup-cosine-annealing
Loading learning rate scheduler: linear-warmup-cosine-annealing
Loading learning rate scheduler: linear-warmup-cosine-annealing
Loading learning rate scheduler: linear-warmup-cosine-annealing
Loading learning rate scheduler: linear-warmup-cosine-annealing
Loading learning rate scheduler: linear-warmup-cosine-annealing
Loading learning rate scheduler: linear-warmup-cosine-annealing
Loading training loss: lat_mse
Loading training loss: lat_mse
Loading training loss: lat_mse
Loading training loss: lat_mse
Loading training loss: lat_mse
Loading training loss: lat_mse
Loading training loss: lat_mse
Loading training loss: lat_mse
No train transform
No train transform
No train transform
No train transform
No train transform
No train transform
No train transform
No train transform
Loading validation loss: lat_rmse
Loading validation loss: lat_rmse
Loading validation loss: lat_rmse
Loading validation loss: lat_rmse
Loading validation loss: lat_rmse
Loading validation loss: lat_rmse
Loading validation loss: lat_rmse
Loading validation loss: lat_rmse
Loading validation loss: lat_acc
Loading validation loss: lat_acc
Loading validation loss: lat_acc
Loading validation loss: lat_acc
Loading validation loss: lat_acc
Loading validation loss: lat_acc
Loading validation loss: lat_acc
Loading validation loss: lat_acc
Loading validation loss: lat_mse
Loading validation transform: denormalize
Loading validation loss: lat_mse
Loading validation transform: denormalize
Loading validation loss: lat_mse
Loading validation transform: denormalize
Loading validation loss: lat_mse
Loading validation transform: denormalize
Loading validation transform: denormalize
Loading validation loss: lat_mse
No validation transform
Loading validation transform: denormalize
Loading validation loss: lat_mse
Loading validation transform: denormalize
Loading validation transform: denormalize
Loading validation transform: denormalize
Loading validation transform: denormalize
Loading validation loss: lat_mse
No validation transform
Loading validation transform: denormalize
No validation transform
Loading validation transform: denormalize
No validation transform
Loading validation loss: lat_mse
Loading validation transform: denormalize
No validation transform
Loading validation transform: denormalize
No validation transform
Loading validation transform: denormalize
Loading validation transform: denormalize
No validation transform
No validation transform
Loading test loss: lat_rmse
Loading test loss: lat_rmse
Loading test loss: lat_rmse
Loading test loss: lat_rmse
Loading test loss: lat_rmse
Loading test loss: lat_rmse
Loading test loss: lat_rmse
Loading test loss: lat_rmse
Loading test loss: lat_acc
Loading test loss: lat_acc
Loading test loss: lat_acc
Loading test loss: lat_acc
Loading test transform: denormalize
Loading test loss: lat_acc
Loading test loss: lat_acc
Loading test transform: denormalize
Loading test transform: denormalize
Loading test transform: denormalize
Loading test loss: lat_acc
Loading test transform: denormalize
Loading test transform: denormalize
Loading test transform: denormalize
Loading test transform: denormalize
Loading test transform: denormalize
Loading test transform: denormalize
Loading test transform: denormalize
Loading test transform: denormalize
Loading test transform: denormalize
Loading test transform: denormalize
Loading test loss: lat_acc
Loading test transform: denormalize
[rank: 5] Seed set to 0
[rank: 6] Seed set to 0
[rank: 2] Seed set to 0
[rank: 4] Seed set to 0
[rank: 0] Seed set to 0
Loading test transform: denormalize
[rank: 1] Seed set to 0
[rank: 3] Seed set to 0
[rank: 7] Seed set to 0
/ccs/home/janetw/miniconda3/envs/orbit/lib/python3.12/site-packages/lightning_fabric/strategies/fsdp.py:697: `FSDPStrategy(activation_checkpointing=<class 'timm.models.vision_transformer.Block'>)` is deprecated, use `FSDPStrategy(activation_checkpointing_policy={<class 'timm.models.vision_transformer.Block'>})` instead.
Trainer already configured with model summary callbacks: [<class 'pytorch_lightning.callbacks.rich_model_summary.RichModelSummary'>]. Skipping setting a default `ModelSummary` callback.
[DEBUG] Test data module created
[DEBUG] subsample=1
[DEBUG] pred_range=120
[DEBUG] Test dataloader type: <class 'torch.utils.data.dataloader.DataLoader'>
/ccs/home/janetw/miniconda3/envs/orbit/lib/python3.12/site-packages/torch/utils/data/dataloader.py:617: UserWarning: This DataLoader will create 8 worker processes in total. Our suggested max number of worker in current system is 7, which is smaller than what this DataLoader is going to create. Please be aware that excessive worker creation might get DataLoader running slow or even freeze, lower the worker number to avoid potential slowness/freeze if necessary.
  warnings.warn(
[DEBUG] Attempting to iterate test dataloader...
GPU available: True (cuda), used: True
[DEBUG] Test data module created
[DEBUG] subsample=1
[DEBUG] pred_range=120
TPU available: False, using: 0 TPU cores
HPU available: False, using: 0 HPUs
[DEBUG] Test dataloader type: <class 'torch.utils.data.dataloader.DataLoader'>
/ccs/home/janetw/miniconda3/envs/orbit/lib/python3.12/site-packages/torch/utils/data/dataloader.py:617: UserWarning: This DataLoader will create 8 worker processes in total. Our suggested max number of worker in current system is 7, which is smaller than what this DataLoader is going to create. Please be aware that excessive worker creation might get DataLoader running slow or even freeze, lower the worker number to avoid potential slowness/freeze if necessary.
  warnings.warn(
[DEBUG] Attempting to iterate test dataloader...
[DEBUG] Test data module created
[DEBUG] subsample=1
[DEBUG] pred_range=120
[DEBUG] Test data module created
[DEBUG] subsample=1
[DEBUG] pred_range=120
[DEBUG] Test dataloader type: <class 'torch.utils.data.dataloader.DataLoader'>
/ccs/home/janetw/miniconda3/envs/orbit/lib/python3.12/site-packages/torch/utils/data/dataloader.py:617: UserWarning: This DataLoader will create 8 worker processes in total. Our suggested max number of worker in current system is 7, which is smaller than what this DataLoader is going to create. Please be aware that excessive worker creation might get DataLoader running slow or even freeze, lower the worker number to avoid potential slowness/freeze if necessary.
  warnings.warn(
[DEBUG] Attempting to iterate test dataloader...
/ccs/home/janetw/miniconda3/envs/orbit/lib/python3.12/site-packages/torch/utils/data/dataloader.py:617: UserWarning: This DataLoader will create 8 worker processes in total. Our suggested max number of worker in current system is 7, which is smaller than what this DataLoader is going to create. Please be aware that excessive worker creation might get DataLoader running slow or even freeze, lower the worker number to avoid potential slowness/freeze if necessary.
  warnings.warn(
[DEBUG] Test dataloader type: <class 'torch.utils.data.dataloader.DataLoader'>
[DEBUG] Attempting to iterate test dataloader...
[DEBUG] Test data module created
[DEBUG] subsample=1
[DEBUG] pred_range=120
/ccs/home/janetw/miniconda3/envs/orbit/lib/python3.12/site-packages/torch/utils/data/dataloader.py:617: UserWarning: This DataLoader will create 8 worker processes in total. Our suggested max number of worker in current system is 7, which is smaller than what this DataLoader is going to create. Please be aware that excessive worker creation might get DataLoader running slow or even freeze, lower the worker number to avoid potential slowness/freeze if necessary.
  warnings.warn(
[DEBUG] Test dataloader type: <class 'torch.utils.data.dataloader.DataLoader'>
[DEBUG] Attempting to iterate test dataloader...
[DEBUG] Test data module created
[DEBUG] subsample=1
[DEBUG] pred_range=120
[DEBUG] Test data module created
[DEBUG] subsample=1
[DEBUG] pred_range=120
[DEBUG] Test data module created
[DEBUG] subsample=1
[DEBUG] pred_range=120
/ccs/home/janetw/miniconda3/envs/orbit/lib/python3.12/site-packages/torch/utils/data/dataloader.py:617: UserWarning: This DataLoader will create 8 worker processes in total. Our suggested max number of worker in current system is 7, which is smaller than what this DataLoader is going to create. Please be aware that excessive worker creation might get DataLoader running slow or even freeze, lower the worker number to avoid potential slowness/freeze if necessary.
  warnings.warn(
[DEBUG] Test dataloader type: <class 'torch.utils.data.dataloader.DataLoader'>
[DEBUG] Attempting to iterate test dataloader...
/ccs/home/janetw/miniconda3/envs/orbit/lib/python3.12/site-packages/torch/utils/data/dataloader.py:617: UserWarning: This DataLoader will create 8 worker processes in total. Our suggested max number of worker in current system is 7, which is smaller than what this DataLoader is going to create. Please be aware that excessive worker creation might get DataLoader running slow or even freeze, lower the worker number to avoid potential slowness/freeze if necessary.
  warnings.warn(
[DEBUG] Test dataloader type: <class 'torch.utils.data.dataloader.DataLoader'>
[DEBUG] Attempting to iterate test dataloader...
/ccs/home/janetw/miniconda3/envs/orbit/lib/python3.12/site-packages/torch/utils/data/dataloader.py:617: UserWarning: This DataLoader will create 8 worker processes in total. Our suggested max number of worker in current system is 7, which is smaller than what this DataLoader is going to create. Please be aware that excessive worker creation might get DataLoader running slow or even freeze, lower the worker number to avoid potential slowness/freeze if necessary.
  warnings.warn(
[DEBUG] Test dataloader type: <class 'torch.utils.data.dataloader.DataLoader'>
[DEBUG] Attempting to iterate test dataloader...
[DEBUG] First batch shapes: x=torch.Size([128, 3, 42, 32, 64]), y=torch.Size([128, 6, 32, 64])
[DEBUG] First batch shapes: x=torch.Size([128, 3, 42, 32, 64]), y=torch.Size([128, 6, 32, 64])
[DEBUG] First batch shapes: x=torch.Size([128, 3, 42, 32, 64]), y=torch.Size([128, 6, 32, 64])
[DEBUG] First batch shapes: x=torch.Size([128, 3, 42, 32, 64]), y=torch.Size([128, 6, 32, 64])
[DEBUG] First batch shapes: x=torch.Size([128, 3, 42, 32, 64]), y=torch.Size([128, 6, 32, 64])
[DEBUG] First batch shapes: x=torch.Size([128, 3, 42, 32, 64]), y=torch.Size([128, 6, 32, 64])
[DEBUG] First batch shapes: x=torch.Size([128, 3, 42, 32, 64]), y=torch.Size([128, 6, 32, 64])
[DEBUG] First batch shapes: x=torch.Size([128, 3, 42, 32, 64]), y=torch.Size([128, 6, 32, 64])
[DEBUG] Successfully iterated 3 batches
[DEBUG] About to test with checkpoint: /lustre/orion/csc662/proj-shared/janet/forecasting/res_slimvit_direct_forecasting_120/checkpoints/epoch_004.ckpt
[DEBUG] forecast_type = direct
[DEBUG] Calling trainer.test() for direct forecasting...
Traceback (most recent call last):
  File "/autofs/nccs-svm1_home2/janetw/diffusion/ORBIT-2-sandbox/tutorial/./era5_era5_forecasting.py", line 406, in <module>
    trainer.test(datamodule=test_dm, ckpt_path=args.checkpoint)
  File "/ccs/home/janetw/miniconda3/envs/orbit/lib/python3.12/site-packages/pytorch_lightning/trainer/trainer.py", line 764, in test
    raise TypeError(
TypeError: `Trainer.test()` requires a `LightningModule` when it hasn't been passed in a previous run
[DEBUG] Successfully iterated 3 batches
[DEBUG] About to test with checkpoint: /lustre/orion/csc662/proj-shared/janet/forecasting/res_slimvit_direct_forecasting_120/checkpoints/epoch_004.ckpt
[DEBUG] forecast_type = direct
[DEBUG] Calling trainer.test() for direct forecasting...
Traceback (most recent call last):
  File "/autofs/nccs-svm1_home2/janetw/diffusion/ORBIT-2-sandbox/tutorial/./era5_era5_forecasting.py", line 406, in <module>
    trainer.test(datamodule=test_dm, ckpt_path=args.checkpoint)
  File "/ccs/home/janetw/miniconda3/envs/orbit/lib/python3.12/site-packages/pytorch_lightning/trainer/trainer.py", line 764, in test
    raise TypeError(
TypeError: `Trainer.test()` requires a `LightningModule` when it hasn't been passed in a previous run
[DEBUG] Successfully iterated 3 batches
[DEBUG] About to test with checkpoint: /lustre/orion/csc662/proj-shared/janet/forecasting/res_slimvit_direct_forecasting_120/checkpoints/epoch_004.ckpt
[DEBUG] forecast_type = direct
[DEBUG] Calling trainer.test() for direct forecasting...
Traceback (most recent call last):
  File "/autofs/nccs-svm1_home2/janetw/diffusion/ORBIT-2-sandbox/tutorial/./era5_era5_forecasting.py", line 406, in <module>
    trainer.test(datamodule=test_dm, ckpt_path=args.checkpoint)
  File "/ccs/home/janetw/miniconda3/envs/orbit/lib/python3.12/site-packages/pytorch_lightning/trainer/trainer.py", line 764, in test
    raise TypeError(
TypeError: `Trainer.test()` requires a `LightningModule` when it hasn't been passed in a previous run
[DEBUG] Successfully iterated 3 batches
[DEBUG] About to test with checkpoint: /lustre/orion/csc662/proj-shared/janet/forecasting/res_slimvit_direct_forecasting_120/checkpoints/epoch_004.ckpt
[DEBUG] forecast_type = direct
[DEBUG] Calling trainer.test() for direct forecasting...
Traceback (most recent call last):
  File "/autofs/nccs-svm1_home2/janetw/diffusion/ORBIT-2-sandbox/tutorial/./era5_era5_forecasting.py", line 406, in <module>
    trainer.test(datamodule=test_dm, ckpt_path=args.checkpoint)
  File "/ccs/home/janetw/miniconda3/envs/orbit/lib/python3.12/site-packages/pytorch_lightning/trainer/trainer.py", line 764, in test
    raise TypeError(
TypeError: `Trainer.test()` requires a `LightningModule` when it hasn't been passed in a previous run
[DEBUG] Successfully iterated 3 batches
[DEBUG] About to test with checkpoint: /lustre/orion/csc662/proj-shared/janet/forecasting/res_slimvit_direct_forecasting_120/checkpoints/epoch_004.ckpt
[DEBUG] forecast_type = direct
[DEBUG] Calling trainer.test() for direct forecasting...
Traceback (most recent call last):
  File "/autofs/nccs-svm1_home2/janetw/diffusion/ORBIT-2-sandbox/tutorial/./era5_era5_forecasting.py", line 406, in <module>
    trainer.test(datamodule=test_dm, ckpt_path=args.checkpoint)
  File "/ccs/home/janetw/miniconda3/envs/orbit/lib/python3.12/site-packages/pytorch_lightning/trainer/trainer.py", line 764, in test
    raise TypeError(
TypeError: `Trainer.test()` requires a `LightningModule` when it hasn't been passed in a previous run
[DEBUG] Successfully iterated 3 batches
[DEBUG] About to test with checkpoint: /lustre/orion/csc662/proj-shared/janet/forecasting/res_slimvit_direct_forecasting_120/checkpoints/epoch_004.ckpt
[DEBUG] forecast_type = direct
[DEBUG] Calling trainer.test() for direct forecasting...
Traceback (most recent call last):
  File "/autofs/nccs-svm1_home2/janetw/diffusion/ORBIT-2-sandbox/tutorial/./era5_era5_forecasting.py", line 406, in <module>
    trainer.test(datamodule=test_dm, ckpt_path=args.checkpoint)
  File "/ccs/home/janetw/miniconda3/envs/orbit/lib/python3.12/site-packages/pytorch_lightning/trainer/trainer.py", line 764, in test
    raise TypeError(
TypeError: `Trainer.test()` requires a `LightningModule` when it hasn't been passed in a previous run
[DEBUG] Successfully iterated 3 batches
[DEBUG] About to test with checkpoint: /lustre/orion/csc662/proj-shared/janet/forecasting/res_slimvit_direct_forecasting_120/checkpoints/epoch_004.ckpt
[DEBUG] forecast_type = direct
[DEBUG] Calling trainer.test() for direct forecasting...
Traceback (most recent call last):
  File "/autofs/nccs-svm1_home2/janetw/diffusion/ORBIT-2-sandbox/tutorial/./era5_era5_forecasting.py", line 406, in <module>
    trainer.test(datamodule=test_dm, ckpt_path=args.checkpoint)
  File "/ccs/home/janetw/miniconda3/envs/orbit/lib/python3.12/site-packages/pytorch_lightning/trainer/trainer.py", line 764, in test
    raise TypeError(
TypeError: `Trainer.test()` requires a `LightningModule` when it hasn't been passed in a previous run
[DEBUG] Successfully iterated 3 batches
[DEBUG] About to test with checkpoint: /lustre/orion/csc662/proj-shared/janet/forecasting/res_slimvit_direct_forecasting_120/checkpoints/epoch_004.ckpt
[DEBUG] forecast_type = direct
[DEBUG] Calling trainer.test() for direct forecasting...
Traceback (most recent call last):
  File "/autofs/nccs-svm1_home2/janetw/diffusion/ORBIT-2-sandbox/tutorial/./era5_era5_forecasting.py", line 406, in <module>
    trainer.test(datamodule=test_dm, ckpt_path=args.checkpoint)
  File "/ccs/home/janetw/miniconda3/envs/orbit/lib/python3.12/site-packages/pytorch_lightning/trainer/trainer.py", line 764, in test
    raise TypeError(
TypeError: `Trainer.test()` requires a `LightningModule` when it hasn't been passed in a previous run
srun: error: frontier08228: task 2: Exited with exit code 1
srun: Terminating StepId=3876388.0
slurmstepd: error: *** STEP 3876388.0 ON frontier08228 CANCELLED AT 2025-11-06T21:54:31 ***
srun: error: frontier08228: task 0: Exited with exit code 1
srun: error: frontier08228: tasks 1,3-7: Terminated
srun: Force Terminated StepId=3876388.0

real	0m51.827s
user	0m0.017s
sys	0m0.038s
