
Lmod is automatically replacing "gcc-native/14.2" with "gcc/12.2.0".


The following have been reloaded with a version change:
  1) cray-libsci/24.11.0 => cray-libsci/23.09.1.1
  2) cray-mpich/8.1.31 => cray-mpich/8.1.27
  3) libfabric/1.22.0 => libfabric/1.20.1

Job configuration:
  ERA5_DIR      = /lustre/orion/lrn036/world-shared/ERA5_npz/5.625_deg/
  FORECAST_TYPE = direct
  MODEL         = res_slimvit
  PRED_RANGE    = 120
  MAX_EPOCHS    = 5
  PATIENCE      = 5
  OUTPUT_DIR    = /lustre/orion/csc662/proj-shared/janet/forecasting
  CHECKPOINT    = /lustre/orion/csc662/proj-shared/janet/forecasting/res_slimvit_direct_forecasting_120/checkpoints/epoch_004.ckpt
/ccs/home/janetw/miniconda3/envs/orbit/lib/python3.12/site-packages/pydantic/_internal/_generate_schema.py:2249: UnsupportedFieldAttributeWarning: The 'repr' attribute with value False was provided to the `Field()` function, which has no effect in the context it was used. 'repr' is field-specific metadata, and can only be attached to a model field using `Annotated` metadata or by assignment. This may have happened because an `Annotated` type alias using the `type` statement was used, or if the `Field()` function was attached to a single member of a union type.
  warnings.warn(
/ccs/home/janetw/miniconda3/envs/orbit/lib/python3.12/site-packages/pydantic/_internal/_generate_schema.py:2249: UnsupportedFieldAttributeWarning: The 'frozen' attribute with value True was provided to the `Field()` function, which has no effect in the context it was used. 'frozen' is field-specific metadata, and can only be attached to a model field using `Annotated` metadata or by assignment. This may have happened because an `Annotated` type alias using the `type` statement was used, or if the `Field()` function was attached to a single member of a union type.
  warnings.warn(
/ccs/home/janetw/miniconda3/envs/orbit/lib/python3.12/site-packages/pydantic/_internal/_generate_schema.py:2249: UnsupportedFieldAttributeWarning: The 'repr' attribute with value False was provided to the `Field()` function, which has no effect in the context it was used. 'repr' is field-specific metadata, and can only be attached to a model field using `Annotated` metadata or by assignment. This may have happened because an `Annotated` type alias using the `type` statement was used, or if the `Field()` function was attached to a single member of a union type.
  warnings.warn(
/ccs/home/janetw/miniconda3/envs/orbit/lib/python3.12/site-packages/pydantic/_internal/_generate_schema.py:2249: UnsupportedFieldAttributeWarning: The 'frozen' attribute with value True was provided to the `Field()` function, which has no effect in the context it was used. 'frozen' is field-specific metadata, and can only be attached to a model field using `Annotated` metadata or by assignment. This may have happened because an `Annotated` type alias using the `type` statement was used, or if the `Field()` function was attached to a single member of a union type.
  warnings.warn(
/ccs/home/janetw/miniconda3/envs/orbit/lib/python3.12/site-packages/pydantic/_internal/_generate_schema.py:2249: UnsupportedFieldAttributeWarning: The 'repr' attribute with value False was provided to the `Field()` function, which has no effect in the context it was used. 'repr' is field-specific metadata, and can only be attached to a model field using `Annotated` metadata or by assignment. This may have happened because an `Annotated` type alias using the `type` statement was used, or if the `Field()` function was attached to a single member of a union type.
  warnings.warn(
/ccs/home/janetw/miniconda3/envs/orbit/lib/python3.12/site-packages/pydantic/_internal/_generate_schema.py:2249: UnsupportedFieldAttributeWarning: The 'frozen' attribute with value True was provided to the `Field()` function, which has no effect in the context it was used. 'frozen' is field-specific metadata, and can only be attached to a model field using `Annotated` metadata or by assignment. This may have happened because an `Annotated` type alias using the `type` statement was used, or if the `Field()` function was attached to a single member of a union type.
  warnings.warn(
/ccs/home/janetw/miniconda3/envs/orbit/lib/python3.12/site-packages/pydantic/_internal/_generate_schema.py:2249: UnsupportedFieldAttributeWarning: The 'repr' attribute with value False was provided to the `Field()` function, which has no effect in the context it was used. 'repr' is field-specific metadata, and can only be attached to a model field using `Annotated` metadata or by assignment. This may have happened because an `Annotated` type alias using the `type` statement was used, or if the `Field()` function was attached to a single member of a union type.
  warnings.warn(
/ccs/home/janetw/miniconda3/envs/orbit/lib/python3.12/site-packages/pydantic/_internal/_generate_schema.py:2249: UnsupportedFieldAttributeWarning: The 'repr' attribute with value False was provided to the `Field()` function, which has no effect in the context it was used. 'repr' is field-specific metadata, and can only be attached to a model field using `Annotated` metadata or by assignment. This may have happened because an `Annotated` type alias using the `type` statement was used, or if the `Field()` function was attached to a single member of a union type.
  warnings.warn(
/ccs/home/janetw/miniconda3/envs/orbit/lib/python3.12/site-packages/pydantic/_internal/_generate_schema.py:2249: UnsupportedFieldAttributeWarning: The 'frozen' attribute with value True was provided to the `Field()` function, which has no effect in the context it was used. 'frozen' is field-specific metadata, and can only be attached to a model field using `Annotated` metadata or by assignment. This may have happened because an `Annotated` type alias using the `type` statement was used, or if the `Field()` function was attached to a single member of a union type.
  warnings.warn(
/ccs/home/janetw/miniconda3/envs/orbit/lib/python3.12/site-packages/pydantic/_internal/_generate_schema.py:2249: UnsupportedFieldAttributeWarning: The 'frozen' attribute with value True was provided to the `Field()` function, which has no effect in the context it was used. 'frozen' is field-specific metadata, and can only be attached to a model field using `Annotated` metadata or by assignment. This may have happened because an `Annotated` type alias using the `type` statement was used, or if the `Field()` function was attached to a single member of a union type.
  warnings.warn(
/ccs/home/janetw/miniconda3/envs/orbit/lib/python3.12/site-packages/pydantic/_internal/_generate_schema.py:2249: UnsupportedFieldAttributeWarning: The 'repr' attribute with value False was provided to the `Field()` function, which has no effect in the context it was used. 'repr' is field-specific metadata, and can only be attached to a model field using `Annotated` metadata or by assignment. This may have happened because an `Annotated` type alias using the `type` statement was used, or if the `Field()` function was attached to a single member of a union type.
  warnings.warn(
/ccs/home/janetw/miniconda3/envs/orbit/lib/python3.12/site-packages/pydantic/_internal/_generate_schema.py:2249: UnsupportedFieldAttributeWarning: The 'repr' attribute with value False was provided to the `Field()` function, which has no effect in the context it was used. 'repr' is field-specific metadata, and can only be attached to a model field using `Annotated` metadata or by assignment. This may have happened because an `Annotated` type alias using the `type` statement was used, or if the `Field()` function was attached to a single member of a union type.
  warnings.warn(
/ccs/home/janetw/miniconda3/envs/orbit/lib/python3.12/site-packages/pydantic/_internal/_generate_schema.py:2249: UnsupportedFieldAttributeWarning: The 'frozen' attribute with value True was provided to the `Field()` function, which has no effect in the context it was used. 'frozen' is field-specific metadata, and can only be attached to a model field using `Annotated` metadata or by assignment. This may have happened because an `Annotated` type alias using the `type` statement was used, or if the `Field()` function was attached to a single member of a union type.
  warnings.warn(
/ccs/home/janetw/miniconda3/envs/orbit/lib/python3.12/site-packages/pydantic/_internal/_generate_schema.py:2249: UnsupportedFieldAttributeWarning: The 'repr' attribute with value False was provided to the `Field()` function, which has no effect in the context it was used. 'repr' is field-specific metadata, and can only be attached to a model field using `Annotated` metadata or by assignment. This may have happened because an `Annotated` type alias using the `type` statement was used, or if the `Field()` function was attached to a single member of a union type.
  warnings.warn(
/ccs/home/janetw/miniconda3/envs/orbit/lib/python3.12/site-packages/pydantic/_internal/_generate_schema.py:2249: UnsupportedFieldAttributeWarning: The 'frozen' attribute with value True was provided to the `Field()` function, which has no effect in the context it was used. 'frozen' is field-specific metadata, and can only be attached to a model field using `Annotated` metadata or by assignment. This may have happened because an `Annotated` type alias using the `type` statement was used, or if the `Field()` function was attached to a single member of a union type.
  warnings.warn(
/ccs/home/janetw/miniconda3/envs/orbit/lib/python3.12/site-packages/pydantic/_internal/_generate_schema.py:2249: UnsupportedFieldAttributeWarning: The 'frozen' attribute with value True was provided to the `Field()` function, which has no effect in the context it was used. 'frozen' is field-specific metadata, and can only be attached to a model field using `Annotated` metadata or by assignment. This may have happened because an `Annotated` type alias using the `type` statement was used, or if the `Field()` function was attached to a single member of a union type.
  warnings.warn(
world_size 8 num_nodes 1
Loading model: res_slimvit
Loading model: res_slimvit
Loading model: res_slimvit
Loading model: res_slimvit
Loading model: res_slimvit
Loading model: res_slimvit
Loading model: res_slimvit
Loading model: res_slimvit
Loading optimizer adamw
Loading optimizer adamw
Loading optimizer adamw
Loading optimizer adamw
Loading optimizer adamw
Loading optimizer adamw
Loading optimizer adamw
Loading optimizer adamw
Loading learning rate scheduler: linear-warmup-cosine-annealing
Loading learning rate scheduler: linear-warmup-cosine-annealing
Loading learning rate scheduler: linear-warmup-cosine-annealing
Loading learning rate scheduler: linear-warmup-cosine-annealing
Loading learning rate scheduler: linear-warmup-cosine-annealing
Loading learning rate scheduler: linear-warmup-cosine-annealing
Loading learning rate scheduler: linear-warmup-cosine-annealing
Loading learning rate scheduler: linear-warmup-cosine-annealing
Loading training loss: lat_mse
Loading training loss: lat_mse
Loading training loss: lat_mse
Loading training loss: lat_mse
Loading training loss: lat_mse
Loading training loss: lat_mse
Loading training loss: lat_mse
Loading training loss: lat_mse
No train transform
No train transform
No train transform
No train transform
No train transform
No train transform
No train transform
No train transform
Loading validation loss: lat_rmse
Loading validation loss: lat_rmse
Loading validation loss: lat_rmse
Loading validation loss: lat_rmse
Loading validation loss: lat_rmse
Loading validation loss: lat_rmse
Loading validation loss: lat_rmse
Loading validation loss: lat_rmse
Loading validation loss: lat_acc
Loading validation loss: lat_acc
Loading validation loss: lat_acc
Loading validation loss: lat_acc
Loading validation loss: lat_acc
Loading validation loss: lat_acc
Loading validation loss: lat_acc
Loading validation loss: lat_acc
Loading validation loss: lat_mse
Loading validation loss: lat_mse
Loading validation transform: denormalize
Loading validation transform: denormalize
Loading validation loss: lat_mse
Loading validation transform: denormalize
Loading validation transform: denormalize
Loading validation transform: denormalize
Loading validation loss: lat_mse
Loading validation transform: denormalize
No validation transform
No validation transform
Loading validation loss: lat_mse
Loading validation transform: denormalize
Loading validation transform: denormalize
Loading validation loss: lat_mse
No validation transform
Loading validation transform: denormalize
Loading validation transform: denormalize
Loading validation loss: lat_mse
No validation transform
Loading validation transform: denormalize
Loading validation transform: denormalize
Loading validation loss: lat_mse
Loading validation transform: denormalize
Loading validation transform: denormalize
No validation transform
No validation transform
Loading validation transform: denormalize
Loading validation transform: denormalize
No validation transform
No validation transform
Loading test loss: lat_rmse
Loading test loss: lat_rmse
Loading test loss: lat_rmse
Loading test loss: lat_rmse
Loading test loss: lat_rmse
Loading test loss: lat_rmse
Loading test loss: lat_rmse
Loading test loss: lat_rmse
Loading test loss: lat_acc
Loading test transform: denormalize
Loading test loss: lat_acc
Loading test loss: lat_acc
Loading test transform: denormalize
Loading test loss: lat_acc
Loading test transform: denormalize
Loading test transform: denormalize
Loading test transform: denormalize
Loading test loss: lat_acc
Loading test transform: denormalize
Loading test transform: denormalize
Loading test transform: denormalize
Loading test transform: denormalize
[rank: 3] Seed set to 0
Loading test loss: lat_acc
Loading test transform: denormalize
Loading test transform: denormalize
Loading test loss: lat_acc
Loading test transform: denormalize
[rank: 1] Seed set to 0
[rank: 2] Seed set to 0
Loading test loss: lat_acc
Loading test transform: denormalize
[rank: 7] Seed set to 0
Loading test transform: denormalize
Loading test transform: denormalize
[rank: 6] Seed set to 0
Loading test transform: denormalize
[rank: 5] Seed set to 0
[rank: 0] Seed set to 0
[rank: 4] Seed set to 0
/ccs/home/janetw/miniconda3/envs/orbit/lib/python3.12/site-packages/lightning_fabric/strategies/fsdp.py:697: `FSDPStrategy(activation_checkpointing=<class 'timm.models.vision_transformer.Block'>)` is deprecated, use `FSDPStrategy(activation_checkpointing_policy={<class 'timm.models.vision_transformer.Block'>})` instead.
Trainer already configured with model summary callbacks: [<class 'pytorch_lightning.callbacks.rich_model_summary.RichModelSummary'>]. Skipping setting a default `ModelSummary` callback.
[DEBUG] Test data module created
[DEBUG] subsample=1
[DEBUG] pred_range=120
[DEBUG] Test data module created
[DEBUG] subsample=1
[DEBUG] pred_range=120
[DEBUG] Test dataloader type: <class 'torch.utils.data.dataloader.DataLoader'>
/ccs/home/janetw/miniconda3/envs/orbit/lib/python3.12/site-packages/torch/utils/data/dataloader.py:617: UserWarning: This DataLoader will create 8 worker processes in total. Our suggested max number of worker in current system is 7, which is smaller than what this DataLoader is going to create. Please be aware that excessive worker creation might get DataLoader running slow or even freeze, lower the worker number to avoid potential slowness/freeze if necessary.
  warnings.warn(
[DEBUG] Attempting to iterate test dataloader...
/ccs/home/janetw/miniconda3/envs/orbit/lib/python3.12/site-packages/torch/utils/data/dataloader.py:617: UserWarning: This DataLoader will create 8 worker processes in total. Our suggested max number of worker in current system is 7, which is smaller than what this DataLoader is going to create. Please be aware that excessive worker creation might get DataLoader running slow or even freeze, lower the worker number to avoid potential slowness/freeze if necessary.
  warnings.warn(
[DEBUG] Test dataloader type: <class 'torch.utils.data.dataloader.DataLoader'>
[DEBUG] Attempting to iterate test dataloader...
GPU available: True (cuda), used: True
TPU available: False, using: 0 TPU cores
HPU available: False, using: 0 HPUs
[DEBUG] Test data module created
[DEBUG] subsample=1
[DEBUG] pred_range=120
[DEBUG] Test data module created
[DEBUG] subsample=1
[DEBUG] pred_range=120
[DEBUG] Test data module created
[DEBUG] subsample=1
[DEBUG] Test data module created
[DEBUG] subsample=1
[DEBUG] pred_range=120
[DEBUG] pred_range=120
[DEBUG] Test data module created
[DEBUG] subsample=1
[DEBUG] pred_range=120
[DEBUG] Test data module created
[DEBUG] subsample=1
[DEBUG] pred_range=120
/ccs/home/janetw/miniconda3/envs/orbit/lib/python3.12/site-packages/torch/utils/data/dataloader.py:617: UserWarning: This DataLoader will create 8 worker processes in total. Our suggested max number of worker in current system is 7, which is smaller than what this DataLoader is going to create. Please be aware that excessive worker creation might get DataLoader running slow or even freeze, lower the worker number to avoid potential slowness/freeze if necessary.
  warnings.warn(
/ccs/home/janetw/miniconda3/envs/orbit/lib/python3.12/site-packages/torch/utils/data/dataloader.py:617: UserWarning: This DataLoader will create 8 worker processes in total. Our suggested max number of worker in current system is 7, which is smaller than what this DataLoader is going to create. Please be aware that excessive worker creation might get DataLoader running slow or even freeze, lower the worker number to avoid potential slowness/freeze if necessary.
  warnings.warn(
[DEBUG] Test dataloader type: <class 'torch.utils.data.dataloader.DataLoader'>
[DEBUG] Attempting to iterate test dataloader...
[DEBUG] Test dataloader type: <class 'torch.utils.data.dataloader.DataLoader'>
[DEBUG] Attempting to iterate test dataloader...
/ccs/home/janetw/miniconda3/envs/orbit/lib/python3.12/site-packages/torch/utils/data/dataloader.py:617: UserWarning: This DataLoader will create 8 worker processes in total. Our suggested max number of worker in current system is 7, which is smaller than what this DataLoader is going to create. Please be aware that excessive worker creation might get DataLoader running slow or even freeze, lower the worker number to avoid potential slowness/freeze if necessary.
  warnings.warn(
[DEBUG] Test dataloader type: <class 'torch.utils.data.dataloader.DataLoader'>
[DEBUG] Attempting to iterate test dataloader...
/ccs/home/janetw/miniconda3/envs/orbit/lib/python3.12/site-packages/torch/utils/data/dataloader.py:617: UserWarning: This DataLoader will create 8 worker processes in total. Our suggested max number of worker in current system is 7, which is smaller than what this DataLoader is going to create. Please be aware that excessive worker creation might get DataLoader running slow or even freeze, lower the worker number to avoid potential slowness/freeze if necessary.
  warnings.warn(
[DEBUG] Test dataloader type: <class 'torch.utils.data.dataloader.DataLoader'>
[DEBUG] Attempting to iterate test dataloader...
/ccs/home/janetw/miniconda3/envs/orbit/lib/python3.12/site-packages/torch/utils/data/dataloader.py:617: UserWarning: This DataLoader will create 8 worker processes in total. Our suggested max number of worker in current system is 7, which is smaller than what this DataLoader is going to create. Please be aware that excessive worker creation might get DataLoader running slow or even freeze, lower the worker number to avoid potential slowness/freeze if necessary.
  warnings.warn(
/ccs/home/janetw/miniconda3/envs/orbit/lib/python3.12/site-packages/torch/utils/data/dataloader.py:617: UserWarning: This DataLoader will create 8 worker processes in total. Our suggested max number of worker in current system is 7, which is smaller than what this DataLoader is going to create. Please be aware that excessive worker creation might get DataLoader running slow or even freeze, lower the worker number to avoid potential slowness/freeze if necessary.
  warnings.warn(
[DEBUG] Test dataloader type: <class 'torch.utils.data.dataloader.DataLoader'>
[DEBUG] Attempting to iterate test dataloader...
[DEBUG] Test dataloader type: <class 'torch.utils.data.dataloader.DataLoader'>
[DEBUG] Attempting to iterate test dataloader...
[DEBUG] First batch shapes: x=torch.Size([128, 3, 42, 32, 64]), y=torch.Size([128, 6, 32, 64])
[DEBUG] First batch shapes: x=torch.Size([128, 3, 42, 32, 64]), y=torch.Size([128, 6, 32, 64])
[DEBUG] First batch shapes: x=torch.Size([128, 3, 42, 32, 64]), y=torch.Size([128, 6, 32, 64])
[DEBUG] First batch shapes: x=torch.Size([128, 3, 42, 32, 64]), y=torch.Size([128, 6, 32, 64])
[DEBUG] First batch shapes: x=torch.Size([128, 3, 42, 32, 64]), y=torch.Size([128, 6, 32, 64])
[DEBUG] First batch shapes: x=torch.Size([128, 3, 42, 32, 64]), y=torch.Size([128, 6, 32, 64])
[DEBUG] First batch shapes: x=torch.Size([128, 3, 42, 32, 64]), y=torch.Size([128, 6, 32, 64])
[DEBUG] First batch shapes: x=torch.Size([128, 3, 42, 32, 64]), y=torch.Size([128, 6, 32, 64])
[DEBUG] Successfully iterated 3 batches
[DEBUG] About to test with checkpoint: /lustre/orion/csc662/proj-shared/janet/forecasting/res_slimvit_direct_forecasting_120/checkpoints/epoch_004.ckpt
[DEBUG] forecast_type = direct
[DEBUG] Model type: <class 'climate_learn.models.module.LitModule'>
[DEBUG] Trainer strategy: <pytorch_lightning.strategies.fsdp.FSDPStrategy object at 0x7ffc86477c50>
[DEBUG] Calling trainer.test() for direct forecasting...
[DEBUG] Test datamodule batch_size: 128
[DEBUG] Test datamodule subsample: 1
Initializing distributed: GLOBAL_RANK: 3, MEMBER: 4/8
[W1106 21:59:02.422866344 socket.cpp:752] [c10d] The client socket cannot be initialized to connect to [frontier08616.frontier.olcf.ornl.gov]:29500 (errno: 97 - Address family not supported by protocol).
[DEBUG] Successfully iterated 3 batches
[DEBUG] About to test with checkpoint: /lustre/orion/csc662/proj-shared/janet/forecasting/res_slimvit_direct_forecasting_120/checkpoints/epoch_004.ckpt
[DEBUG] forecast_type = direct
[DEBUG] Model type: <class 'climate_learn.models.module.LitModule'>
[DEBUG] Trainer strategy: <pytorch_lightning.strategies.fsdp.FSDPStrategy object at 0x7ffc8646fc80>
[DEBUG] Calling trainer.test() for direct forecasting...
[DEBUG] Test datamodule batch_size: 128
[DEBUG] Test datamodule subsample: 1
Initializing distributed: GLOBAL_RANK: 2, MEMBER: 3/8
[W1106 21:59:02.446061376 socket.cpp:752] [c10d] The client socket cannot be initialized to connect to [frontier08616.frontier.olcf.ornl.gov]:29500 (errno: 97 - Address family not supported by protocol).
[DEBUG] Successfully iterated 3 batches
[DEBUG] About to test with checkpoint: /lustre/orion/csc662/proj-shared/janet/forecasting/res_slimvit_direct_forecasting_120/checkpoints/epoch_004.ckpt
[DEBUG] forecast_type = direct
[DEBUG] Model type: <class 'climate_learn.models.module.LitModule'>
[DEBUG] Trainer strategy: <pytorch_lightning.strategies.fsdp.FSDPStrategy object at 0x7ffc86483c80>
[DEBUG] Calling trainer.test() for direct forecasting...
[DEBUG] Test datamodule batch_size: 128
[DEBUG] Test datamodule subsample: 1
You are using a CUDA device ('AMD Instinct MI250X') that has Tensor Cores. To properly utilize them, you should set `torch.set_float32_matmul_precision('medium' | 'high')` which will trade-off precision for performance. For more details, read https://pytorch.org/docs/stable/generated/torch.set_float32_matmul_precision.html#torch.set_float32_matmul_precision
Initializing distributed: GLOBAL_RANK: 0, MEMBER: 1/8
[DEBUG] Successfully iterated 3 batches
[DEBUG] About to test with checkpoint: /lustre/orion/csc662/proj-shared/janet/forecasting/res_slimvit_direct_forecasting_120/checkpoints/epoch_004.ckpt
[DEBUG] forecast_type = direct
[DEBUG] Model type: <class 'climate_learn.models.module.LitModule'>
[DEBUG] Trainer strategy: <pytorch_lightning.strategies.fsdp.FSDPStrategy object at 0x7ffc8647bcb0>
[DEBUG] Calling trainer.test() for direct forecasting...
[DEBUG] Test datamodule batch_size: 128
[DEBUG] Test datamodule subsample: 1
Initializing distributed: GLOBAL_RANK: 6, MEMBER: 7/8
[W1106 21:59:02.602130329 socket.cpp:752] [c10d] The client socket cannot be initialized to connect to [frontier08616.frontier.olcf.ornl.gov]:29500 (errno: 97 - Address family not supported by protocol).
[W1106 21:59:03.633684381 socket.cpp:752] [c10d] The client socket cannot be initialized to connect to [frontier08616.frontier.olcf.ornl.gov]:29500 (errno: 97 - Address family not supported by protocol).
[DEBUG] Successfully iterated 3 batches
[DEBUG] About to test with checkpoint: /lustre/orion/csc662/proj-shared/janet/forecasting/res_slimvit_direct_forecasting_120/checkpoints/epoch_004.ckpt
[DEBUG] forecast_type = direct
[DEBUG] Model type: <class 'climate_learn.models.module.LitModule'>
[DEBUG] Trainer strategy: <pytorch_lightning.strategies.fsdp.FSDPStrategy object at 0x7ffc86477ce0>
[DEBUG] Calling trainer.test() for direct forecasting...
[DEBUG] Test datamodule batch_size: 128
[DEBUG] Test datamodule subsample: 1
Initializing distributed: GLOBAL_RANK: 4, MEMBER: 5/8
[W1106 21:59:03.756767805 socket.cpp:752] [c10d] The client socket cannot be initialized to connect to [frontier08616.frontier.olcf.ornl.gov]:29500 (errno: 97 - Address family not supported by protocol).
[DEBUG] Successfully iterated 3 batches
[DEBUG] About to test with checkpoint: /lustre/orion/csc662/proj-shared/janet/forecasting/res_slimvit_direct_forecasting_120/checkpoints/epoch_004.ckpt
[DEBUG] forecast_type = direct
[DEBUG] Model type: <class 'climate_learn.models.module.LitModule'>
[DEBUG] Trainer strategy: <pytorch_lightning.strategies.fsdp.FSDPStrategy object at 0x7ffc86477d70>
[DEBUG] Calling trainer.test() for direct forecasting...
[DEBUG] Test datamodule batch_size: 128
[DEBUG] Test datamodule subsample: 1
Initializing distributed: GLOBAL_RANK: 7, MEMBER: 8/8
[W1106 21:59:03.851032835 socket.cpp:752] [c10d] The client socket cannot be initialized to connect to [frontier08616.frontier.olcf.ornl.gov]:29500 (errno: 97 - Address family not supported by protocol).
[DEBUG] Successfully iterated 3 batches
[DEBUG] About to test with checkpoint: /lustre/orion/csc662/proj-shared/janet/forecasting/res_slimvit_direct_forecasting_120/checkpoints/epoch_004.ckpt
[DEBUG] forecast_type = direct
[DEBUG] Model type: <class 'climate_learn.models.module.LitModule'>
[DEBUG] Trainer strategy: <pytorch_lightning.strategies.fsdp.FSDPStrategy object at 0x7ffc73c4bce0>
[DEBUG] Calling trainer.test() for direct forecasting...
[DEBUG] Test datamodule batch_size: 128
[DEBUG] Test datamodule subsample: 1
[DEBUG] Successfully iterated 3 batches
[DEBUG] About to test with checkpoint: /lustre/orion/csc662/proj-shared/janet/forecasting/res_slimvit_direct_forecasting_120/checkpoints/epoch_004.ckpt
[DEBUG] forecast_type = direct
[DEBUG] Model type: <class 'climate_learn.models.module.LitModule'>
[DEBUG] Trainer strategy: <pytorch_lightning.strategies.fsdp.FSDPStrategy object at 0x7ffc86473c20>
[DEBUG] Calling trainer.test() for direct forecasting...
[DEBUG] Test datamodule batch_size: 128
[DEBUG] Test datamodule subsample: 1
Initializing distributed: GLOBAL_RANK: 1, MEMBER: 2/8
Initializing distributed: GLOBAL_RANK: 5, MEMBER: 6/8
[W1106 21:59:03.905786790 socket.cpp:752] [c10d] The client socket cannot be initialized to connect to [frontier08616.frontier.olcf.ornl.gov]:29500 (errno: 97 - Address family not supported by protocol).
[W1106 21:59:03.906864543 socket.cpp:752] [c10d] The client socket cannot be initialized to connect to [frontier08616.frontier.olcf.ornl.gov]:29500 (errno: 97 - Address family not supported by protocol).
----------------------------------------------------------------------------------------------------
distributed_backend=nccl
All distributed processes registered. Starting with 8 processes
----------------------------------------------------------------------------------------------------

LOCAL_RANK: 0 - CUDA_VISIBLE_DEVICES: [0,1,2,3,4,5,6,7]
LOCAL_RANK: 1 - CUDA_VISIBLE_DEVICES: [0,1,2,3,4,5,6,7]
LOCAL_RANK: 2 - CUDA_VISIBLE_DEVICES: [0,1,2,3,4,5,6,7]
LOCAL_RANK: 3 - CUDA_VISIBLE_DEVICES: [0,1,2,3,4,5,6,7]
LOCAL_RANK: 4 - CUDA_VISIBLE_DEVICES: [0,1,2,3,4,5,6,7]
LOCAL_RANK: 5 - CUDA_VISIBLE_DEVICES: [0,1,2,3,4,5,6,7]
LOCAL_RANK: 6 - CUDA_VISIBLE_DEVICES: [0,1,2,3,4,5,6,7]
LOCAL_RANK: 7 - CUDA_VISIBLE_DEVICES: [0,1,2,3,4,5,6,7]
Restoring states from the checkpoint path at /lustre/orion/csc662/proj-shared/janet/forecasting/res_slimvit_direct_forecasting_120/checkpoints/epoch_004.ckpt
Loaded model weights from the checkpoint at /lustre/orion/csc662/proj-shared/janet/forecasting/res_slimvit_direct_forecasting_120/checkpoints/epoch_004.ckpt
SLURM auto-requeueing enabled. Setting signal handlers.
SLURM auto-requeueing enabled. Setting signal handlers.
SLURM auto-requeueing enabled. Setting signal handlers.
SLURM auto-requeueing enabled. Setting signal handlers.
SLURM auto-requeueing enabled. Setting signal handlers.
SLURM auto-requeueing enabled. Setting signal handlers.
SLURM auto-requeueing enabled. Setting signal handlers.
SLURM auto-requeueing enabled. Setting signal handlers.
/ccs/home/janetw/miniconda3/envs/orbit/lib/python3.12/site-packages/torch/utils/data/dataloader.py:617: UserWarning: This DataLoader will create 8 worker processes in total. Our suggested max number of worker in current system is 7, which is smaller than what this DataLoader is going to create. Please be aware that excessive worker creation might get DataLoader running slow or even freeze, lower the worker number to avoid potential slowness/freeze if necessary.
  warnings.warn(
/ccs/home/janetw/miniconda3/envs/orbit/lib/python3.12/site-packages/torch/utils/data/dataloader.py:617: UserWarning: This DataLoader will create 8 worker processes in total. Our suggested max number of worker in current system is 7, which is smaller than what this DataLoader is going to create. Please be aware that excessive worker creation might get DataLoader running slow or even freeze, lower the worker number to avoid potential slowness/freeze if necessary.
  warnings.warn(
/ccs/home/janetw/miniconda3/envs/orbit/lib/python3.12/site-packages/torch/utils/data/dataloader.py:617: UserWarning: This DataLoader will create 8 worker processes in total. Our suggested max number of worker in current system is 7, which is smaller than what this DataLoader is going to create. Please be aware that excessive worker creation might get DataLoader running slow or even freeze, lower the worker number to avoid potential slowness/freeze if necessary.
  warnings.warn(
/ccs/home/janetw/miniconda3/envs/orbit/lib/python3.12/site-packages/torch/utils/data/dataloader.py:617: UserWarning: This DataLoader will create 8 worker processes in total. Our suggested max number of worker in current system is 7, which is smaller than what this DataLoader is going to create. Please be aware that excessive worker creation might get DataLoader running slow or even freeze, lower the worker number to avoid potential slowness/freeze if necessary.
  warnings.warn(
/ccs/home/janetw/miniconda3/envs/orbit/lib/python3.12/site-packages/torch/utils/data/dataloader.py:617: UserWarning: This DataLoader will create 8 worker processes in total. Our suggested max number of worker in current system is 7, which is smaller than what this DataLoader is going to create. Please be aware that excessive worker creation might get DataLoader running slow or even freeze, lower the worker number to avoid potential slowness/freeze if necessary.
  warnings.warn(
/ccs/home/janetw/miniconda3/envs/orbit/lib/python3.12/site-packages/torch/utils/data/dataloader.py:617: UserWarning: This DataLoader will create 8 worker processes in total. Our suggested max number of worker in current system is 7, which is smaller than what this DataLoader is going to create. Please be aware that excessive worker creation might get DataLoader running slow or even freeze, lower the worker number to avoid potential slowness/freeze if necessary.
  warnings.warn(
/ccs/home/janetw/miniconda3/envs/orbit/lib/python3.12/site-packages/torch/utils/data/dataloader.py:617: UserWarning: This DataLoader will create 8 worker processes in total. Our suggested max number of worker in current system is 7, which is smaller than what this DataLoader is going to create. Please be aware that excessive worker creation might get DataLoader running slow or even freeze, lower the worker number to avoid potential slowness/freeze if necessary.
  warnings.warn(
/ccs/home/janetw/miniconda3/envs/orbit/lib/python3.12/site-packages/torch/utils/data/dataloader.py:617: UserWarning: This DataLoader will create 8 worker processes in total. Our suggested max number of worker in current system is 7, which is smaller than what this DataLoader is going to create. Please be aware that excessive worker creation might get DataLoader running slow or even freeze, lower the worker number to avoid potential slowness/freeze if necessary.
  warnings.warn(
[DEBUG] trainer.test() completed!
[DEBUG] trainer.test() completed!
[DEBUG] trainer.test() completed!

[DEBUG] trainer.test() completed!
[DEBUG] trainer.test() completed!
[DEBUG] trainer.test() completed!
[DEBUG] trainer.test() completed!
[DEBUG] trainer.test() completed!

real	0m54.716s
user	0m0.018s
sys	0m0.038s
